2025-03-07 13:25:21.8933 INFO Now listening on: https://localhost:7086 
2025-03-07 13:25:21.8933 INFO Now listening on: http://localhost:5064 
2025-03-07 13:25:21.9451 INFO Application started. Press Ctrl+C to shut down. 
2025-03-07 13:25:21.9451 INFO Hosting environment: Development 
2025-03-07 13:25:21.9451 INFO Content root path: D:\cwq\MyCode\Cola_ AsepticLine\Cola 
2025-03-07 13:25:22.4517 INFO Request starting HTTP/2 GET https://localhost:7086/swagger - - - 
2025-03-07 13:25:22.5857 INFO Request finished HTTP/2 GET https://localhost:7086/swagger - 301 0 - 143.2373ms 
2025-03-07 13:25:22.5857 INFO Request starting HTTP/2 GET https://localhost:7086/swagger/index.html - - - 
2025-03-07 13:25:22.6843 INFO Request starting HTTP/2 GET https://localhost:7086/swagger/swagger-ui-standalone-preset.js - - - 
2025-03-07 13:25:22.6843 INFO Request starting HTTP/2 GET https://localhost:7086/swagger/swagger-ui.css - - - 
2025-03-07 13:25:22.6843 INFO Request starting HTTP/2 GET https://localhost:7086/swagger/swagger-ui-bundle.js - - - 
2025-03-07 13:25:22.6938 INFO Request finished HTTP/2 GET https://localhost:7086/swagger/index.html - 200 - text/html;charset=utf-8 102.3584ms 
2025-03-07 13:25:22.6938 INFO Request starting HTTP/2 GET https://localhost:7086/_framework/aspnetcore-browser-refresh.js - - - 
2025-03-07 13:25:22.6938 INFO Request starting HTTP/2 GET https://localhost:7086/_vs/browserLink - - - 
2025-03-07 13:25:22.7624 INFO Request finished HTTP/2 GET https://localhost:7086/_framework/aspnetcore-browser-refresh.js - 200 13760 application/javascript;+charset=utf-8 65.2075ms 
2025-03-07 13:25:22.7789 INFO Sending file. Request path: '/swagger-ui.css'. Physical path: 'N/A' 
2025-03-07 13:25:22.7789 INFO Sending file. Request path: '/swagger-ui-standalone-preset.js'. Physical path: 'N/A' 
2025-03-07 13:25:22.7810 INFO Request finished HTTP/2 GET https://localhost:7086/swagger/swagger-ui-standalone-preset.js - 200 339486 text/javascript 96.7034ms 
2025-03-07 13:25:22.7810 INFO Request finished HTTP/2 GET https://localhost:7086/swagger/swagger-ui.css - 200 143943 text/css 96.7180ms 
2025-03-07 13:25:22.8111 INFO Sending file. Request path: '/swagger-ui-bundle.js'. Physical path: 'N/A' 
2025-03-07 13:25:22.8111 INFO Request finished HTTP/2 GET https://localhost:7086/swagger/swagger-ui-bundle.js - 200 1096145 text/javascript 127.0485ms 
2025-03-07 13:25:22.8311 INFO Request finished HTTP/2 GET https://localhost:7086/_vs/browserLink - 200 - text/javascript;+charset=UTF-8 133.4852ms 
2025-03-07 13:25:22.9626 INFO Request starting HTTP/2 GET https://localhost:7086/swagger/v1/swagger.json - - - 
2025-03-07 13:25:22.9723 INFO Request finished HTTP/2 GET https://localhost:7086/swagger/v1/swagger.json - 200 - application/json;charset=utf-8 9.8751ms 
2025-03-07 13:26:27.6978 INFO Request starting HTTP/2 GET https://localhost:7086/api/Check/sharp/V3?deviceId=3&inputTime=2025-03-02&shift=0 - - - 
2025-03-07 13:26:27.7369 INFO Executing endpoint 'Cola.Controllers.CheckController.GetSharpTimeCheckData3 (Cola)' 
2025-03-07 13:26:27.7683 INFO Route matched with {action = "GetSharpTimeCheckData3", controller = "Check"}. Executing controller action with signature System.Threading.Tasks.Task`1[Microsoft.AspNetCore.Mvc.IActionResult] GetSharpTimeCheckData3(Int32, System.DateTime, Int32) on controller Cola.Controllers.CheckController (Cola). 
2025-03-07 13:26:28.9011 INFO 开始获取设备 3 在 03/02/2025 00:00:00 的整点检查数据 
2025-03-07 13:29:52.8213 INFO Now listening on: https://localhost:7086 
2025-03-07 13:29:52.8213 INFO Now listening on: http://localhost:5064 
2025-03-07 13:29:52.8644 INFO Application started. Press Ctrl+C to shut down. 
2025-03-07 13:29:52.8644 INFO Hosting environment: Development 
2025-03-07 13:29:52.8644 INFO Content root path: D:\cwq\MyCode\Cola_ AsepticLine\Cola 
2025-03-07 13:29:53.4325 INFO Request starting HTTP/2 GET https://localhost:7086/swagger - - - 
2025-03-07 13:29:53.5255 INFO Request finished HTTP/2 GET https://localhost:7086/swagger - 301 0 - 97.1986ms 
2025-03-07 13:29:53.5255 INFO Request starting HTTP/2 GET https://localhost:7086/swagger/index.html - - - 
2025-03-07 13:29:53.5852 INFO Request finished HTTP/2 GET https://localhost:7086/swagger/index.html - 200 - text/html;charset=utf-8 55.2118ms 
2025-03-07 13:29:53.5852 INFO Request starting HTTP/2 GET https://localhost:7086/swagger/swagger-ui-standalone-preset.js - - - 
2025-03-07 13:29:53.5852 INFO Request starting HTTP/2 GET https://localhost:7086/_framework/aspnetcore-browser-refresh.js - - - 
2025-03-07 13:29:53.5852 INFO Request starting HTTP/2 GET https://localhost:7086/swagger/swagger-ui-bundle.js - - - 
2025-03-07 13:29:53.5852 INFO Request starting HTTP/2 GET https://localhost:7086/swagger/swagger-ui.css - - - 
2025-03-07 13:29:53.5852 INFO Request starting HTTP/2 GET https://localhost:7086/_vs/browserLink - - - 
2025-03-07 13:29:53.6068 INFO Request finished HTTP/2 GET https://localhost:7086/_framework/aspnetcore-browser-refresh.js - 200 13760 application/javascript;+charset=utf-8 17.3403ms 
2025-03-07 13:29:53.6569 INFO Sending file. Request path: '/swagger-ui.css'. Physical path: 'N/A' 
2025-03-07 13:29:53.6569 INFO Sending file. Request path: '/swagger-ui-standalone-preset.js'. Physical path: 'N/A' 
2025-03-07 13:29:53.6616 INFO Request finished HTTP/2 GET https://localhost:7086/swagger/swagger-ui-standalone-preset.js - 200 339486 text/javascript 72.5556ms 
2025-03-07 13:29:53.6616 INFO Request finished HTTP/2 GET https://localhost:7086/swagger/swagger-ui.css - 200 143943 text/css 72.6792ms 
2025-03-07 13:29:53.6616 INFO Sending file. Request path: '/swagger-ui-bundle.js'. Physical path: 'N/A' 
2025-03-07 13:29:53.6616 INFO Request finished HTTP/2 GET https://localhost:7086/swagger/swagger-ui-bundle.js - 200 1096145 text/javascript 79.4035ms 
2025-03-07 13:29:53.6871 INFO Request finished HTTP/2 GET https://localhost:7086/_vs/browserLink - 200 - text/javascript;+charset=UTF-8 97.5770ms 
2025-03-07 13:29:53.8613 INFO Request starting HTTP/2 GET https://localhost:7086/swagger/v1/swagger.json - - - 
2025-03-07 13:29:53.8707 INFO Request finished HTTP/2 GET https://localhost:7086/swagger/v1/swagger.json - 200 - application/json;charset=utf-8 9.4897ms 
2025-03-07 13:30:16.7726 INFO Request starting HTTP/2 GET https://localhost:7086/api/Check/sharp/V3?deviceId=3&inputTime=2025-03-02&shift=0 - - - 
2025-03-07 13:30:16.7948 INFO Executing endpoint 'Cola.Controllers.CheckController.GetSharpTimeCheckData3 (Cola)' 
2025-03-07 13:30:16.8143 INFO Route matched with {action = "GetSharpTimeCheckData3", controller = "Check"}. Executing controller action with signature System.Threading.Tasks.Task`1[Microsoft.AspNetCore.Mvc.IActionResult] GetSharpTimeCheckData3(Int32, System.DateTime, Int32) on controller Cola.Controllers.CheckController (Cola). 
2025-03-07 13:30:16.9321 INFO 开始获取设备 3 在 03/02/2025 00:00:00 的整点检查数据 
2025-03-07 13:30:17.6698 INFO Executing OkObjectResult, writing value of type 'Cola.Model.ApiResponse`1[[System.Collections.Generic.IEnumerable`1[[Cola.Model.CheckDataResult, Cola, Version=1.0.0.0, Culture=neutral, PublicKeyToken=null]], System.Private.CoreLib, Version=8.0.0.0, Culture=neutral, PublicKeyToken=7cec85d7bea7798e]]'. 
2025-03-07 13:30:17.7507 INFO Executed action Cola.Controllers.CheckController.GetSharpTimeCheckData3 (Cola) in 932.6439ms 
2025-03-07 13:30:17.7507 INFO Executed endpoint 'Cola.Controllers.CheckController.GetSharpTimeCheckData3 (Cola)' 
2025-03-07 13:30:17.7507 INFO Request finished HTTP/2 GET https://localhost:7086/api/Check/sharp/V3?deviceId=3&inputTime=2025-03-02&shift=0 - 200 8704 application/json;+charset=utf-8 979.2235ms 
2025-03-07 14:08:02.6950 INFO Now listening on: https://localhost:7086 
2025-03-07 14:08:02.7003 INFO Now listening on: http://localhost:5064 
2025-03-07 14:08:02.7363 INFO Application started. Press Ctrl+C to shut down. 
2025-03-07 14:08:02.7363 INFO Hosting environment: Development 
2025-03-07 14:08:02.7363 INFO Content root path: D:\cwq\MyCode\Cola_ AsepticLine\Cola 
2025-03-07 14:08:04.1607 INFO Request starting HTTP/2 GET https://localhost:7086/swagger - - - 
2025-03-07 14:08:04.2850 INFO Request finished HTTP/2 GET https://localhost:7086/swagger - 301 0 - 128.7012ms 
2025-03-07 14:08:04.2920 INFO Request starting HTTP/2 GET https://localhost:7086/swagger/index.html - - - 
2025-03-07 14:08:04.3575 INFO Request finished HTTP/2 GET https://localhost:7086/swagger/index.html - 200 - text/html;charset=utf-8 65.4830ms 
2025-03-07 14:08:04.3575 INFO Request starting HTTP/2 GET https://localhost:7086/swagger/swagger-ui.css - - - 
2025-03-07 14:08:04.3575 INFO Request starting HTTP/2 GET https://localhost:7086/swagger/swagger-ui-bundle.js - - - 
2025-03-07 14:08:04.3575 INFO Request starting HTTP/2 GET https://localhost:7086/swagger/swagger-ui-standalone-preset.js - - - 
2025-03-07 14:08:04.3575 INFO Request starting HTTP/2 GET https://localhost:7086/_framework/aspnetcore-browser-refresh.js - - - 
2025-03-07 14:08:04.3794 INFO Request finished HTTP/2 GET https://localhost:7086/_framework/aspnetcore-browser-refresh.js - 200 13760 application/javascript;+charset=utf-8 19.6928ms 
2025-03-07 14:08:04.3994 INFO Sending file. Request path: '/swagger-ui.css'. Physical path: 'N/A' 
2025-03-07 14:08:04.3994 INFO Sending file. Request path: '/swagger-ui-standalone-preset.js'. Physical path: 'N/A' 
2025-03-07 14:08:04.3994 INFO Request finished HTTP/2 GET https://localhost:7086/swagger/swagger-ui-standalone-preset.js - 200 339486 text/javascript 41.1151ms 
2025-03-07 14:08:04.3994 INFO Request finished HTTP/2 GET https://localhost:7086/swagger/swagger-ui.css - 200 143943 text/css 41.3168ms 
2025-03-07 14:08:04.4019 INFO Sending file. Request path: '/swagger-ui-bundle.js'. Physical path: 'N/A' 
2025-03-07 14:08:04.4019 INFO Request starting HTTP/2 GET https://localhost:7086/_vs/browserLink - - - 
2025-03-07 14:08:04.4019 INFO Request finished HTTP/2 GET https://localhost:7086/swagger/swagger-ui-bundle.js - 200 1096145 text/javascript 43.6113ms 
2025-03-07 14:08:04.4332 INFO Request finished HTTP/2 GET https://localhost:7086/_vs/browserLink - 200 - text/javascript;+charset=UTF-8 31.3646ms 
2025-03-07 14:08:04.5545 INFO Request starting HTTP/2 GET https://localhost:7086/swagger/v1/swagger.json - - - 
2025-03-07 14:08:04.5616 INFO Request finished HTTP/2 GET https://localhost:7086/swagger/v1/swagger.json - 200 - application/json;charset=utf-8 7.3819ms 
2025-03-07 14:08:26.5328 INFO Request starting HTTP/2 GET https://localhost:7086/api/Check/sharp/V3?deviceId=3&inputTime=2025-03-02&shift=0 - - - 
2025-03-07 14:08:26.5531 INFO Executing endpoint 'Cola.Controllers.CheckController.GetSharpTimeCheckData3 (Cola)' 
2025-03-07 14:08:26.5738 INFO Route matched with {action = "GetSharpTimeCheckData3", controller = "Check"}. Executing controller action with signature System.Threading.Tasks.Task`1[Microsoft.AspNetCore.Mvc.IActionResult] GetSharpTimeCheckData3(Int32, System.DateTime, Int32) on controller Cola.Controllers.CheckController (Cola). 
2025-03-07 14:08:26.6986 INFO 开始获取设备 3 在 03/02/2025 00:00:00 的整点检查数据 
2025-03-07 14:08:27.5049 INFO Executing OkObjectResult, writing value of type 'Cola.Model.ApiResponse`1[[System.Collections.Generic.IEnumerable`1[[Cola.Model.CheckDataResult2, Cola, Version=1.0.0.0, Culture=neutral, PublicKeyToken=null]], System.Private.CoreLib, Version=8.0.0.0, Culture=neutral, PublicKeyToken=7cec85d7bea7798e]]'. 
2025-03-07 14:08:27.5845 INFO Executed action Cola.Controllers.CheckController.GetSharpTimeCheckData3 (Cola) in 1007.3782ms 
2025-03-07 14:08:27.5845 INFO Executed endpoint 'Cola.Controllers.CheckController.GetSharpTimeCheckData3 (Cola)' 
2025-03-07 14:08:27.5845 INFO Request finished HTTP/2 GET https://localhost:7086/api/Check/sharp/V3?deviceId=3&inputTime=2025-03-02&shift=0 - 200 9028 application/json;+charset=utf-8 1053.1226ms 
2025-03-07 14:08:58.0830 INFO Request starting HTTP/2 GET https://localhost:7086/api/Check/sharp/V3?deviceId=3&inputTime=2025-03-02&shift=0 - - - 
2025-03-07 14:08:58.0905 INFO Executing endpoint 'Cola.Controllers.CheckController.GetSharpTimeCheckData3 (Cola)' 
2025-03-07 14:08:58.0905 INFO Route matched with {action = "GetSharpTimeCheckData3", controller = "Check"}. Executing controller action with signature System.Threading.Tasks.Task`1[Microsoft.AspNetCore.Mvc.IActionResult] GetSharpTimeCheckData3(Int32, System.DateTime, Int32) on controller Cola.Controllers.CheckController (Cola). 
2025-03-07 14:08:58.0905 INFO 开始获取设备 3 在 03/02/2025 00:00:00 的整点检查数据 
2025-03-07 14:14:53.1870 INFO Now listening on: https://localhost:7086 
2025-03-07 14:14:53.1923 INFO Now listening on: http://localhost:5064 
2025-03-07 14:14:53.2316 INFO Application started. Press Ctrl+C to shut down. 
2025-03-07 14:14:53.2316 INFO Hosting environment: Development 
2025-03-07 14:14:53.2316 INFO Content root path: D:\cwq\MyCode\Cola_ AsepticLine\Cola 
2025-03-07 14:14:54.4620 INFO Request starting HTTP/2 GET https://localhost:7086/swagger - - - 
2025-03-07 14:14:54.6254 INFO Request finished HTTP/2 GET https://localhost:7086/swagger - 301 0 - 169.4064ms 
2025-03-07 14:14:54.6323 INFO Request starting HTTP/2 GET https://localhost:7086/swagger/index.html - - - 
2025-03-07 14:14:54.7017 INFO Request finished HTTP/2 GET https://localhost:7086/swagger/index.html - 200 - text/html;charset=utf-8 69.5019ms 
2025-03-07 14:14:54.7089 INFO Request starting HTTP/2 GET https://localhost:7086/swagger/swagger-ui-bundle.js - - - 
2025-03-07 14:14:54.7089 INFO Request starting HTTP/2 GET https://localhost:7086/swagger/swagger-ui.css - - - 
2025-03-07 14:14:54.7089 INFO Request starting HTTP/2 GET https://localhost:7086/swagger/swagger-ui-standalone-preset.js - - - 
2025-03-07 14:14:54.7089 INFO Request starting HTTP/2 GET https://localhost:7086/_vs/browserLink - - - 
2025-03-07 14:14:54.7089 INFO Request starting HTTP/2 GET https://localhost:7086/_framework/aspnetcore-browser-refresh.js - - - 
2025-03-07 14:14:54.7316 INFO Request finished HTTP/2 GET https://localhost:7086/_framework/aspnetcore-browser-refresh.js - 200 13760 application/javascript;+charset=utf-8 20.4696ms 
2025-03-07 14:14:54.7636 INFO Sending file. Request path: '/swagger-ui.css'. Physical path: 'N/A' 
2025-03-07 14:14:54.7636 INFO Sending file. Request path: '/swagger-ui-standalone-preset.js'. Physical path: 'N/A' 
2025-03-07 14:14:54.7636 INFO Request finished HTTP/2 GET https://localhost:7086/swagger/swagger-ui-standalone-preset.js - 200 339486 text/javascript 57.5964ms 
2025-03-07 14:14:54.7636 INFO Request finished HTTP/2 GET https://localhost:7086/swagger/swagger-ui.css - 200 143943 text/css 57.7104ms 
2025-03-07 14:14:54.7683 INFO Sending file. Request path: '/swagger-ui-bundle.js'. Physical path: 'N/A' 
2025-03-07 14:14:54.7683 INFO Request finished HTTP/2 GET https://localhost:7086/swagger/swagger-ui-bundle.js - 200 1096145 text/javascript 59.4727ms 
2025-03-07 14:14:54.7885 INFO Request finished HTTP/2 GET https://localhost:7086/_vs/browserLink - 200 - text/javascript;+charset=UTF-8 78.3553ms 
2025-03-07 14:14:54.9489 INFO Request starting HTTP/2 GET https://localhost:7086/swagger/v1/swagger.json - - - 
2025-03-07 14:14:54.9608 INFO Request finished HTTP/2 GET https://localhost:7086/swagger/v1/swagger.json - 200 - application/json;charset=utf-8 12.2536ms 
2025-03-07 14:15:18.6302 INFO Request starting HTTP/2 GET https://localhost:7086/api/Check/sharp/V3?deviceId=3&inputTime=2025-03-05&shift=0 - - - 
2025-03-07 14:15:18.6520 INFO Executing endpoint 'Cola.Controllers.CheckController.GetSharpTimeCheckData3 (Cola)' 
2025-03-07 14:15:18.6714 INFO Route matched with {action = "GetSharpTimeCheckData3", controller = "Check"}. Executing controller action with signature System.Threading.Tasks.Task`1[Microsoft.AspNetCore.Mvc.IActionResult] GetSharpTimeCheckData3(Int32, System.DateTime, Int32) on controller Cola.Controllers.CheckController (Cola). 
2025-03-07 14:15:18.7955 INFO 开始获取设备 3 在 03/05/2025 00:00:00 的整点检查数据 
2025-03-07 14:15:19.5553 INFO Executing OkObjectResult, writing value of type 'Cola.Model.ApiResponse`1[[System.Collections.Generic.IEnumerable`1[[Cola.Model.CheckDataResult2, Cola, Version=1.0.0.0, Culture=neutral, PublicKeyToken=null]], System.Private.CoreLib, Version=8.0.0.0, Culture=neutral, PublicKeyToken=7cec85d7bea7798e]]'. 
2025-03-07 14:15:19.6256 INFO Executed action Cola.Controllers.CheckController.GetSharpTimeCheckData3 (Cola) in 951.0278ms 
2025-03-07 14:15:19.6256 INFO Executed endpoint 'Cola.Controllers.CheckController.GetSharpTimeCheckData3 (Cola)' 
2025-03-07 14:15:19.6256 INFO Request finished HTTP/2 GET https://localhost:7086/api/Check/sharp/V3?deviceId=3&inputTime=2025-03-05&shift=0 - 200 23337 application/json;+charset=utf-8 996.2441ms 
2025-03-07 14:16:38.3332 INFO Request starting HTTP/2 GET https://localhost:7086/api/Check/sharp/V3?deviceId=3&inputTime=2025-03-02&shift=0 - - - 
2025-03-07 14:16:38.3731 INFO Executing endpoint 'Cola.Controllers.CheckController.GetSharpTimeCheckData3 (Cola)' 
2025-03-07 14:16:38.3731 INFO Route matched with {action = "GetSharpTimeCheckData3", controller = "Check"}. Executing controller action with signature System.Threading.Tasks.Task`1[Microsoft.AspNetCore.Mvc.IActionResult] GetSharpTimeCheckData3(Int32, System.DateTime, Int32) on controller Cola.Controllers.CheckController (Cola). 
2025-03-07 14:16:38.3731 INFO 开始获取设备 3 在 03/02/2025 00:00:00 的整点检查数据 
2025-03-07 14:16:38.5200 INFO Executing OkObjectResult, writing value of type 'Cola.Model.ApiResponse`1[[System.Collections.Generic.IEnumerable`1[[Cola.Model.CheckDataResult2, Cola, Version=1.0.0.0, Culture=neutral, PublicKeyToken=null]], System.Private.CoreLib, Version=8.0.0.0, Culture=neutral, PublicKeyToken=7cec85d7bea7798e]]'. 
2025-03-07 14:16:38.5200 INFO Executed action Cola.Controllers.CheckController.GetSharpTimeCheckData3 (Cola) in 154.5299ms 
2025-03-07 14:16:38.5200 INFO Executed endpoint 'Cola.Controllers.CheckController.GetSharpTimeCheckData3 (Cola)' 
2025-03-07 14:16:38.5200 INFO Request finished HTTP/2 GET https://localhost:7086/api/Check/sharp/V3?deviceId=3&inputTime=2025-03-02&shift=0 - 200 23524 application/json;+charset=utf-8 195.3736ms 
2025-03-07 15:34:18.1765 INFO Now listening on: https://localhost:7086 
2025-03-07 15:34:18.1765 INFO Now listening on: http://localhost:5064 
2025-03-07 15:34:18.2160 INFO Application started. Press Ctrl+C to shut down. 
2025-03-07 15:34:18.2160 INFO Hosting environment: Development 
2025-03-07 15:34:18.2160 INFO Content root path: D:\cwq\MyCode\Cola_ AsepticLine\Cola 
2025-03-07 15:34:18.7122 INFO Request starting HTTP/2 GET https://localhost:7086/swagger - - - 
2025-03-07 15:34:18.8210 INFO Request finished HTTP/2 GET https://localhost:7086/swagger - 301 0 - 117.5364ms 
2025-03-07 15:34:18.8259 INFO Request starting HTTP/2 GET https://localhost:7086/swagger/index.html - - - 
2025-03-07 15:34:18.8851 INFO Request finished HTTP/2 GET https://localhost:7086/swagger/index.html - 200 - text/html;charset=utf-8 59.1097ms 
2025-03-07 15:34:18.8885 INFO Request starting HTTP/2 GET https://localhost:7086/swagger/swagger-ui-bundle.js - - - 
2025-03-07 15:34:18.8885 INFO Request starting HTTP/2 GET https://localhost:7086/swagger/swagger-ui.css - - - 
2025-03-07 15:34:18.8885 INFO Request starting HTTP/2 GET https://localhost:7086/swagger/swagger-ui-standalone-preset.js - - - 
2025-03-07 15:34:18.8885 INFO Request starting HTTP/2 GET https://localhost:7086/_framework/aspnetcore-browser-refresh.js - - - 
2025-03-07 15:34:18.8885 INFO Request finished HTTP/2 GET https://localhost:7086/_framework/aspnetcore-browser-refresh.js - 200 13760 application/javascript;+charset=utf-8 11.5173ms 
2025-03-07 15:34:18.9319 INFO Sending file. Request path: '/swagger-ui-standalone-preset.js'. Physical path: 'N/A' 
2025-03-07 15:34:18.9319 INFO Sending file. Request path: '/swagger-ui.css'. Physical path: 'N/A' 
2025-03-07 15:34:18.9319 INFO Sending file. Request path: '/swagger-ui-bundle.js'. Physical path: 'N/A' 
2025-03-07 15:34:18.9333 INFO Request finished HTTP/2 GET https://localhost:7086/swagger/swagger-ui-standalone-preset.js - 200 339486 text/javascript 44.6921ms 
2025-03-07 15:34:18.9333 INFO Request finished HTTP/2 GET https://localhost:7086/swagger/swagger-ui.css - 200 143943 text/css 44.7905ms 
2025-03-07 15:34:18.9333 INFO Request finished HTTP/2 GET https://localhost:7086/swagger/swagger-ui-bundle.js - 200 1096145 text/javascript 44.6970ms 
2025-03-07 15:34:18.9333 INFO Request starting HTTP/2 GET https://localhost:7086/_vs/browserLink - - - 
2025-03-07 15:34:18.9694 INFO Request finished HTTP/2 GET https://localhost:7086/_vs/browserLink - 200 - text/javascript;+charset=UTF-8 34.5012ms 
2025-03-07 15:34:19.1051 INFO Request starting HTTP/2 GET https://localhost:7086/swagger/v1/swagger.json - - - 
2025-03-07 15:34:19.1051 INFO Request finished HTTP/2 GET https://localhost:7086/swagger/v1/swagger.json - 200 - application/json;charset=utf-8 8.1174ms 
2025-03-07 15:35:34.0632 INFO Request starting HTTP/2 GET https://localhost:7086/api/Check/sharp/V3?deviceId=3&inputTime=2025-03-02&shift=0 - - - 
2025-03-07 15:35:34.1002 INFO Executing endpoint 'Cola.Controllers.CheckController.GetSharpTimeCheckData3 (Cola)' 
2025-03-07 15:35:34.1335 INFO Route matched with {action = "GetSharpTimeCheckData3", controller = "Check"}. Executing controller action with signature System.Threading.Tasks.Task`1[Microsoft.AspNetCore.Mvc.IActionResult] GetSharpTimeCheckData3(Int32, System.DateTime, Int32) on controller Cola.Controllers.CheckController (Cola). 
2025-03-07 15:35:35.2812 INFO 开始获取设备 3 在 03/02/2025 00:00:00 的整点检查数据 
2025-03-07 15:37:08.2321 INFO Now listening on: https://localhost:7086 
2025-03-07 15:37:08.2321 INFO Now listening on: http://localhost:5064 
2025-03-07 15:37:08.2700 INFO Application started. Press Ctrl+C to shut down. 
2025-03-07 15:37:08.2700 INFO Hosting environment: Development 
2025-03-07 15:37:08.2700 INFO Content root path: D:\cwq\MyCode\Cola_ AsepticLine\Cola 
2025-03-07 15:37:08.9672 INFO Request starting HTTP/2 GET https://localhost:7086/swagger - - - 
2025-03-07 15:37:09.0890 INFO Request finished HTTP/2 GET https://localhost:7086/swagger - 301 0 - 127.3205ms 
2025-03-07 15:37:09.0948 INFO Request starting HTTP/2 GET https://localhost:7086/swagger/index.html - - - 
2025-03-07 15:37:09.1578 INFO Request finished HTTP/2 GET https://localhost:7086/swagger/index.html - 200 - text/html;charset=utf-8 63.1692ms 
2025-03-07 15:37:09.1578 INFO Request starting HTTP/2 GET https://localhost:7086/swagger/swagger-ui-bundle.js - - - 
2025-03-07 15:37:09.1578 INFO Request starting HTTP/2 GET https://localhost:7086/swagger/swagger-ui-standalone-preset.js - - - 
2025-03-07 15:37:09.1578 INFO Request starting HTTP/2 GET https://localhost:7086/swagger/swagger-ui.css - - - 
2025-03-07 15:37:09.1578 INFO Request starting HTTP/2 GET https://localhost:7086/_framework/aspnetcore-browser-refresh.js - - - 
2025-03-07 15:37:09.1578 INFO Request starting HTTP/2 GET https://localhost:7086/_vs/browserLink - - - 
2025-03-07 15:37:09.1803 INFO Request finished HTTP/2 GET https://localhost:7086/_framework/aspnetcore-browser-refresh.js - 200 13760 application/javascript;+charset=utf-8 17.4792ms 
2025-03-07 15:37:09.2397 INFO Sending file. Request path: '/swagger-ui-standalone-preset.js'. Physical path: 'N/A' 
2025-03-07 15:37:09.2397 INFO Sending file. Request path: '/swagger-ui.css'. Physical path: 'N/A' 
2025-03-07 15:37:09.2397 INFO Request finished HTTP/2 GET https://localhost:7086/swagger/swagger-ui-standalone-preset.js - 200 339486 text/javascript 78.5609ms 
2025-03-07 15:37:09.2397 INFO Request finished HTTP/2 GET https://localhost:7086/swagger/swagger-ui.css - 200 143943 text/css 78.7789ms 
2025-03-07 15:37:09.2397 INFO Sending file. Request path: '/swagger-ui-bundle.js'. Physical path: 'N/A' 
2025-03-07 15:37:09.2397 INFO Request finished HTTP/2 GET https://localhost:7086/swagger/swagger-ui-bundle.js - 200 1096145 text/javascript 81.3948ms 
2025-03-07 15:37:09.2795 INFO Request finished HTTP/2 GET https://localhost:7086/_vs/browserLink - 200 - text/javascript;+charset=UTF-8 116.6418ms 
2025-03-07 15:37:09.4446 INFO Request starting HTTP/2 GET https://localhost:7086/swagger/v1/swagger.json - - - 
2025-03-07 15:37:09.4534 INFO Request finished HTTP/2 GET https://localhost:7086/swagger/v1/swagger.json - 200 - application/json;charset=utf-8 9.0431ms 
2025-03-07 15:38:00.8870 INFO Now listening on: https://localhost:7086 
2025-03-07 15:38:00.8945 INFO Now listening on: http://localhost:5064 
2025-03-07 15:38:00.9438 INFO Application started. Press Ctrl+C to shut down. 
2025-03-07 15:38:00.9438 INFO Hosting environment: Development 
2025-03-07 15:38:00.9438 INFO Content root path: D:\cwq\MyCode\Cola_ AsepticLine\Cola 
2025-03-07 15:38:01.7896 INFO Request starting HTTP/2 GET https://localhost:7086/swagger - - - 
2025-03-07 15:38:01.9391 INFO Request finished HTTP/2 GET https://localhost:7086/swagger - 301 0 - 156.2384ms 
2025-03-07 15:38:01.9391 INFO Request starting HTTP/2 GET https://localhost:7086/swagger/index.html - - - 
2025-03-07 15:38:02.0375 INFO Request finished HTTP/2 GET https://localhost:7086/swagger/index.html - 200 - text/html;charset=utf-8 91.2236ms 
2025-03-07 15:38:02.0375 INFO Request starting HTTP/2 GET https://localhost:7086/swagger/swagger-ui-bundle.js - - - 
2025-03-07 15:38:02.0375 INFO Request starting HTTP/2 GET https://localhost:7086/swagger/swagger-ui-standalone-preset.js - - - 
2025-03-07 15:38:02.0375 INFO Request starting HTTP/2 GET https://localhost:7086/swagger/swagger-ui.css - - - 
2025-03-07 15:38:02.0375 INFO Request starting HTTP/2 GET https://localhost:7086/_framework/aspnetcore-browser-refresh.js - - - 
2025-03-07 15:38:02.0501 INFO Request finished HTTP/2 GET https://localhost:7086/_framework/aspnetcore-browser-refresh.js - 200 13760 application/javascript;+charset=utf-8 9.1123ms 
2025-03-07 15:38:02.0933 INFO Sending file. Request path: '/swagger-ui.css'. Physical path: 'N/A' 
2025-03-07 15:38:02.0933 INFO Sending file. Request path: '/swagger-ui-standalone-preset.js'. Physical path: 'N/A' 
2025-03-07 15:38:02.0933 INFO Request finished HTTP/2 GET https://localhost:7086/swagger/swagger-ui.css - 200 143943 text/css 53.2636ms 
2025-03-07 15:38:02.0933 INFO Request finished HTTP/2 GET https://localhost:7086/swagger/swagger-ui-standalone-preset.js - 200 339486 text/javascript 52.7421ms 
2025-03-07 15:38:02.0933 INFO Sending file. Request path: '/swagger-ui-bundle.js'. Physical path: 'N/A' 
2025-03-07 15:38:02.0933 INFO Request finished HTTP/2 GET https://localhost:7086/swagger/swagger-ui-bundle.js - 200 1096145 text/javascript 54.7229ms 
2025-03-07 15:38:02.0933 INFO Request starting HTTP/2 GET https://localhost:7086/_vs/browserLink - - - 
2025-03-07 15:38:02.1377 INFO Request finished HTTP/2 GET https://localhost:7086/_vs/browserLink - 200 - text/javascript;+charset=UTF-8 42.0498ms 
2025-03-07 15:38:02.2863 INFO Request starting HTTP/2 GET https://localhost:7086/swagger/v1/swagger.json - - - 
2025-03-07 15:38:02.2978 INFO Request finished HTTP/2 GET https://localhost:7086/swagger/v1/swagger.json - 200 - application/json;charset=utf-8 11.7733ms 
2025-03-07 15:38:11.9028 INFO Request starting HTTP/2 GET https://localhost:7086/api/Check/sharp/V3?deviceId=3&inputTime=2025-03-02&shift=0 - - - 
2025-03-07 15:38:11.9185 INFO Executing endpoint 'Cola.Controllers.CheckController.GetSharpTimeCheckData3 (Cola)' 
2025-03-07 15:38:11.9350 INFO Route matched with {action = "GetSharpTimeCheckData3", controller = "Check"}. Executing controller action with signature System.Threading.Tasks.Task`1[Microsoft.AspNetCore.Mvc.IActionResult] GetSharpTimeCheckData3(Int32, System.DateTime, Int32) on controller Cola.Controllers.CheckController (Cola). 
2025-03-07 15:38:12.0416 INFO 开始获取设备 3 在 03/02/2025 00:00:00 的整点检查数据 
2025-03-07 15:38:12.8427 INFO Executing OkObjectResult, writing value of type 'Cola.Model.ApiResponse`1[[System.Collections.Generic.IEnumerable`1[[Cola.Model.CheckDataResult2, Cola, Version=1.0.0.0, Culture=neutral, PublicKeyToken=null]], System.Private.CoreLib, Version=8.0.0.0, Culture=neutral, PublicKeyToken=7cec85d7bea7798e]]'. 
2025-03-07 15:38:12.9073 INFO Executed action Cola.Controllers.CheckController.GetSharpTimeCheckData3 (Cola) in 968.9983ms 
2025-03-07 15:38:12.9073 INFO Executed endpoint 'Cola.Controllers.CheckController.GetSharpTimeCheckData3 (Cola)' 
2025-03-07 15:38:12.9073 INFO Request finished HTTP/2 GET https://localhost:7086/api/Check/sharp/V3?deviceId=3&inputTime=2025-03-02&shift=0 - 200 22468 application/json;+charset=utf-8 1005.2342ms 
2025-03-07 15:38:27.2422 INFO Request starting HTTP/2 GET https://localhost:7086/api/Check/sharp/V3?deviceId=3&inputTime=2025-03-06&shift=0 - - - 
2025-03-07 15:38:27.2422 INFO Executing endpoint 'Cola.Controllers.CheckController.GetSharpTimeCheckData3 (Cola)' 
2025-03-07 15:38:27.2422 INFO Route matched with {action = "GetSharpTimeCheckData3", controller = "Check"}. Executing controller action with signature System.Threading.Tasks.Task`1[Microsoft.AspNetCore.Mvc.IActionResult] GetSharpTimeCheckData3(Int32, System.DateTime, Int32) on controller Cola.Controllers.CheckController (Cola). 
2025-03-07 15:38:27.2422 INFO 开始获取设备 3 在 03/06/2025 00:00:00 的整点检查数据 
2025-03-07 15:38:27.3551 INFO Executing OkObjectResult, writing value of type 'Cola.Model.ApiResponse`1[[System.Collections.Generic.IEnumerable`1[[Cola.Model.CheckDataResult2, Cola, Version=1.0.0.0, Culture=neutral, PublicKeyToken=null]], System.Private.CoreLib, Version=8.0.0.0, Culture=neutral, PublicKeyToken=7cec85d7bea7798e]]'. 
2025-03-07 15:38:27.3579 INFO Executed action Cola.Controllers.CheckController.GetSharpTimeCheckData3 (Cola) in 112.233ms 
2025-03-07 15:38:27.3579 INFO Executed endpoint 'Cola.Controllers.CheckController.GetSharpTimeCheckData3 (Cola)' 
2025-03-07 15:38:27.3579 INFO Request finished HTTP/2 GET https://localhost:7086/api/Check/sharp/V3?deviceId=3&inputTime=2025-03-06&shift=0 - 200 22832 application/json;+charset=utf-8 115.8905ms 
2025-03-07 15:39:53.5989 INFO Now listening on: https://localhost:7086 
2025-03-07 15:39:53.5989 INFO Now listening on: http://localhost:5064 
2025-03-07 15:39:53.6457 INFO Application started. Press Ctrl+C to shut down. 
2025-03-07 15:39:53.6457 INFO Hosting environment: Development 
2025-03-07 15:39:53.6457 INFO Content root path: D:\cwq\MyCode\Cola_ AsepticLine\Cola 
2025-03-07 15:39:54.3168 INFO Request starting HTTP/2 GET https://localhost:7086/swagger - - - 
2025-03-07 15:39:54.4609 INFO Request finished HTTP/2 GET https://localhost:7086/swagger - 301 0 - 151.1171ms 
2025-03-07 15:39:54.4687 INFO Request starting HTTP/2 GET https://localhost:7086/swagger/index.html - - - 
2025-03-07 15:39:54.5470 INFO Request finished HTTP/2 GET https://localhost:7086/swagger/index.html - 200 - text/html;charset=utf-8 78.5225ms 
2025-03-07 15:39:54.5470 INFO Request starting HTTP/2 GET https://localhost:7086/swagger/swagger-ui.css - - - 
2025-03-07 15:39:54.5470 INFO Request starting HTTP/2 GET https://localhost:7086/swagger/swagger-ui-bundle.js - - - 
2025-03-07 15:39:54.5470 INFO Request starting HTTP/2 GET https://localhost:7086/_framework/aspnetcore-browser-refresh.js - - - 
2025-03-07 15:39:54.5470 INFO Request starting HTTP/2 GET https://localhost:7086/swagger/swagger-ui-standalone-preset.js - - - 
2025-03-07 15:39:54.5729 INFO Request starting HTTP/2 GET https://localhost:7086/_vs/browserLink - - - 
2025-03-07 15:39:54.5997 INFO Request finished HTTP/2 GET https://localhost:7086/_framework/aspnetcore-browser-refresh.js - 200 13760 application/javascript;+charset=utf-8 43.4786ms 
2025-03-07 15:39:54.6314 INFO Sending file. Request path: '/swagger-ui.css'. Physical path: 'N/A' 
2025-03-07 15:39:54.6314 INFO Sending file. Request path: '/swagger-ui-standalone-preset.js'. Physical path: 'N/A' 
2025-03-07 15:39:54.6314 INFO Request finished HTTP/2 GET https://localhost:7086/swagger/swagger-ui-standalone-preset.js - 200 339486 text/javascript 82.1595ms 
2025-03-07 15:39:54.6314 INFO Request finished HTTP/2 GET https://localhost:7086/swagger/swagger-ui.css - 200 143943 text/css 83.3510ms 
2025-03-07 15:39:54.6428 INFO Sending file. Request path: '/swagger-ui-bundle.js'. Physical path: 'N/A' 
2025-03-07 15:39:54.6428 INFO Request finished HTTP/2 GET https://localhost:7086/swagger/swagger-ui-bundle.js - 200 1096145 text/javascript 87.0672ms 
2025-03-07 15:39:54.6621 INFO Request finished HTTP/2 GET https://localhost:7086/_vs/browserLink - 200 - text/javascript;+charset=UTF-8 89.4562ms 
2025-03-07 15:39:54.8180 INFO Request starting HTTP/2 GET https://localhost:7086/swagger/v1/swagger.json - - - 
2025-03-07 15:39:54.8281 INFO Request finished HTTP/2 GET https://localhost:7086/swagger/v1/swagger.json - 200 - application/json;charset=utf-8 10.2286ms 
2025-03-07 15:40:09.4801 INFO Request starting HTTP/2 GET https://localhost:7086/api/Check/sharp/V3?deviceId=3&inputTime=2025-03-06&shift=0 - - - 
2025-03-07 15:40:09.4972 INFO Executing endpoint 'Cola.Controllers.CheckController.GetSharpTimeCheckData3 (Cola)' 
2025-03-07 15:40:09.5178 INFO Route matched with {action = "GetSharpTimeCheckData3", controller = "Check"}. Executing controller action with signature System.Threading.Tasks.Task`1[Microsoft.AspNetCore.Mvc.IActionResult] GetSharpTimeCheckData3(Int32, System.DateTime, Int32) on controller Cola.Controllers.CheckController (Cola). 
2025-03-07 15:40:09.6383 INFO 开始获取设备 3 在 03/06/2025 00:00:00 的整点检查数据 
2025-03-07 15:40:10.4347 INFO Executing OkObjectResult, writing value of type 'Cola.Model.ApiResponse`1[[System.Collections.Generic.IEnumerable`1[[Cola.Model.CheckDataResult2, Cola, Version=1.0.0.0, Culture=neutral, PublicKeyToken=null]], System.Private.CoreLib, Version=8.0.0.0, Culture=neutral, PublicKeyToken=7cec85d7bea7798e]]'. 
2025-03-07 15:40:10.5053 INFO Executed action Cola.Controllers.CheckController.GetSharpTimeCheckData3 (Cola) in 983.7813ms 
2025-03-07 15:40:10.5053 INFO Executed endpoint 'Cola.Controllers.CheckController.GetSharpTimeCheckData3 (Cola)' 
2025-03-07 15:40:10.5053 INFO Request finished HTTP/2 GET https://localhost:7086/api/Check/sharp/V3?deviceId=3&inputTime=2025-03-06&shift=0 - 200 22897 application/json;+charset=utf-8 1026.3193ms 
2025-03-07 15:40:46.4069 INFO Now listening on: https://localhost:7086 
2025-03-07 15:40:46.4069 INFO Now listening on: http://localhost:5064 
2025-03-07 15:40:46.4580 INFO Application started. Press Ctrl+C to shut down. 
2025-03-07 15:40:46.4580 INFO Hosting environment: Development 
2025-03-07 15:40:46.4580 INFO Content root path: D:\cwq\MyCode\Cola_ AsepticLine\Cola 
2025-03-07 15:40:47.0053 INFO Request starting HTTP/2 GET https://localhost:7086/swagger - - - 
2025-03-07 15:40:47.1748 INFO Request finished HTTP/2 GET https://localhost:7086/swagger - 301 0 - 175.1790ms 
2025-03-07 15:40:47.1748 INFO Request starting HTTP/2 GET https://localhost:7086/swagger/index.html - - - 
2025-03-07 15:40:47.2645 INFO Request finished HTTP/2 GET https://localhost:7086/swagger/index.html - 200 - text/html;charset=utf-8 82.6097ms 
2025-03-07 15:40:47.2715 INFO Request starting HTTP/2 GET https://localhost:7086/swagger/swagger-ui.css - - - 
2025-03-07 15:40:47.2715 INFO Request starting HTTP/2 GET https://localhost:7086/swagger/swagger-ui-bundle.js - - - 
2025-03-07 15:40:47.2715 INFO Request starting HTTP/2 GET https://localhost:7086/swagger/swagger-ui-standalone-preset.js - - - 
2025-03-07 15:40:47.2715 INFO Request starting HTTP/2 GET https://localhost:7086/_vs/browserLink - - - 
2025-03-07 15:40:47.2715 INFO Request starting HTTP/2 GET https://localhost:7086/_framework/aspnetcore-browser-refresh.js - - - 
2025-03-07 15:40:47.3174 INFO Request finished HTTP/2 GET https://localhost:7086/_framework/aspnetcore-browser-refresh.js - 200 13760 application/javascript;+charset=utf-8 41.6792ms 
2025-03-07 15:40:47.3512 INFO Sending file. Request path: '/swagger-ui.css'. Physical path: 'N/A' 
2025-03-07 15:40:47.3512 INFO Sending file. Request path: '/swagger-ui-standalone-preset.js'. Physical path: 'N/A' 
2025-03-07 15:40:47.3512 INFO Sending file. Request path: '/swagger-ui-bundle.js'. Physical path: 'N/A' 
2025-03-07 15:40:47.3512 INFO Request finished HTTP/2 GET https://localhost:7086/swagger/swagger-ui-standalone-preset.js - 200 339486 text/javascript 79.1905ms 
2025-03-07 15:40:47.3512 INFO Request finished HTTP/2 GET https://localhost:7086/swagger/swagger-ui.css - 200 143943 text/css 81.3622ms 
2025-03-07 15:40:47.3512 INFO Request finished HTTP/2 GET https://localhost:7086/swagger/swagger-ui-bundle.js - 200 1096145 text/javascript 80.9357ms 
2025-03-07 15:40:47.3685 INFO Request finished HTTP/2 GET https://localhost:7086/_vs/browserLink - 200 - text/javascript;+charset=UTF-8 93.9869ms 
2025-03-07 15:40:47.5531 INFO Request starting HTTP/2 GET https://localhost:7086/swagger/v1/swagger.json - - - 
2025-03-07 15:40:47.5531 INFO Request finished HTTP/2 GET https://localhost:7086/swagger/v1/swagger.json - 200 - application/json;charset=utf-8 8.5647ms 
2025-03-07 15:41:15.0480 INFO Request starting HTTP/2 GET https://localhost:7086/api/Check/sharp?deviceId=3&inputTime=2025-03-02&shift=0 - - - 
2025-03-07 15:41:15.0727 INFO Executing endpoint 'Cola.Controllers.CheckController.GetSharpTimeCheckData2 (Cola)' 
2025-03-07 15:41:15.0958 INFO Route matched with {action = "GetSharpTimeCheckData2", controller = "Check"}. Executing controller action with signature System.Threading.Tasks.Task`1[Microsoft.AspNetCore.Mvc.IActionResult] GetSharpTimeCheckData2(Int32, System.DateTime, Int32) on controller Cola.Controllers.CheckController (Cola). 
2025-03-07 15:41:15.2036 INFO 开始获取设备 3 在 03/02/2025 00:00:00 的整点检查数据 
2025-03-07 15:41:15.9462 INFO Executing OkObjectResult, writing value of type 'Cola.Model.ApiResponse`1[[System.Collections.Generic.IEnumerable`1[[Cola.Model.CheckDataResult, Cola, Version=1.0.0.0, Culture=neutral, PublicKeyToken=null]], System.Private.CoreLib, Version=8.0.0.0, Culture=neutral, PublicKeyToken=7cec85d7bea7798e]]'. 
2025-03-07 15:41:16.0184 INFO Executed action Cola.Controllers.CheckController.GetSharpTimeCheckData2 (Cola) in 918.2747ms 
2025-03-07 15:41:16.0184 INFO Executed endpoint 'Cola.Controllers.CheckController.GetSharpTimeCheckData2 (Cola)' 
2025-03-07 15:41:16.0184 INFO Request finished HTTP/2 GET https://localhost:7086/api/Check/sharp?deviceId=3&inputTime=2025-03-02&shift=0 - 200 8704 application/json;+charset=utf-8 971.8329ms 
2025-03-07 15:41:30.9661 INFO Request starting HTTP/2 GET https://localhost:7086/api/Check/sharp/V3?deviceId=3&inputTime=2025-03-06&shift=1 - - - 
2025-03-07 15:41:30.9661 INFO Executing endpoint 'Cola.Controllers.CheckController.GetSharpTimeCheckData3 (Cola)' 
2025-03-07 15:41:30.9737 INFO Route matched with {action = "GetSharpTimeCheckData3", controller = "Check"}. Executing controller action with signature System.Threading.Tasks.Task`1[Microsoft.AspNetCore.Mvc.IActionResult] GetSharpTimeCheckData3(Int32, System.DateTime, Int32) on controller Cola.Controllers.CheckController (Cola). 
2025-03-07 15:41:30.9867 INFO 开始获取设备 3 在 03/06/2025 00:00:00 的整点检查数据 
2025-03-07 15:41:31.1357 INFO Executing OkObjectResult, writing value of type 'Cola.Model.ApiResponse`1[[System.Collections.Generic.IEnumerable`1[[Cola.Model.CheckDataResult2, Cola, Version=1.0.0.0, Culture=neutral, PublicKeyToken=null]], System.Private.CoreLib, Version=8.0.0.0, Culture=neutral, PublicKeyToken=7cec85d7bea7798e]]'. 
2025-03-07 15:41:31.1485 INFO Executed action Cola.Controllers.CheckController.GetSharpTimeCheckData3 (Cola) in 174.7327ms 
2025-03-07 15:41:31.1485 INFO Executed endpoint 'Cola.Controllers.CheckController.GetSharpTimeCheckData3 (Cola)' 
2025-03-07 15:41:31.1485 INFO Request finished HTTP/2 GET https://localhost:7086/api/Check/sharp/V3?deviceId=3&inputTime=2025-03-06&shift=1 - 200 23007 application/json;+charset=utf-8 182.9752ms 
2025-03-07 15:44:45.6128 INFO Now listening on: https://localhost:7086 
2025-03-07 15:44:45.6128 INFO Now listening on: http://localhost:5064 
2025-03-07 15:44:45.6555 INFO Application started. Press Ctrl+C to shut down. 
2025-03-07 15:44:45.6555 INFO Hosting environment: Development 
2025-03-07 15:44:45.6555 INFO Content root path: D:\cwq\MyCode\Cola_ AsepticLine\Cola 
2025-03-07 15:44:46.1811 INFO Request starting HTTP/2 GET https://localhost:7086/swagger - - - 
2025-03-07 15:44:46.3209 INFO Request finished HTTP/2 GET https://localhost:7086/swagger - 301 0 - 147.1163ms 
2025-03-07 15:44:46.3209 INFO Request starting HTTP/2 GET https://localhost:7086/swagger/index.html - - - 
2025-03-07 15:44:46.4287 INFO Request finished HTTP/2 GET https://localhost:7086/swagger/index.html - 200 - text/html;charset=utf-8 102.5272ms 
2025-03-07 15:44:46.4287 INFO Request starting HTTP/2 GET https://localhost:7086/swagger/swagger-ui.css - - - 
2025-03-07 15:44:46.4287 INFO Request starting HTTP/2 GET https://localhost:7086/swagger/swagger-ui-bundle.js - - - 
2025-03-07 15:44:46.4287 INFO Request starting HTTP/2 GET https://localhost:7086/swagger/swagger-ui-standalone-preset.js - - - 
2025-03-07 15:44:46.4287 INFO Request starting HTTP/2 GET https://localhost:7086/_framework/aspnetcore-browser-refresh.js - - - 
2025-03-07 15:44:46.4287 INFO Request starting HTTP/2 GET https://localhost:7086/_vs/browserLink - - - 
2025-03-07 15:44:46.4503 INFO Request finished HTTP/2 GET https://localhost:7086/_framework/aspnetcore-browser-refresh.js - 200 13760 application/javascript;+charset=utf-8 17.7722ms 
2025-03-07 15:44:46.4846 INFO Sending file. Request path: '/swagger-ui-standalone-preset.js'. Physical path: 'N/A' 
2025-03-07 15:44:46.4846 INFO Sending file. Request path: '/swagger-ui.css'. Physical path: 'N/A' 
2025-03-07 15:44:46.4881 INFO Request finished HTTP/2 GET https://localhost:7086/swagger/swagger-ui.css - 200 143943 text/css 55.8154ms 
2025-03-07 15:44:46.4881 INFO Request finished HTTP/2 GET https://localhost:7086/swagger/swagger-ui-standalone-preset.js - 200 339486 text/javascript 56.5201ms 
2025-03-07 15:44:46.4881 INFO Sending file. Request path: '/swagger-ui-bundle.js'. Physical path: 'N/A' 
2025-03-07 15:44:46.4881 INFO Request finished HTTP/2 GET https://localhost:7086/swagger/swagger-ui-bundle.js - 200 1096145 text/javascript 63.0968ms 
2025-03-07 15:44:46.5129 INFO Request finished HTTP/2 GET https://localhost:7086/_vs/browserLink - 200 - text/javascript;+charset=UTF-8 78.5162ms 
2025-03-07 15:44:46.6694 INFO Request starting HTTP/2 GET https://localhost:7086/swagger/v1/swagger.json - - - 
2025-03-07 15:44:46.6799 INFO Request finished HTTP/2 GET https://localhost:7086/swagger/v1/swagger.json - 200 - application/json;charset=utf-8 11.1662ms 
2025-03-07 15:45:03.9226 INFO Request starting HTTP/2 GET https://localhost:7086/api/Check/sharp/V3?deviceId=3&inputTime=2025-03-06&shift=1 - - - 
2025-03-07 15:45:03.9422 INFO Executing endpoint 'Cola.Controllers.CheckController.GetSharpTimeCheckData3 (Cola)' 
2025-03-07 15:45:03.9653 INFO Route matched with {action = "GetSharpTimeCheckData3", controller = "Check"}. Executing controller action with signature System.Threading.Tasks.Task`1[Microsoft.AspNetCore.Mvc.IActionResult] GetSharpTimeCheckData3(Int32, System.DateTime, Int32) on controller Cola.Controllers.CheckController (Cola). 
2025-03-07 15:45:04.0901 INFO 开始获取设备 3 在 03/06/2025 00:00:00 的整点检查数据 
2025-03-07 15:45:04.9871 INFO Executing OkObjectResult, writing value of type 'Cola.Model.ApiResponse`1[[System.Collections.Generic.IEnumerable`1[[Cola.Model.CheckDataResult2, Cola, Version=1.0.0.0, Culture=neutral, PublicKeyToken=null]], System.Private.CoreLib, Version=8.0.0.0, Culture=neutral, PublicKeyToken=7cec85d7bea7798e]]'. 
2025-03-07 15:45:05.0726 INFO Executed action Cola.Controllers.CheckController.GetSharpTimeCheckData3 (Cola) in 1102.2689ms 
2025-03-07 15:45:05.0726 INFO Executed endpoint 'Cola.Controllers.CheckController.GetSharpTimeCheckData3 (Cola)' 
2025-03-07 15:45:05.0726 INFO Request finished HTTP/2 GET https://localhost:7086/api/Check/sharp/V3?deviceId=3&inputTime=2025-03-06&shift=1 - 200 23007 application/json;+charset=utf-8 1151.4047ms 
2025-03-07 15:47:07.6488 INFO Now listening on: https://localhost:7086 
2025-03-07 15:47:07.6488 INFO Now listening on: http://localhost:5064 
2025-03-07 15:47:07.6981 INFO Application started. Press Ctrl+C to shut down. 
2025-03-07 15:47:07.6981 INFO Hosting environment: Development 
2025-03-07 15:47:07.6981 INFO Content root path: D:\cwq\MyCode\Cola_ AsepticLine\Cola 
2025-03-07 15:47:08.6310 INFO Request starting HTTP/2 GET https://localhost:7086/swagger - - - 
2025-03-07 15:47:08.7468 INFO Request finished HTTP/2 GET https://localhost:7086/swagger - 301 0 - 122.0222ms 
2025-03-07 15:47:08.7468 INFO Request starting HTTP/2 GET https://localhost:7086/swagger/index.html - - - 
2025-03-07 15:47:08.8051 INFO Request finished HTTP/2 GET https://localhost:7086/swagger/index.html - 200 - text/html;charset=utf-8 53.1580ms 
2025-03-07 15:47:08.8051 INFO Request starting HTTP/2 GET https://localhost:7086/swagger/swagger-ui.css - - - 
2025-03-07 15:47:08.8051 INFO Request starting HTTP/2 GET https://localhost:7086/swagger/swagger-ui-standalone-preset.js - - - 
2025-03-07 15:47:08.8051 INFO Request starting HTTP/2 GET https://localhost:7086/swagger/swagger-ui-bundle.js - - - 
2025-03-07 15:47:08.8051 INFO Request starting HTTP/2 GET https://localhost:7086/_framework/aspnetcore-browser-refresh.js - - - 
2025-03-07 15:47:08.8051 INFO Request starting HTTP/2 GET https://localhost:7086/_vs/browserLink - - - 
2025-03-07 15:47:08.8327 INFO Request finished HTTP/2 GET https://localhost:7086/_framework/aspnetcore-browser-refresh.js - 200 13760 application/javascript;+charset=utf-8 23.5034ms 
2025-03-07 15:47:08.8681 INFO Sending file. Request path: '/swagger-ui.css'. Physical path: 'N/A' 
2025-03-07 15:47:08.8681 INFO Sending file. Request path: '/swagger-ui-standalone-preset.js'. Physical path: 'N/A' 
2025-03-07 15:47:08.8681 INFO Sending file. Request path: '/swagger-ui-bundle.js'. Physical path: 'N/A' 
2025-03-07 15:47:08.8681 INFO Request finished HTTP/2 GET https://localhost:7086/swagger/swagger-ui-bundle.js - 200 1096145 text/javascript 62.9403ms 
2025-03-07 15:47:08.8681 INFO Request finished HTTP/2 GET https://localhost:7086/swagger/swagger-ui-standalone-preset.js - 200 339486 text/javascript 62.7713ms 
2025-03-07 15:47:08.8681 INFO Request finished HTTP/2 GET https://localhost:7086/swagger/swagger-ui.css - 200 143943 text/css 63.0290ms 
2025-03-07 15:47:08.8876 INFO Request finished HTTP/2 GET https://localhost:7086/_vs/browserLink - 200 - text/javascript;+charset=UTF-8 76.6862ms 
2025-03-07 15:47:09.0414 INFO Request starting HTTP/2 GET https://localhost:7086/swagger/v1/swagger.json - - - 
2025-03-07 15:47:09.0512 INFO Request finished HTTP/2 GET https://localhost:7086/swagger/v1/swagger.json - 200 - application/json;charset=utf-8 10.1568ms 
2025-03-07 15:47:32.2516 INFO Request starting HTTP/2 GET https://localhost:7086/api/Check/sharp?deviceId=3&inputTime=2025-03-06&shift=1 - - - 
2025-03-07 15:47:32.2740 INFO Executing endpoint 'Cola.Controllers.CheckController.GetSharpTimeCheckData3 (Cola)' 
2025-03-07 15:47:32.2999 INFO Route matched with {action = "GetSharpTimeCheckData3", controller = "Check"}. Executing controller action with signature System.Threading.Tasks.Task`1[Microsoft.AspNetCore.Mvc.IActionResult] GetSharpTimeCheckData3(Int32, System.DateTime, Int32) on controller Cola.Controllers.CheckController (Cola). 
2025-03-07 15:47:32.4242 INFO 开始获取设备 3 在 03/06/2025 00:00:00 的整点检查数据 
2025-03-07 15:47:33.2241 INFO Executing OkObjectResult, writing value of type 'Cola.Model.ApiResponse`1[[System.Collections.Generic.IEnumerable`1[[Cola.Model.CheckDataResult2, Cola, Version=1.0.0.0, Culture=neutral, PublicKeyToken=null]], System.Private.CoreLib, Version=8.0.0.0, Culture=neutral, PublicKeyToken=7cec85d7bea7798e]]'. 
2025-03-07 15:47:33.2849 INFO Executed action Cola.Controllers.CheckController.GetSharpTimeCheckData3 (Cola) in 980.806ms 
2025-03-07 15:47:33.2853 INFO Executed endpoint 'Cola.Controllers.CheckController.GetSharpTimeCheckData3 (Cola)' 
2025-03-07 15:47:33.2853 INFO Request finished HTTP/2 GET https://localhost:7086/api/Check/sharp?deviceId=3&inputTime=2025-03-06&shift=1 - 200 23007 application/json;+charset=utf-8 1034.3389ms 
2025-03-07 15:48:06.2242 INFO Request starting HTTP/2 GET https://localhost:7086/api/Check/currunt?deviceId=3&inputTime=2025-03-06 - - - 
2025-03-07 15:48:06.2242 INFO Executing endpoint 'Cola.Controllers.CheckController.GetCurrentTimeCheckData2 (Cola)' 
2025-03-07 15:48:06.2397 INFO Route matched with {action = "GetCurrentTimeCheckData2", controller = "Check"}. Executing controller action with signature System.Threading.Tasks.Task`1[Microsoft.AspNetCore.Mvc.IActionResult] GetCurrentTimeCheckData2(Int32, System.DateTime) on controller Cola.Controllers.CheckController (Cola). 
2025-03-07 15:48:06.2397 INFO 开始获取设备 3 在 03/06/2025 00:00:00 的检查数据 
2025-03-07 15:48:06.3319 INFO Executing OkObjectResult, writing value of type 'Cola.Model.ApiResponse`1[[Cola.Model.CheckDataResult, Cola, Version=1.0.0.0, Culture=neutral, PublicKeyToken=null]]'. 
2025-03-07 15:48:06.3420 INFO Executed action Cola.Controllers.CheckController.GetCurrentTimeCheckData2 (Cola) in 102.2904ms 
2025-03-07 15:48:06.3420 INFO Executed endpoint 'Cola.Controllers.CheckController.GetCurrentTimeCheckData2 (Cola)' 
2025-03-07 15:48:06.3420 INFO Request finished HTTP/2 GET https://localhost:7086/api/Check/currunt?deviceId=3&inputTime=2025-03-06 - 200 775 application/json;+charset=utf-8 120.9470ms 
2025-03-07 16:12:58.4328 INFO Now listening on: https://localhost:7086 
2025-03-07 16:12:58.4328 INFO Now listening on: http://localhost:5064 
2025-03-07 16:12:58.4840 INFO Application started. Press Ctrl+C to shut down. 
2025-03-07 16:12:58.4840 INFO Hosting environment: Development 
2025-03-07 16:12:58.4840 INFO Content root path: D:\cwq\MyCode\Cola_ AsepticLine\Cola 
2025-03-07 16:12:59.0572 INFO Request starting HTTP/2 GET https://localhost:7086/swagger - - - 
2025-03-07 16:12:59.2520 INFO Request finished HTTP/2 GET https://localhost:7086/swagger - 301 0 - 201.4122ms 
2025-03-07 16:12:59.2580 INFO Request starting HTTP/2 GET https://localhost:7086/swagger/index.html - - - 
2025-03-07 16:12:59.3331 INFO Request finished HTTP/2 GET https://localhost:7086/swagger/index.html - 200 - text/html;charset=utf-8 74.7981ms 
2025-03-07 16:12:59.3331 INFO Request starting HTTP/2 GET https://localhost:7086/swagger/swagger-ui.css - - - 
2025-03-07 16:12:59.3331 INFO Request starting HTTP/2 GET https://localhost:7086/swagger/swagger-ui-standalone-preset.js - - - 
2025-03-07 16:12:59.3331 INFO Request starting HTTP/2 GET https://localhost:7086/swagger/swagger-ui-bundle.js - - - 
2025-03-07 16:12:59.3331 INFO Request starting HTTP/2 GET https://localhost:7086/_framework/aspnetcore-browser-refresh.js - - - 
2025-03-07 16:12:59.3537 INFO Request finished HTTP/2 GET https://localhost:7086/_framework/aspnetcore-browser-refresh.js - 200 13760 application/javascript;+charset=utf-8 13.1269ms 
2025-03-07 16:12:59.4005 INFO Sending file. Request path: '/swagger-ui.css'. Physical path: 'N/A' 
2025-03-07 16:12:59.4005 INFO Sending file. Request path: '/swagger-ui-standalone-preset.js'. Physical path: 'N/A' 
2025-03-07 16:12:59.4005 INFO Sending file. Request path: '/swagger-ui-bundle.js'. Physical path: 'N/A' 
2025-03-07 16:12:59.4005 INFO Request finished HTTP/2 GET https://localhost:7086/swagger/swagger-ui.css - 200 143943 text/css 64.7648ms 
2025-03-07 16:12:59.4005 INFO Request finished HTTP/2 GET https://localhost:7086/swagger/swagger-ui-bundle.js - 200 1096145 text/javascript 64.5306ms 
2025-03-07 16:12:59.4005 INFO Request finished HTTP/2 GET https://localhost:7086/swagger/swagger-ui-standalone-preset.js - 200 339486 text/javascript 64.2037ms 
2025-03-07 16:12:59.4005 INFO Request starting HTTP/2 GET https://localhost:7086/_vs/browserLink - - - 
2025-03-07 16:12:59.5318 INFO Request finished HTTP/2 GET https://localhost:7086/_vs/browserLink - 200 - text/javascript;+charset=UTF-8 126.8109ms 
2025-03-07 16:12:59.6498 INFO Request starting HTTP/2 GET https://localhost:7086/swagger/v1/swagger.json - - - 
2025-03-07 16:12:59.6498 INFO Request finished HTTP/2 GET https://localhost:7086/swagger/v1/swagger.json - 200 - application/json;charset=utf-8 9.2417ms 
2025-03-07 16:13:08.3404 INFO Request starting HTTP/2 GET https://localhost:7086/api/Check/deviceList - - - 
2025-03-07 16:13:08.3624 INFO Executing endpoint 'Cola.Controllers.CheckController.GetDeviceList (Cola)' 
2025-03-07 16:13:08.3809 INFO Route matched with {action = "GetDeviceList", controller = "Check"}. Executing controller action with signature System.Threading.Tasks.Task`1[Microsoft.AspNetCore.Mvc.IActionResult] GetDeviceList() on controller Cola.Controllers.CheckController (Cola). 
2025-03-07 16:13:09.0389 INFO Executing OkObjectResult, writing value of type 'Cola.Model.ApiResponse`1[[System.Collections.Generic.IEnumerable`1[[System.Object, System.Private.CoreLib, Version=8.0.0.0, Culture=neutral, PublicKeyToken=7cec85d7bea7798e]], System.Private.CoreLib, Version=8.0.0.0, Culture=neutral, PublicKeyToken=7cec85d7bea7798e]]'. 
2025-03-07 16:13:09.1145 INFO Executed action Cola.Controllers.CheckController.GetDeviceList (Cola) in 729.5281ms 
2025-03-07 16:13:09.1145 INFO Executed endpoint 'Cola.Controllers.CheckController.GetDeviceList (Cola)' 
2025-03-07 16:13:09.1145 INFO Request finished HTTP/2 GET https://localhost:7086/api/Check/deviceList - 200 312 application/json;+charset=utf-8 775.4603ms 
2025-03-07 16:13:26.9345 INFO Now listening on: https://localhost:7086 
2025-03-07 16:13:26.9345 INFO Now listening on: http://localhost:5064 
2025-03-07 16:13:27.1199 INFO Application started. Press Ctrl+C to shut down. 
2025-03-07 16:13:27.1199 INFO Hosting environment: Development 
2025-03-07 16:13:27.1199 INFO Content root path: D:\cwq\MyCode\Cola_ AsepticLine\Cola 
2025-03-07 16:13:27.3200 INFO Request starting HTTP/2 GET https://localhost:7086/swagger - - - 
2025-03-07 16:13:27.4369 INFO Request finished HTTP/2 GET https://localhost:7086/swagger - 301 0 - 122.6536ms 
2025-03-07 16:13:27.4443 INFO Request starting HTTP/2 GET https://localhost:7086/swagger/index.html - - - 
2025-03-07 16:13:27.5170 INFO Request finished HTTP/2 GET https://localhost:7086/swagger/index.html - 200 - text/html;charset=utf-8 72.7304ms 
2025-03-07 16:13:27.5214 INFO Request starting HTTP/2 GET https://localhost:7086/swagger/swagger-ui.css - - - 
2025-03-07 16:13:27.5214 INFO Request starting HTTP/2 GET https://localhost:7086/swagger/swagger-ui-standalone-preset.js - - - 
2025-03-07 16:13:27.5214 INFO Request starting HTTP/2 GET https://localhost:7086/_framework/aspnetcore-browser-refresh.js - - - 
2025-03-07 16:13:27.5214 INFO Request starting HTTP/2 GET https://localhost:7086/swagger/swagger-ui-bundle.js - - - 
2025-03-07 16:13:27.5214 INFO Request starting HTTP/2 GET https://localhost:7086/_vs/browserLink - - - 
2025-03-07 16:13:27.5214 INFO Request finished HTTP/2 GET https://localhost:7086/_framework/aspnetcore-browser-refresh.js - 200 13760 application/javascript;+charset=utf-8 12.9799ms 
2025-03-07 16:13:27.5711 INFO Sending file. Request path: '/swagger-ui.css'. Physical path: 'N/A' 
2025-03-07 16:13:27.5711 INFO Request finished HTTP/2 GET https://localhost:7086/swagger/swagger-ui.css - 200 143943 text/css 52.8549ms 
2025-03-07 16:13:27.5711 INFO Sending file. Request path: '/swagger-ui-standalone-preset.js'. Physical path: 'N/A' 
2025-03-07 16:13:27.5711 INFO Request finished HTTP/2 GET https://localhost:7086/swagger/swagger-ui-standalone-preset.js - 200 339486 text/javascript 52.7711ms 
2025-03-07 16:13:27.5916 INFO Sending file. Request path: '/swagger-ui-bundle.js'. Physical path: 'N/A' 
2025-03-07 16:13:27.5916 INFO Request finished HTTP/2 GET https://localhost:7086/swagger/swagger-ui-bundle.js - 200 1096145 text/javascript 70.0395ms 
2025-03-07 16:13:27.6053 INFO Request finished HTTP/2 GET https://localhost:7086/_vs/browserLink - 200 - text/javascript;+charset=UTF-8 82.8402ms 
2025-03-07 16:13:27.7628 INFO Request starting HTTP/2 GET https://localhost:7086/swagger/v1/swagger.json - - - 
2025-03-07 16:13:27.7702 INFO Request finished HTTP/2 GET https://localhost:7086/swagger/v1/swagger.json - 200 - application/json;charset=utf-8 7.8076ms 
2025-03-07 16:14:00.9025 INFO Request starting HTTP/2 GET https://localhost:7086/api/Check/deviceList - - - 
2025-03-07 16:14:00.9312 INFO Executing endpoint 'Cola.Controllers.CheckController.GetDeviceList (Cola)' 
2025-03-07 16:14:00.9450 INFO Route matched with {action = "GetDeviceList", controller = "Check"}. Executing controller action with signature System.Threading.Tasks.Task`1[Microsoft.AspNetCore.Mvc.IActionResult] GetDeviceList() on controller Cola.Controllers.CheckController (Cola). 
2025-03-07 16:14:01.5997 INFO Executing OkObjectResult, writing value of type 'Cola.Model.ApiResponse`1[[System.Collections.Generic.IEnumerable`1[[System.Object, System.Private.CoreLib, Version=8.0.0.0, Culture=neutral, PublicKeyToken=7cec85d7bea7798e]], System.Private.CoreLib, Version=8.0.0.0, Culture=neutral, PublicKeyToken=7cec85d7bea7798e]]'. 
2025-03-07 16:14:01.6795 INFO Executed action Cola.Controllers.CheckController.GetDeviceList (Cola) in 730.7132ms 
2025-03-07 16:14:01.6795 INFO Executed endpoint 'Cola.Controllers.CheckController.GetDeviceList (Cola)' 
2025-03-07 16:14:01.6795 INFO Request finished HTTP/2 GET https://localhost:7086/api/Check/deviceList - 200 160 application/json;+charset=utf-8 778.1425ms 
2025-03-07 16:30:20.0677 INFO Now listening on: https://localhost:7086 
2025-03-07 16:30:20.0677 INFO Now listening on: http://localhost:5064 
2025-03-07 16:30:20.1111 INFO Application started. Press Ctrl+C to shut down. 
2025-03-07 16:30:20.1111 INFO Hosting environment: Development 
2025-03-07 16:30:20.1111 INFO Content root path: D:\cwq\MyCode\Cola_ AsepticLine\Cola 
2025-03-07 16:30:20.7391 INFO Request starting HTTP/2 GET https://localhost:7086/swagger - - - 
2025-03-07 16:30:20.9019 INFO Request finished HTTP/2 GET https://localhost:7086/swagger - 301 0 - 167.1071ms 
2025-03-07 16:30:20.9092 INFO Request starting HTTP/2 GET https://localhost:7086/swagger/index.html - - - 
2025-03-07 16:30:20.9760 INFO Request finished HTTP/2 GET https://localhost:7086/swagger/index.html - 200 - text/html;charset=utf-8 66.8855ms 
2025-03-07 16:30:20.9760 INFO Request starting HTTP/2 GET https://localhost:7086/swagger/swagger-ui.css - - - 
2025-03-07 16:30:20.9827 INFO Request starting HTTP/2 GET https://localhost:7086/swagger/swagger-ui-bundle.js - - - 
2025-03-07 16:30:20.9827 INFO Request starting HTTP/2 GET https://localhost:7086/swagger/swagger-ui-standalone-preset.js - - - 
2025-03-07 16:30:20.9827 INFO Request starting HTTP/2 GET https://localhost:7086/_framework/aspnetcore-browser-refresh.js - - - 
2025-03-07 16:30:20.9976 INFO Request finished HTTP/2 GET https://localhost:7086/_framework/aspnetcore-browser-refresh.js - 200 13760 application/javascript;+charset=utf-8 12.3041ms 
2025-03-07 16:30:21.0380 INFO Sending file. Request path: '/swagger-ui-standalone-preset.js'. Physical path: 'N/A' 
2025-03-07 16:30:21.0380 INFO Sending file. Request path: '/swagger-ui.css'. Physical path: 'N/A' 
2025-03-07 16:30:21.0380 INFO Sending file. Request path: '/swagger-ui-bundle.js'. Physical path: 'N/A' 
2025-03-07 16:30:21.0380 INFO Request finished HTTP/2 GET https://localhost:7086/swagger/swagger-ui-standalone-preset.js - 200 339486 text/javascript 58.4245ms 
2025-03-07 16:30:21.0380 INFO Request finished HTTP/2 GET https://localhost:7086/swagger/swagger-ui-bundle.js - 200 1096145 text/javascript 58.4243ms 
2025-03-07 16:30:21.0380 INFO Request finished HTTP/2 GET https://localhost:7086/swagger/swagger-ui.css - 200 143943 text/css 60.3574ms 
2025-03-07 16:30:21.0380 INFO Request starting HTTP/2 GET https://localhost:7086/_vs/browserLink - - - 
2025-03-07 16:30:21.0863 INFO Request finished HTTP/2 GET https://localhost:7086/_vs/browserLink - 200 - text/javascript;+charset=UTF-8 42.9590ms 
2025-03-07 16:30:21.2361 INFO Request starting HTTP/2 GET https://localhost:7086/swagger/v1/swagger.json - - - 
2025-03-07 16:30:21.2361 INFO Request finished HTTP/2 GET https://localhost:7086/swagger/v1/swagger.json - 200 - application/json;charset=utf-8 10.1391ms 
2025-03-07 16:30:54.0931 INFO Request starting HTTP/2 GET https://localhost:7086/api/Check/Export/Juice?deviceTypeId=7&inputTime=2025-03-05&shift=0 - - - 
2025-03-07 16:30:54.1130 INFO Executing endpoint 'Cola.Controllers.CheckController.ExportToExcel2 (Cola)' 
2025-03-07 16:30:54.1332 INFO Route matched with {action = "ExportToExcel2", controller = "Check"}. Executing controller action with signature System.Threading.Tasks.Task`1[Microsoft.AspNetCore.Mvc.IActionResult] ExportToExcel2(Int32, System.DateTime, Int32) on controller Cola.Controllers.CheckController (Cola). 
2025-03-07 16:30:54.8272 INFO Executing OkObjectResult, writing value of type 'Cola.Model.ApiResponse`1[[System.Object, System.Private.CoreLib, Version=8.0.0.0, Culture=neutral, PublicKeyToken=7cec85d7bea7798e]]'. 
2025-03-07 16:30:54.8972 INFO Executed action Cola.Controllers.CheckController.ExportToExcel2 (Cola) in 760.3679ms 
2025-03-07 16:30:54.8972 INFO Executed endpoint 'Cola.Controllers.CheckController.ExportToExcel2 (Cola)' 
2025-03-07 16:30:54.8972 INFO Request finished HTTP/2 GET https://localhost:7086/api/Check/Export/Juice?deviceTypeId=7&inputTime=2025-03-05&shift=0 - 200 71 application/json;+charset=utf-8 805.0936ms 
2025-03-07 16:31:15.7387 INFO Request starting HTTP/2 GET https://localhost:7086/api/Check/Export/Juice?deviceTypeId=7&inputTime=2025-03-05&shift=0 - - - 
2025-03-07 16:31:15.7387 INFO Executing endpoint 'Cola.Controllers.CheckController.ExportToExcel2 (Cola)' 
2025-03-07 16:31:15.8304 INFO Route matched with {action = "ExportToExcel2", controller = "Check"}. Executing controller action with signature System.Threading.Tasks.Task`1[Microsoft.AspNetCore.Mvc.IActionResult] ExportToExcel2(Int32, System.DateTime, Int32) on controller Cola.Controllers.CheckController (Cola). 
2025-03-07 16:34:46.4608 INFO Now listening on: https://localhost:7086 
2025-03-07 16:34:46.4608 INFO Now listening on: http://localhost:5064 
2025-03-07 16:34:46.5044 INFO Application started. Press Ctrl+C to shut down. 
2025-03-07 16:34:46.5044 INFO Hosting environment: Development 
2025-03-07 16:34:46.5044 INFO Content root path: D:\cwq\MyCode\Cola_ AsepticLine\Cola 
2025-03-07 16:34:47.0559 INFO Request starting HTTP/2 GET https://localhost:7086/swagger - - - 
2025-03-07 16:34:47.1790 INFO Request finished HTTP/2 GET https://localhost:7086/swagger - 301 0 - 129.4755ms 
2025-03-07 16:34:47.2006 INFO Request starting HTTP/2 GET https://localhost:7086/swagger/index.html - - - 
2025-03-07 16:34:47.2750 INFO Request starting HTTP/2 GET https://localhost:7086/swagger/swagger-ui.css - - - 
2025-03-07 16:34:47.2750 INFO Request starting HTTP/2 GET https://localhost:7086/swagger/swagger-ui-bundle.js - - - 
2025-03-07 16:34:47.2750 INFO Request starting HTTP/2 GET https://localhost:7086/swagger/swagger-ui-standalone-preset.js - - - 
2025-03-07 16:34:47.2750 INFO Request finished HTTP/2 GET https://localhost:7086/swagger/index.html - 200 - text/html;charset=utf-8 79.2185ms 
2025-03-07 16:34:47.2901 INFO Request starting HTTP/2 GET https://localhost:7086/_vs/browserLink - - - 
2025-03-07 16:34:47.2901 INFO Request starting HTTP/2 GET https://localhost:7086/_framework/aspnetcore-browser-refresh.js - - - 
2025-03-07 16:34:47.3234 INFO Request finished HTTP/2 GET https://localhost:7086/_framework/aspnetcore-browser-refresh.js - 200 13760 application/javascript;+charset=utf-8 32.3906ms 
2025-03-07 16:34:47.3366 INFO Sending file. Request path: '/swagger-ui.css'. Physical path: 'N/A' 
2025-03-07 16:34:47.3366 INFO Sending file. Request path: '/swagger-ui-standalone-preset.js'. Physical path: 'N/A' 
2025-03-07 16:34:47.3366 INFO Sending file. Request path: '/swagger-ui-bundle.js'. Physical path: 'N/A' 
2025-03-07 16:34:47.3366 INFO Request finished HTTP/2 GET https://localhost:7086/swagger/swagger-ui-standalone-preset.js - 200 339486 text/javascript 61.3245ms 
2025-03-07 16:34:47.3366 INFO Request finished HTTP/2 GET https://localhost:7086/swagger/swagger-ui.css - 200 143943 text/css 64.1185ms 
2025-03-07 16:34:47.3366 INFO Request finished HTTP/2 GET https://localhost:7086/swagger/swagger-ui-bundle.js - 200 1096145 text/javascript 64.0487ms 
2025-03-07 16:34:47.3726 INFO Request finished HTTP/2 GET https://localhost:7086/_vs/browserLink - 200 - text/javascript;+charset=UTF-8 82.5275ms 
2025-03-07 16:34:47.5355 INFO Request starting HTTP/2 GET https://localhost:7086/swagger/v1/swagger.json - - - 
2025-03-07 16:34:47.5355 INFO Request finished HTTP/2 GET https://localhost:7086/swagger/v1/swagger.json - 200 - application/json;charset=utf-8 8.8996ms 
2025-03-07 16:35:06.2094 INFO Request starting HTTP/2 GET https://localhost:7086/api/Check/Export/Juice?deviceTypeId=7&inputTime=2025-03-05&shift=0 - - - 
2025-03-07 16:35:06.2272 INFO Executing endpoint 'Cola.Controllers.CheckController.ExportToExcel2 (Cola)' 
2025-03-07 16:35:06.2466 INFO Route matched with {action = "ExportToExcel2", controller = "Check"}. Executing controller action with signature System.Threading.Tasks.Task`1[Microsoft.AspNetCore.Mvc.IActionResult] ExportToExcel2(Int32, System.DateTime, Int32) on controller Cola.Controllers.CheckController (Cola). 
2025-03-07 16:35:06.9311 INFO 开始获取设备 7,9 在 03/05/2025 00:00:00 的整点检查数据 
2025-03-07 16:35:08.8303 INFO Executing FileContentResult, sending file with download name '果汁杀菌在线混合记录表.xlsx' ... 
2025-03-07 16:35:08.8303 INFO Executed action Cola.Controllers.CheckController.ExportToExcel2 (Cola) in 2590.7712ms 
2025-03-07 16:35:08.8303 INFO Executed endpoint 'Cola.Controllers.CheckController.ExportToExcel2 (Cola)' 
2025-03-07 16:35:08.8303 INFO Request finished HTTP/2 GET https://localhost:7086/api/Check/Export/Juice?deviceTypeId=7&inputTime=2025-03-05&shift=0 - 200 14178 application/vnd.openxmlformats-officedocument.spreadsheetml.sheet 2633.5060ms 
2025-03-07 16:47:04.7902 INFO Request starting HTTP/2 GET https://localhost:7086/api/Check/deviceList - - - 
2025-03-07 16:47:04.7902 INFO Executing endpoint 'Cola.Controllers.CheckController.GetDeviceList (Cola)' 
2025-03-07 16:47:04.8053 INFO Route matched with {action = "GetDeviceList", controller = "Check"}. Executing controller action with signature System.Threading.Tasks.Task`1[Microsoft.AspNetCore.Mvc.IActionResult] GetDeviceList() on controller Cola.Controllers.CheckController (Cola). 
2025-03-07 16:47:04.8597 INFO Executing OkObjectResult, writing value of type 'Cola.Model.ApiResponse`1[[System.Collections.Generic.IEnumerable`1[[System.Object, System.Private.CoreLib, Version=8.0.0.0, Culture=neutral, PublicKeyToken=7cec85d7bea7798e]], System.Private.CoreLib, Version=8.0.0.0, Culture=neutral, PublicKeyToken=7cec85d7bea7798e]]'. 
2025-03-07 16:47:04.9007 INFO Executed action Cola.Controllers.CheckController.GetDeviceList (Cola) in 95.4052ms 
2025-03-07 16:47:04.9007 INFO Executed endpoint 'Cola.Controllers.CheckController.GetDeviceList (Cola)' 
2025-03-07 16:47:04.9007 INFO Request finished HTTP/2 GET https://localhost:7086/api/Check/deviceList - 200 160 application/json;+charset=utf-8 111.7543ms 
2025-03-07 17:16:12.9908 INFO Now listening on: https://localhost:7086 
2025-03-07 17:16:12.9908 INFO Now listening on: http://localhost:5064 
2025-03-07 17:16:13.0285 INFO Application started. Press Ctrl+C to shut down. 
2025-03-07 17:16:13.0285 INFO Hosting environment: Development 
2025-03-07 17:16:13.0285 INFO Content root path: D:\cwq\MyCode\Cola_ AsepticLine\Cola 
2025-03-07 17:16:13.5924 INFO Request starting HTTP/2 GET https://localhost:7086/swagger - - - 
2025-03-07 17:16:13.7113 INFO Request finished HTTP/2 GET https://localhost:7086/swagger - 301 0 - 125.1977ms 
2025-03-07 17:16:13.7113 INFO Request starting HTTP/2 GET https://localhost:7086/swagger/index.html - - - 
2025-03-07 17:16:13.7768 INFO Request finished HTTP/2 GET https://localhost:7086/swagger/index.html - 200 - text/html;charset=utf-8 60.6028ms 
2025-03-07 17:16:13.7768 INFO Request starting HTTP/2 GET https://localhost:7086/swagger/swagger-ui.css - - - 
2025-03-07 17:16:13.7768 INFO Request starting HTTP/2 GET https://localhost:7086/swagger/swagger-ui-standalone-preset.js - - - 
2025-03-07 17:16:13.7768 INFO Request starting HTTP/2 GET https://localhost:7086/swagger/swagger-ui-bundle.js - - - 
2025-03-07 17:16:13.7768 INFO Request starting HTTP/2 GET https://localhost:7086/_vs/browserLink - - - 
2025-03-07 17:16:13.7768 INFO Request starting HTTP/2 GET https://localhost:7086/_framework/aspnetcore-browser-refresh.js - - - 
2025-03-07 17:16:13.8016 INFO Request finished HTTP/2 GET https://localhost:7086/_framework/aspnetcore-browser-refresh.js - 200 13760 application/javascript;+charset=utf-8 20.1700ms 
2025-03-07 17:16:13.8342 INFO Sending file. Request path: '/swagger-ui.css'. Physical path: 'N/A' 
2025-03-07 17:16:13.8342 INFO Sending file. Request path: '/swagger-ui-standalone-preset.js'. Physical path: 'N/A' 
2025-03-07 17:16:13.8342 INFO Request finished HTTP/2 GET https://localhost:7086/swagger/swagger-ui.css - 200 143943 text/css 58.2565ms 
2025-03-07 17:16:13.8342 INFO Request finished HTTP/2 GET https://localhost:7086/swagger/swagger-ui-standalone-preset.js - 200 339486 text/javascript 57.6698ms 
2025-03-07 17:16:13.8342 INFO Sending file. Request path: '/swagger-ui-bundle.js'. Physical path: 'N/A' 
2025-03-07 17:16:13.8342 INFO Request finished HTTP/2 GET https://localhost:7086/swagger/swagger-ui-bundle.js - 200 1096145 text/javascript 59.1214ms 
2025-03-07 17:16:13.8571 INFO Request finished HTTP/2 GET https://localhost:7086/_vs/browserLink - 200 - text/javascript;+charset=UTF-8 75.7714ms 
2025-03-07 17:16:14.0148 INFO Request starting HTTP/2 GET https://localhost:7086/swagger/v1/swagger.json - - - 
2025-03-07 17:16:14.0227 INFO Request finished HTTP/2 GET https://localhost:7086/swagger/v1/swagger.json - 200 - application/json;charset=utf-8 8.1682ms 
2025-03-07 17:17:27.3837 INFO Request starting HTTP/2 GET https://localhost:7086/api/Check/sharp?deviceId=3&inputTime=2025-03-06&shift=0 - - - 
2025-03-07 17:17:27.4394 INFO Executing endpoint 'Cola.Controllers.CheckController.GetSharpTimeCheckData3 (Cola)' 
2025-03-07 17:17:27.4621 INFO Route matched with {action = "GetSharpTimeCheckData3", controller = "Check"}. Executing controller action with signature System.Threading.Tasks.Task`1[Microsoft.AspNetCore.Mvc.IActionResult] GetSharpTimeCheckData3(Int32, System.DateTime, Int32) on controller Cola.Controllers.CheckController (Cola). 
2025-03-07 17:17:28.4886 INFO 开始获取设备 3 在 03/06/2025 00:00:00 的整点检查数据 
2025-03-07 17:18:09.4788 INFO Now listening on: https://localhost:7086 
2025-03-07 17:18:09.4788 INFO Now listening on: http://localhost:5064 
2025-03-07 17:18:09.5246 INFO Application started. Press Ctrl+C to shut down. 
2025-03-07 17:18:09.5246 INFO Hosting environment: Development 
2025-03-07 17:18:09.5246 INFO Content root path: D:\cwq\MyCode\Cola_ AsepticLine\Cola 
2025-03-07 17:18:09.9331 INFO Request starting HTTP/2 GET https://localhost:7086/swagger - - - 
2025-03-07 17:18:10.0428 INFO Request finished HTTP/2 GET https://localhost:7086/swagger - 301 0 - 116.3062ms 
2025-03-07 17:18:10.0492 INFO Request starting HTTP/2 GET https://localhost:7086/swagger/index.html - - - 
2025-03-07 17:18:10.1092 INFO Request finished HTTP/2 GET https://localhost:7086/swagger/index.html - 200 - text/html;charset=utf-8 60.0837ms 
2025-03-07 17:18:10.1123 INFO Request starting HTTP/2 GET https://localhost:7086/swagger/swagger-ui.css - - - 
2025-03-07 17:18:10.1123 INFO Request starting HTTP/2 GET https://localhost:7086/swagger/swagger-ui-bundle.js - - - 
2025-03-07 17:18:10.1123 INFO Request starting HTTP/2 GET https://localhost:7086/swagger/swagger-ui-standalone-preset.js - - - 
2025-03-07 17:18:10.1123 INFO Request starting HTTP/2 GET https://localhost:7086/_framework/aspnetcore-browser-refresh.js - - - 
2025-03-07 17:18:10.1123 INFO Request starting HTTP/2 GET https://localhost:7086/_vs/browserLink - - - 
2025-03-07 17:18:10.1314 INFO Request finished HTTP/2 GET https://localhost:7086/_framework/aspnetcore-browser-refresh.js - 200 13760 application/javascript;+charset=utf-8 18.8454ms 
2025-03-07 17:18:10.1679 INFO Sending file. Request path: '/swagger-ui.css'. Physical path: 'N/A' 
2025-03-07 17:18:10.1679 INFO Sending file. Request path: '/swagger-ui-standalone-preset.js'. Physical path: 'N/A' 
2025-03-07 17:18:10.1679 INFO Sending file. Request path: '/swagger-ui-bundle.js'. Physical path: 'N/A' 
2025-03-07 17:18:10.1679 INFO Request finished HTTP/2 GET https://localhost:7086/swagger/swagger-ui.css - 200 143943 text/css 58.7327ms 
2025-03-07 17:18:10.1679 INFO Request finished HTTP/2 GET https://localhost:7086/swagger/swagger-ui-bundle.js - 200 1096145 text/javascript 58.5523ms 
2025-03-07 17:18:10.1679 INFO Request finished HTTP/2 GET https://localhost:7086/swagger/swagger-ui-standalone-preset.js - 200 339486 text/javascript 58.5595ms 
2025-03-07 17:18:10.1883 INFO Request finished HTTP/2 GET https://localhost:7086/_vs/browserLink - 200 - text/javascript;+charset=UTF-8 75.2097ms 
2025-03-07 17:18:10.3553 INFO Request starting HTTP/2 GET https://localhost:7086/swagger/v1/swagger.json - - - 
2025-03-07 17:18:10.3634 INFO Request finished HTTP/2 GET https://localhost:7086/swagger/v1/swagger.json - 200 - application/json;charset=utf-8 8.3825ms 
2025-03-07 17:18:28.4180 INFO Request starting HTTP/2 GET https://localhost:7086/api/Check/sharp?deviceId=3&inputTime=2025-03-06&shift=0 - - - 
2025-03-07 17:18:28.4365 INFO Executing endpoint 'Cola.Controllers.CheckController.GetSharpTimeCheckData3 (Cola)' 
2025-03-07 17:18:28.4592 INFO Route matched with {action = "GetSharpTimeCheckData3", controller = "Check"}. Executing controller action with signature System.Threading.Tasks.Task`1[Microsoft.AspNetCore.Mvc.IActionResult] GetSharpTimeCheckData3(Int32, System.DateTime, Int32) on controller Cola.Controllers.CheckController (Cola). 
2025-03-07 17:18:28.5773 INFO 开始获取设备 3 在 03/06/2025 00:00:00 的整点检查数据 
2025-03-07 17:21:40.3592 INFO Now listening on: https://localhost:7086 
2025-03-07 17:21:40.3645 INFO Now listening on: http://localhost:5064 
2025-03-07 17:21:40.4130 INFO Application started. Press Ctrl+C to shut down. 
2025-03-07 17:21:40.4130 INFO Hosting environment: Development 
2025-03-07 17:21:40.4130 INFO Content root path: D:\cwq\MyCode\Cola_ AsepticLine\Cola 
2025-03-07 17:21:40.8980 INFO Request starting HTTP/2 GET https://localhost:7086/swagger - - - 
2025-03-07 17:21:41.0196 INFO Request finished HTTP/2 GET https://localhost:7086/swagger - 301 0 - 127.5509ms 
2025-03-07 17:21:41.0257 INFO Request starting HTTP/2 GET https://localhost:7086/swagger/index.html - - - 
2025-03-07 17:21:41.0954 INFO Request finished HTTP/2 GET https://localhost:7086/swagger/index.html - 200 - text/html;charset=utf-8 69.6948ms 
2025-03-07 17:21:41.1010 INFO Request starting HTTP/2 GET https://localhost:7086/swagger/swagger-ui-bundle.js - - - 
2025-03-07 17:21:41.1010 INFO Request starting HTTP/2 GET https://localhost:7086/swagger/swagger-ui.css - - - 
2025-03-07 17:21:41.1010 INFO Request starting HTTP/2 GET https://localhost:7086/_framework/aspnetcore-browser-refresh.js - - - 
2025-03-07 17:21:41.1010 INFO Request starting HTTP/2 GET https://localhost:7086/swagger/swagger-ui-standalone-preset.js - - - 
2025-03-07 17:21:41.2019 INFO Request starting HTTP/2 GET https://localhost:7086/_vs/browserLink - - - 
2025-03-07 17:21:41.2469 INFO Request finished HTTP/2 GET https://localhost:7086/_framework/aspnetcore-browser-refresh.js - 200 13760 application/javascript;+charset=utf-8 145.1537ms 
2025-03-07 17:21:41.2965 INFO Sending file. Request path: '/swagger-ui.css'. Physical path: 'N/A' 
2025-03-07 17:21:41.2965 INFO Sending file. Request path: '/swagger-ui-standalone-preset.js'. Physical path: 'N/A' 
2025-03-07 17:21:41.2965 INFO Request finished HTTP/2 GET https://localhost:7086/swagger/swagger-ui.css - 200 143943 text/css 197.6621ms 
2025-03-07 17:21:41.2965 INFO Request finished HTTP/2 GET https://localhost:7086/swagger/swagger-ui-standalone-preset.js - 200 339486 text/javascript 193.4587ms 
2025-03-07 17:21:41.3106 INFO Sending file. Request path: '/swagger-ui-bundle.js'. Physical path: 'N/A' 
2025-03-07 17:21:41.3106 INFO Request finished HTTP/2 GET https://localhost:7086/swagger/swagger-ui-bundle.js - 200 1096145 text/javascript 209.3487ms 
2025-03-07 17:21:41.3199 INFO Request finished HTTP/2 GET https://localhost:7086/_vs/browserLink - 200 - text/javascript;+charset=UTF-8 118.0060ms 
2025-03-07 17:21:41.4940 INFO Request starting HTTP/2 GET https://localhost:7086/swagger/v1/swagger.json - - - 
2025-03-07 17:21:41.5068 INFO Request finished HTTP/2 GET https://localhost:7086/swagger/v1/swagger.json - 200 - application/json;charset=utf-8 13.1749ms 
2025-03-07 17:21:59.6110 INFO Request starting HTTP/2 GET https://localhost:7086/api/Check/sharp?deviceId=7&inputTime=2025-03-06&shift=0 - - - 
2025-03-07 17:21:59.6280 INFO Executing endpoint 'Cola.Controllers.CheckController.GetSharpTimeCheckData3 (Cola)' 
2025-03-07 17:21:59.6490 INFO Route matched with {action = "GetSharpTimeCheckData3", controller = "Check"}. Executing controller action with signature System.Threading.Tasks.Task`1[Microsoft.AspNetCore.Mvc.IActionResult] GetSharpTimeCheckData3(Int32, System.DateTime, Int32) on controller Cola.Controllers.CheckController (Cola). 
2025-03-07 17:21:59.7855 INFO 开始获取设备 7 在 03/06/2025 00:00:00 的整点检查数据 
2025-03-07 17:22:00.3571 INFO Executing OkObjectResult, writing value of type 'Cola.Model.ApiResponse`1[[System.Object, System.Private.CoreLib, Version=8.0.0.0, Culture=neutral, PublicKeyToken=7cec85d7bea7798e]]'. 
2025-03-07 17:22:00.4312 INFO Executed action Cola.Controllers.CheckController.GetSharpTimeCheckData3 (Cola) in 778.3716ms 
2025-03-07 17:22:00.4312 INFO Executed endpoint 'Cola.Controllers.CheckController.GetSharpTimeCheckData3 (Cola)' 
2025-03-07 17:22:00.4312 INFO Request finished HTTP/2 GET https://localhost:7086/api/Check/sharp?deviceId=7&inputTime=2025-03-06&shift=0 - 200 68 application/json;+charset=utf-8 821.0291ms 
2025-03-07 17:22:09.4765 INFO Request starting HTTP/2 GET https://localhost:7086/api/Check/sharp?deviceId=7&inputTime=2025-03-07&shift=0 - - - 
2025-03-07 17:22:09.4765 INFO Executing endpoint 'Cola.Controllers.CheckController.GetSharpTimeCheckData3 (Cola)' 
2025-03-07 17:22:09.4765 INFO Route matched with {action = "GetSharpTimeCheckData3", controller = "Check"}. Executing controller action with signature System.Threading.Tasks.Task`1[Microsoft.AspNetCore.Mvc.IActionResult] GetSharpTimeCheckData3(Int32, System.DateTime, Int32) on controller Cola.Controllers.CheckController (Cola). 
2025-03-07 17:22:09.4765 INFO 开始获取设备 7 在 03/07/2025 00:00:00 的整点检查数据 
2025-03-07 17:22:09.4915 INFO Executing OkObjectResult, writing value of type 'Cola.Model.ApiResponse`1[[System.Object, System.Private.CoreLib, Version=8.0.0.0, Culture=neutral, PublicKeyToken=7cec85d7bea7798e]]'. 
2025-03-07 17:22:09.4915 INFO Executed action Cola.Controllers.CheckController.GetSharpTimeCheckData3 (Cola) in 12.9504ms 
2025-03-07 17:22:09.4915 INFO Executed endpoint 'Cola.Controllers.CheckController.GetSharpTimeCheckData3 (Cola)' 
2025-03-07 17:22:09.4915 INFO Request finished HTTP/2 GET https://localhost:7086/api/Check/sharp?deviceId=7&inputTime=2025-03-07&shift=0 - 200 68 application/json;+charset=utf-8 16.0629ms 
2025-03-07 17:22:10.4708 INFO Request starting HTTP/2 GET https://localhost:7086/api/Check/sharp?deviceId=7&inputTime=2025-03-07&shift=0 - - - 
2025-03-07 17:22:10.4708 INFO Executing endpoint 'Cola.Controllers.CheckController.GetSharpTimeCheckData3 (Cola)' 
2025-03-07 17:22:10.4708 INFO Route matched with {action = "GetSharpTimeCheckData3", controller = "Check"}. Executing controller action with signature System.Threading.Tasks.Task`1[Microsoft.AspNetCore.Mvc.IActionResult] GetSharpTimeCheckData3(Int32, System.DateTime, Int32) on controller Cola.Controllers.CheckController (Cola). 
2025-03-07 17:22:10.4708 INFO 开始获取设备 7 在 03/07/2025 00:00:00 的整点检查数据 
2025-03-07 17:22:10.4781 INFO Executing OkObjectResult, writing value of type 'Cola.Model.ApiResponse`1[[System.Object, System.Private.CoreLib, Version=8.0.0.0, Culture=neutral, PublicKeyToken=7cec85d7bea7798e]]'. 
2025-03-07 17:22:10.4781 INFO Executed action Cola.Controllers.CheckController.GetSharpTimeCheckData3 (Cola) in 6.6114ms 
2025-03-07 17:22:10.4781 INFO Executed endpoint 'Cola.Controllers.CheckController.GetSharpTimeCheckData3 (Cola)' 
2025-03-07 17:22:10.4781 INFO Request finished HTTP/2 GET https://localhost:7086/api/Check/sharp?deviceId=7&inputTime=2025-03-07&shift=0 - 200 68 application/json;+charset=utf-8 8.0603ms 
2025-03-07 17:22:15.2488 INFO Request starting HTTP/2 GET https://localhost:7086/api/Check/sharp?deviceId=7&inputTime=2025-03-05&shift=0 - - - 
2025-03-07 17:22:15.2488 INFO Executing endpoint 'Cola.Controllers.CheckController.GetSharpTimeCheckData3 (Cola)' 
2025-03-07 17:22:15.2488 INFO Route matched with {action = "GetSharpTimeCheckData3", controller = "Check"}. Executing controller action with signature System.Threading.Tasks.Task`1[Microsoft.AspNetCore.Mvc.IActionResult] GetSharpTimeCheckData3(Int32, System.DateTime, Int32) on controller Cola.Controllers.CheckController (Cola). 
2025-03-07 17:22:15.2488 INFO 开始获取设备 7 在 03/05/2025 00:00:00 的整点检查数据 
2025-03-07 17:22:15.2596 INFO Executing OkObjectResult, writing value of type 'Cola.Model.ApiResponse`1[[System.Object, System.Private.CoreLib, Version=8.0.0.0, Culture=neutral, PublicKeyToken=7cec85d7bea7798e]]'. 
2025-03-07 17:22:15.2596 INFO Executed action Cola.Controllers.CheckController.GetSharpTimeCheckData3 (Cola) in 10.4723ms 
2025-03-07 17:22:15.2596 INFO Executed endpoint 'Cola.Controllers.CheckController.GetSharpTimeCheckData3 (Cola)' 
2025-03-07 17:22:15.2596 INFO Request finished HTTP/2 GET https://localhost:7086/api/Check/sharp?deviceId=7&inputTime=2025-03-05&shift=0 - 200 68 application/json;+charset=utf-8 11.3156ms 
2025-03-07 17:22:50.8374 INFO Request starting HTTP/2 GET https://localhost:7086/api/Check/sharp?deviceId=7&inputTime=2025-03-05&shift=0 - - - 
2025-03-07 17:23:36.9705 INFO Now listening on: https://localhost:7086 
2025-03-07 17:23:36.9760 INFO Now listening on: http://localhost:5064 
2025-03-07 17:23:37.0220 INFO Application started. Press Ctrl+C to shut down. 
2025-03-07 17:23:37.0220 INFO Hosting environment: Development 
2025-03-07 17:23:37.0220 INFO Content root path: D:\cwq\MyCode\Cola_ AsepticLine\Cola 
2025-03-07 17:23:37.4944 INFO Request starting HTTP/2 GET https://localhost:7086/swagger - - - 
2025-03-07 17:23:37.6074 INFO Request finished HTTP/2 GET https://localhost:7086/swagger - 301 0 - 117.4576ms 
2025-03-07 17:23:37.6074 INFO Request starting HTTP/2 GET https://localhost:7086/swagger/index.html - - - 
2025-03-07 17:23:37.6799 INFO Request finished HTTP/2 GET https://localhost:7086/swagger/index.html - 200 - text/html;charset=utf-8 67.4780ms 
2025-03-07 17:23:37.6799 INFO Request starting HTTP/2 GET https://localhost:7086/swagger/swagger-ui.css - - - 
2025-03-07 17:23:37.6799 INFO Request starting HTTP/2 GET https://localhost:7086/swagger/swagger-ui-bundle.js - - - 
2025-03-07 17:23:37.6799 INFO Request starting HTTP/2 GET https://localhost:7086/_vs/browserLink - - - 
2025-03-07 17:23:37.6799 INFO Request starting HTTP/2 GET https://localhost:7086/swagger/swagger-ui-standalone-preset.js - - - 
2025-03-07 17:23:37.7038 INFO Request starting HTTP/2 GET https://localhost:7086/_framework/aspnetcore-browser-refresh.js - - - 
2025-03-07 17:23:37.7675 INFO Request finished HTTP/2 GET https://localhost:7086/_framework/aspnetcore-browser-refresh.js - 200 13760 application/javascript;+charset=utf-8 65.3979ms 
2025-03-07 17:23:37.7847 INFO Sending file. Request path: '/swagger-ui.css'. Physical path: 'N/A' 
2025-03-07 17:23:37.7847 INFO Sending file. Request path: '/swagger-ui-standalone-preset.js'. Physical path: 'N/A' 
2025-03-07 17:23:37.7874 INFO Request finished HTTP/2 GET https://localhost:7086/swagger/swagger-ui-standalone-preset.js - 200 339486 text/javascript 102.7319ms 
2025-03-07 17:23:37.7874 INFO Request finished HTTP/2 GET https://localhost:7086/swagger/swagger-ui.css - 200 143943 text/css 102.8270ms 
2025-03-07 17:23:37.7874 INFO Sending file. Request path: '/swagger-ui-bundle.js'. Physical path: 'N/A' 
2025-03-07 17:23:37.7874 INFO Request finished HTTP/2 GET https://localhost:7086/swagger/swagger-ui-bundle.js - 200 1096145 text/javascript 105.7724ms 
2025-03-07 17:23:37.8095 INFO Request finished HTTP/2 GET https://localhost:7086/_vs/browserLink - 200 - text/javascript;+charset=UTF-8 124.3831ms 
2025-03-07 17:23:37.9805 INFO Request starting HTTP/2 GET https://localhost:7086/swagger/v1/swagger.json - - - 
2025-03-07 17:23:37.9893 INFO Request finished HTTP/2 GET https://localhost:7086/swagger/v1/swagger.json - 200 - application/json;charset=utf-8 9.0275ms 
2025-03-07 17:23:55.0306 INFO Request starting HTTP/2 GET https://localhost:7086/api/Check/sharp?deviceId=7&inputTime=2025-03-06&shift=0 - - - 
2025-03-07 17:23:55.0464 INFO Executing endpoint 'Cola.Controllers.CheckController.GetSharpTimeCheckData3 (Cola)' 
2025-03-07 17:23:55.0683 INFO Route matched with {action = "GetSharpTimeCheckData3", controller = "Check"}. Executing controller action with signature System.Threading.Tasks.Task`1[Microsoft.AspNetCore.Mvc.IActionResult] GetSharpTimeCheckData3(Int32, System.DateTime, Int32) on controller Cola.Controllers.CheckController (Cola). 
2025-03-07 17:23:59.1194 INFO 开始获取设备 7 在 03/06/2025 00:00:00 的整点检查数据 
2025-03-07 17:24:00.0519 INFO Executing OkObjectResult, writing value of type 'Cola.Model.ApiResponse`1[[System.Collections.Generic.IEnumerable`1[[Cola.Model.CheckDataResult2, Cola, Version=1.0.0.0, Culture=neutral, PublicKeyToken=null]], System.Private.CoreLib, Version=8.0.0.0, Culture=neutral, PublicKeyToken=7cec85d7bea7798e]]'. 
2025-03-07 17:24:00.1462 INFO Executed action Cola.Controllers.CheckController.GetSharpTimeCheckData3 (Cola) in 5072.8749ms 
2025-03-07 17:24:00.1462 INFO Executed endpoint 'Cola.Controllers.CheckController.GetSharpTimeCheckData3 (Cola)' 
2025-03-07 17:24:00.1462 INFO Request finished HTTP/2 GET https://localhost:7086/api/Check/sharp?deviceId=7&inputTime=2025-03-06&shift=0 - 200 23699 application/json;+charset=utf-8 5117.0458ms 
