2025-02-25 14:13:57.7379 INFO Now listening on: https://localhost:7086 
2025-02-25 14:13:57.7379 INFO Now listening on: http://localhost:5064 
2025-02-25 14:13:57.8059 INFO Application started. Press Ctrl+C to shut down. 
2025-02-25 14:13:57.8059 INFO Hosting environment: Development 
2025-02-25 14:13:57.8059 INFO Content root path: D:\cwq\MyCode\Cola_ AsepticLine\Cola 
2025-02-25 14:13:58.5536 INFO Request starting HTTP/2 GET https://localhost:7086/swagger - - - 
2025-02-25 14:13:58.7467 INFO Request finished HTTP/2 GET https://localhost:7086/swagger - 301 0 - 203.3690ms 
2025-02-25 14:13:58.7540 INFO Request starting HTTP/2 GET https://localhost:7086/swagger/index.html - - - 
2025-02-25 14:13:58.8210 INFO Request finished HTTP/2 GET https://localhost:7086/swagger/index.html - 200 - text/html;charset=utf-8 67.0557ms 
2025-02-25 14:13:58.8210 INFO Request starting HTTP/2 GET https://localhost:7086/swagger/swagger-ui.css - - - 
2025-02-25 14:13:58.8210 INFO Request starting HTTP/2 GET https://localhost:7086/swagger/swagger-ui-bundle.js - - - 
2025-02-25 14:13:58.8210 INFO Request starting HTTP/2 GET https://localhost:7086/swagger/swagger-ui-standalone-preset.js - - - 
2025-02-25 14:13:58.8270 INFO Request starting HTTP/2 GET https://localhost:7086/_framework/aspnetcore-browser-refresh.js - - - 
2025-02-25 14:13:58.8270 INFO Request starting HTTP/2 GET https://localhost:7086/_vs/browserLink - - - 
2025-02-25 14:13:58.8270 INFO Request finished HTTP/2 GET https://localhost:7086/_framework/aspnetcore-browser-refresh.js - 200 13760 application/javascript;+charset=utf-8 11.2163ms 
2025-02-25 14:13:58.8654 INFO Sending file. Request path: '/swagger-ui.css'. Physical path: 'N/A' 
2025-02-25 14:13:58.8654 INFO Sending file. Request path: '/swagger-ui-standalone-preset.js'. Physical path: 'N/A' 
2025-02-25 14:13:58.8654 INFO Request finished HTTP/2 GET https://localhost:7086/swagger/swagger-ui.css - 200 143943 text/css 42.4521ms 
2025-02-25 14:13:58.8654 INFO Request finished HTTP/2 GET https://localhost:7086/swagger/swagger-ui-standalone-preset.js - 200 339486 text/javascript 42.2696ms 
2025-02-25 14:13:58.8882 INFO Sending file. Request path: '/swagger-ui-bundle.js'. Physical path: 'N/A' 
2025-02-25 14:13:58.8882 INFO Request finished HTTP/2 GET https://localhost:7086/swagger/swagger-ui-bundle.js - 200 1096145 text/javascript 62.8030ms 
2025-02-25 14:13:58.9147 INFO Request finished HTTP/2 GET https://localhost:7086/_vs/browserLink - 200 - text/javascript;+charset=UTF-8 87.0100ms 
2025-02-25 14:13:59.1081 INFO Request starting HTTP/2 GET https://localhost:7086/swagger/v1/swagger.json - - - 
2025-02-25 14:13:59.1081 INFO Request finished HTTP/2 GET https://localhost:7086/swagger/v1/swagger.json - 200 - application/json;charset=utf-8 16.4627ms 
2025-02-25 14:15:49.7105 INFO Request starting HTTP/2 GET https://localhost:7086/api/Check/sharp?deviceId=7&inputTime=2025-02-25 - - - 
2025-02-25 14:15:49.7711 INFO Executing endpoint 'Cola.Controllers.CheckController.GetSharpTimeCheckData (Cola)' 
2025-02-25 14:15:49.8009 INFO Route matched with {action = "GetSharpTimeCheckData", controller = "Check"}. Executing controller action with signature System.Threading.Tasks.Task`1[Microsoft.AspNetCore.Mvc.IActionResult] GetSharpTimeCheckData(Int32, System.DateTime) on controller Cola.Controllers.CheckController (Cola). 
2025-02-25 14:15:51.7036 INFO Executing OkObjectResult, writing value of type 'Cola.Model.ApiResponse`1[[System.Collections.Generic.IEnumerable`1[[Cola.Model.SelfDefinnition.CheckDataResult, Cola, Version=1.0.0.0, Culture=neutral, PublicKeyToken=null]], System.Private.CoreLib, Version=8.0.0.0, Culture=neutral, PublicKeyToken=7cec85d7bea7798e]]'. 
2025-02-25 14:15:51.7917 INFO Executed action Cola.Controllers.CheckController.GetSharpTimeCheckData (Cola) in 1986.5672ms 
2025-02-25 14:15:51.7917 INFO Executed endpoint 'Cola.Controllers.CheckController.GetSharpTimeCheckData (Cola)' 
2025-02-25 14:15:51.7917 INFO Request finished HTTP/2 GET https://localhost:7086/api/Check/sharp?deviceId=7&inputTime=2025-02-25 - 200 11411 application/json;+charset=utf-8 2082.4015ms 
2025-02-25 14:20:24.4244 INFO Now listening on: https://localhost:7086 
2025-02-25 14:20:24.4244 INFO Now listening on: http://localhost:5064 
2025-02-25 14:20:24.4645 INFO Application started. Press Ctrl+C to shut down. 
2025-02-25 14:20:24.4645 INFO Hosting environment: Development 
2025-02-25 14:20:24.4645 INFO Content root path: D:\cwq\MyCode\Cola_ AsepticLine\Cola 
2025-02-25 14:20:25.2242 INFO Request starting HTTP/2 GET https://localhost:7086/swagger - - - 
2025-02-25 14:20:25.3303 INFO Request finished HTTP/2 GET https://localhost:7086/swagger - 301 0 - 112.3829ms 
2025-02-25 14:20:25.3303 INFO Request starting HTTP/2 GET https://localhost:7086/swagger/index.html - - - 
2025-02-25 14:20:25.3917 INFO Request finished HTTP/2 GET https://localhost:7086/swagger/index.html - 200 - text/html;charset=utf-8 55.4769ms 
2025-02-25 14:20:25.3917 INFO Request starting HTTP/2 GET https://localhost:7086/swagger/swagger-ui.css - - - 
2025-02-25 14:20:25.3917 INFO Request starting HTTP/2 GET https://localhost:7086/swagger/swagger-ui-bundle.js - - - 
2025-02-25 14:20:25.3917 INFO Request starting HTTP/2 GET https://localhost:7086/swagger/swagger-ui-standalone-preset.js - - - 
2025-02-25 14:20:25.3917 INFO Request starting HTTP/2 GET https://localhost:7086/_framework/aspnetcore-browser-refresh.js - - - 
2025-02-25 14:20:25.3917 INFO Request starting HTTP/2 GET https://localhost:7086/_vs/browserLink - - - 
2025-02-25 14:20:25.4185 INFO Request finished HTTP/2 GET https://localhost:7086/_framework/aspnetcore-browser-refresh.js - 200 13760 application/javascript;+charset=utf-8 23.8461ms 
2025-02-25 14:20:25.4502 INFO Sending file. Request path: '/swagger-ui-standalone-preset.js'. Physical path: 'N/A' 
2025-02-25 14:20:25.4502 INFO Sending file. Request path: '/swagger-ui.css'. Physical path: 'N/A' 
2025-02-25 14:20:25.4534 INFO Request finished HTTP/2 GET https://localhost:7086/swagger/swagger-ui.css - 200 143943 text/css 58.9020ms 
2025-02-25 14:20:25.4534 INFO Request finished HTTP/2 GET https://localhost:7086/swagger/swagger-ui-standalone-preset.js - 200 339486 text/javascript 58.7216ms 
2025-02-25 14:20:25.4534 INFO Sending file. Request path: '/swagger-ui-bundle.js'. Physical path: 'N/A' 
2025-02-25 14:20:25.4534 INFO Request finished HTTP/2 GET https://localhost:7086/swagger/swagger-ui-bundle.js - 200 1096145 text/javascript 64.6448ms 
2025-02-25 14:20:25.4776 INFO Request finished HTTP/2 GET https://localhost:7086/_vs/browserLink - 200 - text/javascript;+charset=UTF-8 75.6221ms 
2025-02-25 14:20:25.6367 INFO Request starting HTTP/2 GET https://localhost:7086/swagger/v1/swagger.json - - - 
2025-02-25 14:20:25.6440 INFO Request finished HTTP/2 GET https://localhost:7086/swagger/v1/swagger.json - 200 - application/json;charset=utf-8 7.6602ms 
2025-02-25 14:20:39.2567 INFO Request starting HTTP/2 GET https://localhost:7086/api/Check/sharp?deviceId=7&inputTime=2025-02-25 - - - 
2025-02-25 14:20:39.2698 INFO Executing endpoint 'Cola.Controllers.CheckController.GetSharpTimeCheckData (Cola)' 
2025-02-25 14:20:39.2886 INFO Route matched with {action = "GetSharpTimeCheckData", controller = "Check"}. Executing controller action with signature System.Threading.Tasks.Task`1[Microsoft.AspNetCore.Mvc.IActionResult] GetSharpTimeCheckData(Int32, System.DateTime) on controller Cola.Controllers.CheckController (Cola). 
2025-02-25 14:20:40.1355 INFO Executing OkObjectResult, writing value of type 'Cola.Model.ApiResponse`1[[System.Collections.Generic.IEnumerable`1[[Cola.Model.SelfDefinnition.CheckDataResult, Cola, Version=1.0.0.0, Culture=neutral, PublicKeyToken=null]], System.Private.CoreLib, Version=8.0.0.0, Culture=neutral, PublicKeyToken=7cec85d7bea7798e]]'. 
2025-02-25 14:20:40.2046 INFO Executed action Cola.Controllers.CheckController.GetSharpTimeCheckData (Cola) in 912.6104ms 
2025-02-25 14:20:40.2046 INFO Executed endpoint 'Cola.Controllers.CheckController.GetSharpTimeCheckData (Cola)' 
2025-02-25 14:20:40.2046 INFO Request finished HTTP/2 GET https://localhost:7086/api/Check/sharp?deviceId=7&inputTime=2025-02-25 - 200 11411 application/json;+charset=utf-8 949.0084ms 
2025-02-25 14:24:27.2143 INFO Now listening on: https://localhost:7086 
2025-02-25 14:24:27.2216 INFO Now listening on: http://localhost:5064 
2025-02-25 14:24:27.2735 INFO Application started. Press Ctrl+C to shut down. 
2025-02-25 14:24:27.2735 INFO Hosting environment: Development 
2025-02-25 14:24:27.2735 INFO Content root path: D:\cwq\MyCode\Cola_ AsepticLine\Cola 
2025-02-25 14:24:28.0474 INFO Request starting HTTP/2 GET https://localhost:7086/swagger - - - 
2025-02-25 14:24:28.1510 INFO Request finished HTTP/2 GET https://localhost:7086/swagger - 301 0 - 109.3341ms 
2025-02-25 14:24:28.1584 INFO Request starting HTTP/2 GET https://localhost:7086/swagger/index.html - - - 
2025-02-25 14:24:28.2081 INFO Request finished HTTP/2 GET https://localhost:7086/swagger/index.html - 200 - text/html;charset=utf-8 49.7947ms 
2025-02-25 14:24:28.2081 INFO Request starting HTTP/2 GET https://localhost:7086/swagger/swagger-ui.css - - - 
2025-02-25 14:24:28.2081 INFO Request starting HTTP/2 GET https://localhost:7086/swagger/swagger-ui-bundle.js - - - 
2025-02-25 14:24:28.2081 INFO Request starting HTTP/2 GET https://localhost:7086/swagger/swagger-ui-standalone-preset.js - - - 
2025-02-25 14:24:28.2081 INFO Request starting HTTP/2 GET https://localhost:7086/_framework/aspnetcore-browser-refresh.js - - - 
2025-02-25 14:24:28.2081 INFO Request starting HTTP/2 GET https://localhost:7086/_vs/browserLink - - - 
2025-02-25 14:24:28.2363 INFO Request finished HTTP/2 GET https://localhost:7086/_framework/aspnetcore-browser-refresh.js - 200 13760 application/javascript;+charset=utf-8 24.7953ms 
2025-02-25 14:24:28.2741 INFO Sending file. Request path: '/swagger-ui.css'. Physical path: 'N/A' 
2025-02-25 14:24:28.2741 INFO Sending file. Request path: '/swagger-ui-standalone-preset.js'. Physical path: 'N/A' 
2025-02-25 14:24:28.2741 INFO Sending file. Request path: '/swagger-ui-bundle.js'. Physical path: 'N/A' 
2025-02-25 14:24:28.2741 INFO Request finished HTTP/2 GET https://localhost:7086/swagger/swagger-ui-bundle.js - 200 1096145 text/javascript 66.5228ms 
2025-02-25 14:24:28.2741 INFO Request finished HTTP/2 GET https://localhost:7086/swagger/swagger-ui-standalone-preset.js - 200 339486 text/javascript 66.5295ms 
2025-02-25 14:24:28.2741 INFO Request finished HTTP/2 GET https://localhost:7086/swagger/swagger-ui.css - 200 143943 text/css 66.6445ms 
2025-02-25 14:24:28.2986 INFO Request finished HTTP/2 GET https://localhost:7086/_vs/browserLink - 200 - text/javascript;+charset=UTF-8 82.2148ms 
2025-02-25 14:24:28.4580 INFO Request starting HTTP/2 GET https://localhost:7086/swagger/v1/swagger.json - - - 
2025-02-25 14:24:28.4685 INFO Request finished HTTP/2 GET https://localhost:7086/swagger/v1/swagger.json - 200 - application/json;charset=utf-8 10.6303ms 
2025-02-25 14:24:44.1311 INFO Request starting HTTP/2 GET https://localhost:7086/api/Check/sharp?deviceId=7&inputTime=2025-02-25 - - - 
2025-02-25 14:24:44.1509 INFO Executing endpoint 'Cola.Controllers.CheckController.GetSharpTimeCheckData (Cola)' 
2025-02-25 14:24:44.1747 INFO Route matched with {action = "GetSharpTimeCheckData", controller = "Check"}. Executing controller action with signature System.Threading.Tasks.Task`1[Microsoft.AspNetCore.Mvc.IActionResult] GetSharpTimeCheckData(Int32, System.DateTime) on controller Cola.Controllers.CheckController (Cola). 
2025-02-25 14:24:45.1150 INFO Executing OkObjectResult, writing value of type 'Cola.Model.ApiResponse`1[[System.Collections.Generic.IEnumerable`1[[Cola.Model.SelfDefinnition.CheckDataResult, Cola, Version=1.0.0.0, Culture=neutral, PublicKeyToken=null]], System.Private.CoreLib, Version=8.0.0.0, Culture=neutral, PublicKeyToken=7cec85d7bea7798e]]'. 
2025-02-25 14:24:45.2120 INFO Executed action Cola.Controllers.CheckController.GetSharpTimeCheckData (Cola) in 1033.238ms 
2025-02-25 14:24:45.2120 INFO Executed endpoint 'Cola.Controllers.CheckController.GetSharpTimeCheckData (Cola)' 
2025-02-25 14:24:45.2120 INFO Request finished HTTP/2 GET https://localhost:7086/api/Check/sharp?deviceId=7&inputTime=2025-02-25 - 200 11201 application/json;+charset=utf-8 1082.5165ms 
2025-02-25 14:25:03.8261 INFO Request starting HTTP/2 GET https://localhost:7086/api/Check/sharp?deviceId=7&inputTime=2025-02-24 - - - 
2025-02-25 14:25:03.8278 INFO Executing endpoint 'Cola.Controllers.CheckController.GetSharpTimeCheckData (Cola)' 
2025-02-25 14:25:03.8278 INFO Route matched with {action = "GetSharpTimeCheckData", controller = "Check"}. Executing controller action with signature System.Threading.Tasks.Task`1[Microsoft.AspNetCore.Mvc.IActionResult] GetSharpTimeCheckData(Int32, System.DateTime) on controller Cola.Controllers.CheckController (Cola). 
2025-02-25 14:25:03.9228 INFO Executing OkObjectResult, writing value of type 'Cola.Model.ApiResponse`1[[System.Collections.Generic.IEnumerable`1[[Cola.Model.SelfDefinnition.CheckDataResult, Cola, Version=1.0.0.0, Culture=neutral, PublicKeyToken=null]], System.Private.CoreLib, Version=8.0.0.0, Culture=neutral, PublicKeyToken=7cec85d7bea7798e]]'. 
2025-02-25 14:25:03.9228 INFO Executed action Cola.Controllers.CheckController.GetSharpTimeCheckData (Cola) in 97.0899ms 
2025-02-25 14:25:03.9228 INFO Executed endpoint 'Cola.Controllers.CheckController.GetSharpTimeCheckData (Cola)' 
2025-02-25 14:25:03.9228 INFO Request finished HTTP/2 GET https://localhost:7086/api/Check/sharp?deviceId=7&inputTime=2025-02-24 - 200 17841 application/json;+charset=utf-8 99.7523ms 
2025-02-25 14:25:04.3226 INFO Request starting HTTP/2 GET https://localhost:7086/api/Check/sharp?deviceId=7&inputTime=2025-02-24 - - - 
2025-02-25 14:25:04.3226 INFO Executing endpoint 'Cola.Controllers.CheckController.GetSharpTimeCheckData (Cola)' 
2025-02-25 14:25:04.3226 INFO Route matched with {action = "GetSharpTimeCheckData", controller = "Check"}. Executing controller action with signature System.Threading.Tasks.Task`1[Microsoft.AspNetCore.Mvc.IActionResult] GetSharpTimeCheckData(Int32, System.DateTime) on controller Cola.Controllers.CheckController (Cola). 
2025-02-25 14:25:04.4112 INFO Executing OkObjectResult, writing value of type 'Cola.Model.ApiResponse`1[[System.Collections.Generic.IEnumerable`1[[Cola.Model.SelfDefinnition.CheckDataResult, Cola, Version=1.0.0.0, Culture=neutral, PublicKeyToken=null]], System.Private.CoreLib, Version=8.0.0.0, Culture=neutral, PublicKeyToken=7cec85d7bea7798e]]'. 
2025-02-25 14:25:04.4112 INFO Executed action Cola.Controllers.CheckController.GetSharpTimeCheckData (Cola) in 90.1948ms 
2025-02-25 14:25:04.4112 INFO Executed endpoint 'Cola.Controllers.CheckController.GetSharpTimeCheckData (Cola)' 
2025-02-25 14:25:04.4112 INFO Request finished HTTP/2 GET https://localhost:7086/api/Check/sharp?deviceId=7&inputTime=2025-02-24 - 200 17841 application/json;+charset=utf-8 91.5320ms 
