2025-02-26 17:02:27.6713 INFO Now listening on: https://localhost:7086 
2025-02-26 17:02:27.6788 INFO Now listening on: http://localhost:5064 
2025-02-26 17:02:27.7319 INFO Application started. Press Ctrl+C to shut down. 
2025-02-26 17:02:27.7319 INFO Hosting environment: Development 
2025-02-26 17:02:27.7319 INFO Content root path: D:\cwq\MyCode\Cola_ AsepticLine\Cola 
2025-02-26 17:02:28.6536 INFO Request starting HTTP/2 GET https://localhost:7086/swagger - - - 
2025-02-26 17:02:28.8599 INFO Request finished HTTP/2 GET https://localhost:7086/swagger - 301 0 - 211.4084ms 
2025-02-26 17:02:28.8685 INFO Request starting HTTP/2 GET https://localhost:7086/swagger/index.html - - - 
2025-02-26 17:02:28.9355 INFO Request finished HTTP/2 GET https://localhost:7086/swagger/index.html - 200 - text/html;charset=utf-8 67.0654ms 
2025-02-26 17:02:28.9469 INFO Request starting HTTP/2 GET https://localhost:7086/swagger/swagger-ui.css - - - 
2025-02-26 17:02:28.9469 INFO Request starting HTTP/2 GET https://localhost:7086/swagger/swagger-ui-bundle.js - - - 
2025-02-26 17:02:28.9469 INFO Request starting HTTP/2 GET https://localhost:7086/swagger/swagger-ui-standalone-preset.js - - - 
2025-02-26 17:02:28.9469 INFO Request starting HTTP/2 GET https://localhost:7086/_framework/aspnetcore-browser-refresh.js - - - 
2025-02-26 17:02:28.9577 INFO Request starting HTTP/2 GET https://localhost:7086/_vs/browserLink - - - 
2025-02-26 17:02:28.9577 INFO Request finished HTTP/2 GET https://localhost:7086/_framework/aspnetcore-browser-refresh.js - 200 13760 application/javascript;+charset=utf-8 18.5654ms 
2025-02-26 17:02:29.0141 INFO Sending file. Request path: '/swagger-ui.css'. Physical path: 'N/A' 
2025-02-26 17:02:29.0141 INFO Sending file. Request path: '/swagger-ui-standalone-preset.js'. Physical path: 'N/A' 
2025-02-26 17:02:29.0141 INFO Request finished HTTP/2 GET https://localhost:7086/swagger/swagger-ui-standalone-preset.js - 200 339486 text/javascript 67.4042ms 
2025-02-26 17:02:29.0141 INFO Request finished HTTP/2 GET https://localhost:7086/swagger/swagger-ui.css - 200 143943 text/css 67.5331ms 
2025-02-26 17:02:29.0337 INFO Sending file. Request path: '/swagger-ui-bundle.js'. Physical path: 'N/A' 
2025-02-26 17:02:29.0337 INFO Request finished HTTP/2 GET https://localhost:7086/swagger/swagger-ui-bundle.js - 200 1096145 text/javascript 87.0404ms 
2025-02-26 17:02:29.0564 INFO Request finished HTTP/2 GET https://localhost:7086/_vs/browserLink - 200 - text/javascript;+charset=UTF-8 98.7968ms 
2025-02-26 17:02:29.2097 INFO Request starting HTTP/2 GET https://localhost:7086/swagger/v1/swagger.json - - - 
2025-02-26 17:02:29.2097 INFO Request finished HTTP/2 GET https://localhost:7086/swagger/v1/swagger.json - 200 - application/json;charset=utf-8 8.1556ms 
2025-02-26 17:02:34.4028 INFO Request starting HTTP/2 GET https://localhost:7086/api/Report/current - - - 
2025-02-26 17:02:34.4254 INFO Executing endpoint 'Cola.Controllers.ReportController.GetCurrentTimeReport (Cola)' 
2025-02-26 17:02:34.4559 INFO Route matched with {action = "GetCurrentTimeReport", controller = "Report"}. Executing controller action with signature System.Threading.Tasks.Task`1[Microsoft.AspNetCore.Mvc.IActionResult] GetCurrentTimeReport() on controller Cola.Controllers.ReportController (Cola). 
2025-02-26 17:02:36.3516 INFO 开始获取检查参数数据 
2025-02-26 17:02:36.5494 INFO 成功获取检查参数数据，数量：11 
2025-02-26 17:02:36.6836 INFO Executing OkObjectResult, writing value of type 'Cola.Model.ApiResponse`1[[System.Collections.Generic.IEnumerable`1[[Cola.Model.RealtimeDataResult, Cola, Version=1.0.0.0, Culture=neutral, PublicKeyToken=null]], System.Private.CoreLib, Version=8.0.0.0, Culture=neutral, PublicKeyToken=7cec85d7bea7798e]]'. 
2025-02-26 17:02:36.7798 INFO Executed action Cola.Controllers.ReportController.GetCurrentTimeReport (Cola) in 2319.3628ms 
2025-02-26 17:02:36.7798 INFO Executed endpoint 'Cola.Controllers.ReportController.GetCurrentTimeReport (Cola)' 
2025-02-26 17:02:36.7798 INFO Request finished HTTP/2 GET https://localhost:7086/api/Report/current - 200 3926 application/json;+charset=utf-8 2378.3840ms 
2025-02-26 17:03:59.5646 INFO Now listening on: https://localhost:7086 
2025-02-26 17:03:59.5701 INFO Now listening on: http://localhost:5064 
2025-02-26 17:03:59.7321 INFO Application started. Press Ctrl+C to shut down. 
2025-02-26 17:03:59.7321 INFO Hosting environment: Development 
2025-02-26 17:03:59.7321 INFO Content root path: D:\cwq\MyCode\Cola_ AsepticLine\Cola 
2025-02-26 17:03:59.9646 INFO Request starting HTTP/2 GET https://localhost:7086/swagger - - - 
2025-02-26 17:04:00.0629 INFO Request finished HTTP/2 GET https://localhost:7086/swagger - 301 0 - 101.9285ms 
2025-02-26 17:04:00.0686 INFO Request starting HTTP/2 GET https://localhost:7086/swagger/index.html - - - 
2025-02-26 17:04:00.1137 INFO Request finished HTTP/2 GET https://localhost:7086/swagger/index.html - 200 - text/html;charset=utf-8 45.1901ms 
2025-02-26 17:04:00.1137 INFO Request starting HTTP/2 GET https://localhost:7086/swagger/swagger-ui.css - - - 
2025-02-26 17:04:00.1137 INFO Request starting HTTP/2 GET https://localhost:7086/swagger/swagger-ui-bundle.js - - - 
2025-02-26 17:04:00.1137 INFO Request starting HTTP/2 GET https://localhost:7086/swagger/swagger-ui-standalone-preset.js - - - 
2025-02-26 17:04:00.1137 INFO Request starting HTTP/2 GET https://localhost:7086/_framework/aspnetcore-browser-refresh.js - - - 
2025-02-26 17:04:00.1137 INFO Request starting HTTP/2 GET https://localhost:7086/_vs/browserLink - - - 
2025-02-26 17:04:00.1337 INFO Request finished HTTP/2 GET https://localhost:7086/_framework/aspnetcore-browser-refresh.js - 200 13760 application/javascript;+charset=utf-8 16.9862ms 
2025-02-26 17:04:00.1669 INFO Sending file. Request path: '/swagger-ui-standalone-preset.js'. Physical path: 'N/A' 
2025-02-26 17:04:00.1669 INFO Sending file. Request path: '/swagger-ui.css'. Physical path: 'N/A' 
2025-02-26 17:04:00.1669 INFO Request finished HTTP/2 GET https://localhost:7086/swagger/swagger-ui.css - 200 143943 text/css 53.3661ms 
2025-02-26 17:04:00.1669 INFO Request finished HTTP/2 GET https://localhost:7086/swagger/swagger-ui-standalone-preset.js - 200 339486 text/javascript 53.2242ms 
2025-02-26 17:04:00.1669 INFO Sending file. Request path: '/swagger-ui-bundle.js'. Physical path: 'N/A' 
2025-02-26 17:04:00.1669 INFO Request finished HTTP/2 GET https://localhost:7086/swagger/swagger-ui-bundle.js - 200 1096145 text/javascript 56.1559ms 
2025-02-26 17:04:00.1877 INFO Request finished HTTP/2 GET https://localhost:7086/_vs/browserLink - 200 - text/javascript;+charset=UTF-8 69.4990ms 
2025-02-26 17:04:00.3131 INFO Request starting HTTP/2 GET https://localhost:7086/swagger/v1/swagger.json - - - 
2025-02-26 17:04:00.3192 INFO Request finished HTTP/2 GET https://localhost:7086/swagger/v1/swagger.json - 200 - application/json;charset=utf-8 6.3774ms 
2025-02-26 17:04:07.3891 INFO Request starting HTTP/2 GET https://localhost:7086/api/Report/current - - - 
2025-02-26 17:04:07.4111 INFO Executing endpoint 'Cola.Controllers.ReportController.GetCurrentTimeReport (Cola)' 
2025-02-26 17:04:07.4283 INFO Route matched with {action = "GetCurrentTimeReport", controller = "Report"}. Executing controller action with signature System.Threading.Tasks.Task`1[Microsoft.AspNetCore.Mvc.IActionResult] GetCurrentTimeReport() on controller Cola.Controllers.ReportController (Cola). 
2025-02-26 17:04:08.0479 INFO 开始获取检查参数数据 
2025-02-26 17:04:08.2149 INFO 成功获取检查参数数据，数量：11 
2025-02-26 17:04:08.3363 INFO Executing OkObjectResult, writing value of type 'Cola.Model.ApiResponse`1[[System.Collections.Generic.IEnumerable`1[[Cola.Model.RealtimeDataResult, Cola, Version=1.0.0.0, Culture=neutral, PublicKeyToken=null]], System.Private.CoreLib, Version=8.0.0.0, Culture=neutral, PublicKeyToken=7cec85d7bea7798e]]'. 
2025-02-26 17:04:08.4202 INFO Executed action Cola.Controllers.ReportController.GetCurrentTimeReport (Cola) in 987.4474ms 
2025-02-26 17:04:08.4202 INFO Executed endpoint 'Cola.Controllers.ReportController.GetCurrentTimeReport (Cola)' 
2025-02-26 17:04:08.4202 INFO Request finished HTTP/2 GET https://localhost:7086/api/Report/current - 200 3976 application/json;+charset=utf-8 1032.2895ms 
2025-02-26 17:07:12.8841 INFO Request starting HTTP/2 GET https://localhost:7086/api/Report/current - - - 
2025-02-26 17:07:12.9150 INFO Executing endpoint 'Cola.Controllers.ReportController.GetCurrentTimeReport (Cola)' 
2025-02-26 17:07:12.9441 INFO Route matched with {action = "GetCurrentTimeReport", controller = "Report"}. Executing controller action with signature System.Threading.Tasks.Task`1[Microsoft.AspNetCore.Mvc.IActionResult] GetCurrentTimeReport() on controller Cola.Controllers.ReportController (Cola). 
2025-02-26 17:07:12.9441 INFO 开始获取检查参数数据 
2025-02-26 17:07:12.9441 INFO 成功获取检查参数数据，数量：11 
2025-02-26 17:07:12.9799 INFO Executing OkObjectResult, writing value of type 'Cola.Model.ApiResponse`1[[System.Collections.Generic.IEnumerable`1[[Cola.Model.RealtimeDataResult, Cola, Version=1.0.0.0, Culture=neutral, PublicKeyToken=null]], System.Private.CoreLib, Version=8.0.0.0, Culture=neutral, PublicKeyToken=7cec85d7bea7798e]]'. 
2025-02-26 17:07:12.9799 INFO Executed action Cola.Controllers.ReportController.GetCurrentTimeReport (Cola) in 36.8625ms 
2025-02-26 17:07:12.9799 INFO Executed endpoint 'Cola.Controllers.ReportController.GetCurrentTimeReport (Cola)' 
2025-02-26 17:07:12.9799 INFO Request finished HTTP/2 GET https://localhost:7086/api/Report/current - 200 3980 application/json;+charset=utf-8 97.5839ms 
2025-02-26 17:08:09.1860 INFO Request starting HTTP/2 GET https://localhost:7086/api/Report/history?inputTime=2025-02-25%2016%3A25%3A00.089 - - - 
2025-02-26 17:08:09.1917 INFO Executing endpoint 'Cola.Controllers.ReportController.GetReportDataByInputTime (Cola)' 
2025-02-26 17:08:09.1917 INFO Route matched with {action = "GetReportDataByInputTime", controller = "Report"}. Executing controller action with signature System.Threading.Tasks.Task`1[Microsoft.AspNetCore.Mvc.IActionResult] GetReportDataByInputTime(System.Nullable`1[System.DateTime]) on controller Cola.Controllers.ReportController (Cola). 
2025-02-26 17:08:09.2267 INFO 开始获取检查参数数据 
2025-02-26 17:08:09.2842 INFO Latest Update Time: 02/25/2025 16:25:00 
2025-02-26 17:08:09.3286 INFO 成功获取检查参数数据，数量：6 
2025-02-26 17:08:09.3742 INFO Executing OkObjectResult, writing value of type 'Cola.Model.ApiResponse`1[[System.Collections.Generic.IEnumerable`1[[Cola.Model.RealtimeDataResult, Cola, Version=1.0.0.0, Culture=neutral, PublicKeyToken=null]], System.Private.CoreLib, Version=8.0.0.0, Culture=neutral, PublicKeyToken=7cec85d7bea7798e]]'. 
2025-02-26 17:08:09.3742 INFO Executed action Cola.Controllers.ReportController.GetReportDataByInputTime (Cola) in 168.0629ms 
2025-02-26 17:08:09.3742 INFO Executed endpoint 'Cola.Controllers.ReportController.GetReportDataByInputTime (Cola)' 
2025-02-26 17:08:09.3742 INFO Request finished HTTP/2 GET https://localhost:7086/api/Report/history?inputTime=2025-02-25%2016%3A25%3A00.089 - 200 2146 application/json;+charset=utf-8 189.0440ms 
2025-02-26 17:09:39.7226 INFO Request starting HTTP/2 GET https://localhost:7086/api/Report/history?inputTime=2025-02-26%2017%3A09%3A00.358%20%2B0800 - - - 
2025-02-26 17:09:39.7226 INFO Executing endpoint 'Cola.Controllers.ReportController.GetReportDataByInputTime (Cola)' 
2025-02-26 17:09:39.7226 INFO Route matched with {action = "GetReportDataByInputTime", controller = "Report"}. Executing controller action with signature System.Threading.Tasks.Task`1[Microsoft.AspNetCore.Mvc.IActionResult] GetReportDataByInputTime(System.Nullable`1[System.DateTime]) on controller Cola.Controllers.ReportController (Cola). 
2025-02-26 17:09:39.7243 INFO 开始获取检查参数数据 
2025-02-26 17:09:39.7670 INFO Latest Update Time: 02/26/2025 09:09:00 
2025-02-26 17:09:39.7848 INFO 成功获取检查参数数据，数量：6 
2025-02-26 17:09:39.8065 INFO Executing OkObjectResult, writing value of type 'Cola.Model.ApiResponse`1[[System.Collections.Generic.IEnumerable`1[[Cola.Model.RealtimeDataResult, Cola, Version=1.0.0.0, Culture=neutral, PublicKeyToken=null]], System.Private.CoreLib, Version=8.0.0.0, Culture=neutral, PublicKeyToken=7cec85d7bea7798e]]'. 
2025-02-26 17:09:39.8065 INFO Executed action Cola.Controllers.ReportController.GetReportDataByInputTime (Cola) in 83.5189ms 
2025-02-26 17:09:39.8065 INFO Executed endpoint 'Cola.Controllers.ReportController.GetReportDataByInputTime (Cola)' 
2025-02-26 17:09:39.8065 INFO Request finished HTTP/2 GET https://localhost:7086/api/Report/history?inputTime=2025-02-26%2017%3A09%3A00.358%20%2B0800 - 200 2211 application/json;+charset=utf-8 87.3807ms 
2025-02-26 17:09:40.9868 INFO Request starting HTTP/2 GET https://localhost:7086/api/Report/history?inputTime=2025-02-26%2017%3A09%3A00.358%20%2B0800 - - - 
2025-02-26 17:09:40.9868 INFO Executing endpoint 'Cola.Controllers.ReportController.GetReportDataByInputTime (Cola)' 
2025-02-26 17:09:40.9868 INFO Route matched with {action = "GetReportDataByInputTime", controller = "Report"}. Executing controller action with signature System.Threading.Tasks.Task`1[Microsoft.AspNetCore.Mvc.IActionResult] GetReportDataByInputTime(System.Nullable`1[System.DateTime]) on controller Cola.Controllers.ReportController (Cola). 
2025-02-26 17:09:40.9868 INFO 开始获取检查参数数据 
2025-02-26 17:09:40.9980 INFO Latest Update Time: 02/26/2025 09:09:00 
2025-02-26 17:09:41.0115 INFO 成功获取检查参数数据，数量：6 
2025-02-26 17:09:41.0639 INFO Executing OkObjectResult, writing value of type 'Cola.Model.ApiResponse`1[[System.Collections.Generic.IEnumerable`1[[Cola.Model.RealtimeDataResult, Cola, Version=1.0.0.0, Culture=neutral, PublicKeyToken=null]], System.Private.CoreLib, Version=8.0.0.0, Culture=neutral, PublicKeyToken=7cec85d7bea7798e]]'. 
2025-02-26 17:09:41.0639 INFO Executed action Cola.Controllers.ReportController.GetReportDataByInputTime (Cola) in 76.9919ms 
2025-02-26 17:09:41.0639 INFO Executed endpoint 'Cola.Controllers.ReportController.GetReportDataByInputTime (Cola)' 
2025-02-26 17:09:41.0639 INFO Request finished HTTP/2 GET https://localhost:7086/api/Report/history?inputTime=2025-02-26%2017%3A09%3A00.358%20%2B0800 - 200 2211 application/json;+charset=utf-8 77.7208ms 
2025-02-26 17:23:10.2395 INFO Request starting HTTP/2 GET https://localhost:7086/api/Report/history?inputTime=2025-02-26%2017%3A09%3A00.358%20%2B0800 - - - 
2025-02-26 17:23:10.2432 INFO Executing endpoint 'Cola.Controllers.ReportController.GetReportDataByInputTime (Cola)' 
2025-02-26 17:23:10.2432 INFO Route matched with {action = "GetReportDataByInputTime", controller = "Report"}. Executing controller action with signature System.Threading.Tasks.Task`1[Microsoft.AspNetCore.Mvc.IActionResult] GetReportDataByInputTime(System.Nullable`1[System.DateTime]) on controller Cola.Controllers.ReportController (Cola). 
2025-02-26 17:23:10.2432 INFO 开始获取检查参数数据 
2025-02-26 17:23:10.2804 INFO Latest Update Time: 02/26/2025 09:09:00 
2025-02-26 17:23:10.2988 INFO 成功获取检查参数数据，数量：6 
2025-02-26 17:23:10.3219 INFO Executing OkObjectResult, writing value of type 'Cola.Model.ApiResponse`1[[System.Collections.Generic.IEnumerable`1[[Cola.Model.RealtimeDataResult, Cola, Version=1.0.0.0, Culture=neutral, PublicKeyToken=null]], System.Private.CoreLib, Version=8.0.0.0, Culture=neutral, PublicKeyToken=7cec85d7bea7798e]]'. 
2025-02-26 17:23:10.3219 INFO Executed action Cola.Controllers.ReportController.GetReportDataByInputTime (Cola) in 78.9147ms 
2025-02-26 17:23:10.3219 INFO Executed endpoint 'Cola.Controllers.ReportController.GetReportDataByInputTime (Cola)' 
2025-02-26 17:23:10.3219 INFO Request finished HTTP/2 GET https://localhost:7086/api/Report/history?inputTime=2025-02-26%2017%3A09%3A00.358%20%2B0800 - 200 2211 application/json;+charset=utf-8 83.9861ms 
2025-02-26 17:23:22.1943 INFO Request starting HTTP/2 GET https://localhost:7086/api/Report/history?inputTime=2025-02-26%2017%3A19%3A00.019%20%2B0800 - - - 
2025-02-26 17:23:22.1943 INFO Executing endpoint 'Cola.Controllers.ReportController.GetReportDataByInputTime (Cola)' 
2025-02-26 17:23:22.1943 INFO Route matched with {action = "GetReportDataByInputTime", controller = "Report"}. Executing controller action with signature System.Threading.Tasks.Task`1[Microsoft.AspNetCore.Mvc.IActionResult] GetReportDataByInputTime(System.Nullable`1[System.DateTime]) on controller Cola.Controllers.ReportController (Cola). 
2025-02-26 17:23:22.1943 INFO 开始获取检查参数数据 
2025-02-26 17:23:22.2316 INFO Latest Update Time: 02/26/2025 09:19:00 
2025-02-26 17:23:22.2530 INFO 成功获取检查参数数据，数量：6 
2025-02-26 17:23:22.2761 INFO Executing OkObjectResult, writing value of type 'Cola.Model.ApiResponse`1[[System.Collections.Generic.IEnumerable`1[[Cola.Model.RealtimeDataResult, Cola, Version=1.0.0.0, Culture=neutral, PublicKeyToken=null]], System.Private.CoreLib, Version=8.0.0.0, Culture=neutral, PublicKeyToken=7cec85d7bea7798e]]'. 
2025-02-26 17:23:22.2761 INFO Executed action Cola.Controllers.ReportController.GetReportDataByInputTime (Cola) in 81.2713ms 
2025-02-26 17:23:22.2761 INFO Executed endpoint 'Cola.Controllers.ReportController.GetReportDataByInputTime (Cola)' 
2025-02-26 17:23:22.2761 INFO Request finished HTTP/2 GET https://localhost:7086/api/Report/history?inputTime=2025-02-26%2017%3A19%3A00.019%20%2B0800 - 200 2204 application/json;+charset=utf-8 82.3809ms 
2025-02-26 17:23:42.6592 INFO Request starting HTTP/2 GET https://localhost:7086/api/Report/history?inputTime=2025-02-26%2017%3A23%3A00.241%20%2B0800 - - - 
2025-02-26 17:23:42.6634 INFO Executing endpoint 'Cola.Controllers.ReportController.GetReportDataByInputTime (Cola)' 
2025-02-26 17:23:42.6634 INFO Route matched with {action = "GetReportDataByInputTime", controller = "Report"}. Executing controller action with signature System.Threading.Tasks.Task`1[Microsoft.AspNetCore.Mvc.IActionResult] GetReportDataByInputTime(System.Nullable`1[System.DateTime]) on controller Cola.Controllers.ReportController (Cola). 
2025-02-26 17:23:42.6634 INFO 开始获取检查参数数据 
2025-02-26 17:23:42.6784 INFO Latest Update Time: 02/26/2025 09:23:00 
2025-02-26 17:23:42.6964 INFO 成功获取检查参数数据，数量：6 
2025-02-26 17:23:42.7146 INFO Executing OkObjectResult, writing value of type 'Cola.Model.ApiResponse`1[[System.Collections.Generic.IEnumerable`1[[Cola.Model.RealtimeDataResult, Cola, Version=1.0.0.0, Culture=neutral, PublicKeyToken=null]], System.Private.CoreLib, Version=8.0.0.0, Culture=neutral, PublicKeyToken=7cec85d7bea7798e]]'. 
2025-02-26 17:23:42.7146 INFO Executed action Cola.Controllers.ReportController.GetReportDataByInputTime (Cola) in 50.1749ms 
2025-02-26 17:23:42.7146 INFO Executed endpoint 'Cola.Controllers.ReportController.GetReportDataByInputTime (Cola)' 
2025-02-26 17:23:42.7146 INFO Request finished HTTP/2 GET https://localhost:7086/api/Report/history?inputTime=2025-02-26%2017%3A23%3A00.241%20%2B0800 - 200 2210 application/json;+charset=utf-8 56.5024ms 
2025-02-26 17:34:34.3553 INFO Request starting HTTP/2 GET https://localhost:7086/api/Report/history?inputTime=2025-02-26%2017%3A23%3A00.241%20%2B0800 - - - 
2025-02-26 17:34:34.3553 INFO Executing endpoint 'Cola.Controllers.ReportController.GetReportDataByInputTime (Cola)' 
2025-02-26 17:34:34.3608 INFO Route matched with {action = "GetReportDataByInputTime", controller = "Report"}. Executing controller action with signature System.Threading.Tasks.Task`1[Microsoft.AspNetCore.Mvc.IActionResult] GetReportDataByInputTime(System.Nullable`1[System.DateTime]) on controller Cola.Controllers.ReportController (Cola). 
2025-02-26 17:34:34.3608 INFO 开始获取检查参数数据 
2025-02-26 17:34:34.4069 INFO Latest Update Time: 02/26/2025 09:23:00 
2025-02-26 17:34:34.4190 INFO 成功获取检查参数数据，数量：6 
2025-02-26 17:34:34.4414 INFO Executing OkObjectResult, writing value of type 'Cola.Model.ApiResponse`1[[System.Collections.Generic.IEnumerable`1[[Cola.Model.RealtimeDataResult, Cola, Version=1.0.0.0, Culture=neutral, PublicKeyToken=null]], System.Private.CoreLib, Version=8.0.0.0, Culture=neutral, PublicKeyToken=7cec85d7bea7798e]]'. 
2025-02-26 17:34:34.4414 INFO Executed action Cola.Controllers.ReportController.GetReportDataByInputTime (Cola) in 80.977ms 
2025-02-26 17:34:34.4414 INFO Executed endpoint 'Cola.Controllers.ReportController.GetReportDataByInputTime (Cola)' 
2025-02-26 17:34:34.4414 INFO Request finished HTTP/2 GET https://localhost:7086/api/Report/history?inputTime=2025-02-26%2017%3A23%3A00.241%20%2B0800 - 200 2210 application/json;+charset=utf-8 86.9947ms 
2025-02-26 17:36:04.0622 INFO Request starting HTTP/2 GET https://localhost:7086/api/Report/history?inputTime=2025-02-26%2017%3A23%3A00.24 - - - 
2025-02-26 17:36:04.0622 INFO Executing endpoint 'Cola.Controllers.ReportController.GetReportDataByInputTime (Cola)' 
2025-02-26 17:36:04.0622 INFO Route matched with {action = "GetReportDataByInputTime", controller = "Report"}. Executing controller action with signature System.Threading.Tasks.Task`1[Microsoft.AspNetCore.Mvc.IActionResult] GetReportDataByInputTime(System.Nullable`1[System.DateTime]) on controller Cola.Controllers.ReportController (Cola). 
2025-02-26 17:36:04.0622 INFO 开始获取检查参数数据 
2025-02-26 17:36:04.0752 INFO Latest Update Time: 02/26/2025 17:23:00 
2025-02-26 17:36:04.0918 INFO 成功获取检查参数数据，数量：11 
2025-02-26 17:36:04.1146 INFO Executing OkObjectResult, writing value of type 'Cola.Model.ApiResponse`1[[System.Collections.Generic.IEnumerable`1[[Cola.Model.RealtimeDataResult, Cola, Version=1.0.0.0, Culture=neutral, PublicKeyToken=null]], System.Private.CoreLib, Version=8.0.0.0, Culture=neutral, PublicKeyToken=7cec85d7bea7798e]]'. 
2025-02-26 17:36:04.1146 INFO Executed action Cola.Controllers.ReportController.GetReportDataByInputTime (Cola) in 52.2189ms 
2025-02-26 17:36:04.1146 INFO Executed endpoint 'Cola.Controllers.ReportController.GetReportDataByInputTime (Cola)' 
2025-02-26 17:36:04.1146 INFO Request finished HTTP/2 GET https://localhost:7086/api/Report/history?inputTime=2025-02-26%2017%3A23%3A00.24 - 200 4003 application/json;+charset=utf-8 55.4819ms 
2025-02-26 17:40:26.8077 INFO Now listening on: https://localhost:7086 
2025-02-26 17:40:26.8077 INFO Now listening on: http://localhost:5064 
2025-02-26 17:40:26.8468 INFO Application started. Press Ctrl+C to shut down. 
2025-02-26 17:40:26.8468 INFO Hosting environment: Development 
2025-02-26 17:40:26.8468 INFO Content root path: D:\cwq\MyCode\Cola_ AsepticLine\Cola 
2025-02-26 17:40:27.2367 INFO Request starting HTTP/2 GET https://localhost:7086/swagger - - - 
2025-02-26 17:40:27.3218 INFO Request finished HTTP/2 GET https://localhost:7086/swagger - 301 0 - 90.0385ms 
2025-02-26 17:40:27.3218 INFO Request starting HTTP/2 GET https://localhost:7086/swagger/index.html - - - 
2025-02-26 17:40:27.3710 INFO Request finished HTTP/2 GET https://localhost:7086/swagger/index.html - 200 - text/html;charset=utf-8 44.3697ms 
2025-02-26 17:40:27.3710 INFO Request starting HTTP/2 GET https://localhost:7086/swagger/swagger-ui.css - - - 
2025-02-26 17:40:27.3710 INFO Request starting HTTP/2 GET https://localhost:7086/swagger/swagger-ui-bundle.js - - - 
2025-02-26 17:40:27.3710 INFO Request starting HTTP/2 GET https://localhost:7086/_framework/aspnetcore-browser-refresh.js - - - 
2025-02-26 17:40:27.3710 INFO Request starting HTTP/2 GET https://localhost:7086/swagger/swagger-ui-standalone-preset.js - - - 
2025-02-26 17:40:27.3710 INFO Request starting HTTP/2 GET https://localhost:7086/_vs/browserLink - - - 
2025-02-26 17:40:27.3914 INFO Request finished HTTP/2 GET https://localhost:7086/_framework/aspnetcore-browser-refresh.js - 200 13760 application/javascript;+charset=utf-8 18.1072ms 
2025-02-26 17:40:27.4226 INFO Sending file. Request path: '/swagger-ui-bundle.js'. Physical path: 'N/A' 
2025-02-26 17:40:27.4226 INFO Sending file. Request path: '/swagger-ui-standalone-preset.js'. Physical path: 'N/A' 
2025-02-26 17:40:27.4226 INFO Sending file. Request path: '/swagger-ui.css'. Physical path: 'N/A' 
2025-02-26 17:40:27.4226 INFO Request finished HTTP/2 GET https://localhost:7086/swagger/swagger-ui.css - 200 143943 text/css 50.6879ms 
2025-02-26 17:40:27.4226 INFO Request finished HTTP/2 GET https://localhost:7086/swagger/swagger-ui-bundle.js - 200 1096145 text/javascript 50.6209ms 
2025-02-26 17:40:27.4226 INFO Request finished HTTP/2 GET https://localhost:7086/swagger/swagger-ui-standalone-preset.js - 200 339486 text/javascript 50.6196ms 
2025-02-26 17:40:27.4359 INFO Request finished HTTP/2 GET https://localhost:7086/_vs/browserLink - 200 - text/javascript;+charset=UTF-8 61.7891ms 
2025-02-26 17:40:27.5515 INFO Request starting HTTP/2 GET https://localhost:7086/swagger/v1/swagger.json - - - 
2025-02-26 17:40:27.5566 INFO Request finished HTTP/2 GET https://localhost:7086/swagger/v1/swagger.json - 200 - application/json;charset=utf-8 5.4498ms 
2025-02-26 17:41:53.8986 INFO Request starting HTTP/2 GET https://localhost:7086/api/State?deviceId=2&inputTime=2025-02-26%2011%3A39%3A27.6 - - - 
2025-02-26 17:41:53.9166 INFO Executing endpoint 'Cola.Controllers.StateController.GetReportDataByInputTime (Cola)' 
2025-02-26 17:41:53.9345 INFO Route matched with {action = "GetReportDataByInputTime", controller = "State"}. Executing controller action with signature System.Threading.Tasks.Task`1[Microsoft.AspNetCore.Mvc.IActionResult] GetReportDataByInputTime(Int32, System.Nullable`1[System.DateTime]) on controller Cola.Controllers.StateController (Cola). 
2025-02-26 17:41:55.5534 INFO 开始获取设备 2 的检查参数数据,CIP为 105 
2025-02-26 17:41:55.7992 INFO Executing OkObjectResult, writing value of type 'Cola.Model.ApiResponse`1[[System.Collections.Generic.IEnumerable`1[[Cola.Model.SelfDefinnition.StateDataResult, Cola, Version=1.0.0.0, Culture=neutral, PublicKeyToken=null]], System.Private.CoreLib, Version=8.0.0.0, Culture=neutral, PublicKeyToken=7cec85d7bea7798e]]'. 
2025-02-26 17:41:55.8673 INFO Executed action Cola.Controllers.StateController.GetReportDataByInputTime (Cola) in 1929.8549ms 
2025-02-26 17:41:55.8673 INFO Executed endpoint 'Cola.Controllers.StateController.GetReportDataByInputTime (Cola)' 
2025-02-26 17:41:55.8673 INFO Request finished HTTP/2 GET https://localhost:7086/api/State?deviceId=2&inputTime=2025-02-26%2011%3A39%3A27.6 - 200 978 application/json;+charset=utf-8 1969.6998ms 
2025-02-26 17:43:01.7510 INFO Request starting HTTP/2 GET https://localhost:7086/api/State?deviceId=2&inputTime=2025-02-26%2011%3A39%3A27.6 - - - 
2025-02-26 17:43:01.7510 INFO Executing endpoint 'Cola.Controllers.StateController.GetReportDataByInputTime (Cola)' 
2025-02-26 17:43:01.7510 INFO Route matched with {action = "GetReportDataByInputTime", controller = "State"}. Executing controller action with signature System.Threading.Tasks.Task`1[Microsoft.AspNetCore.Mvc.IActionResult] GetReportDataByInputTime(Int32, System.Nullable`1[System.DateTime]) on controller Cola.Controllers.StateController (Cola). 
2025-02-26 17:43:01.7625 INFO 开始获取设备 2 的检查参数数据,CIP为 105 
2025-02-26 17:43:01.8047 INFO Executing OkObjectResult, writing value of type 'Cola.Model.ApiResponse`1[[System.Collections.Generic.IEnumerable`1[[Cola.Model.SelfDefinnition.StateDataResult, Cola, Version=1.0.0.0, Culture=neutral, PublicKeyToken=null]], System.Private.CoreLib, Version=8.0.0.0, Culture=neutral, PublicKeyToken=7cec85d7bea7798e]]'. 
2025-02-26 17:43:01.8047 INFO Executed action Cola.Controllers.StateController.GetReportDataByInputTime (Cola) in 47.7412ms 
2025-02-26 17:43:01.8047 INFO Executed endpoint 'Cola.Controllers.StateController.GetReportDataByInputTime (Cola)' 
2025-02-26 17:43:01.8047 INFO Request finished HTTP/2 GET https://localhost:7086/api/State?deviceId=2&inputTime=2025-02-26%2011%3A39%3A27.6 - 200 978 application/json;+charset=utf-8 58.2493ms 
2025-02-26 17:43:52.4883 INFO Request starting HTTP/2 GET https://localhost:7086/api/State?deviceId=2&inputTime=2025-02-26%2011%3A37%3A11 - - - 
2025-02-26 17:43:52.4883 INFO Executing endpoint 'Cola.Controllers.StateController.GetReportDataByInputTime (Cola)' 
2025-02-26 17:43:52.4883 INFO Route matched with {action = "GetReportDataByInputTime", controller = "State"}. Executing controller action with signature System.Threading.Tasks.Task`1[Microsoft.AspNetCore.Mvc.IActionResult] GetReportDataByInputTime(Int32, System.Nullable`1[System.DateTime]) on controller Cola.Controllers.StateController (Cola). 
2025-02-26 17:43:52.4883 INFO 开始获取设备 2 的检查参数数据,CIP为 105 
2025-02-26 17:43:52.5038 INFO Executing ObjectResult, writing value of type 'Cola.Model.ApiResponse`1[[System.Object, System.Private.CoreLib, Version=8.0.0.0, Culture=neutral, PublicKeyToken=7cec85d7bea7798e]]'. 
2025-02-26 17:43:52.5038 INFO Executed action Cola.Controllers.StateController.GetReportDataByInputTime (Cola) in 13.1031ms 
2025-02-26 17:43:52.5038 INFO Executed endpoint 'Cola.Controllers.StateController.GetReportDataByInputTime (Cola)' 
2025-02-26 17:43:52.5038 INFO Request finished HTTP/2 GET https://localhost:7086/api/State?deviceId=2&inputTime=2025-02-26%2011%3A37%3A11 - 200 52 application/json;+charset=utf-8 19.1733ms 
2025-02-26 17:44:33.4155 INFO Request starting HTTP/2 GET https://localhost:7086/api/State?deviceId=1&inputTime=2025-02-26%2011%3A37%3A11 - - - 
2025-02-26 17:44:33.4203 INFO Executing endpoint 'Cola.Controllers.StateController.GetReportDataByInputTime (Cola)' 
2025-02-26 17:44:33.4203 INFO Route matched with {action = "GetReportDataByInputTime", controller = "State"}. Executing controller action with signature System.Threading.Tasks.Task`1[Microsoft.AspNetCore.Mvc.IActionResult] GetReportDataByInputTime(Int32, System.Nullable`1[System.DateTime]) on controller Cola.Controllers.StateController (Cola). 
2025-02-26 17:44:33.4203 INFO 开始获取设备 1 的检查参数数据,CIP为 105 
2025-02-26 17:44:33.4825 INFO Executing OkObjectResult, writing value of type 'Cola.Model.ApiResponse`1[[System.Collections.Generic.IEnumerable`1[[Cola.Model.SelfDefinnition.StateDataResult, Cola, Version=1.0.0.0, Culture=neutral, PublicKeyToken=null]], System.Private.CoreLib, Version=8.0.0.0, Culture=neutral, PublicKeyToken=7cec85d7bea7798e]]'. 
2025-02-26 17:44:33.4825 INFO Executed action Cola.Controllers.StateController.GetReportDataByInputTime (Cola) in 62.4209ms 
2025-02-26 17:44:33.4825 INFO Executed endpoint 'Cola.Controllers.StateController.GetReportDataByInputTime (Cola)' 
2025-02-26 17:44:33.4825 INFO Request finished HTTP/2 GET https://localhost:7086/api/State?deviceId=1&inputTime=2025-02-26%2011%3A37%3A11 - 200 539 application/json;+charset=utf-8 67.5529ms 
