2025-01-16 14:23:43.2266 INFO Now listening on: https://localhost:7086 
2025-01-16 14:23:43.2266 INFO Now listening on: http://localhost:5064 
2025-01-16 14:23:43.2582 INFO Application started. Press Ctrl+C to shut down. 
2025-01-16 14:23:43.2582 INFO Hosting environment: Development 
2025-01-16 14:23:43.2582 INFO Content root path: D:\cwq\MyCode\Cola_ AsepticLine\Cola 
2025-01-16 14:23:43.9675 INFO Request starting HTTP/2 GET https://localhost:7086/swagger - - - 
2025-01-16 14:23:44.0954 INFO Request finished HTTP/2 GET https://localhost:7086/swagger - 301 0 - 134.3682ms 
2025-01-16 14:23:44.1009 INFO Request starting HTTP/2 GET https://localhost:7086/swagger/index.html - - - 
2025-01-16 14:23:44.1530 INFO Request finished HTTP/2 GET https://localhost:7086/swagger/index.html - 200 - text/html;charset=utf-8 52.2532ms 
2025-01-16 14:23:44.1530 INFO Request starting HTTP/2 GET https://localhost:7086/swagger/swagger-ui.css - - - 
2025-01-16 14:23:44.1530 INFO Request starting HTTP/2 GET https://localhost:7086/swagger/swagger-ui-standalone-preset.js - - - 
2025-01-16 14:23:44.1530 INFO Request starting HTTP/2 GET https://localhost:7086/swagger/swagger-ui-bundle.js - - - 
2025-01-16 14:23:44.1530 INFO Request starting HTTP/2 GET https://localhost:7086/_framework/aspnetcore-browser-refresh.js - - - 
2025-01-16 14:23:44.1530 INFO Request starting HTTP/2 GET https://localhost:7086/_vs/browserLink - - - 
2025-01-16 14:23:44.1747 INFO Request finished HTTP/2 GET https://localhost:7086/_framework/aspnetcore-browser-refresh.js - 200 13744 application/javascript;+charset=utf-8 15.0845ms 
2025-01-16 14:23:44.2066 INFO Sending file. Request path: '/swagger-ui.css'. Physical path: 'N/A' 
2025-01-16 14:23:44.2067 INFO Sending file. Request path: '/swagger-ui-standalone-preset.js'. Physical path: 'N/A' 
2025-01-16 14:23:44.2091 INFO Request finished HTTP/2 GET https://localhost:7086/swagger/swagger-ui.css - 200 143943 text/css 52.9201ms 
2025-01-16 14:23:44.2091 INFO Request finished HTTP/2 GET https://localhost:7086/swagger/swagger-ui-standalone-preset.js - 200 339486 text/javascript 51.3904ms 
2025-01-16 14:23:44.2276 INFO Sending file. Request path: '/swagger-ui-bundle.js'. Physical path: 'N/A' 
2025-01-16 14:23:44.2276 INFO Request finished HTTP/2 GET https://localhost:7086/swagger/swagger-ui-bundle.js - 200 1096145 text/javascript 70.3296ms 
2025-01-16 14:23:44.2276 INFO Request finished HTTP/2 GET https://localhost:7086/_vs/browserLink - 200 - text/javascript;+charset=UTF-8 71.6658ms 
2025-01-16 14:23:44.3958 INFO Request starting HTTP/2 GET https://localhost:7086/swagger/v1/swagger.json - - - 
2025-01-16 14:23:44.5946 INFO Request finished HTTP/2 GET https://localhost:7086/swagger/v1/swagger.json - 200 - application/json;charset=utf-8 198.9537ms 
2025-01-16 14:23:50.4642 INFO Request starting HTTP/2 GET https://localhost:7086/api/Check - - - 
2025-01-16 14:23:50.4642 INFO Executing endpoint 'Cola.Controllers.CheckController.Get (Cola)' 
2025-01-16 14:23:50.4934 INFO Route matched with {action = "Get", controller = "Check"}. Executing controller action with signature System.Threading.Tasks.Task`1[Microsoft.AspNetCore.Mvc.IActionResult] Get() on controller Cola.Controllers.CheckController (Cola). 
2025-01-16 14:23:51.4755 INFO 开始获取检查参数数据 
2025-01-16 14:23:51.9712 INFO 成功获取检查参数数据，数量：40 
2025-01-16 14:23:52.7859 ERROR 获取检查参数数据时发生错误 System.UnauthorizedAccessException: Access to the path 'D:\cwq\MyCode\Cola_ AsepticLine\Cola' is denied.
   at Microsoft.Win32.SafeHandles.SafeFileHandle.CreateFile(String fullPath, FileMode mode, FileAccess access, FileShare share, FileOptions options)
   at Microsoft.Win32.SafeHandles.SafeFileHandle.Open(String fullPath, FileMode mode, FileAccess access, FileShare share, FileOptions options, Int64 preallocationSize, Nullable`1 unixCreateMode)
   at System.IO.Strategies.OSFileStreamStrategy..ctor(String path, FileMode mode, FileAccess access, FileShare share, FileOptions options, Int64 preallocationSize, Nullable`1 unixCreateMode)
   at System.IO.Strategies.FileStreamHelpers.ChooseStrategyCore(String path, FileMode mode, FileAccess access, FileShare share, FileOptions options, Int64 preallocationSize, Nullable`1 unixCreateMode)
   at System.IO.FileStream..ctor(String path, FileMode mode, FileAccess access)
   at Cola.Extensions.ExcelHelper.ExportToExcel(List`1 data, String filePath) in D:\cwq\MyCode\Cola_ AsepticLine\Cola\Extensions\ExcelHelper.cs:line 31
   at Cola.Controllers.CheckController.Get() in D:\cwq\MyCode\Cola_ AsepticLine\Cola\Controllers\CheckController.cs:line 36
2025-01-16 14:23:52.7922 INFO Executing ObjectResult, writing value of type 'Cola.Model.ApiResponse`1[[System.Object, System.Private.CoreLib, Version=8.0.0.0, Culture=neutral, PublicKeyToken=7cec85d7bea7798e]]'. 
2025-01-16 14:23:52.7922 INFO Executed action Cola.Controllers.CheckController.Get (Cola) in 2303.3651ms 
2025-01-16 14:23:52.7922 INFO Executed endpoint 'Cola.Controllers.CheckController.Get (Cola)' 
2025-01-16 14:23:52.7922 INFO Request finished HTTP/2 GET https://localhost:7086/api/Check - 500 - application/json;+charset=utf-8 2338.1203ms 
