2025-07-18 13:15:24.6403 INFO === Cola服务启动于 07/18/2025 13:15:24 +08:00 === 
2025-07-18 13:15:24.6403 INFO 数据库连接配置: Host=8.141.80.120, Port=5432, Database=cola, User=cwq 
2025-07-18 13:15:24.9719 INFO Now listening on: http://localhost:5064 
2025-07-18 13:15:25.0385 INFO Application started. Press Ctrl+C to shut down. 
2025-07-18 13:15:25.0385 INFO Hosting environment: Development 
2025-07-18 13:15:25.0385 INFO Content root path: D:\cwq\MyCode\Cola_ AsepticLine\Cola 
2025-07-18 13:15:25.9317 INFO Request starting HTTP/1.1 GET http://localhost:5064/swagger/index.html - - - 
2025-07-18 13:15:26.4060 INFO Request finished HTTP/1.1 GET http://localhost:5064/swagger/index.html - 200 - text/html;charset=utf-8 480.3808ms 
2025-07-18 13:15:26.4196 INFO Request starting HTTP/1.1 GET http://localhost:5064/_framework/aspnetcore-browser-refresh.js - - - 
2025-07-18 13:15:26.4196 INFO Request finished HTTP/1.1 GET http://localhost:5064/_framework/aspnetcore-browser-refresh.js - 200 16493 application/javascript;+charset=utf-8 5.1090ms 
2025-07-18 13:15:26.4196 INFO Request starting HTTP/1.1 GET http://localhost:5064/_vs/browserLink - - - 
2025-07-18 13:15:26.4995 INFO Request finished HTTP/1.1 GET http://localhost:5064/_vs/browserLink - 200 - text/javascript;+charset=UTF-8 70.4704ms 
2025-07-18 13:15:26.5666 INFO Request starting HTTP/1.1 GET http://localhost:5064/swagger/v1/swagger.json - - - 
2025-07-18 13:15:26.5778 INFO Request finished HTTP/1.1 GET http://localhost:5064/swagger/v1/swagger.json - 200 - application/json;charset=utf-8 11.2194ms 
2025-07-18 13:15:42.2961 INFO Request starting HTTP/1.1 GET http://localhost:5064/api/Check/Export/Juice?deviceTypeId=9&inputTime=2025-07-16&shift=0&lineId=3 - - - 
2025-07-18 13:15:42.2961 WARN Failed to determine the https port for redirect. 
2025-07-18 13:15:42.3282 INFO Executing endpoint 'Cola.Controllers.CheckController.ExportToExcel2 (Cola)' 
2025-07-18 13:15:42.3713 INFO Route matched with {action = "ExportToExcel2", controller = "Check"}. Executing controller action with signature System.Threading.Tasks.Task`1[Microsoft.AspNetCore.Mvc.IActionResult] ExportToExcel2(Int32, System.DateTime, Int32, Int32) on controller Cola.Controllers.CheckController (Cola). 
2025-07-18 13:15:45.1066 INFO 开始获取设备 35,36,37 在 07/16/2025 00:00:00 的整点检查数据 
2025-07-18 13:15:45.3519 INFO 开始获取设备 35,36,37 在 07/16/2025 00:00:00 的整点报警数据 
2025-07-18 13:15:47.0984 INFO Executing FileContentResult, sending file with download name '果肉杀菌在线混合记录表.xlsx' ... 
2025-07-18 13:15:47.1084 INFO Executed action Cola.Controllers.CheckController.ExportToExcel2 (Cola) in 4732.3226ms 
2025-07-18 13:15:47.1084 INFO Executed endpoint 'Cola.Controllers.CheckController.ExportToExcel2 (Cola)' 
2025-07-18 13:15:47.1084 INFO Request finished HTTP/1.1 GET http://localhost:5064/api/Check/Export/Juice?deviceTypeId=9&inputTime=2025-07-16&shift=0&lineId=3 - 200 10701 application/vnd.openxmlformats-officedocument.spreadsheetml.sheet 4814.6220ms 
2025-07-18 13:16:04.0717 INFO Request starting HTTP/1.1 GET http://localhost:5064/api/Check/Export/Juice?deviceTypeId=9&inputTime=2025-07-16&shift=0&lineId=1 - - - 
2025-07-18 13:16:04.0717 INFO Executing endpoint 'Cola.Controllers.CheckController.ExportToExcel2 (Cola)' 
2025-07-18 13:16:04.0717 INFO Route matched with {action = "ExportToExcel2", controller = "Check"}. Executing controller action with signature System.Threading.Tasks.Task`1[Microsoft.AspNetCore.Mvc.IActionResult] ExportToExcel2(Int32, System.DateTime, Int32, Int32) on controller Cola.Controllers.CheckController (Cola). 
2025-07-18 13:16:04.0938 INFO 开始获取设备 9,10,11 在 07/16/2025 00:00:00 的整点检查数据 
2025-07-18 13:16:04.1854 INFO 开始获取设备 9,10,11 在 07/16/2025 00:00:00 的整点报警数据 
2025-07-18 13:19:30.3051 ERROR 获取设备 9,10,11 数据失败 | 输入时间：07/16/2025 00:00:00 System.NullReferenceException: Object reference not set to an instance of an object.
   at Cola.Controllers.CheckController.GetAlarmSharpTimeForExcel(List`1 deviceIds, DateTime inputTime, Int32 shift) in D:\cwq\MyCode\Cola_ AsepticLine\Cola\Controllers\CheckController.cs:line 2193
2025-07-18 13:19:33.4805 ERROR 导出模板失败 System.NullReferenceException: Object reference not set to an instance of an object.
   at Cola.Extensions.ExcelHelper.ExportCheckDataToExcel(String templatePath, List`1 excelList, List`1 alarmDataList, DateTime inputTime, String title) in D:\cwq\MyCode\Cola_ AsepticLine\Cola\Extensions\ExcelHelper.cs:line 225
   at Cola.Controllers.CheckController.ExportToExcel2(Int32 deviceTypeId, DateTime inputTime, Int32 shift, Int32 lineId) in D:\cwq\MyCode\Cola_ AsepticLine\Cola\Controllers\CheckController.cs:line 1814
2025-07-18 13:19:33.4805 INFO Executing ObjectResult, writing value of type 'Cola.Model.ApiResponse`1[[System.Object, System.Private.CoreLib, Version=8.0.0.0, Culture=neutral, PublicKeyToken=7cec85d7bea7798e]]'. 
2025-07-18 13:19:33.5371 INFO Executed action Cola.Controllers.CheckController.ExportToExcel2 (Cola) in 209462.7179ms 
2025-07-18 13:19:33.5371 INFO Executed endpoint 'Cola.Controllers.CheckController.ExportToExcel2 (Cola)' 
2025-07-18 13:19:33.5371 INFO Request finished HTTP/1.1 GET http://localhost:5064/api/Check/Export/Juice?deviceTypeId=9&inputTime=2025-07-16&shift=0&lineId=1 - 500 114 application/json;+charset=utf-8 209465.8236ms 
2025-07-18 13:19:35.9427 INFO Request starting HTTP/1.1 GET http://localhost:5064/api/Check/Export/Juice?deviceTypeId=9&inputTime=2025-07-16&shift=0&lineId=1 - - - 
2025-07-18 13:19:35.9427 INFO Executing endpoint 'Cola.Controllers.CheckController.ExportToExcel2 (Cola)' 
2025-07-18 13:19:35.9427 INFO Route matched with {action = "ExportToExcel2", controller = "Check"}. Executing controller action with signature System.Threading.Tasks.Task`1[Microsoft.AspNetCore.Mvc.IActionResult] ExportToExcel2(Int32, System.DateTime, Int32, Int32) on controller Cola.Controllers.CheckController (Cola). 
2025-07-18 13:19:35.9686 INFO 开始获取设备 9,10,11 在 07/16/2025 00:00:00 的整点检查数据 
2025-07-18 13:19:36.0559 INFO 开始获取设备 9,10,11 在 07/16/2025 00:00:00 的整点报警数据 
2025-07-18 13:22:04.2542 INFO === Cola服务启动于 07/18/2025 13:22:04 +08:00 === 
2025-07-18 13:22:04.2582 INFO 数据库连接配置: Host=8.141.80.120, Port=5432, Database=cola, User=cwq 
2025-07-18 13:22:04.4905 INFO Now listening on: http://localhost:5064 
2025-07-18 13:22:04.5497 INFO Application started. Press Ctrl+C to shut down. 
2025-07-18 13:22:04.5497 INFO Hosting environment: Development 
2025-07-18 13:22:04.5497 INFO Content root path: D:\cwq\MyCode\Cola_ AsepticLine\Cola 
2025-07-18 13:22:05.3396 INFO Request starting HTTP/1.1 GET http://localhost:5064/swagger/index.html - - - 
2025-07-18 13:22:05.5407 INFO Request finished HTTP/1.1 GET http://localhost:5064/swagger/index.html - 200 - text/html;charset=utf-8 208.6424ms 
2025-07-18 13:22:05.5407 INFO Request starting HTTP/1.1 GET http://localhost:5064/_framework/aspnetcore-browser-refresh.js - - - 
2025-07-18 13:22:05.5407 INFO Request finished HTTP/1.1 GET http://localhost:5064/_framework/aspnetcore-browser-refresh.js - 200 16493 application/javascript;+charset=utf-8 2.6789ms 
2025-07-18 13:22:05.5572 INFO Request starting HTTP/1.1 GET http://localhost:5064/_vs/browserLink - - - 
2025-07-18 13:22:05.6113 INFO Request finished HTTP/1.1 GET http://localhost:5064/_vs/browserLink - 200 - text/javascript;+charset=UTF-8 54.1400ms 
2025-07-18 13:22:05.6616 INFO Request starting HTTP/1.1 GET http://localhost:5064/swagger/v1/swagger.json - - - 
2025-07-18 13:22:05.6728 INFO Request finished HTTP/1.1 GET http://localhost:5064/swagger/v1/swagger.json - 200 - application/json;charset=utf-8 11.3417ms 
2025-07-18 13:22:35.6884 INFO Request starting HTTP/1.1 GET http://localhost:5064/api/Check/Export/Juice?deviceTypeId=9&inputTime=2025-07-16&shift=0&lineId=1 - - - 
2025-07-18 13:22:35.7110 WARN Failed to determine the https port for redirect. 
2025-07-18 13:22:35.7333 INFO Executing endpoint 'Cola.Controllers.CheckController.ExportToExcel2 (Cola)' 
2025-07-18 13:22:35.7711 INFO Route matched with {action = "ExportToExcel2", controller = "Check"}. Executing controller action with signature System.Threading.Tasks.Task`1[Microsoft.AspNetCore.Mvc.IActionResult] ExportToExcel2(Int32, System.DateTime, Int32, Int32) on controller Cola.Controllers.CheckController (Cola). 
2025-07-18 13:22:36.6832 INFO 开始获取设备 9,10,11 在 07/16/2025 00:00:00 的整点检查数据 
2025-07-18 13:22:36.9559 INFO 开始获取设备 9,10,11 在 07/16/2025 00:00:00 的整点报警数据 
2025-07-18 13:23:46.2079 INFO Executing FileContentResult, sending file with download name '果肉杀菌在线混合记录表.xlsx' ... 
2025-07-18 13:23:46.2158 INFO Executed action Cola.Controllers.CheckController.ExportToExcel2 (Cola) in 70440.3777ms 
2025-07-18 13:23:46.2158 INFO Executed endpoint 'Cola.Controllers.CheckController.ExportToExcel2 (Cola)' 
2025-07-18 13:23:46.2158 INFO Request finished HTTP/1.1 GET http://localhost:5064/api/Check/Export/Juice?deviceTypeId=9&inputTime=2025-07-16&shift=0&lineId=1 - 200 10888 application/vnd.openxmlformats-officedocument.spreadsheetml.sheet 70529.0319ms 
2025-07-18 13:24:14.4155 INFO Request starting HTTP/1.1 GET http://localhost:5064/api/Check/Export/Juice?deviceTypeId=9&inputTime=2025-07-16&shift=0&lineId=1 - - - 
2025-07-18 13:24:14.4155 INFO Executing endpoint 'Cola.Controllers.CheckController.ExportToExcel2 (Cola)' 
2025-07-18 13:24:14.4155 INFO Route matched with {action = "ExportToExcel2", controller = "Check"}. Executing controller action with signature System.Threading.Tasks.Task`1[Microsoft.AspNetCore.Mvc.IActionResult] ExportToExcel2(Int32, System.DateTime, Int32, Int32) on controller Cola.Controllers.CheckController (Cola). 
2025-07-18 13:24:14.4599 INFO 开始获取设备 9,10,11 在 07/16/2025 00:00:00 的整点检查数据 
2025-07-18 13:24:14.5677 INFO 开始获取设备 9,10,11 在 07/16/2025 00:00:00 的整点报警数据 
2025-07-18 13:25:02.5490 INFO Executing FileContentResult, sending file with download name '果肉杀菌在线混合记录表.xlsx' ... 
2025-07-18 13:25:02.5490 INFO Executed action Cola.Controllers.CheckController.ExportToExcel2 (Cola) in 48127.9271ms 
2025-07-18 13:25:02.5490 INFO Executed endpoint 'Cola.Controllers.CheckController.ExportToExcel2 (Cola)' 
2025-07-18 13:25:02.5490 INFO Request finished HTTP/1.1 GET http://localhost:5064/api/Check/Export/Juice?deviceTypeId=9&inputTime=2025-07-16&shift=0&lineId=1 - 200 10906 application/vnd.openxmlformats-officedocument.spreadsheetml.sheet 48134.2162ms 
2025-07-18 13:26:00.9617 INFO === Cola服务启动于 07/18/2025 13:26:00 +08:00 === 
2025-07-18 13:26:00.9617 INFO 数据库连接配置: Host=8.141.80.120, Port=5432, Database=cola, User=cwq 
2025-07-18 13:26:01.2388 INFO Now listening on: http://localhost:5064 
2025-07-18 13:26:01.3082 INFO Application started. Press Ctrl+C to shut down. 
2025-07-18 13:26:01.3082 INFO Hosting environment: Development 
2025-07-18 13:26:01.3082 INFO Content root path: D:\cwq\MyCode\Cola_ AsepticLine\Cola 
2025-07-18 13:26:02.0726 INFO Request starting HTTP/1.1 GET http://localhost:5064/swagger/index.html - - - 
2025-07-18 13:26:02.3059 INFO Request finished HTTP/1.1 GET http://localhost:5064/swagger/index.html - 200 - text/html;charset=utf-8 240.9962ms 
2025-07-18 13:26:02.3059 INFO Request starting HTTP/1.1 GET http://localhost:5064/_framework/aspnetcore-browser-refresh.js - - - 
2025-07-18 13:26:02.3059 INFO Request finished HTTP/1.1 GET http://localhost:5064/_framework/aspnetcore-browser-refresh.js - 200 16493 application/javascript;+charset=utf-8 4.0558ms 
2025-07-18 13:26:02.3227 INFO Request starting HTTP/1.1 GET http://localhost:5064/_vs/browserLink - - - 
2025-07-18 13:26:02.3932 INFO Request finished HTTP/1.1 GET http://localhost:5064/_vs/browserLink - 200 - text/javascript;+charset=UTF-8 70.5714ms 
2025-07-18 13:26:02.4835 INFO Request starting HTTP/1.1 GET http://localhost:5064/swagger/v1/swagger.json - - - 
2025-07-18 13:26:02.4944 INFO Request finished HTTP/1.1 GET http://localhost:5064/swagger/v1/swagger.json - 200 - application/json;charset=utf-8 10.9899ms 
2025-07-18 13:26:53.7026 INFO Request starting HTTP/1.1 GET http://localhost:5064/api/Check/Export/Juice?deviceTypeId=9&inputTime=2025-07-13&shift=0&lineId=1 - - - 
2025-07-18 13:26:53.7298 WARN Failed to determine the https port for redirect. 
2025-07-18 13:26:53.7844 INFO Executing endpoint 'Cola.Controllers.CheckController.ExportToExcel2 (Cola)' 
2025-07-18 13:26:53.8463 INFO Route matched with {action = "ExportToExcel2", controller = "Check"}. Executing controller action with signature System.Threading.Tasks.Task`1[Microsoft.AspNetCore.Mvc.IActionResult] ExportToExcel2(Int32, System.DateTime, Int32, Int32) on controller Cola.Controllers.CheckController (Cola). 
2025-07-18 13:26:55.2959 INFO 开始获取设备 9,10,11 在 07/13/2025 00:00:00 的整点检查数据 
2025-07-18 13:26:55.5165 INFO 开始获取设备 9,10,11 在 07/13/2025 00:00:00 的整点报警数据 
2025-07-18 13:27:00.6032 INFO Executing FileContentResult, sending file with download name '果肉杀菌在线混合记录表.xlsx' ... 
2025-07-18 13:27:00.6032 INFO Executed action Cola.Controllers.CheckController.ExportToExcel2 (Cola) in 6761.2409ms 
2025-07-18 13:27:00.6032 INFO Executed endpoint 'Cola.Controllers.CheckController.ExportToExcel2 (Cola)' 
2025-07-18 13:27:00.6181 INFO Request finished HTTP/1.1 GET http://localhost:5064/api/Check/Export/Juice?deviceTypeId=9&inputTime=2025-07-13&shift=0&lineId=1 - 200 10546 application/vnd.openxmlformats-officedocument.spreadsheetml.sheet 6920.8328ms 
2025-07-18 13:38:42.2724 INFO Request starting HTTP/1.1 GET http://localhost:5064/api/Check/Export/Juice?deviceTypeId=9&inputTime=2025-07-13&shift=0&lineId=1 - - - 
2025-07-18 13:38:42.2807 INFO Executing endpoint 'Cola.Controllers.CheckController.ExportToExcel2 (Cola)' 
2025-07-18 13:38:42.2807 INFO Route matched with {action = "ExportToExcel2", controller = "Check"}. Executing controller action with signature System.Threading.Tasks.Task`1[Microsoft.AspNetCore.Mvc.IActionResult] ExportToExcel2(Int32, System.DateTime, Int32, Int32) on controller Cola.Controllers.CheckController (Cola). 
2025-07-18 13:38:42.3924 INFO 开始获取设备 9,10,11 在 07/13/2025 00:00:00 的整点检查数据 
2025-07-18 13:38:42.4954 INFO 开始获取设备 9,10,11 在 07/13/2025 00:00:00 的整点报警数据 
2025-07-18 13:42:10.1341 INFO Executing FileContentResult, sending file with download name '果肉杀菌在线混合记录表.xlsx' ... 
2025-07-18 13:42:10.1341 INFO Executed action Cola.Controllers.CheckController.ExportToExcel2 (Cola) in 207852.9277ms 
2025-07-18 13:42:10.1341 INFO Executed endpoint 'Cola.Controllers.CheckController.ExportToExcel2 (Cola)' 
2025-07-18 13:42:10.1341 INFO Request finished HTTP/1.1 GET http://localhost:5064/api/Check/Export/Juice?deviceTypeId=9&inputTime=2025-07-13&shift=0&lineId=1 - 200 10546 application/vnd.openxmlformats-officedocument.spreadsheetml.sheet 207865.1142ms 
2025-07-18 13:42:11.8300 INFO Request starting HTTP/1.1 GET http://localhost:5064/api/Check/Export/Juice?deviceTypeId=9&inputTime=2025-07-13&shift=0&lineId=1 - - - 
2025-07-18 13:42:11.8300 INFO Executing endpoint 'Cola.Controllers.CheckController.ExportToExcel2 (Cola)' 
2025-07-18 13:42:11.8300 INFO Route matched with {action = "ExportToExcel2", controller = "Check"}. Executing controller action with signature System.Threading.Tasks.Task`1[Microsoft.AspNetCore.Mvc.IActionResult] ExportToExcel2(Int32, System.DateTime, Int32, Int32) on controller Cola.Controllers.CheckController (Cola). 
2025-07-18 13:42:11.8649 INFO 开始获取设备 9,10,11 在 07/13/2025 00:00:00 的整点检查数据 
2025-07-18 13:42:11.9559 INFO 开始获取设备 9,10,11 在 07/13/2025 00:00:00 的整点报警数据 
2025-07-18 13:47:56.0682 INFO Executing FileContentResult, sending file with download name '果肉杀菌在线混合记录表.xlsx' ... 
2025-07-18 13:47:56.0682 INFO Executed action Cola.Controllers.CheckController.ExportToExcel2 (Cola) in 344236.7704ms 
2025-07-18 13:47:56.0682 INFO Executed endpoint 'Cola.Controllers.CheckController.ExportToExcel2 (Cola)' 
2025-07-18 13:47:56.0682 INFO Request finished HTTP/1.1 GET http://localhost:5064/api/Check/Export/Juice?deviceTypeId=9&inputTime=2025-07-13&shift=0&lineId=1 - 200 10546 application/vnd.openxmlformats-officedocument.spreadsheetml.sheet 344238.7562ms 
