2025-04-21 11:34:12.6008 INFO Now listening on: https://localhost:7086 
2025-04-21 11:34:12.6061 INFO Now listening on: http://localhost:5064 
2025-04-21 11:34:12.6466 INFO Application started. Press Ctrl+C to shut down. 
2025-04-21 11:34:12.6466 INFO Hosting environment: Development 
2025-04-21 11:34:12.6466 INFO Content root path: D:\cwq\MyCode\Cola_ AsepticLine\Cola 
2025-04-21 11:34:30.4110 INFO Request starting HTTP/2 GET https://localhost:7086/swagger - - - 
2025-04-21 11:34:30.5465 INFO Request finished HTTP/2 GET https://localhost:7086/swagger - 301 0 - 141.1930ms 
2025-04-21 11:34:30.5465 INFO Request starting HTTP/2 GET https://localhost:7086/swagger/index.html - - - 
2025-04-21 11:34:30.6172 INFO Request finished HTTP/2 GET https://localhost:7086/swagger/index.html - 200 - text/html;charset=utf-8 63.7086ms 
2025-04-21 11:34:30.6172 INFO Request starting HTTP/2 GET https://localhost:7086/swagger/swagger-ui-bundle.js - - - 
2025-04-21 11:34:30.6172 INFO Request starting HTTP/2 GET https://localhost:7086/swagger/swagger-ui.css - - - 
2025-04-21 11:34:30.6172 INFO Request starting HTTP/2 GET https://localhost:7086/swagger/swagger-ui-standalone-preset.js - - - 
2025-04-21 11:34:30.6172 INFO Request starting HTTP/2 GET https://localhost:7086/_framework/aspnetcore-browser-refresh.js - - - 
2025-04-21 11:34:30.6172 INFO Request starting HTTP/2 GET https://localhost:7086/_vs/browserLink - - - 
2025-04-21 11:34:30.6437 INFO Request finished HTTP/2 GET https://localhost:7086/_framework/aspnetcore-browser-refresh.js - 200 13760 application/javascript;+charset=utf-8 23.1210ms 
2025-04-21 11:34:30.6742 INFO Sending file. Request path: '/swagger-ui.css'. Physical path: 'N/A' 
2025-04-21 11:34:30.6742 INFO Sending file. Request path: '/swagger-ui-standalone-preset.js'. Physical path: 'N/A' 
2025-04-21 11:34:30.6742 INFO Request finished HTTP/2 GET https://localhost:7086/swagger/swagger-ui-standalone-preset.js - 200 339486 text/javascript 57.5558ms 
2025-04-21 11:34:30.6742 INFO Request finished HTTP/2 GET https://localhost:7086/swagger/swagger-ui.css - 200 143943 text/css 57.7861ms 
2025-04-21 11:34:30.6742 INFO Sending file. Request path: '/swagger-ui-bundle.js'. Physical path: 'N/A' 
2025-04-21 11:34:30.6742 INFO Request finished HTTP/2 GET https://localhost:7086/swagger/swagger-ui-bundle.js - 200 1096145 text/javascript 60.1177ms 
2025-04-21 11:34:31.5245 INFO Request finished HTTP/2 GET https://localhost:7086/_vs/browserLink - 200 - text/javascript;+charset=UTF-8 902.9146ms 
2025-04-21 11:34:31.5670 INFO Request starting HTTP/2 GET https://localhost:7086/swagger/v1/swagger.json - - - 
2025-04-21 11:34:31.5769 INFO Request finished HTTP/2 GET https://localhost:7086/swagger/v1/swagger.json - 200 - application/json;charset=utf-8 10.1142ms 
2025-04-21 11:34:31.6947 INFO Request starting HTTP/2 GET https://localhost:7086/swagger/favicon-32x32.png - - - 
2025-04-21 11:34:31.6947 INFO Sending file. Request path: '/favicon-32x32.png'. Physical path: 'N/A' 
2025-04-21 11:34:31.6947 INFO Request finished HTTP/2 GET https://localhost:7086/swagger/favicon-32x32.png - 200 628 image/png 1.1011ms 
2025-04-21 11:35:02.4382 INFO Request starting HTTP/2 GET https://localhost:7086/api/Report/history?inputTime=2025-04-17%2016%3A32&lineID=1 - - - 
2025-04-21 11:35:02.4604 INFO Executing endpoint 'Cola.Controllers.ReportController.GetReportDataByInputTime (Cola)' 
2025-04-21 11:35:02.4817 INFO Route matched with {action = "GetReportDataByInputTime", controller = "Report"}. Executing controller action with signature System.Threading.Tasks.Task`1[Microsoft.AspNetCore.Mvc.IActionResult] GetReportDataByInputTime(System.Nullable`1[System.DateTime], Int32) on controller Cola.Controllers.ReportController (Cola). 
2025-04-21 11:35:03.4764 INFO 开始获取检查参数数据 
2025-04-21 11:35:03.4764 INFO Latest Update Time: 04/17/2025 16:32:00 
2025-04-21 11:35:04.0898 INFO 成功获取检查参数数据，数量：7 
2025-04-21 11:35:04.3910 ERROR 获取检查参数数据时发生错误 System.Exception: 42P01: relation "clean_state" does not exist
 ---> Npgsql.PostgresException (0x80004005): 42P01: relation "clean_state" does not exist
   at Npgsql.NpgsqlConnector.<ReadMessage>g__ReadMessageLong|194_0(NpgsqlConnector connector, Boolean async, DataRowLoadingMode dataRowLoadingMode, Boolean readingNotifications, Boolean isReadingPrependedMessage)
   at Npgsql.NpgsqlDataReader.NextResult(Boolean async, Boolean isConsuming, CancellationToken cancellationToken)
   at Npgsql.NpgsqlCommand.ExecuteReader(CommandBehavior behavior, Boolean async, CancellationToken cancellationToken)
   at Npgsql.NpgsqlCommand.ExecuteReader(CommandBehavior behavior, Boolean async, CancellationToken cancellationToken)
   at Npgsql.NpgsqlCommand.ExecuteDbDataReaderAsync(CommandBehavior behavior, CancellationToken cancellationToken)
   at FreeSql.Internal.CommonProvider.AdoProvider.ExecuteReaderMultipleAsync(Int32 multipleResult, DbConnection connection, DbTransaction transaction, Func`3 fetchHandler, Action`2 schemaHandler, CommandType cmdType, String cmdText, Int32 cmdTimeout, DbParameter[] cmdParms, CancellationToken cancellationToken)
  Exception data:
    Severity: ERROR
    SqlState: 42P01
    MessageText: relation "clean_state" does not exist
    Position: 60
    File: parse_relation.c
    Line: 1381
    Routine: parserOpenTable
   --- End of inner exception stack trace ---
   at FreeSql.Internal.CommonProvider.AdoProvider.LoggerException(IObjectPool`1 pool, PrepareCommandResult pc, Exception ex, DateTime dt, StringBuilder logtxt, Boolean isThrowException)
   at FreeSql.Internal.CommonProvider.AdoProvider.ExecuteReaderMultipleAsync(Int32 multipleResult, DbConnection connection, DbTransaction transaction, Func`3 fetchHandler, Action`2 schemaHandler, CommandType cmdType, String cmdText, Int32 cmdTimeout, DbParameter[] cmdParms, CancellationToken cancellationToken)
   at FreeSql.Internal.CommonProvider.Select0Provider`2.ToListAfPrivateAsync(String sql, GetAllFieldExpressionTreeInfo af, ReadAnonymousTypeOtherInfo[] otherData, CancellationToken cancellationToken)
   at Cola.Controllers.ReportController.GetReportDataByInputTime(Nullable`1 inputTime, Int32 lineID) in D:\cwq\MyCode\Cola_ AsepticLine\Cola\Controllers\ReportController.cs:line 70
2025-04-21 11:35:04.3910 INFO Executing ObjectResult, writing value of type 'Cola.Model.ApiResponse`1[[System.Object, System.Private.CoreLib, Version=8.0.0.0, Culture=neutral, PublicKeyToken=7cec85d7bea7798e]]'. 
2025-04-21 11:35:04.4587 INFO Executed action Cola.Controllers.ReportController.GetReportDataByInputTime (Cola) in 1973.3872ms 
2025-04-21 11:35:04.4587 INFO Executed endpoint 'Cola.Controllers.ReportController.GetReportDataByInputTime (Cola)' 
2025-04-21 11:35:04.4587 INFO Request finished HTTP/2 GET https://localhost:7086/api/Report/history?inputTime=2025-04-17%2016%3A32&lineID=1 - 500 58 application/json;+charset=utf-8 2021.5517ms 
2025-04-21 11:35:19.1238 INFO Request starting HTTP/2 GET https://localhost:7086/api/Report/history?inputTime=2025-04-17%2016%3A32&lineID=1 - - - 
2025-04-21 11:35:19.1238 INFO Executing endpoint 'Cola.Controllers.ReportController.GetReportDataByInputTime (Cola)' 
2025-04-21 11:35:19.1238 INFO Route matched with {action = "GetReportDataByInputTime", controller = "Report"}. Executing controller action with signature System.Threading.Tasks.Task`1[Microsoft.AspNetCore.Mvc.IActionResult] GetReportDataByInputTime(System.Nullable`1[System.DateTime], Int32) on controller Cola.Controllers.ReportController (Cola). 
2025-04-21 11:35:19.1238 INFO 开始获取检查参数数据 
2025-04-21 11:35:19.1238 INFO Latest Update Time: 04/17/2025 16:32:00 
2025-04-21 11:35:19.1422 INFO 成功获取检查参数数据，数量：7 
2025-04-21 13:03:45.8054 INFO Now listening on: https://localhost:7086 
2025-04-21 13:03:45.8054 INFO Now listening on: http://localhost:5064 
2025-04-21 13:03:45.8370 INFO Application started. Press Ctrl+C to shut down. 
2025-04-21 13:03:45.8370 INFO Hosting environment: Development 
2025-04-21 13:03:45.8370 INFO Content root path: D:\cwq\MyCode\Cola_ AsepticLine\Cola 
2025-04-21 13:03:46.3015 INFO Request starting HTTP/2 GET https://localhost:7086/swagger - - - 
2025-04-21 13:03:46.3520 INFO Request finished HTTP/2 GET https://localhost:7086/swagger - 301 0 - 50.2596ms 
2025-04-21 13:03:46.3520 INFO Request starting HTTP/2 GET https://localhost:7086/swagger/index.html - - - 
2025-04-21 13:03:46.3860 INFO Request finished HTTP/2 GET https://localhost:7086/swagger/index.html - 200 - text/html;charset=utf-8 30.8317ms 
2025-04-21 13:03:46.3880 INFO Request starting HTTP/2 GET https://localhost:7086/swagger/swagger-ui.css - - - 
2025-04-21 13:03:46.3880 INFO Request starting HTTP/2 GET https://localhost:7086/swagger/swagger-ui-standalone-preset.js - - - 
2025-04-21 13:03:46.3880 INFO Request starting HTTP/2 GET https://localhost:7086/swagger/swagger-ui-bundle.js - - - 
2025-04-21 13:03:46.3880 INFO Request starting HTTP/2 GET https://localhost:7086/_framework/aspnetcore-browser-refresh.js - - - 
2025-04-21 13:03:46.3880 INFO Request starting HTTP/2 GET https://localhost:7086/_vs/browserLink - - - 
2025-04-21 13:03:46.3880 INFO Request finished HTTP/2 GET https://localhost:7086/_framework/aspnetcore-browser-refresh.js - 200 13760 application/javascript;+charset=utf-8 1.7326ms 
2025-04-21 13:03:46.3880 INFO Sending file. Request path: '/swagger-ui.css'. Physical path: 'N/A' 
2025-04-21 13:03:46.3880 INFO Sending file. Request path: '/swagger-ui-standalone-preset.js'. Physical path: 'N/A' 
2025-04-21 13:03:46.3880 INFO Sending file. Request path: '/swagger-ui-bundle.js'. Physical path: 'N/A' 
2025-04-21 13:03:46.3880 INFO Request finished HTTP/2 GET https://localhost:7086/swagger/swagger-ui-bundle.js - 200 1096145 text/javascript 11.0963ms 
2025-04-21 13:03:46.3880 INFO Request finished HTTP/2 GET https://localhost:7086/swagger/swagger-ui.css - 200 143943 text/css 11.1507ms 
2025-04-21 13:03:46.3880 INFO Request finished HTTP/2 GET https://localhost:7086/swagger/swagger-ui-standalone-preset.js - 200 339486 text/javascript 11.1004ms 
2025-04-21 13:03:46.4071 INFO Request finished HTTP/2 GET https://localhost:7086/_vs/browserLink - 200 - text/javascript;+charset=UTF-8 17.5450ms 
2025-04-21 13:03:46.5189 INFO Request starting HTTP/2 GET https://localhost:7086/swagger/v1/swagger.json - - - 
2025-04-21 13:03:46.5189 INFO Request finished HTTP/2 GET https://localhost:7086/swagger/v1/swagger.json - 200 - application/json;charset=utf-8 4.3541ms 
2025-04-21 13:03:59.8323 INFO Request starting HTTP/2 GET https://localhost:7086/api/Report/history?inputTime=2025-04-17%2016%3A32&lineID=1 - - - 
2025-04-21 13:03:59.8439 INFO Executing endpoint 'Cola.Controllers.ReportController.GetReportDataByInputTime (Cola)' 
2025-04-21 13:03:59.8439 INFO Route matched with {action = "GetReportDataByInputTime", controller = "Report"}. Executing controller action with signature System.Threading.Tasks.Task`1[Microsoft.AspNetCore.Mvc.IActionResult] GetReportDataByInputTime(System.Nullable`1[System.DateTime], Int32) on controller Cola.Controllers.ReportController (Cola). 
2025-04-21 13:04:00.8392 INFO 开始获取检查参数数据 
2025-04-21 13:04:00.8392 INFO Latest Update Time: 04/17/2025 16:32:00 
2025-04-21 13:04:01.3011 INFO 成功获取检查参数数据，数量：7 
2025-04-21 13:04:01.4159 ERROR 获取检查参数数据时发生错误 System.Exception: 42P01: relation "clean_state" does not exist
 ---> Npgsql.PostgresException (0x80004005): 42P01: relation "clean_state" does not exist
   at Npgsql.NpgsqlConnector.<ReadMessage>g__ReadMessageLong|194_0(NpgsqlConnector connector, Boolean async, DataRowLoadingMode dataRowLoadingMode, Boolean readingNotifications, Boolean isReadingPrependedMessage)
   at Npgsql.NpgsqlDataReader.NextResult(Boolean async, Boolean isConsuming, CancellationToken cancellationToken)
   at Npgsql.NpgsqlCommand.ExecuteReader(CommandBehavior behavior, Boolean async, CancellationToken cancellationToken)
   at Npgsql.NpgsqlCommand.ExecuteReader(CommandBehavior behavior, Boolean async, CancellationToken cancellationToken)
   at Npgsql.NpgsqlCommand.ExecuteDbDataReaderAsync(CommandBehavior behavior, CancellationToken cancellationToken)
   at FreeSql.Internal.CommonProvider.AdoProvider.ExecuteReaderMultipleAsync(Int32 multipleResult, DbConnection connection, DbTransaction transaction, Func`3 fetchHandler, Action`2 schemaHandler, CommandType cmdType, String cmdText, Int32 cmdTimeout, DbParameter[] cmdParms, CancellationToken cancellationToken)
  Exception data:
    Severity: ERROR
    SqlState: 42P01
    MessageText: relation "clean_state" does not exist
    Position: 60
    File: parse_relation.c
    Line: 1381
    Routine: parserOpenTable
   --- End of inner exception stack trace ---
   at FreeSql.Internal.CommonProvider.AdoProvider.LoggerException(IObjectPool`1 pool, PrepareCommandResult pc, Exception ex, DateTime dt, StringBuilder logtxt, Boolean isThrowException)
   at FreeSql.Internal.CommonProvider.AdoProvider.ExecuteReaderMultipleAsync(Int32 multipleResult, DbConnection connection, DbTransaction transaction, Func`3 fetchHandler, Action`2 schemaHandler, CommandType cmdType, String cmdText, Int32 cmdTimeout, DbParameter[] cmdParms, CancellationToken cancellationToken)
   at FreeSql.Internal.CommonProvider.Select0Provider`2.ToListAfPrivateAsync(String sql, GetAllFieldExpressionTreeInfo af, ReadAnonymousTypeOtherInfo[] otherData, CancellationToken cancellationToken)
   at Cola.Controllers.ReportController.GetReportDataByInputTime(Nullable`1 inputTime, Int32 lineID) in D:\cwq\MyCode\Cola_ AsepticLine\Cola\Controllers\ReportController.cs:line 75
2025-04-21 13:04:01.4159 INFO Executing ObjectResult, writing value of type 'Cola.Model.ApiResponse`1[[System.Object, System.Private.CoreLib, Version=8.0.0.0, Culture=neutral, PublicKeyToken=7cec85d7bea7798e]]'. 
2025-04-21 13:04:01.4517 INFO Executed action Cola.Controllers.ReportController.GetReportDataByInputTime (Cola) in 1592.7044ms 
2025-04-21 13:04:01.4517 INFO Executed endpoint 'Cola.Controllers.ReportController.GetReportDataByInputTime (Cola)' 
2025-04-21 13:04:01.4517 INFO Request finished HTTP/2 GET https://localhost:7086/api/Report/history?inputTime=2025-04-17%2016%3A32&lineID=1 - 500 58 application/json;+charset=utf-8 1619.9102ms 
2025-04-21 13:04:22.9052 INFO Request starting HTTP/2 GET https://localhost:7086/api/Report/history?inputTime=2025-04-17%2016%3A32&lineID=1 - - - 
2025-04-21 13:04:22.9052 INFO Executing endpoint 'Cola.Controllers.ReportController.GetReportDataByInputTime (Cola)' 
2025-04-21 13:04:22.9052 INFO Route matched with {action = "GetReportDataByInputTime", controller = "Report"}. Executing controller action with signature System.Threading.Tasks.Task`1[Microsoft.AspNetCore.Mvc.IActionResult] GetReportDataByInputTime(System.Nullable`1[System.DateTime], Int32) on controller Cola.Controllers.ReportController (Cola). 
2025-04-21 13:04:22.9052 INFO 开始获取检查参数数据 
2025-04-21 13:04:22.9052 INFO Latest Update Time: 04/17/2025 16:32:00 
2025-04-21 13:04:22.9260 INFO 成功获取检查参数数据，数量：7 
2025-04-21 13:04:22.9753 ERROR 获取检查参数数据时发生错误 System.Exception: 42P01: relation "clean_state" does not exist
 ---> Npgsql.PostgresException (0x80004005): 42P01: relation "clean_state" does not exist
   at Npgsql.NpgsqlConnector.<ReadMessage>g__ReadMessageLong|194_0(NpgsqlConnector connector, Boolean async, DataRowLoadingMode dataRowLoadingMode, Boolean readingNotifications, Boolean isReadingPrependedMessage)
   at Npgsql.NpgsqlDataReader.NextResult(Boolean async, Boolean isConsuming, CancellationToken cancellationToken)
   at Npgsql.NpgsqlCommand.ExecuteReader(CommandBehavior behavior, Boolean async, CancellationToken cancellationToken)
   at Npgsql.NpgsqlCommand.ExecuteReader(CommandBehavior behavior, Boolean async, CancellationToken cancellationToken)
   at Npgsql.NpgsqlCommand.ExecuteDbDataReaderAsync(CommandBehavior behavior, CancellationToken cancellationToken)
   at FreeSql.Internal.CommonProvider.AdoProvider.ExecuteReaderMultipleAsync(Int32 multipleResult, DbConnection connection, DbTransaction transaction, Func`3 fetchHandler, Action`2 schemaHandler, CommandType cmdType, String cmdText, Int32 cmdTimeout, DbParameter[] cmdParms, CancellationToken cancellationToken)
  Exception data:
    Severity: ERROR
    SqlState: 42P01
    MessageText: relation "clean_state" does not exist
    Position: 60
    File: parse_relation.c
    Line: 1381
    Routine: parserOpenTable
   --- End of inner exception stack trace ---
   at FreeSql.Internal.CommonProvider.AdoProvider.LoggerException(IObjectPool`1 pool, PrepareCommandResult pc, Exception ex, DateTime dt, StringBuilder logtxt, Boolean isThrowException)
   at FreeSql.Internal.CommonProvider.AdoProvider.ExecuteReaderMultipleAsync(Int32 multipleResult, DbConnection connection, DbTransaction transaction, Func`3 fetchHandler, Action`2 schemaHandler, CommandType cmdType, String cmdText, Int32 cmdTimeout, DbParameter[] cmdParms, CancellationToken cancellationToken)
   at FreeSql.Internal.CommonProvider.Select0Provider`2.ToListAfPrivateAsync(String sql, GetAllFieldExpressionTreeInfo af, ReadAnonymousTypeOtherInfo[] otherData, CancellationToken cancellationToken)
   at Cola.Controllers.ReportController.GetReportDataByInputTime(Nullable`1 inputTime, Int32 lineID) in D:\cwq\MyCode\Cola_ AsepticLine\Cola\Controllers\ReportController.cs:line 75
2025-04-21 13:04:22.9753 INFO Executing ObjectResult, writing value of type 'Cola.Model.ApiResponse`1[[System.Object, System.Private.CoreLib, Version=8.0.0.0, Culture=neutral, PublicKeyToken=7cec85d7bea7798e]]'. 
2025-04-21 13:04:22.9753 INFO Executed action Cola.Controllers.ReportController.GetReportDataByInputTime (Cola) in 68.8982ms 
2025-04-21 13:04:22.9753 INFO Executed endpoint 'Cola.Controllers.ReportController.GetReportDataByInputTime (Cola)' 
2025-04-21 13:04:22.9753 INFO Request finished HTTP/2 GET https://localhost:7086/api/Report/history?inputTime=2025-04-17%2016%3A32&lineID=1 - 500 58 application/json;+charset=utf-8 70.8266ms 
2025-04-21 13:04:45.1794 INFO Request starting HTTP/2 GET https://localhost:7086/api/Report/history?inputTime=2025-04-17%2016%3A32&lineID=1 - - - 
2025-04-21 13:04:45.1794 INFO Executing endpoint 'Cola.Controllers.ReportController.GetReportDataByInputTime (Cola)' 
2025-04-21 13:04:45.1794 INFO Route matched with {action = "GetReportDataByInputTime", controller = "Report"}. Executing controller action with signature System.Threading.Tasks.Task`1[Microsoft.AspNetCore.Mvc.IActionResult] GetReportDataByInputTime(System.Nullable`1[System.DateTime], Int32) on controller Cola.Controllers.ReportController (Cola). 
2025-04-21 13:04:45.1794 INFO 开始获取检查参数数据 
2025-04-21 13:04:45.1794 INFO Latest Update Time: 04/17/2025 16:32:00 
2025-04-21 13:04:45.1998 INFO 成功获取检查参数数据，数量：7 
2025-04-21 13:04:45.2651 ERROR 获取检查参数数据时发生错误 System.Exception: 42P01: relation "clean_state" does not exist
 ---> Npgsql.PostgresException (0x80004005): 42P01: relation "clean_state" does not exist
   at Npgsql.NpgsqlConnector.<ReadMessage>g__ReadMessageLong|194_0(NpgsqlConnector connector, Boolean async, DataRowLoadingMode dataRowLoadingMode, Boolean readingNotifications, Boolean isReadingPrependedMessage)
   at Npgsql.NpgsqlDataReader.NextResult(Boolean async, Boolean isConsuming, CancellationToken cancellationToken)
   at Npgsql.NpgsqlCommand.ExecuteReader(CommandBehavior behavior, Boolean async, CancellationToken cancellationToken)
   at Npgsql.NpgsqlCommand.ExecuteReader(CommandBehavior behavior, Boolean async, CancellationToken cancellationToken)
   at Npgsql.NpgsqlCommand.ExecuteDbDataReaderAsync(CommandBehavior behavior, CancellationToken cancellationToken)
   at FreeSql.Internal.CommonProvider.AdoProvider.ExecuteReaderMultipleAsync(Int32 multipleResult, DbConnection connection, DbTransaction transaction, Func`3 fetchHandler, Action`2 schemaHandler, CommandType cmdType, String cmdText, Int32 cmdTimeout, DbParameter[] cmdParms, CancellationToken cancellationToken)
  Exception data:
    Severity: ERROR
    SqlState: 42P01
    MessageText: relation "clean_state" does not exist
    Position: 60
    File: parse_relation.c
    Line: 1381
    Routine: parserOpenTable
   --- End of inner exception stack trace ---
   at FreeSql.Internal.CommonProvider.AdoProvider.LoggerException(IObjectPool`1 pool, PrepareCommandResult pc, Exception ex, DateTime dt, StringBuilder logtxt, Boolean isThrowException)
   at FreeSql.Internal.CommonProvider.AdoProvider.ExecuteReaderMultipleAsync(Int32 multipleResult, DbConnection connection, DbTransaction transaction, Func`3 fetchHandler, Action`2 schemaHandler, CommandType cmdType, String cmdText, Int32 cmdTimeout, DbParameter[] cmdParms, CancellationToken cancellationToken)
   at FreeSql.Internal.CommonProvider.Select0Provider`2.ToListAfPrivateAsync(String sql, GetAllFieldExpressionTreeInfo af, ReadAnonymousTypeOtherInfo[] otherData, CancellationToken cancellationToken)
   at Cola.Controllers.ReportController.GetReportDataByInputTime(Nullable`1 inputTime, Int32 lineID) in D:\cwq\MyCode\Cola_ AsepticLine\Cola\Controllers\ReportController.cs:line 75
2025-04-21 13:04:45.2651 INFO Executing ObjectResult, writing value of type 'Cola.Model.ApiResponse`1[[System.Object, System.Private.CoreLib, Version=8.0.0.0, Culture=neutral, PublicKeyToken=7cec85d7bea7798e]]'. 
2025-04-21 13:04:45.2651 INFO Executed action Cola.Controllers.ReportController.GetReportDataByInputTime (Cola) in 85.4195ms 
2025-04-21 13:04:45.2651 INFO Executed endpoint 'Cola.Controllers.ReportController.GetReportDataByInputTime (Cola)' 
2025-04-21 13:04:45.2651 INFO Request finished HTTP/2 GET https://localhost:7086/api/Report/history?inputTime=2025-04-17%2016%3A32&lineID=1 - 500 58 application/json;+charset=utf-8 86.2859ms 
2025-04-21 13:05:25.3109 INFO Now listening on: https://localhost:7086 
2025-04-21 13:05:25.3109 INFO Now listening on: http://localhost:5064 
2025-04-21 13:05:25.3535 INFO Application started. Press Ctrl+C to shut down. 
2025-04-21 13:05:25.3535 INFO Hosting environment: Development 
2025-04-21 13:05:25.3535 INFO Content root path: D:\cwq\MyCode\Cola_ AsepticLine\Cola 
2025-04-21 13:05:27.5669 INFO Request starting HTTP/2 GET https://localhost:7086/swagger - - - 
2025-04-21 13:05:27.7050 INFO Request finished HTTP/2 GET https://localhost:7086/swagger - 301 0 - 141.6740ms 
2025-04-21 13:05:27.7050 INFO Request starting HTTP/2 GET https://localhost:7086/swagger/index.html - - - 
2025-04-21 13:05:27.7685 INFO Request finished HTTP/2 GET https://localhost:7086/swagger/index.html - 200 - text/html;charset=utf-8 56.6067ms 
2025-04-21 13:05:27.7685 INFO Request starting HTTP/2 GET https://localhost:7086/swagger/swagger-ui.css - - - 
2025-04-21 13:05:27.7685 INFO Request starting HTTP/2 GET https://localhost:7086/swagger/swagger-ui-bundle.js - - - 
2025-04-21 13:05:27.7685 INFO Request starting HTTP/2 GET https://localhost:7086/swagger/swagger-ui-standalone-preset.js - - - 
2025-04-21 13:05:27.7806 INFO Request starting HTTP/2 GET https://localhost:7086/_vs/browserLink - - - 
2025-04-21 13:05:27.7806 INFO Request starting HTTP/2 GET https://localhost:7086/_framework/aspnetcore-browser-refresh.js - - - 
2025-04-21 13:05:27.7971 INFO Request finished HTTP/2 GET https://localhost:7086/_framework/aspnetcore-browser-refresh.js - 200 13760 application/javascript;+charset=utf-8 14.3385ms 
2025-04-21 13:05:27.8602 INFO Sending file. Request path: '/swagger-ui-standalone-preset.js'. Physical path: 'N/A' 
2025-04-21 13:05:27.8602 INFO Sending file. Request path: '/swagger-ui.css'. Physical path: 'N/A' 
2025-04-21 13:05:27.8602 INFO Request finished HTTP/2 GET https://localhost:7086/swagger/swagger-ui-standalone-preset.js - 200 339486 text/javascript 93.1432ms 
2025-04-21 13:05:27.8602 INFO Request finished HTTP/2 GET https://localhost:7086/swagger/swagger-ui.css - 200 143943 text/css 94.5986ms 
2025-04-21 13:05:27.8602 INFO Sending file. Request path: '/swagger-ui-bundle.js'. Physical path: 'N/A' 
2025-04-21 13:05:27.8602 INFO Request finished HTTP/2 GET https://localhost:7086/swagger/swagger-ui-bundle.js - 200 1096145 text/javascript 96.0733ms 
2025-04-21 13:05:27.8837 INFO Request finished HTTP/2 GET https://localhost:7086/_vs/browserLink - 200 - text/javascript;+charset=UTF-8 103.1140ms 
2025-04-21 13:05:28.0261 INFO Request starting HTTP/2 GET https://localhost:7086/swagger/v1/swagger.json - - - 
2025-04-21 13:05:28.0352 INFO Request finished HTTP/2 GET https://localhost:7086/swagger/v1/swagger.json - 200 - application/json;charset=utf-8 9.1320ms 
2025-04-21 13:05:39.8117 INFO Now listening on: https://localhost:7086 
2025-04-21 13:05:39.8117 INFO Now listening on: http://localhost:5064 
2025-04-21 13:05:39.8530 INFO Application started. Press Ctrl+C to shut down. 
2025-04-21 13:05:39.8530 INFO Hosting environment: Development 
2025-04-21 13:05:39.8530 INFO Content root path: D:\cwq\MyCode\Cola_ AsepticLine\Cola 
2025-04-21 13:05:41.7743 INFO Request starting HTTP/2 GET https://localhost:7086/swagger - - - 
2025-04-21 13:05:41.8996 INFO Request finished HTTP/2 GET https://localhost:7086/swagger - 301 0 - 129.8816ms 
2025-04-21 13:05:41.9059 INFO Request starting HTTP/2 GET https://localhost:7086/swagger/index.html - - - 
2025-04-21 13:05:41.9737 INFO Request finished HTTP/2 GET https://localhost:7086/swagger/index.html - 200 - text/html;charset=utf-8 67.9063ms 
2025-04-21 13:05:41.9737 INFO Request starting HTTP/2 GET https://localhost:7086/swagger/swagger-ui.css - - - 
2025-04-21 13:05:41.9737 INFO Request starting HTTP/2 GET https://localhost:7086/swagger/swagger-ui-bundle.js - - - 
2025-04-21 13:05:41.9737 INFO Request starting HTTP/2 GET https://localhost:7086/swagger/swagger-ui-standalone-preset.js - - - 
2025-04-21 13:05:41.9737 INFO Request starting HTTP/2 GET https://localhost:7086/_framework/aspnetcore-browser-refresh.js - - - 
2025-04-21 13:05:41.9737 INFO Request starting HTTP/2 GET https://localhost:7086/_vs/browserLink - - - 
2025-04-21 13:05:41.9969 INFO Request finished HTTP/2 GET https://localhost:7086/_framework/aspnetcore-browser-refresh.js - 200 13760 application/javascript;+charset=utf-8 16.6527ms 
2025-04-21 13:05:42.0340 INFO Sending file. Request path: '/swagger-ui-standalone-preset.js'. Physical path: 'N/A' 
2025-04-21 13:05:42.0340 INFO Sending file. Request path: '/swagger-ui.css'. Physical path: 'N/A' 
2025-04-21 13:05:42.0340 INFO Request finished HTTP/2 GET https://localhost:7086/swagger/swagger-ui-standalone-preset.js - 200 339486 text/javascript 60.4682ms 
2025-04-21 13:05:42.0340 INFO Request finished HTTP/2 GET https://localhost:7086/swagger/swagger-ui.css - 200 143943 text/css 60.6351ms 
2025-04-21 13:05:42.0340 INFO Sending file. Request path: '/swagger-ui-bundle.js'. Physical path: 'N/A' 
2025-04-21 13:05:42.0439 INFO Request finished HTTP/2 GET https://localhost:7086/swagger/swagger-ui-bundle.js - 200 1096145 text/javascript 65.5666ms 
2025-04-21 13:05:42.0439 INFO Request finished HTTP/2 GET https://localhost:7086/_vs/browserLink - 200 - text/javascript;+charset=UTF-8 77.6922ms 
2025-04-21 13:05:42.1957 INFO Request starting HTTP/2 GET https://localhost:7086/swagger/v1/swagger.json - - - 
2025-04-21 13:05:42.2039 INFO Request finished HTTP/2 GET https://localhost:7086/swagger/v1/swagger.json - 200 - application/json;charset=utf-8 8.2836ms 
2025-04-21 13:06:36.5388 INFO Request starting HTTP/2 GET https://localhost:7086/api/Report/history?inputTime=2025-04-17%2016%3A32&lineID=1 - - - 
2025-04-21 13:06:36.5910 INFO Executing endpoint 'Cola.Controllers.ReportController.GetReportDataByInputTime (Cola)' 
2025-04-21 13:06:36.6054 INFO Route matched with {action = "GetReportDataByInputTime", controller = "Report"}. Executing controller action with signature System.Threading.Tasks.Task`1[Microsoft.AspNetCore.Mvc.IActionResult] GetReportDataByInputTime(System.Nullable`1[System.DateTime], Int32) on controller Cola.Controllers.ReportController (Cola). 
2025-04-21 13:06:46.6788 INFO 开始获取检查参数数据 
2025-04-21 13:06:46.6788 INFO Latest Update Time: 04/17/2025 16:32:00 
2025-04-21 13:06:47.2420 INFO 成功获取检查参数数据，数量：7 
2025-04-21 13:12:01.1293 ERROR 获取检查参数数据时发生错误 System.Exception: 42P01: relation "clean_state" does not exist
 ---> Npgsql.PostgresException (0x80004005): 42P01: relation "clean_state" does not exist
   at Npgsql.NpgsqlConnector.<ReadMessage>g__ReadMessageLong|194_0(NpgsqlConnector connector, Boolean async, DataRowLoadingMode dataRowLoadingMode, Boolean readingNotifications, Boolean isReadingPrependedMessage)
   at Npgsql.NpgsqlDataReader.NextResult(Boolean async, Boolean isConsuming, CancellationToken cancellationToken)
   at Npgsql.NpgsqlCommand.ExecuteReader(CommandBehavior behavior, Boolean async, CancellationToken cancellationToken)
   at Npgsql.NpgsqlCommand.ExecuteReader(CommandBehavior behavior, Boolean async, CancellationToken cancellationToken)
   at Npgsql.NpgsqlCommand.ExecuteDbDataReaderAsync(CommandBehavior behavior, CancellationToken cancellationToken)
   at FreeSql.Internal.CommonProvider.AdoProvider.ExecuteReaderMultipleAsync(Int32 multipleResult, DbConnection connection, DbTransaction transaction, Func`3 fetchHandler, Action`2 schemaHandler, CommandType cmdType, String cmdText, Int32 cmdTimeout, DbParameter[] cmdParms, CancellationToken cancellationToken)
  Exception data:
    Severity: ERROR
    SqlState: 42P01
    MessageText: relation "clean_state" does not exist
    Position: 60
    File: parse_relation.c
    Line: 1381
    Routine: parserOpenTable
   --- End of inner exception stack trace ---
   at FreeSql.Internal.CommonProvider.AdoProvider.LoggerException(IObjectPool`1 pool, PrepareCommandResult pc, Exception ex, DateTime dt, StringBuilder logtxt, Boolean isThrowException)
   at FreeSql.Internal.CommonProvider.AdoProvider.ExecuteReaderMultipleAsync(Int32 multipleResult, DbConnection connection, DbTransaction transaction, Func`3 fetchHandler, Action`2 schemaHandler, CommandType cmdType, String cmdText, Int32 cmdTimeout, DbParameter[] cmdParms, CancellationToken cancellationToken)
   at FreeSql.Internal.CommonProvider.Select0Provider`2.ToListAfPrivateAsync(String sql, GetAllFieldExpressionTreeInfo af, ReadAnonymousTypeOtherInfo[] otherData, CancellationToken cancellationToken)
   at Cola.Controllers.ReportController.GetReportDataByInputTime(Nullable`1 inputTime, Int32 lineID) in D:\cwq\MyCode\Cola_ AsepticLine\Cola\Controllers\ReportController.cs:line 75
2025-04-21 13:12:01.1293 INFO Executing ObjectResult, writing value of type 'Cola.Model.ApiResponse`1[[System.Object, System.Private.CoreLib, Version=8.0.0.0, Culture=neutral, PublicKeyToken=7cec85d7bea7798e]]'. 
2025-04-21 13:12:01.1889 INFO Executed action Cola.Controllers.ReportController.GetReportDataByInputTime (Cola) in 324580.4019ms 
2025-04-21 13:12:01.1889 INFO Executed endpoint 'Cola.Controllers.ReportController.GetReportDataByInputTime (Cola)' 
2025-04-21 13:12:01.1889 INFO Request finished HTTP/2 GET https://localhost:7086/api/Report/history?inputTime=2025-04-17%2016%3A32&lineID=1 - 500 58 application/json;+charset=utf-8 324650.7698ms 
2025-04-21 13:12:06.3388 INFO Request starting HTTP/2 GET https://localhost:7086/api/Report/history?inputTime=2025-04-17%2016%3A32&lineID=2 - - - 
2025-04-21 13:12:06.3388 INFO Executing endpoint 'Cola.Controllers.ReportController.GetReportDataByInputTime (Cola)' 
2025-04-21 13:12:06.3388 INFO Route matched with {action = "GetReportDataByInputTime", controller = "Report"}. Executing controller action with signature System.Threading.Tasks.Task`1[Microsoft.AspNetCore.Mvc.IActionResult] GetReportDataByInputTime(System.Nullable`1[System.DateTime], Int32) on controller Cola.Controllers.ReportController (Cola). 
2025-04-21 13:12:06.3414 INFO 开始获取检查参数数据 
2025-04-21 13:12:06.3414 INFO Latest Update Time: 04/17/2025 16:32:00 
2025-04-21 13:12:06.3578 INFO 成功获取检查参数数据，数量：7 
2025-04-21 13:23:56.4844 ERROR 获取检查参数数据时发生错误 System.Exception: 42P01: relation "clean_state" does not exist
 ---> Npgsql.PostgresException (0x80004005): 42P01: relation "clean_state" does not exist
   at Npgsql.NpgsqlConnector.<ReadMessage>g__ReadMessageLong|194_0(NpgsqlConnector connector, Boolean async, DataRowLoadingMode dataRowLoadingMode, Boolean readingNotifications, Boolean isReadingPrependedMessage)
   at Npgsql.NpgsqlDataReader.NextResult(Boolean async, Boolean isConsuming, CancellationToken cancellationToken)
   at Npgsql.NpgsqlCommand.ExecuteReader(CommandBehavior behavior, Boolean async, CancellationToken cancellationToken)
   at Npgsql.NpgsqlCommand.ExecuteReader(CommandBehavior behavior, Boolean async, CancellationToken cancellationToken)
   at Npgsql.NpgsqlCommand.ExecuteDbDataReaderAsync(CommandBehavior behavior, CancellationToken cancellationToken)
   at FreeSql.Internal.CommonProvider.AdoProvider.ExecuteReaderMultipleAsync(Int32 multipleResult, DbConnection connection, DbTransaction transaction, Func`3 fetchHandler, Action`2 schemaHandler, CommandType cmdType, String cmdText, Int32 cmdTimeout, DbParameter[] cmdParms, CancellationToken cancellationToken)
  Exception data:
    Severity: ERROR
    SqlState: 42P01
    MessageText: relation "clean_state" does not exist
    Position: 60
    File: parse_relation.c
    Line: 1381
    Routine: parserOpenTable
   --- End of inner exception stack trace ---
   at FreeSql.Internal.CommonProvider.AdoProvider.LoggerException(IObjectPool`1 pool, PrepareCommandResult pc, Exception ex, DateTime dt, StringBuilder logtxt, Boolean isThrowException)
   at FreeSql.Internal.CommonProvider.AdoProvider.ExecuteReaderMultipleAsync(Int32 multipleResult, DbConnection connection, DbTransaction transaction, Func`3 fetchHandler, Action`2 schemaHandler, CommandType cmdType, String cmdText, Int32 cmdTimeout, DbParameter[] cmdParms, CancellationToken cancellationToken)
   at FreeSql.Internal.CommonProvider.Select0Provider`2.ToListAfPrivateAsync(String sql, GetAllFieldExpressionTreeInfo af, ReadAnonymousTypeOtherInfo[] otherData, CancellationToken cancellationToken)
   at Cola.Controllers.ReportController.GetReportDataByInputTime(Nullable`1 inputTime, Int32 lineID) in D:\cwq\MyCode\Cola_ AsepticLine\Cola\Controllers\ReportController.cs:line 75
2025-04-21 13:23:56.4844 INFO Executing ObjectResult, writing value of type 'Cola.Model.ApiResponse`1[[System.Object, System.Private.CoreLib, Version=8.0.0.0, Culture=neutral, PublicKeyToken=7cec85d7bea7798e]]'. 
2025-04-21 13:23:56.4844 INFO Executed action Cola.Controllers.ReportController.GetReportDataByInputTime (Cola) in 710144.8644ms 
2025-04-21 13:23:56.4844 INFO Executed endpoint 'Cola.Controllers.ReportController.GetReportDataByInputTime (Cola)' 
2025-04-21 13:23:56.4844 INFO Request finished HTTP/2 GET https://localhost:7086/api/Report/history?inputTime=2025-04-17%2016%3A32&lineID=2 - 500 58 application/json;+charset=utf-8 710147.0456ms 
2025-04-21 13:24:01.1393 INFO Request starting HTTP/2 GET https://localhost:7086/api/Report/history?inputTime=2025-04-17%2016%3A32&lineID=2 - - - 
2025-04-21 13:24:01.1393 INFO Executing endpoint 'Cola.Controllers.ReportController.GetReportDataByInputTime (Cola)' 
2025-04-21 13:24:01.1393 INFO Route matched with {action = "GetReportDataByInputTime", controller = "Report"}. Executing controller action with signature System.Threading.Tasks.Task`1[Microsoft.AspNetCore.Mvc.IActionResult] GetReportDataByInputTime(System.Nullable`1[System.DateTime], Int32) on controller Cola.Controllers.ReportController (Cola). 
2025-04-21 13:24:01.1393 INFO 开始获取检查参数数据 
2025-04-21 13:24:01.1393 INFO Latest Update Time: 04/17/2025 16:32:00 
2025-04-21 13:24:01.1665 INFO 成功获取检查参数数据，数量：7 
2025-04-21 13:24:25.6548 ERROR 获取检查参数数据时发生错误 System.Exception: 42P01: relation "clean_state" does not exist
 ---> Npgsql.PostgresException (0x80004005): 42P01: relation "clean_state" does not exist
   at Npgsql.NpgsqlConnector.<ReadMessage>g__ReadMessageLong|194_0(NpgsqlConnector connector, Boolean async, DataRowLoadingMode dataRowLoadingMode, Boolean readingNotifications, Boolean isReadingPrependedMessage)
   at Npgsql.NpgsqlDataReader.NextResult(Boolean async, Boolean isConsuming, CancellationToken cancellationToken)
   at Npgsql.NpgsqlCommand.ExecuteReader(CommandBehavior behavior, Boolean async, CancellationToken cancellationToken)
   at Npgsql.NpgsqlCommand.ExecuteReader(CommandBehavior behavior, Boolean async, CancellationToken cancellationToken)
   at Npgsql.NpgsqlCommand.ExecuteDbDataReaderAsync(CommandBehavior behavior, CancellationToken cancellationToken)
   at FreeSql.Internal.CommonProvider.AdoProvider.ExecuteReaderMultipleAsync(Int32 multipleResult, DbConnection connection, DbTransaction transaction, Func`3 fetchHandler, Action`2 schemaHandler, CommandType cmdType, String cmdText, Int32 cmdTimeout, DbParameter[] cmdParms, CancellationToken cancellationToken)
  Exception data:
    Severity: ERROR
    SqlState: 42P01
    MessageText: relation "clean_state" does not exist
    Position: 60
    File: parse_relation.c
    Line: 1381
    Routine: parserOpenTable
   --- End of inner exception stack trace ---
   at FreeSql.Internal.CommonProvider.AdoProvider.LoggerException(IObjectPool`1 pool, PrepareCommandResult pc, Exception ex, DateTime dt, StringBuilder logtxt, Boolean isThrowException)
   at FreeSql.Internal.CommonProvider.AdoProvider.ExecuteReaderMultipleAsync(Int32 multipleResult, DbConnection connection, DbTransaction transaction, Func`3 fetchHandler, Action`2 schemaHandler, CommandType cmdType, String cmdText, Int32 cmdTimeout, DbParameter[] cmdParms, CancellationToken cancellationToken)
   at FreeSql.Internal.CommonProvider.Select0Provider`2.ToListAfPrivateAsync(String sql, GetAllFieldExpressionTreeInfo af, ReadAnonymousTypeOtherInfo[] otherData, CancellationToken cancellationToken)
   at Cola.Controllers.ReportController.GetReportDataByInputTime(Nullable`1 inputTime, Int32 lineID) in D:\cwq\MyCode\Cola_ AsepticLine\Cola\Controllers\ReportController.cs:line 75
2025-04-21 13:24:25.6548 INFO Executing ObjectResult, writing value of type 'Cola.Model.ApiResponse`1[[System.Object, System.Private.CoreLib, Version=8.0.0.0, Culture=neutral, PublicKeyToken=7cec85d7bea7798e]]'. 
2025-04-21 13:24:25.6548 INFO Executed action Cola.Controllers.ReportController.GetReportDataByInputTime (Cola) in 24514.1345ms 
2025-04-21 13:24:25.6548 INFO Executed endpoint 'Cola.Controllers.ReportController.GetReportDataByInputTime (Cola)' 
2025-04-21 13:24:25.6548 INFO Request finished HTTP/2 GET https://localhost:7086/api/Report/history?inputTime=2025-04-17%2016%3A32&lineID=2 - 500 58 application/json;+charset=utf-8 24516.2900ms 
2025-04-21 13:24:38.2283 INFO Request starting HTTP/2 GET https://localhost:7086/api/Report/history?inputTime=2025-04-17%2016%3A32&lineID=1 - - - 
2025-04-21 13:24:38.2283 INFO Executing endpoint 'Cola.Controllers.ReportController.GetReportDataByInputTime (Cola)' 
2025-04-21 13:24:38.2283 INFO Route matched with {action = "GetReportDataByInputTime", controller = "Report"}. Executing controller action with signature System.Threading.Tasks.Task`1[Microsoft.AspNetCore.Mvc.IActionResult] GetReportDataByInputTime(System.Nullable`1[System.DateTime], Int32) on controller Cola.Controllers.ReportController (Cola). 
2025-04-21 13:24:38.2283 INFO 开始获取检查参数数据 
2025-04-21 13:24:38.2283 INFO Latest Update Time: 04/17/2025 16:32:00 
2025-04-21 13:24:38.2566 INFO 成功获取检查参数数据，数量：7 
2025-04-21 13:51:33.2752 INFO Now listening on: https://localhost:7086 
2025-04-21 13:51:33.3178 INFO Now listening on: http://localhost:5064 
2025-04-21 13:51:33.4010 INFO Application started. Press Ctrl+C to shut down. 
2025-04-21 13:51:33.4010 INFO Hosting environment: Development 
2025-04-21 13:51:33.4010 INFO Content root path: D:\cwq\MyCode\Cola_ AsepticLine\Cola 
2025-04-21 13:51:33.7445 INFO Request starting HTTP/2 GET https://localhost:7086/swagger - - - 
2025-04-21 13:51:33.8721 INFO Request finished HTTP/2 GET https://localhost:7086/swagger - 301 0 - 130.3676ms 
2025-04-21 13:51:33.8721 INFO Request starting HTTP/2 GET https://localhost:7086/swagger/index.html - - - 
2025-04-21 13:51:33.9397 INFO Request finished HTTP/2 GET https://localhost:7086/swagger/index.html - 200 - text/html;charset=utf-8 61.6070ms 
2025-04-21 13:51:33.9397 INFO Request starting HTTP/2 GET https://localhost:7086/swagger/swagger-ui.css - - - 
2025-04-21 13:51:33.9397 INFO Request starting HTTP/2 GET https://localhost:7086/swagger/swagger-ui-bundle.js - - - 
2025-04-21 13:51:33.9397 INFO Request starting HTTP/2 GET https://localhost:7086/swagger/swagger-ui-standalone-preset.js - - - 
2025-04-21 13:51:33.9397 INFO Request starting HTTP/2 GET https://localhost:7086/_framework/aspnetcore-browser-refresh.js - - - 
2025-04-21 13:51:33.9397 INFO Request starting HTTP/2 GET https://localhost:7086/_vs/browserLink - - - 
2025-04-21 13:51:33.9621 INFO Request finished HTTP/2 GET https://localhost:7086/_framework/aspnetcore-browser-refresh.js - 200 13760 application/javascript;+charset=utf-8 18.1428ms 
2025-04-21 13:51:34.0136 INFO Sending file. Request path: '/swagger-ui.css'. Physical path: 'N/A' 
2025-04-21 13:51:34.0136 INFO Sending file. Request path: '/swagger-ui-standalone-preset.js'. Physical path: 'N/A' 
2025-04-21 13:51:34.0136 INFO Request finished HTTP/2 GET https://localhost:7086/swagger/swagger-ui-standalone-preset.js - 200 339486 text/javascript 73.1877ms 
2025-04-21 13:51:34.0136 INFO Request finished HTTP/2 GET https://localhost:7086/swagger/swagger-ui.css - 200 143943 text/css 73.3019ms 
2025-04-21 13:51:34.0136 INFO Sending file. Request path: '/swagger-ui-bundle.js'. Physical path: 'N/A' 
2025-04-21 13:51:34.0283 INFO Request finished HTTP/2 GET https://localhost:7086/swagger/swagger-ui-bundle.js - 200 1096145 text/javascript 84.3874ms 
2025-04-21 13:51:34.0283 INFO Request finished HTTP/2 GET https://localhost:7086/_vs/browserLink - 200 - text/javascript;+charset=UTF-8 95.4149ms 
2025-04-21 13:51:34.1824 INFO Request starting HTTP/2 GET https://localhost:7086/swagger/v1/swagger.json - - - 
2025-04-21 13:51:34.1902 INFO Request finished HTTP/2 GET https://localhost:7086/swagger/v1/swagger.json - 200 - application/json;charset=utf-8 7.9709ms 
2025-04-21 13:52:42.8728 INFO Request starting HTTP/2 GET https://localhost:7086/api/Report/history?inputTime=2025-04-17%2016%3A32&lineID=1 - - - 
2025-04-21 13:52:42.8928 INFO Executing endpoint 'Cola.Controllers.ReportController.GetReportDataByInputTime (Cola)' 
2025-04-21 13:52:42.9081 INFO Route matched with {action = "GetReportDataByInputTime", controller = "Report"}. Executing controller action with signature System.Threading.Tasks.Task`1[Microsoft.AspNetCore.Mvc.IActionResult] GetReportDataByInputTime(System.Nullable`1[System.DateTime], Int32) on controller Cola.Controllers.ReportController (Cola). 
2025-04-21 13:52:43.7255 INFO 开始获取检查参数数据 
2025-04-21 13:52:43.7255 INFO Latest Update Time: 04/17/2025 16:32:00 
2025-04-21 13:52:44.3225 INFO 成功获取检查参数数据，数量：7 
2025-04-21 13:52:44.4611 ERROR 获取检查参数数据时发生错误 System.Exception: FreeSql: Include parameter type is wrong, use IncludeMany for collection properties
   at FreeSql.Internal.CommonProvider.Select1Provider`1.Include[TNavigate](Expression`1 navigateSelector)
   at Cola.Controllers.ReportController.GetReportDataByInputTime(Nullable`1 inputTime, Int32 lineID) in D:\cwq\MyCode\Cola_ AsepticLine\Cola\Controllers\ReportController.cs:line 72
2025-04-21 13:52:44.4611 INFO Executing ObjectResult, writing value of type 'Cola.Model.ApiResponse`1[[System.Object, System.Private.CoreLib, Version=8.0.0.0, Culture=neutral, PublicKeyToken=7cec85d7bea7798e]]'. 
2025-04-21 13:52:44.5179 INFO Executed action Cola.Controllers.ReportController.GetReportDataByInputTime (Cola) in 1606.6962ms 
2025-04-21 13:52:44.5179 INFO Executed endpoint 'Cola.Controllers.ReportController.GetReportDataByInputTime (Cola)' 
2025-04-21 13:52:44.5179 INFO Request finished HTTP/2 GET https://localhost:7086/api/Report/history?inputTime=2025-04-17%2016%3A32&lineID=1 - 500 58 application/json;+charset=utf-8 1645.9005ms 
2025-04-21 13:53:01.3352 INFO Request starting HTTP/2 GET https://localhost:7086/api/Report/history?inputTime=2025-04-17%2016%3A32&lineID=1 - - - 
2025-04-21 13:53:01.3352 INFO Executing endpoint 'Cola.Controllers.ReportController.GetReportDataByInputTime (Cola)' 
2025-04-21 13:53:01.3352 INFO Route matched with {action = "GetReportDataByInputTime", controller = "Report"}. Executing controller action with signature System.Threading.Tasks.Task`1[Microsoft.AspNetCore.Mvc.IActionResult] GetReportDataByInputTime(System.Nullable`1[System.DateTime], Int32) on controller Cola.Controllers.ReportController (Cola). 
2025-04-21 13:53:01.3352 INFO 开始获取检查参数数据 
2025-04-21 13:53:01.3352 INFO Latest Update Time: 04/17/2025 16:32:00 
2025-04-21 13:53:01.3669 INFO 成功获取检查参数数据，数量：7 
2025-04-21 13:53:01.4696 ERROR 获取检查参数数据时发生错误 System.Exception: FreeSql: Include parameter type is wrong, use IncludeMany for collection properties
   at FreeSql.Internal.CommonProvider.Select1Provider`1.Include[TNavigate](Expression`1 navigateSelector)
   at Cola.Controllers.ReportController.GetReportDataByInputTime(Nullable`1 inputTime, Int32 lineID) in D:\cwq\MyCode\Cola_ AsepticLine\Cola\Controllers\ReportController.cs:line 72
2025-04-21 13:53:01.4696 INFO Executing ObjectResult, writing value of type 'Cola.Model.ApiResponse`1[[System.Object, System.Private.CoreLib, Version=8.0.0.0, Culture=neutral, PublicKeyToken=7cec85d7bea7798e]]'. 
2025-04-21 13:53:01.4696 INFO Executed action Cola.Controllers.ReportController.GetReportDataByInputTime (Cola) in 133.2247ms 
2025-04-21 13:53:01.4696 INFO Executed endpoint 'Cola.Controllers.ReportController.GetReportDataByInputTime (Cola)' 
2025-04-21 13:53:01.4696 INFO Request finished HTTP/2 GET https://localhost:7086/api/Report/history?inputTime=2025-04-17%2016%3A32&lineID=1 - 500 58 application/json;+charset=utf-8 135.4138ms 
2025-04-21 13:53:06.9037 INFO Request starting HTTP/2 GET https://localhost:7086/api/Report/history?inputTime=2025-04-17%2016%3A32&lineID=1 - - - 
2025-04-21 13:53:06.9037 INFO Executing endpoint 'Cola.Controllers.ReportController.GetReportDataByInputTime (Cola)' 
2025-04-21 13:53:06.9037 INFO Route matched with {action = "GetReportDataByInputTime", controller = "Report"}. Executing controller action with signature System.Threading.Tasks.Task`1[Microsoft.AspNetCore.Mvc.IActionResult] GetReportDataByInputTime(System.Nullable`1[System.DateTime], Int32) on controller Cola.Controllers.ReportController (Cola). 
2025-04-21 13:53:06.9037 INFO 开始获取检查参数数据 
2025-04-21 13:53:06.9037 INFO Latest Update Time: 04/17/2025 16:32:00 
2025-04-21 13:53:06.9384 INFO 成功获取检查参数数据，数量：7 
2025-04-21 13:54:22.9474 INFO Now listening on: https://localhost:7086 
2025-04-21 13:54:22.9516 INFO Now listening on: http://localhost:5064 
2025-04-21 13:54:22.9872 INFO Application started. Press Ctrl+C to shut down. 
2025-04-21 13:54:22.9872 INFO Hosting environment: Development 
2025-04-21 13:54:22.9872 INFO Content root path: D:\cwq\MyCode\Cola_ AsepticLine\Cola 
2025-04-21 13:54:25.0711 INFO Request starting HTTP/2 GET https://localhost:7086/swagger - - - 
2025-04-21 13:54:25.2044 INFO Request finished HTTP/2 GET https://localhost:7086/swagger - 301 0 - 137.0655ms 
2025-04-21 13:54:25.2044 INFO Request starting HTTP/2 GET https://localhost:7086/swagger/index.html - - - 
2025-04-21 13:54:25.2736 INFO Request finished HTTP/2 GET https://localhost:7086/swagger/index.html - 200 - text/html;charset=utf-8 62.0177ms 
2025-04-21 13:54:25.2736 INFO Request starting HTTP/2 GET https://localhost:7086/swagger/swagger-ui.css - - - 
2025-04-21 13:54:25.2736 INFO Request starting HTTP/2 GET https://localhost:7086/swagger/swagger-ui-bundle.js - - - 
2025-04-21 13:54:25.2736 INFO Request starting HTTP/2 GET https://localhost:7086/swagger/swagger-ui-standalone-preset.js - - - 
2025-04-21 13:54:25.2736 INFO Request starting HTTP/2 GET https://localhost:7086/_framework/aspnetcore-browser-refresh.js - - - 
2025-04-21 13:54:25.2864 INFO Request starting HTTP/2 GET https://localhost:7086/_vs/browserLink - - - 
2025-04-21 13:54:25.3090 INFO Request finished HTTP/2 GET https://localhost:7086/_framework/aspnetcore-browser-refresh.js - 200 13760 application/javascript;+charset=utf-8 31.3461ms 
2025-04-21 13:54:25.3573 INFO Sending file. Request path: '/swagger-ui.css'. Physical path: 'N/A' 
2025-04-21 13:54:25.3573 INFO Sending file. Request path: '/swagger-ui-standalone-preset.js'. Physical path: 'N/A' 
2025-04-21 13:54:25.3573 INFO Sending file. Request path: '/swagger-ui-bundle.js'. Physical path: 'N/A' 
2025-04-21 13:54:25.3573 INFO Request finished HTTP/2 GET https://localhost:7086/swagger/swagger-ui.css - 200 143943 text/css 83.6363ms 
2025-04-21 13:54:25.3573 INFO Request finished HTTP/2 GET https://localhost:7086/swagger/swagger-ui-bundle.js - 200 1096145 text/javascript 83.4240ms 
2025-04-21 13:54:25.3573 INFO Request finished HTTP/2 GET https://localhost:7086/swagger/swagger-ui-standalone-preset.js - 200 339486 text/javascript 83.3285ms 
2025-04-21 13:54:25.3785 INFO Request finished HTTP/2 GET https://localhost:7086/_vs/browserLink - 200 - text/javascript;+charset=UTF-8 93.1883ms 
2025-04-21 13:54:25.5306 INFO Request starting HTTP/2 GET https://localhost:7086/swagger/v1/swagger.json - - - 
2025-04-21 13:54:25.5306 INFO Request finished HTTP/2 GET https://localhost:7086/swagger/v1/swagger.json - 200 - application/json;charset=utf-8 8.1041ms 
2025-04-21 13:54:35.7706 INFO Request starting HTTP/2 GET https://localhost:7086/api/Report/history?inputTime=2025-04-17%2016%3A32&lineID=1 - - - 
2025-04-21 13:54:35.7851 INFO Executing endpoint 'Cola.Controllers.ReportController.GetReportDataByInputTime (Cola)' 
2025-04-21 13:54:35.7993 INFO Route matched with {action = "GetReportDataByInputTime", controller = "Report"}. Executing controller action with signature System.Threading.Tasks.Task`1[Microsoft.AspNetCore.Mvc.IActionResult] GetReportDataByInputTime(System.Nullable`1[System.DateTime], Int32) on controller Cola.Controllers.ReportController (Cola). 
2025-04-21 13:54:35.8938 INFO 开始获取检查参数数据 
2025-04-21 13:54:35.8938 INFO Latest Update Time: 04/17/2025 16:32:00 
2025-04-21 13:54:36.4699 INFO 成功获取检查参数数据，数量：7 
2025-04-21 13:59:35.6252 INFO Now listening on: https://localhost:7086 
2025-04-21 13:59:35.6252 INFO Now listening on: http://localhost:5064 
2025-04-21 13:59:35.6658 INFO Application started. Press Ctrl+C to shut down. 
2025-04-21 13:59:35.6658 INFO Hosting environment: Development 
2025-04-21 13:59:35.6658 INFO Content root path: D:\cwq\MyCode\Cola_ AsepticLine\Cola 
2025-04-21 13:59:36.2593 INFO Request starting HTTP/2 GET https://localhost:7086/swagger - - - 
2025-04-21 13:59:36.3382 INFO Request finished HTTP/2 GET https://localhost:7086/swagger - 301 0 - 81.8893ms 
2025-04-21 13:59:36.3429 INFO Request starting HTTP/2 GET https://localhost:7086/swagger/index.html - - - 
2025-04-21 13:59:36.3876 INFO Request finished HTTP/2 GET https://localhost:7086/swagger/index.html - 200 - text/html;charset=utf-8 44.7769ms 
2025-04-21 13:59:36.3876 INFO Request starting HTTP/2 GET https://localhost:7086/swagger/swagger-ui.css - - - 
2025-04-21 13:59:36.3876 INFO Request starting HTTP/2 GET https://localhost:7086/swagger/swagger-ui-bundle.js - - - 
2025-04-21 13:59:36.3876 INFO Request starting HTTP/2 GET https://localhost:7086/swagger/swagger-ui-standalone-preset.js - - - 
2025-04-21 13:59:36.3876 INFO Request starting HTTP/2 GET https://localhost:7086/_framework/aspnetcore-browser-refresh.js - - - 
2025-04-21 13:59:36.3876 INFO Request starting HTTP/2 GET https://localhost:7086/_vs/browserLink - - - 
2025-04-21 13:59:36.4143 INFO Request finished HTTP/2 GET https://localhost:7086/_framework/aspnetcore-browser-refresh.js - 200 13760 application/javascript;+charset=utf-8 22.7765ms 
2025-04-21 13:59:36.4388 INFO Sending file. Request path: '/swagger-ui.css'. Physical path: 'N/A' 
2025-04-21 13:59:36.4388 INFO Sending file. Request path: '/swagger-ui-standalone-preset.js'. Physical path: 'N/A' 
2025-04-21 13:59:36.4388 INFO Request finished HTTP/2 GET https://localhost:7086/swagger/swagger-ui.css - 200 143943 text/css 51.1579ms 
2025-04-21 13:59:36.4388 INFO Request finished HTTP/2 GET https://localhost:7086/swagger/swagger-ui-standalone-preset.js - 200 339486 text/javascript 50.3013ms 
2025-04-21 13:59:36.4388 INFO Sending file. Request path: '/swagger-ui-bundle.js'. Physical path: 'N/A' 
2025-04-21 13:59:36.4388 INFO Request finished HTTP/2 GET https://localhost:7086/swagger/swagger-ui-bundle.js - 200 1096145 text/javascript 53.2955ms 
2025-04-21 13:59:36.4582 INFO Request finished HTTP/2 GET https://localhost:7086/_vs/browserLink - 200 - text/javascript;+charset=UTF-8 62.7419ms 
2025-04-21 13:59:36.5647 INFO Request starting HTTP/2 GET https://localhost:7086/swagger/v1/swagger.json - - - 
2025-04-21 13:59:36.5647 INFO Request finished HTTP/2 GET https://localhost:7086/swagger/v1/swagger.json - 200 - application/json;charset=utf-8 7.0476ms 
2025-04-21 13:59:49.8106 INFO Request starting HTTP/2 GET https://localhost:7086/api/Report/history?inputTime=2025-04-17%2016%3A32&lineID=1 - - - 
2025-04-21 13:59:49.8106 INFO Executing endpoint 'Cola.Controllers.ReportController.GetReportDataByInputTime (Cola)' 
2025-04-21 13:59:49.8399 INFO Route matched with {action = "GetReportDataByInputTime", controller = "Report"}. Executing controller action with signature System.Threading.Tasks.Task`1[Microsoft.AspNetCore.Mvc.IActionResult] GetReportDataByInputTime(System.Nullable`1[System.DateTime], Int32) on controller Cola.Controllers.ReportController (Cola). 
2025-04-21 13:59:49.9364 INFO 开始获取检查参数数据 
2025-04-21 13:59:49.9364 INFO Latest Update Time: 04/17/2025 16:32:00 
2025-04-21 13:59:50.5153 INFO 成功获取检查参数数据，数量：7 
2025-04-21 13:59:50.6157 ERROR 获取检查参数数据时发生错误 System.Exception: FreeSql: Include parameter type is wrong, use IncludeMany for collection properties
   at FreeSql.Internal.CommonProvider.Select1Provider`1.Include[TNavigate](Expression`1 navigateSelector)
   at Cola.Controllers.ReportController.GetReportDataByInputTime(Nullable`1 inputTime, Int32 lineID) in D:\cwq\MyCode\Cola_ AsepticLine\Cola\Controllers\ReportController.cs:line 72
2025-04-21 13:59:50.6157 INFO Executing ObjectResult, writing value of type 'Cola.Model.ApiResponse`1[[System.Object, System.Private.CoreLib, Version=8.0.0.0, Culture=neutral, PublicKeyToken=7cec85d7bea7798e]]'. 
2025-04-21 13:59:50.7069 INFO Executed action Cola.Controllers.ReportController.GetReportDataByInputTime (Cola) in 863.9545ms 
2025-04-21 13:59:50.7069 INFO Executed endpoint 'Cola.Controllers.ReportController.GetReportDataByInputTime (Cola)' 
2025-04-21 13:59:50.7069 INFO Request finished HTTP/2 GET https://localhost:7086/api/Report/history?inputTime=2025-04-17%2016%3A32&lineID=1 - 500 58 application/json;+charset=utf-8 897.4508ms 
2025-04-21 13:59:58.3652 INFO Request starting HTTP/2 GET https://localhost:7086/api/Report/history?inputTime=2025-04-17%2016%3A32&lineID=1 - - - 
2025-04-21 13:59:58.3652 INFO Executing endpoint 'Cola.Controllers.ReportController.GetReportDataByInputTime (Cola)' 
2025-04-21 13:59:58.3652 INFO Route matched with {action = "GetReportDataByInputTime", controller = "Report"}. Executing controller action with signature System.Threading.Tasks.Task`1[Microsoft.AspNetCore.Mvc.IActionResult] GetReportDataByInputTime(System.Nullable`1[System.DateTime], Int32) on controller Cola.Controllers.ReportController (Cola). 
2025-04-21 13:59:58.3652 INFO 开始获取检查参数数据 
2025-04-21 13:59:58.3652 INFO Latest Update Time: 04/17/2025 16:32:00 
2025-04-21 13:59:58.3879 INFO 成功获取检查参数数据，数量：7 
2025-04-21 14:01:08.0070 INFO Now listening on: https://localhost:7086 
2025-04-21 14:01:08.0145 INFO Now listening on: http://localhost:5064 
2025-04-21 14:01:08.0653 INFO Application started. Press Ctrl+C to shut down. 
2025-04-21 14:01:08.0653 INFO Hosting environment: Development 
2025-04-21 14:01:08.0653 INFO Content root path: D:\cwq\MyCode\Cola_ AsepticLine\Cola 
2025-04-21 14:01:08.5881 INFO Request starting HTTP/2 GET https://localhost:7086/swagger - - - 
2025-04-21 14:01:08.6635 INFO Request finished HTTP/2 GET https://localhost:7086/swagger - 301 0 - 78.2055ms 
2025-04-21 14:01:08.6635 INFO Request starting HTTP/2 GET https://localhost:7086/swagger/index.html - - - 
2025-04-21 14:01:08.7153 INFO Request finished HTTP/2 GET https://localhost:7086/swagger/index.html - 200 - text/html;charset=utf-8 47.0417ms 
2025-04-21 14:01:08.7153 INFO Request starting HTTP/2 GET https://localhost:7086/swagger/swagger-ui.css - - - 
2025-04-21 14:01:08.7153 INFO Request starting HTTP/2 GET https://localhost:7086/swagger/swagger-ui-bundle.js - - - 
2025-04-21 14:01:08.7153 INFO Request starting HTTP/2 GET https://localhost:7086/_framework/aspnetcore-browser-refresh.js - - - 
2025-04-21 14:01:08.7153 INFO Request starting HTTP/2 GET https://localhost:7086/swagger/swagger-ui-standalone-preset.js - - - 
2025-04-21 14:01:08.7153 INFO Request starting HTTP/2 GET https://localhost:7086/_vs/browserLink - - - 
2025-04-21 14:01:08.7336 INFO Request finished HTTP/2 GET https://localhost:7086/_framework/aspnetcore-browser-refresh.js - 200 13760 application/javascript;+charset=utf-8 14.5491ms 
2025-04-21 14:01:08.7662 INFO Sending file. Request path: '/swagger-ui-standalone-preset.js'. Physical path: 'N/A' 
2025-04-21 14:01:08.7662 INFO Sending file. Request path: '/swagger-ui-bundle.js'. Physical path: 'N/A' 
2025-04-21 14:01:08.7662 INFO Sending file. Request path: '/swagger-ui.css'. Physical path: 'N/A' 
2025-04-21 14:01:08.7662 INFO Request finished HTTP/2 GET https://localhost:7086/swagger/swagger-ui.css - 200 143943 text/css 48.6811ms 
2025-04-21 14:01:08.7662 INFO Request finished HTTP/2 GET https://localhost:7086/swagger/swagger-ui-bundle.js - 200 1096145 text/javascript 48.1522ms 
2025-04-21 14:01:08.7662 INFO Request finished HTTP/2 GET https://localhost:7086/swagger/swagger-ui-standalone-preset.js - 200 339486 text/javascript 48.1105ms 
2025-04-21 14:01:08.7791 INFO Request finished HTTP/2 GET https://localhost:7086/_vs/browserLink - 200 - text/javascript;+charset=UTF-8 59.5938ms 
2025-04-21 14:01:08.8901 INFO Request starting HTTP/2 GET https://localhost:7086/swagger/v1/swagger.json - - - 
2025-04-21 14:01:08.8901 INFO Request finished HTTP/2 GET https://localhost:7086/swagger/v1/swagger.json - 200 - application/json;charset=utf-8 7.7778ms 
2025-04-21 14:01:17.6453 INFO Request starting HTTP/2 GET https://localhost:7086/api/Report/history?inputTime=2025-04-17%2016%3A32&lineID=1 - - - 
2025-04-21 14:01:17.6599 INFO Executing endpoint 'Cola.Controllers.ReportController.GetReportDataByInputTime (Cola)' 
2025-04-21 14:01:17.6755 INFO Route matched with {action = "GetReportDataByInputTime", controller = "Report"}. Executing controller action with signature System.Threading.Tasks.Task`1[Microsoft.AspNetCore.Mvc.IActionResult] GetReportDataByInputTime(System.Nullable`1[System.DateTime], Int32) on controller Cola.Controllers.ReportController (Cola). 
2025-04-21 14:01:17.7728 INFO 开始获取检查参数数据 
2025-04-21 14:01:17.7728 INFO Latest Update Time: 04/17/2025 16:32:00 
2025-04-21 14:01:18.3796 INFO 成功获取检查参数数据，数量：7 
2025-04-21 14:01:45.7945 ERROR 获取检查参数数据时发生错误 System.Exception: 42P01: relation "clean_state" does not exist
 ---> Npgsql.PostgresException (0x80004005): 42P01: relation "clean_state" does not exist
   at Npgsql.NpgsqlConnector.<ReadMessage>g__ReadMessageLong|194_0(NpgsqlConnector connector, Boolean async, DataRowLoadingMode dataRowLoadingMode, Boolean readingNotifications, Boolean isReadingPrependedMessage)
   at Npgsql.NpgsqlDataReader.NextResult(Boolean async, Boolean isConsuming, CancellationToken cancellationToken)
   at Npgsql.NpgsqlCommand.ExecuteReader(CommandBehavior behavior, Boolean async, CancellationToken cancellationToken)
   at Npgsql.NpgsqlCommand.ExecuteReader(CommandBehavior behavior, Boolean async, CancellationToken cancellationToken)
   at Npgsql.NpgsqlCommand.ExecuteDbDataReaderAsync(CommandBehavior behavior, CancellationToken cancellationToken)
   at FreeSql.Internal.CommonProvider.AdoProvider.ExecuteReaderMultipleAsync(Int32 multipleResult, DbConnection connection, DbTransaction transaction, Func`3 fetchHandler, Action`2 schemaHandler, CommandType cmdType, String cmdText, Int32 cmdTimeout, DbParameter[] cmdParms, CancellationToken cancellationToken)
  Exception data:
    Severity: ERROR
    SqlState: 42P01
    MessageText: relation "clean_state" does not exist
    Position: 60
    File: parse_relation.c
    Line: 1381
    Routine: parserOpenTable
   --- End of inner exception stack trace ---
   at FreeSql.Internal.CommonProvider.AdoProvider.LoggerException(IObjectPool`1 pool, PrepareCommandResult pc, Exception ex, DateTime dt, StringBuilder logtxt, Boolean isThrowException)
   at FreeSql.Internal.CommonProvider.AdoProvider.ExecuteReaderMultipleAsync(Int32 multipleResult, DbConnection connection, DbTransaction transaction, Func`3 fetchHandler, Action`2 schemaHandler, CommandType cmdType, String cmdText, Int32 cmdTimeout, DbParameter[] cmdParms, CancellationToken cancellationToken)
   at FreeSql.Internal.CommonProvider.Select0Provider`2.ToListAfPrivateAsync(String sql, GetAllFieldExpressionTreeInfo af, ReadAnonymousTypeOtherInfo[] otherData, CancellationToken cancellationToken)
   at Cola.Controllers.ReportController.GetReportDataByInputTime(Nullable`1 inputTime, Int32 lineID) in D:\cwq\MyCode\Cola_ AsepticLine\Cola\Controllers\ReportController.cs:line 79
2025-04-21 14:01:45.7945 INFO Executing ObjectResult, writing value of type 'Cola.Model.ApiResponse`1[[System.Object, System.Private.CoreLib, Version=8.0.0.0, Culture=neutral, PublicKeyToken=7cec85d7bea7798e]]'. 
2025-04-21 14:01:45.8618 INFO Executed action Cola.Controllers.ReportController.GetReportDataByInputTime (Cola) in 28182.8327ms 
2025-04-21 14:01:45.8618 INFO Executed endpoint 'Cola.Controllers.ReportController.GetReportDataByInputTime (Cola)' 
2025-04-21 14:01:45.8618 INFO Request finished HTTP/2 GET https://localhost:7086/api/Report/history?inputTime=2025-04-17%2016%3A32&lineID=1 - 500 58 application/json;+charset=utf-8 28217.3178ms 
2025-04-21 14:01:49.5089 INFO Request starting HTTP/2 GET https://localhost:7086/api/Report/history?inputTime=2025-04-17%2016%3A32&lineID=2 - - - 
2025-04-21 14:01:49.5089 INFO Executing endpoint 'Cola.Controllers.ReportController.GetReportDataByInputTime (Cola)' 
2025-04-21 14:01:49.5089 INFO Route matched with {action = "GetReportDataByInputTime", controller = "Report"}. Executing controller action with signature System.Threading.Tasks.Task`1[Microsoft.AspNetCore.Mvc.IActionResult] GetReportDataByInputTime(System.Nullable`1[System.DateTime], Int32) on controller Cola.Controllers.ReportController (Cola). 
2025-04-21 14:01:49.5135 INFO 开始获取检查参数数据 
2025-04-21 14:01:49.5135 INFO Latest Update Time: 04/17/2025 16:32:00 
2025-04-21 14:01:49.5318 INFO 成功获取检查参数数据，数量：7 
2025-04-21 14:04:03.4565 INFO Now listening on: https://localhost:7086 
2025-04-21 14:04:03.4565 INFO Now listening on: http://localhost:5064 
2025-04-21 14:04:03.4900 INFO Application started. Press Ctrl+C to shut down. 
2025-04-21 14:04:03.4900 INFO Hosting environment: Development 
2025-04-21 14:04:03.4900 INFO Content root path: D:\cwq\MyCode\Cola_ AsepticLine\Cola 
2025-04-21 14:04:04.1976 INFO Request starting HTTP/2 GET https://localhost:7086/swagger - - - 
2025-04-21 14:04:04.2733 INFO Request finished HTTP/2 GET https://localhost:7086/swagger - 301 0 - 79.3434ms 
2025-04-21 14:04:04.2790 INFO Request starting HTTP/2 GET https://localhost:7086/swagger/index.html - - - 
2025-04-21 14:04:04.3193 INFO Request finished HTTP/2 GET https://localhost:7086/swagger/index.html - 200 - text/html;charset=utf-8 40.3247ms 
2025-04-21 14:04:04.3193 INFO Request starting HTTP/2 GET https://localhost:7086/swagger/swagger-ui-bundle.js - - - 
2025-04-21 14:04:04.3193 INFO Request starting HTTP/2 GET https://localhost:7086/swagger/swagger-ui-standalone-preset.js - - - 
2025-04-21 14:04:04.3193 INFO Request starting HTTP/2 GET https://localhost:7086/swagger/swagger-ui.css - - - 
2025-04-21 14:04:04.3193 INFO Request starting HTTP/2 GET https://localhost:7086/_framework/aspnetcore-browser-refresh.js - - - 
2025-04-21 14:04:04.3287 INFO Request starting HTTP/2 GET https://localhost:7086/_vs/browserLink - - - 
2025-04-21 14:04:04.3287 INFO Request finished HTTP/2 GET https://localhost:7086/_framework/aspnetcore-browser-refresh.js - 200 13760 application/javascript;+charset=utf-8 17.6629ms 
2025-04-21 14:04:04.3644 INFO Sending file. Request path: '/swagger-ui.css'. Physical path: 'N/A' 
2025-04-21 14:04:04.3644 INFO Sending file. Request path: '/swagger-ui-standalone-preset.js'. Physical path: 'N/A' 
2025-04-21 14:04:04.3644 INFO Request finished HTTP/2 GET https://localhost:7086/swagger/swagger-ui.css - 200 143943 text/css 44.9181ms 
2025-04-21 14:04:04.3644 INFO Request finished HTTP/2 GET https://localhost:7086/swagger/swagger-ui-standalone-preset.js - 200 339486 text/javascript 44.8102ms 
2025-04-21 14:04:04.3644 INFO Sending file. Request path: '/swagger-ui-bundle.js'. Physical path: 'N/A' 
2025-04-21 14:04:04.3644 INFO Request finished HTTP/2 GET https://localhost:7086/swagger/swagger-ui-bundle.js - 200 1096145 text/javascript 47.1783ms 
2025-04-21 14:04:04.3826 INFO Request finished HTTP/2 GET https://localhost:7086/_vs/browserLink - 200 - text/javascript;+charset=UTF-8 54.5134ms 
2025-04-21 14:04:04.4879 INFO Request starting HTTP/2 GET https://localhost:7086/swagger/v1/swagger.json - - - 
2025-04-21 14:04:04.4879 INFO Request finished HTTP/2 GET https://localhost:7086/swagger/v1/swagger.json - 200 - application/json;charset=utf-8 8.3200ms 
2025-04-21 14:04:27.6140 INFO Request starting HTTP/2 GET https://localhost:7086/api/Report/history?inputTime=2025-04-17%2016%3A32&lineID=1 - - - 
2025-04-21 14:04:27.6299 INFO Executing endpoint 'Cola.Controllers.ReportController.GetReportDataByInputTime (Cola)' 
2025-04-21 14:04:27.6511 INFO Route matched with {action = "GetReportDataByInputTime", controller = "Report"}. Executing controller action with signature System.Threading.Tasks.Task`1[Microsoft.AspNetCore.Mvc.IActionResult] GetReportDataByInputTime(System.Nullable`1[System.DateTime], Int32) on controller Cola.Controllers.ReportController (Cola). 
2025-04-21 14:04:28.4098 INFO 开始获取检查参数数据 
2025-04-21 14:04:28.4098 INFO Latest Update Time: 04/17/2025 16:32:00 
2025-04-21 14:04:28.9693 INFO 成功获取检查参数数据，数量：7 
2025-04-21 14:19:24.5416 INFO Now listening on: https://localhost:7086 
2025-04-21 14:19:24.5461 INFO Now listening on: http://localhost:5064 
2025-04-21 14:19:24.5817 INFO Application started. Press Ctrl+C to shut down. 
2025-04-21 14:19:24.5817 INFO Hosting environment: Development 
2025-04-21 14:19:24.5817 INFO Content root path: D:\cwq\MyCode\Cola_ AsepticLine\Cola 
2025-04-21 14:19:25.2451 INFO Request starting HTTP/2 GET https://localhost:7086/swagger - - - 
2025-04-21 14:19:25.3396 INFO Request finished HTTP/2 GET https://localhost:7086/swagger - 301 0 - 97.8080ms 
2025-04-21 14:19:25.3434 INFO Request starting HTTP/2 GET https://localhost:7086/swagger/index.html - - - 
2025-04-21 14:19:25.3911 INFO Request finished HTTP/2 GET https://localhost:7086/swagger/index.html - 200 - text/html;charset=utf-8 47.6373ms 
2025-04-21 14:19:25.3911 INFO Request starting HTTP/2 GET https://localhost:7086/swagger/swagger-ui.css - - - 
2025-04-21 14:19:25.3911 INFO Request starting HTTP/2 GET https://localhost:7086/swagger/swagger-ui-bundle.js - - - 
2025-04-21 14:19:25.3911 INFO Request starting HTTP/2 GET https://localhost:7086/swagger/swagger-ui-standalone-preset.js - - - 
2025-04-21 14:19:25.3911 INFO Request starting HTTP/2 GET https://localhost:7086/_framework/aspnetcore-browser-refresh.js - - - 
2025-04-21 14:19:25.3911 INFO Request starting HTTP/2 GET https://localhost:7086/_vs/browserLink - - - 
2025-04-21 14:19:25.4105 INFO Request finished HTTP/2 GET https://localhost:7086/_framework/aspnetcore-browser-refresh.js - 200 13760 application/javascript;+charset=utf-8 16.7206ms 
2025-04-21 14:19:25.4319 INFO Sending file. Request path: '/swagger-ui.css'. Physical path: 'N/A' 
2025-04-21 14:19:25.4319 INFO Sending file. Request path: '/swagger-ui-standalone-preset.js'. Physical path: 'N/A' 
2025-04-21 14:19:25.4355 INFO Request finished HTTP/2 GET https://localhost:7086/swagger/swagger-ui.css - 200 143943 text/css 42.2165ms 
2025-04-21 14:19:25.4355 INFO Request finished HTTP/2 GET https://localhost:7086/swagger/swagger-ui-standalone-preset.js - 200 339486 text/javascript 42.1887ms 
2025-04-21 14:19:25.4355 INFO Sending file. Request path: '/swagger-ui-bundle.js'. Physical path: 'N/A' 
2025-04-21 14:19:25.4355 INFO Request finished HTTP/2 GET https://localhost:7086/swagger/swagger-ui-bundle.js - 200 1096145 text/javascript 46.7188ms 
2025-04-21 14:19:25.4560 INFO Request finished HTTP/2 GET https://localhost:7086/_vs/browserLink - 200 - text/javascript;+charset=UTF-8 58.7146ms 
2025-04-21 14:19:25.5773 INFO Request starting HTTP/2 GET https://localhost:7086/swagger/v1/swagger.json - - - 
2025-04-21 14:19:25.5773 INFO Request finished HTTP/2 GET https://localhost:7086/swagger/v1/swagger.json - 200 - application/json;charset=utf-8 11.9660ms 
2025-04-21 14:19:41.4773 INFO Request starting HTTP/2 GET https://localhost:7086/api/Report/history?inputTime=2025-04-17%2016%3A32&lineID=1 - - - 
2025-04-21 14:19:41.4910 INFO Executing endpoint 'Cola.Controllers.ReportController.GetReportDataByInputTime (Cola)' 
2025-04-21 14:19:41.5051 INFO Route matched with {action = "GetReportDataByInputTime", controller = "Report"}. Executing controller action with signature System.Threading.Tasks.Task`1[Microsoft.AspNetCore.Mvc.IActionResult] GetReportDataByInputTime(System.Nullable`1[System.DateTime], Int32) on controller Cola.Controllers.ReportController (Cola). 
2025-04-21 14:19:42.3973 INFO 开始获取检查参数数据 
2025-04-21 14:19:42.3973 INFO Latest Update Time: 04/17/2025 16:32:00 
2025-04-21 14:19:42.9698 INFO 成功获取检查参数数据，数量：7 
2025-04-21 14:19:43.0910 ERROR 获取检查参数数据时发生错误 System.Exception: FreeSql: [OneToMany] Navigation property Cola.Model.LineInfo.DeviceSteps did not find a corresponding field in DeviceStep, such as: LineInfoId, LineInfo_Id
   at FreeSql.Internal.Model.TableInfo.GetTableRef(String propertyName, Boolean isThrowException, Boolean isCascadeQuery)
   at FreeSql.Internal.CommonProvider.Select1Provider`1.IncludeMany[TNavigate](Expression`1 navigateSelector, Action`1 then)
   at Cola.Controllers.ReportController.GetReportDataByInputTime(Nullable`1 inputTime, Int32 lineID) in D:\cwq\MyCode\Cola_ AsepticLine\Cola\Controllers\ReportController.cs:line 72
2025-04-21 14:19:43.0910 INFO Executing ObjectResult, writing value of type 'Cola.Model.ApiResponse`1[[System.Object, System.Private.CoreLib, Version=8.0.0.0, Culture=neutral, PublicKeyToken=7cec85d7bea7798e]]'. 
2025-04-21 14:19:43.1530 INFO Executed action Cola.Controllers.ReportController.GetReportDataByInputTime (Cola) in 1644.6391ms 
2025-04-21 14:19:43.1530 INFO Executed endpoint 'Cola.Controllers.ReportController.GetReportDataByInputTime (Cola)' 
2025-04-21 14:19:43.1530 INFO Request finished HTTP/2 GET https://localhost:7086/api/Report/history?inputTime=2025-04-17%2016%3A32&lineID=1 - 500 58 application/json;+charset=utf-8 1677.0472ms 
2025-04-21 14:20:14.2708 INFO Request starting HTTP/2 GET https://localhost:7086/api/Report/history?inputTime=2025-04-17%2016%3A32&lineID=1 - - - 
2025-04-21 14:20:14.2812 INFO Executing endpoint 'Cola.Controllers.ReportController.GetReportDataByInputTime (Cola)' 
2025-04-21 14:20:14.2812 INFO Route matched with {action = "GetReportDataByInputTime", controller = "Report"}. Executing controller action with signature System.Threading.Tasks.Task`1[Microsoft.AspNetCore.Mvc.IActionResult] GetReportDataByInputTime(System.Nullable`1[System.DateTime], Int32) on controller Cola.Controllers.ReportController (Cola). 
2025-04-21 14:20:14.2812 INFO 开始获取检查参数数据 
2025-04-21 14:20:14.2812 INFO Latest Update Time: 04/17/2025 16:32:00 
2025-04-21 14:20:14.2996 INFO 成功获取检查参数数据，数量：7 
2025-04-21 14:31:10.4735 INFO Now listening on: https://localhost:7086 
2025-04-21 14:31:10.4735 INFO Now listening on: http://localhost:5064 
2025-04-21 14:31:10.5232 INFO Application started. Press Ctrl+C to shut down. 
2025-04-21 14:31:10.5232 INFO Hosting environment: Development 
2025-04-21 14:31:10.5232 INFO Content root path: D:\cwq\MyCode\Cola_ AsepticLine\Cola 
2025-04-21 14:31:10.9061 INFO Request starting HTTP/2 GET https://localhost:7086/swagger - - - 
2025-04-21 14:31:11.0049 INFO Request finished HTTP/2 GET https://localhost:7086/swagger - 301 0 - 102.2821ms 
2025-04-21 14:31:11.0049 INFO Request starting HTTP/2 GET https://localhost:7086/swagger/index.html - - - 
2025-04-21 14:31:11.0622 INFO Request finished HTTP/2 GET https://localhost:7086/swagger/index.html - 200 - text/html;charset=utf-8 52.1135ms 
2025-04-21 14:31:11.0622 INFO Request starting HTTP/2 GET https://localhost:7086/swagger/swagger-ui-standalone-preset.js - - - 
2025-04-21 14:31:11.0622 INFO Request starting HTTP/2 GET https://localhost:7086/swagger/swagger-ui-bundle.js - - - 
2025-04-21 14:31:11.0622 INFO Request starting HTTP/2 GET https://localhost:7086/swagger/swagger-ui.css - - - 
2025-04-21 14:31:11.0622 INFO Request starting HTTP/2 GET https://localhost:7086/_framework/aspnetcore-browser-refresh.js - - - 
2025-04-21 14:31:11.0622 INFO Request starting HTTP/2 GET https://localhost:7086/_vs/browserLink - - - 
2025-04-21 14:31:11.0859 INFO Request finished HTTP/2 GET https://localhost:7086/_framework/aspnetcore-browser-refresh.js - 200 13760 application/javascript;+charset=utf-8 20.3743ms 
2025-04-21 14:31:11.1188 INFO Sending file. Request path: '/swagger-ui-standalone-preset.js'. Physical path: 'N/A' 
2025-04-21 14:31:11.1188 INFO Sending file. Request path: '/swagger-ui.css'. Physical path: 'N/A' 
2025-04-21 14:31:11.1188 INFO Sending file. Request path: '/swagger-ui-bundle.js'. Physical path: 'N/A' 
2025-04-21 14:31:11.1216 INFO Request finished HTTP/2 GET https://localhost:7086/swagger/swagger-ui-bundle.js - 200 1096145 text/javascript 56.0770ms 
2025-04-21 14:31:11.1216 INFO Request finished HTTP/2 GET https://localhost:7086/swagger/swagger-ui.css - 200 143943 text/css 56.1748ms 
2025-04-21 14:31:11.1216 INFO Request finished HTTP/2 GET https://localhost:7086/swagger/swagger-ui-standalone-preset.js - 200 339486 text/javascript 56.0770ms 
2025-04-21 14:31:11.1385 INFO Request finished HTTP/2 GET https://localhost:7086/_vs/browserLink - 200 - text/javascript;+charset=UTF-8 72.2861ms 
2025-04-21 14:31:11.2586 INFO Request starting HTTP/2 GET https://localhost:7086/swagger/v1/swagger.json - - - 
2025-04-21 14:31:11.2668 INFO Request finished HTTP/2 GET https://localhost:7086/swagger/v1/swagger.json - 200 - application/json;charset=utf-8 8.3641ms 
2025-04-21 14:31:38.3647 INFO Request starting HTTP/2 GET https://localhost:7086/api/Check/CheckParas?deviceTypeId=7&inputTime=2025-04-17%2016%3A32 - - - 
2025-04-21 14:31:38.4212 INFO Executing endpoint 'Cola.Controllers.CheckController.GetCheckParasByDeviceId (Cola)' 
2025-04-21 14:31:38.4373 INFO Route matched with {action = "GetCheckParasByDeviceId", controller = "Check"}. Executing controller action with signature System.Threading.Tasks.Task`1[Microsoft.AspNetCore.Mvc.IActionResult] GetCheckParasByDeviceId(Int32, System.DateTime) on controller Cola.Controllers.CheckController (Cola). 
2025-04-21 14:31:39.1735 INFO Executing OkObjectResult, writing value of type 'Cola.Model.ApiResponse`1[[System.Collections.Generic.IEnumerable`1[[System.Object, System.Private.CoreLib, Version=8.0.0.0, Culture=neutral, PublicKeyToken=7cec85d7bea7798e]], System.Private.CoreLib, Version=8.0.0.0, Culture=neutral, PublicKeyToken=7cec85d7bea7798e]]'. 
2025-04-21 14:31:39.2279 INFO Executed action Cola.Controllers.CheckController.GetCheckParasByDeviceId (Cola) in 787.1382ms 
2025-04-21 14:31:39.2279 INFO Executed endpoint 'Cola.Controllers.CheckController.GetCheckParasByDeviceId (Cola)' 
2025-04-21 14:31:39.2279 INFO Request finished HTTP/2 GET https://localhost:7086/api/Check/CheckParas?deviceTypeId=7&inputTime=2025-04-17%2016%3A32 - 200 1551 application/json;+charset=utf-8 864.3878ms 
2025-04-21 14:33:04.7204 INFO Now listening on: https://localhost:7086 
2025-04-21 14:33:04.7204 INFO Now listening on: http://localhost:5064 
2025-04-21 14:33:04.7700 INFO Application started. Press Ctrl+C to shut down. 
2025-04-21 14:33:04.7700 INFO Hosting environment: Development 
2025-04-21 14:33:04.7700 INFO Content root path: D:\cwq\MyCode\Cola_ AsepticLine\Cola 
2025-04-21 14:33:05.2155 INFO Request starting HTTP/2 GET https://localhost:7086/swagger - - - 
2025-04-21 14:33:05.3021 INFO Request finished HTTP/2 GET https://localhost:7086/swagger - 301 0 - 89.9672ms 
2025-04-21 14:33:05.3021 INFO Request starting HTTP/2 GET https://localhost:7086/swagger/index.html - - - 
2025-04-21 14:33:05.3648 INFO Request finished HTTP/2 GET https://localhost:7086/swagger/index.html - 200 - text/html;charset=utf-8 55.5231ms 
2025-04-21 14:33:05.3648 INFO Request starting HTTP/2 GET https://localhost:7086/swagger/swagger-ui.css - - - 
2025-04-21 14:33:05.3648 INFO Request starting HTTP/2 GET https://localhost:7086/swagger/swagger-ui-standalone-preset.js - - - 
2025-04-21 14:33:05.3648 INFO Request starting HTTP/2 GET https://localhost:7086/swagger/swagger-ui-bundle.js - - - 
2025-04-21 14:33:05.3648 INFO Request starting HTTP/2 GET https://localhost:7086/_vs/browserLink - - - 
2025-04-21 14:33:05.3648 INFO Request starting HTTP/2 GET https://localhost:7086/_framework/aspnetcore-browser-refresh.js - - - 
2025-04-21 14:33:05.3857 INFO Request finished HTTP/2 GET https://localhost:7086/_framework/aspnetcore-browser-refresh.js - 200 13760 application/javascript;+charset=utf-8 13.9319ms 
2025-04-21 14:33:05.4137 INFO Sending file. Request path: '/swagger-ui.css'. Physical path: 'N/A' 
2025-04-21 14:33:05.4137 INFO Sending file. Request path: '/swagger-ui-standalone-preset.js'. Physical path: 'N/A' 
2025-04-21 14:33:05.4137 INFO Sending file. Request path: '/swagger-ui-bundle.js'. Physical path: 'N/A' 
2025-04-21 14:33:05.4137 INFO Request finished HTTP/2 GET https://localhost:7086/swagger/swagger-ui.css - 200 143943 text/css 50.3286ms 
2025-04-21 14:33:05.4137 INFO Request finished HTTP/2 GET https://localhost:7086/swagger/swagger-ui-bundle.js - 200 1096145 text/javascript 50.2522ms 
2025-04-21 14:33:05.4137 INFO Request finished HTTP/2 GET https://localhost:7086/swagger/swagger-ui-standalone-preset.js - 200 339486 text/javascript 50.2521ms 
2025-04-21 14:33:05.4316 INFO Request finished HTTP/2 GET https://localhost:7086/_vs/browserLink - 200 - text/javascript;+charset=UTF-8 65.1691ms 
2025-04-21 14:33:05.5505 INFO Request starting HTTP/2 GET https://localhost:7086/swagger/v1/swagger.json - - - 
2025-04-21 14:33:05.5505 INFO Request finished HTTP/2 GET https://localhost:7086/swagger/v1/swagger.json - 200 - application/json;charset=utf-8 7.1560ms 
2025-04-21 14:33:47.6234 INFO Request starting HTTP/2 GET https://localhost:7086/api/Check/CheckParas?deviceTypeId=7&inputTime=2025-04-17%2016%3A32 - - - 
2025-04-21 14:33:47.6632 INFO Executing endpoint 'Cola.Controllers.CheckController.GetCheckParasByDeviceId (Cola)' 
2025-04-21 14:33:47.6765 INFO Route matched with {action = "GetCheckParasByDeviceId", controller = "Check"}. Executing controller action with signature System.Threading.Tasks.Task`1[Microsoft.AspNetCore.Mvc.IActionResult] GetCheckParasByDeviceId(Int32, System.DateTime) on controller Cola.Controllers.CheckController (Cola). 
2025-04-21 14:33:49.0887 INFO Executing OkObjectResult, writing value of type 'Cola.Model.ApiResponse`1[[System.Collections.Generic.IEnumerable`1[[System.Object, System.Private.CoreLib, Version=8.0.0.0, Culture=neutral, PublicKeyToken=7cec85d7bea7798e]], System.Private.CoreLib, Version=8.0.0.0, Culture=neutral, PublicKeyToken=7cec85d7bea7798e]]'. 
2025-04-21 14:33:49.1337 INFO Executed action Cola.Controllers.CheckController.GetCheckParasByDeviceId (Cola) in 1454.5527ms 
2025-04-21 14:33:49.1337 INFO Executed endpoint 'Cola.Controllers.CheckController.GetCheckParasByDeviceId (Cola)' 
2025-04-21 14:33:49.1337 INFO Request finished HTTP/2 GET https://localhost:7086/api/Check/CheckParas?deviceTypeId=7&inputTime=2025-04-17%2016%3A32 - 200 1529 application/json;+charset=utf-8 1511.0801ms 
2025-04-21 14:34:19.8936 INFO Now listening on: https://localhost:7086 
2025-04-21 14:34:20.0418 INFO Now listening on: http://localhost:5064 
2025-04-21 14:34:20.0895 INFO Application started. Press Ctrl+C to shut down. 
2025-04-21 14:34:20.0895 INFO Hosting environment: Development 
2025-04-21 14:34:20.0895 INFO Content root path: D:\cwq\MyCode\Cola_ AsepticLine\Cola 
2025-04-21 14:34:20.4065 INFO Request starting HTTP/2 GET https://localhost:7086/swagger - - - 
2025-04-21 14:34:20.5163 INFO Request finished HTTP/2 GET https://localhost:7086/swagger - 301 0 - 115.1436ms 
2025-04-21 14:34:20.5163 INFO Request starting HTTP/2 GET https://localhost:7086/swagger/index.html - - - 
2025-04-21 14:34:20.5793 INFO Request finished HTTP/2 GET https://localhost:7086/swagger/index.html - 200 - text/html;charset=utf-8 56.4095ms 
2025-04-21 14:34:20.5793 INFO Request starting HTTP/2 GET https://localhost:7086/swagger/swagger-ui.css - - - 
2025-04-21 14:34:20.5793 INFO Request starting HTTP/2 GET https://localhost:7086/swagger/swagger-ui-bundle.js - - - 
2025-04-21 14:34:20.5793 INFO Request starting HTTP/2 GET https://localhost:7086/swagger/swagger-ui-standalone-preset.js - - - 
2025-04-21 14:34:20.5793 INFO Request starting HTTP/2 GET https://localhost:7086/_framework/aspnetcore-browser-refresh.js - - - 
2025-04-21 14:34:20.5793 INFO Request starting HTTP/2 GET https://localhost:7086/_vs/browserLink - - - 
2025-04-21 14:34:20.5793 INFO Request finished HTTP/2 GET https://localhost:7086/_framework/aspnetcore-browser-refresh.js - 200 13760 application/javascript;+charset=utf-8 9.4837ms 
2025-04-21 14:34:20.6176 INFO Sending file. Request path: '/swagger-ui.css'. Physical path: 'N/A' 
2025-04-21 14:34:20.6176 INFO Sending file. Request path: '/swagger-ui-standalone-preset.js'. Physical path: 'N/A' 
2025-04-21 14:34:20.6176 INFO Request finished HTTP/2 GET https://localhost:7086/swagger/swagger-ui.css - 200 143943 text/css 39.7311ms 
2025-04-21 14:34:20.6176 INFO Request finished HTTP/2 GET https://localhost:7086/swagger/swagger-ui-standalone-preset.js - 200 339486 text/javascript 39.1619ms 
2025-04-21 14:34:20.6254 INFO Sending file. Request path: '/swagger-ui-bundle.js'. Physical path: 'N/A' 
2025-04-21 14:34:20.6254 INFO Request finished HTTP/2 GET https://localhost:7086/swagger/swagger-ui-bundle.js - 200 1096145 text/javascript 44.2999ms 
2025-04-21 14:34:20.6388 INFO Request finished HTTP/2 GET https://localhost:7086/_vs/browserLink - 200 - text/javascript;+charset=UTF-8 57.2787ms 
2025-04-21 14:34:20.7584 INFO Request starting HTTP/2 GET https://localhost:7086/swagger/v1/swagger.json - - - 
2025-04-21 14:34:20.7659 INFO Request finished HTTP/2 GET https://localhost:7086/swagger/v1/swagger.json - 200 - application/json;charset=utf-8 7.7832ms 
2025-04-21 14:35:14.7149 INFO Request starting HTTP/2 GET https://localhost:7086/api/State/stop-reason - - - 
2025-04-21 14:35:14.7384 INFO Executing endpoint 'Cola.Controllers.StateController.GetStopReasonList (Cola)' 
2025-04-21 14:35:14.7556 INFO Route matched with {action = "GetStopReasonList", controller = "State"}. Executing controller action with signature System.Threading.Tasks.Task`1[Microsoft.AspNetCore.Mvc.IActionResult] GetStopReasonList() on controller Cola.Controllers.StateController (Cola). 
2025-04-21 14:35:14.8373 INFO 开始获取停机原因列表 
2025-04-21 14:35:15.6117 ERROR 获取停机原因列表失败 System.Exception: 42P01: relation "stop_state" does not exist
 ---> Npgsql.PostgresException (0x80004005): 42P01: relation "stop_state" does not exist
   at Npgsql.NpgsqlConnector.<ReadMessage>g__ReadMessageLong|194_0(NpgsqlConnector connector, Boolean async, DataRowLoadingMode dataRowLoadingMode, Boolean readingNotifications, Boolean isReadingPrependedMessage)
   at Npgsql.NpgsqlDataReader.NextResult(Boolean async, Boolean isConsuming, CancellationToken cancellationToken)
   at Npgsql.NpgsqlCommand.ExecuteReader(CommandBehavior behavior, Boolean async, CancellationToken cancellationToken)
   at Npgsql.NpgsqlCommand.ExecuteReader(CommandBehavior behavior, Boolean async, CancellationToken cancellationToken)
   at Npgsql.NpgsqlCommand.ExecuteDbDataReaderAsync(CommandBehavior behavior, CancellationToken cancellationToken)
   at FreeSql.Internal.CommonProvider.AdoProvider.ExecuteReaderMultipleAsync(Int32 multipleResult, DbConnection connection, DbTransaction transaction, Func`3 fetchHandler, Action`2 schemaHandler, CommandType cmdType, String cmdText, Int32 cmdTimeout, DbParameter[] cmdParms, CancellationToken cancellationToken)
  Exception data:
    Severity: ERROR
    SqlState: 42P01
    MessageText: relation "stop_state" does not exist
    Position: 60
    File: parse_relation.c
    Line: 1381
    Routine: parserOpenTable
   --- End of inner exception stack trace ---
   at FreeSql.Internal.CommonProvider.AdoProvider.LoggerException(IObjectPool`1 pool, PrepareCommandResult pc, Exception ex, DateTime dt, StringBuilder logtxt, Boolean isThrowException)
   at FreeSql.Internal.CommonProvider.AdoProvider.ExecuteReaderMultipleAsync(Int32 multipleResult, DbConnection connection, DbTransaction transaction, Func`3 fetchHandler, Action`2 schemaHandler, CommandType cmdType, String cmdText, Int32 cmdTimeout, DbParameter[] cmdParms, CancellationToken cancellationToken)
   at FreeSql.Internal.CommonProvider.Select0Provider`2.ToListAfPrivateAsync(String sql, GetAllFieldExpressionTreeInfo af, ReadAnonymousTypeOtherInfo[] otherData, CancellationToken cancellationToken)
   at Cola.Controllers.StateController.GetStopReasonList() in D:\cwq\MyCode\Cola_ AsepticLine\Cola\Controllers\StateController.cs:line 493
2025-04-21 14:35:15.6117 INFO Executing ObjectResult, writing value of type 'Cola.Model.ApiResponse`1[[System.Object, System.Private.CoreLib, Version=8.0.0.0, Culture=neutral, PublicKeyToken=7cec85d7bea7798e]]'. 
2025-04-21 14:35:15.6975 INFO Executed action Cola.Controllers.StateController.GetStopReasonList (Cola) in 938.4761ms 
2025-04-21 14:35:15.6975 INFO Executed endpoint 'Cola.Controllers.StateController.GetStopReasonList (Cola)' 
2025-04-21 14:35:15.6975 INFO Request finished HTTP/2 GET https://localhost:7086/api/State/stop-reason - 500 58 application/json;+charset=utf-8 984.8165ms 
2025-04-21 14:37:50.9771 INFO Now listening on: https://localhost:7086 
2025-04-21 14:37:50.9814 INFO Now listening on: http://localhost:5064 
2025-04-21 14:37:51.0173 INFO Application started. Press Ctrl+C to shut down. 
2025-04-21 14:37:51.0173 INFO Hosting environment: Development 
2025-04-21 14:37:51.0173 INFO Content root path: D:\cwq\MyCode\Cola_ AsepticLine\Cola 
2025-04-21 14:37:51.3191 INFO Request starting HTTP/2 GET https://localhost:7086/swagger - - - 
2025-04-21 14:37:51.4189 INFO Request finished HTTP/2 GET https://localhost:7086/swagger - 301 0 - 105.5386ms 
2025-04-21 14:37:51.4189 INFO Request starting HTTP/2 GET https://localhost:7086/swagger/index.html - - - 
2025-04-21 14:37:51.4692 INFO Request finished HTTP/2 GET https://localhost:7086/swagger/index.html - 200 - text/html;charset=utf-8 45.2107ms 
2025-04-21 14:37:51.4692 INFO Request starting HTTP/2 GET https://localhost:7086/swagger/swagger-ui-standalone-preset.js - - - 
2025-04-21 14:37:51.4692 INFO Request starting HTTP/2 GET https://localhost:7086/swagger/swagger-ui-bundle.js - - - 
2025-04-21 14:37:51.4692 INFO Request starting HTTP/2 GET https://localhost:7086/swagger/swagger-ui.css - - - 
2025-04-21 14:37:51.4692 INFO Request starting HTTP/2 GET https://localhost:7086/_vs/browserLink - - - 
2025-04-21 14:37:51.4692 INFO Request starting HTTP/2 GET https://localhost:7086/_framework/aspnetcore-browser-refresh.js - - - 
2025-04-21 14:37:51.4928 INFO Request finished HTTP/2 GET https://localhost:7086/_framework/aspnetcore-browser-refresh.js - 200 13760 application/javascript;+charset=utf-8 16.5724ms 
2025-04-21 14:37:51.5243 INFO Sending file. Request path: '/swagger-ui.css'. Physical path: 'N/A' 
2025-04-21 14:37:51.5243 INFO Sending file. Request path: '/swagger-ui-standalone-preset.js'. Physical path: 'N/A' 
2025-04-21 14:37:51.5280 INFO Request finished HTTP/2 GET https://localhost:7086/swagger/swagger-ui-standalone-preset.js - 200 339486 text/javascript 57.5677ms 
2025-04-21 14:37:51.5280 INFO Request finished HTTP/2 GET https://localhost:7086/swagger/swagger-ui.css - 200 143943 text/css 57.6258ms 
2025-04-21 14:37:51.5280 INFO Sending file. Request path: '/swagger-ui-bundle.js'. Physical path: 'N/A' 
2025-04-21 14:37:51.5280 INFO Request finished HTTP/2 GET https://localhost:7086/swagger/swagger-ui-bundle.js - 200 1096145 text/javascript 57.7942ms 
2025-04-21 14:37:51.5452 INFO Request finished HTTP/2 GET https://localhost:7086/_vs/browserLink - 200 - text/javascript;+charset=UTF-8 74.6663ms 
2025-04-21 14:37:51.6853 INFO Request starting HTTP/2 GET https://localhost:7086/swagger/v1/swagger.json - - - 
2025-04-21 14:37:51.6853 INFO Request finished HTTP/2 GET https://localhost:7086/swagger/v1/swagger.json - 200 - application/json;charset=utf-8 9.0097ms 
2025-04-21 14:39:02.7396 INFO Request starting HTTP/2 GET https://localhost:7086/api/Check/deviceList?lineID=1 - - - 
2025-04-21 14:39:02.7617 INFO Executing endpoint 'Cola.Controllers.CheckController.GetDeviceList (Cola)' 
2025-04-21 14:39:02.7753 INFO Route matched with {action = "GetDeviceList", controller = "Check"}. Executing controller action with signature System.Threading.Tasks.Task`1[Microsoft.AspNetCore.Mvc.IActionResult] GetDeviceList(Int32) on controller Cola.Controllers.CheckController (Cola). 
2025-04-21 14:39:03.3818 INFO Executing OkObjectResult, writing value of type 'Cola.Model.ApiResponse`1[[System.Collections.Generic.IEnumerable`1[[System.Object, System.Private.CoreLib, Version=8.0.0.0, Culture=neutral, PublicKeyToken=7cec85d7bea7798e]], System.Private.CoreLib, Version=8.0.0.0, Culture=neutral, PublicKeyToken=7cec85d7bea7798e]]'. 
2025-04-21 14:39:03.4492 INFO Executed action Cola.Controllers.CheckController.GetDeviceList (Cola) in 670.4858ms 
2025-04-21 14:39:03.4492 INFO Executed endpoint 'Cola.Controllers.CheckController.GetDeviceList (Cola)' 
2025-04-21 14:39:03.4501 INFO Request finished HTTP/2 GET https://localhost:7086/api/Check/deviceList?lineID=1 - 200 160 application/json;+charset=utf-8 710.8418ms 
2025-04-21 14:39:07.8070 INFO Request starting HTTP/2 GET https://localhost:7086/api/Check/deviceList?lineID=2 - - - 
2025-04-21 14:39:07.8070 INFO Executing endpoint 'Cola.Controllers.CheckController.GetDeviceList (Cola)' 
2025-04-21 14:39:07.8070 INFO Route matched with {action = "GetDeviceList", controller = "Check"}. Executing controller action with signature System.Threading.Tasks.Task`1[Microsoft.AspNetCore.Mvc.IActionResult] GetDeviceList(Int32) on controller Cola.Controllers.CheckController (Cola). 
2025-04-21 14:39:07.8239 INFO Executing OkObjectResult, writing value of type 'Cola.Model.ApiResponse`1[[System.Collections.Generic.IEnumerable`1[[System.Object, System.Private.CoreLib, Version=8.0.0.0, Culture=neutral, PublicKeyToken=7cec85d7bea7798e]], System.Private.CoreLib, Version=8.0.0.0, Culture=neutral, PublicKeyToken=7cec85d7bea7798e]]'. 
2025-04-21 14:39:07.8239 INFO Executed action Cola.Controllers.CheckController.GetDeviceList (Cola) in 14.8158ms 
2025-04-21 14:39:07.8239 INFO Executed endpoint 'Cola.Controllers.CheckController.GetDeviceList (Cola)' 
2025-04-21 14:39:07.8239 INFO Request finished HTTP/2 GET https://localhost:7086/api/Check/deviceList?lineID=2 - 200 162 application/json;+charset=utf-8 17.6276ms 
2025-04-21 14:39:10.6706 INFO Request starting HTTP/2 GET https://localhost:7086/api/Check/deviceList?lineID=3 - - - 
2025-04-21 14:39:10.6706 INFO Executing endpoint 'Cola.Controllers.CheckController.GetDeviceList (Cola)' 
2025-04-21 14:39:10.6706 INFO Route matched with {action = "GetDeviceList", controller = "Check"}. Executing controller action with signature System.Threading.Tasks.Task`1[Microsoft.AspNetCore.Mvc.IActionResult] GetDeviceList(Int32) on controller Cola.Controllers.CheckController (Cola). 
2025-04-21 14:39:10.6706 INFO Executing OkObjectResult, writing value of type 'Cola.Model.ApiResponse`1[[System.Collections.Generic.IEnumerable`1[[System.Object, System.Private.CoreLib, Version=8.0.0.0, Culture=neutral, PublicKeyToken=7cec85d7bea7798e]], System.Private.CoreLib, Version=8.0.0.0, Culture=neutral, PublicKeyToken=7cec85d7bea7798e]]'. 
2025-04-21 14:39:10.6706 INFO Executed action Cola.Controllers.CheckController.GetDeviceList (Cola) in 13.0502ms 
2025-04-21 14:39:10.6845 INFO Executed endpoint 'Cola.Controllers.CheckController.GetDeviceList (Cola)' 
2025-04-21 14:39:10.6845 INFO Request finished HTTP/2 GET https://localhost:7086/api/Check/deviceList?lineID=3 - 200 162 application/json;+charset=utf-8 14.4569ms 
2025-04-21 14:39:13.8324 INFO Request starting HTTP/2 GET https://localhost:7086/api/Check/deviceList?lineID=4 - - - 
2025-04-21 14:39:13.8324 INFO Executing endpoint 'Cola.Controllers.CheckController.GetDeviceList (Cola)' 
2025-04-21 14:39:13.8324 INFO Route matched with {action = "GetDeviceList", controller = "Check"}. Executing controller action with signature System.Threading.Tasks.Task`1[Microsoft.AspNetCore.Mvc.IActionResult] GetDeviceList(Int32) on controller Cola.Controllers.CheckController (Cola). 
2025-04-21 14:39:13.8451 INFO Executing OkObjectResult, writing value of type 'Cola.Model.ApiResponse`1[[System.Collections.Generic.IEnumerable`1[[System.Object, System.Private.CoreLib, Version=8.0.0.0, Culture=neutral, PublicKeyToken=7cec85d7bea7798e]], System.Private.CoreLib, Version=8.0.0.0, Culture=neutral, PublicKeyToken=7cec85d7bea7798e]]'. 
2025-04-21 14:39:13.8451 INFO Executed action Cola.Controllers.CheckController.GetDeviceList (Cola) in 12.6279ms 
2025-04-21 14:39:13.8451 INFO Executed endpoint 'Cola.Controllers.CheckController.GetDeviceList (Cola)' 
2025-04-21 14:39:13.8451 INFO Request finished HTTP/2 GET https://localhost:7086/api/Check/deviceList?lineID=4 - 200 41 application/json;+charset=utf-8 13.5294ms 
2025-04-21 17:22:05.7872 INFO Now listening on: https://localhost:7086 
2025-04-21 17:22:05.7872 INFO Now listening on: http://localhost:5064 
2025-04-21 17:22:05.8274 INFO Application started. Press Ctrl+C to shut down. 
2025-04-21 17:22:05.8274 INFO Hosting environment: Development 
2025-04-21 17:22:05.8274 INFO Content root path: D:\cwq\MyCode\Cola_ AsepticLine\Cola 
2025-04-21 17:22:12.7773 INFO Request starting HTTP/2 GET https://localhost:7086/swagger - - - 
2025-04-21 17:22:12.8701 INFO Request finished HTTP/2 GET https://localhost:7086/swagger - 301 0 - 95.7165ms 
2025-04-21 17:22:12.8780 INFO Request starting HTTP/2 GET https://localhost:7086/swagger/index.html - - - 
2025-04-21 17:22:12.9340 INFO Request finished HTTP/2 GET https://localhost:7086/swagger/index.html - 200 - text/html;charset=utf-8 56.1427ms 
2025-04-21 17:22:12.9379 INFO Request starting HTTP/2 GET https://localhost:7086/swagger/swagger-ui.css - - - 
2025-04-21 17:22:12.9379 INFO Request starting HTTP/2 GET https://localhost:7086/swagger/swagger-ui-bundle.js - - - 
2025-04-21 17:22:12.9379 INFO Request starting HTTP/2 GET https://localhost:7086/_framework/aspnetcore-browser-refresh.js - - - 
2025-04-21 17:22:12.9379 INFO Request starting HTTP/2 GET https://localhost:7086/_vs/browserLink - - - 
2025-04-21 17:22:12.9379 INFO Request starting HTTP/2 GET https://localhost:7086/swagger/swagger-ui-standalone-preset.js - - - 
2025-04-21 17:22:12.9379 INFO Request finished HTTP/2 GET https://localhost:7086/_framework/aspnetcore-browser-refresh.js - 200 13760 application/javascript;+charset=utf-8 10.4589ms 
2025-04-21 17:22:12.9761 INFO Sending file. Request path: '/swagger-ui-bundle.js'. Physical path: 'N/A' 
2025-04-21 17:22:12.9761 INFO Sending file. Request path: '/swagger-ui-standalone-preset.js'. Physical path: 'N/A' 
2025-04-21 17:22:12.9761 INFO Sending file. Request path: '/swagger-ui.css'. Physical path: 'N/A' 
2025-04-21 17:22:12.9761 INFO Request finished HTTP/2 GET https://localhost:7086/swagger/swagger-ui-bundle.js - 200 1096145 text/javascript 39.5026ms 
2025-04-21 17:22:12.9761 INFO Request finished HTTP/2 GET https://localhost:7086/swagger/swagger-ui.css - 200 143943 text/css 39.6240ms 
2025-04-21 17:22:12.9761 INFO Request finished HTTP/2 GET https://localhost:7086/swagger/swagger-ui-standalone-preset.js - 200 339486 text/javascript 39.2853ms 
2025-04-21 17:22:12.9938 INFO Request finished HTTP/2 GET https://localhost:7086/_vs/browserLink - 200 - text/javascript;+charset=UTF-8 55.4898ms 
2025-04-21 17:22:13.1061 INFO Request starting HTTP/2 GET https://localhost:7086/swagger/v1/swagger.json - - - 
2025-04-21 17:22:13.1230 INFO Request finished HTTP/2 GET https://localhost:7086/swagger/v1/swagger.json - 200 - application/json;charset=utf-8 17.1698ms 
2025-04-21 17:23:49.0535 INFO Request starting HTTP/2 GET https://localhost:7086/api/Check/lineInfoList - - - 
2025-04-21 17:23:49.0721 INFO Executing endpoint 'Cola.Controllers.CheckController.GetLineInfoList (Cola)' 
2025-04-21 17:23:49.0837 INFO Route matched with {action = "GetLineInfoList", controller = "Check"}. Executing controller action with signature System.Threading.Tasks.Task`1[Microsoft.AspNetCore.Mvc.IActionResult] GetLineInfoList() on controller Cola.Controllers.CheckController (Cola). 
2025-04-21 17:23:50.5271 INFO Executing OkObjectResult, writing value of type 'Cola.Model.ApiResponse`1[[System.Collections.Generic.IEnumerable`1[[System.Object, System.Private.CoreLib, Version=8.0.0.0, Culture=neutral, PublicKeyToken=7cec85d7bea7798e]], System.Private.CoreLib, Version=8.0.0.0, Culture=neutral, PublicKeyToken=7cec85d7bea7798e]]'. 
2025-04-21 17:23:50.6001 INFO Executed action Cola.Controllers.CheckController.GetLineInfoList (Cola) in 1513.2851ms 
2025-04-21 17:23:50.6001 INFO Executed endpoint 'Cola.Controllers.CheckController.GetLineInfoList (Cola)' 
2025-04-21 17:23:50.6001 INFO Request finished HTTP/2 GET https://localhost:7086/api/Check/lineInfoList - 200 164 application/json;+charset=utf-8 1547.5226ms 
