2025-03-11 10:06:36.7993 INFO Now listening on: https://localhost:7086 
2025-03-11 10:06:36.7993 INFO Now listening on: http://localhost:5064 
2025-03-11 10:06:36.8411 INFO Application started. Press Ctrl+C to shut down. 
2025-03-11 10:06:36.8411 INFO Hosting environment: Development 
2025-03-11 10:06:36.8411 INFO Content root path: D:\cwq\MyCode\Cola_ AsepticLine\Cola 
2025-03-11 10:06:37.3423 INFO Request starting HTTP/2 GET https://localhost:7086/swagger - - - 
2025-03-11 10:06:37.4666 INFO Request finished HTTP/2 GET https://localhost:7086/swagger - 301 0 - 130.0150ms 
2025-03-11 10:06:37.4666 INFO Request starting HTTP/2 GET https://localhost:7086/swagger/index.html - - - 
2025-03-11 10:06:37.5269 INFO Request finished HTTP/2 GET https://localhost:7086/swagger/index.html - 200 - text/html;charset=utf-8 54.5725ms 
2025-03-11 10:06:37.5301 INFO Request starting HTTP/2 GET https://localhost:7086/swagger/swagger-ui.css - - - 
2025-03-11 10:06:37.5301 INFO Request starting HTTP/2 GET https://localhost:7086/swagger/swagger-ui-bundle.js - - - 
2025-03-11 10:06:37.5301 INFO Request starting HTTP/2 GET https://localhost:7086/swagger/swagger-ui-standalone-preset.js - - - 
2025-03-11 10:06:37.5301 INFO Request starting HTTP/2 GET https://localhost:7086/_framework/aspnetcore-browser-refresh.js - - - 
2025-03-11 10:06:37.5301 INFO Request starting HTTP/2 GET https://localhost:7086/_vs/browserLink - - - 
2025-03-11 10:06:37.5475 INFO Request finished HTTP/2 GET https://localhost:7086/_framework/aspnetcore-browser-refresh.js - 200 13760 application/javascript;+charset=utf-8 17.2231ms 
2025-03-11 10:06:37.5936 INFO Sending file. Request path: '/swagger-ui-standalone-preset.js'. Physical path: 'N/A' 
2025-03-11 10:06:37.5936 INFO Sending file. Request path: '/swagger-ui.css'. Physical path: 'N/A' 
2025-03-11 10:06:37.5936 INFO Request finished HTTP/2 GET https://localhost:7086/swagger/swagger-ui.css - 200 143943 text/css 65.9103ms 
2025-03-11 10:06:37.5936 INFO Request finished HTTP/2 GET https://localhost:7086/swagger/swagger-ui-standalone-preset.js - 200 339486 text/javascript 65.6763ms 
2025-03-11 10:06:37.6110 INFO Sending file. Request path: '/swagger-ui-bundle.js'. Physical path: 'N/A' 
2025-03-11 10:06:37.6110 INFO Request finished HTTP/2 GET https://localhost:7086/swagger/swagger-ui-bundle.js - 200 1096145 text/javascript 81.0376ms 
2025-03-11 10:06:37.6110 INFO Request finished HTTP/2 GET https://localhost:7086/_vs/browserLink - 200 - text/javascript;+charset=UTF-8 83.4045ms 
2025-03-11 10:06:37.7780 INFO Request starting HTTP/2 GET https://localhost:7086/swagger/v1/swagger.json - - - 
2025-03-11 10:06:37.7780 INFO Request finished HTTP/2 GET https://localhost:7086/swagger/v1/swagger.json - 200 - application/json;charset=utf-8 13.8253ms 
2025-03-11 10:06:52.1939 INFO Request starting HTTP/2 GET https://localhost:7086/api/Check/currunt/V4?deviceTypeId=7&inputTime=2025-03-10 - - - 
2025-03-11 10:06:52.2180 INFO Executing endpoint 'Cola.Controllers.CheckController.GetCurrentTimeCheckData4 (Cola)' 
2025-03-11 10:06:52.2388 INFO Route matched with {action = "GetCurrentTimeCheckData4", controller = "Check"}. Executing controller action with signature System.Threading.Tasks.Task`1[Microsoft.AspNetCore.Mvc.IActionResult] GetCurrentTimeCheckData4(Int32, System.DateTime) on controller Cola.Controllers.CheckController (Cola). 
2025-03-11 10:06:53.2709 INFO 开始获取设备 7 在 03/10/2025 00:00:00 的检查数据 
2025-03-11 10:06:54.1625 INFO Executing OkObjectResult, writing value of type 'Cola.Model.ApiResponse`1[[System.Collections.Generic.IEnumerable`1[[Cola.Model.CheckDataResult2, Cola, Version=1.0.0.0, Culture=neutral, PublicKeyToken=null]], System.Private.CoreLib, Version=8.0.0.0, Culture=neutral, PublicKeyToken=7cec85d7bea7798e]]'. 
2025-03-11 10:06:54.2360 INFO Executed action Cola.Controllers.CheckController.GetCurrentTimeCheckData4 (Cola) in 1993.4981ms 
2025-03-11 10:06:54.2360 INFO Executed endpoint 'Cola.Controllers.CheckController.GetCurrentTimeCheckData4 (Cola)' 
2025-03-11 10:06:54.2360 INFO Request finished HTTP/2 GET https://localhost:7086/api/Check/currunt/V4?deviceTypeId=7&inputTime=2025-03-10 - 200 3707 application/json;+charset=utf-8 2043.2583ms 
2025-03-11 10:51:25.1900 INFO Now listening on: https://localhost:7086 
2025-03-11 10:51:25.1950 INFO Now listening on: http://localhost:5064 
2025-03-11 10:51:25.2368 INFO Application started. Press Ctrl+C to shut down. 
2025-03-11 10:51:25.2368 INFO Hosting environment: Development 
2025-03-11 10:51:25.2368 INFO Content root path: D:\cwq\MyCode\Cola_ AsepticLine\Cola 
2025-03-11 10:51:26.3056 INFO Request starting HTTP/2 GET https://localhost:7086/swagger - - - 
2025-03-11 10:51:26.5719 INFO Request finished HTTP/2 GET https://localhost:7086/swagger - 301 0 - 273.7241ms 
2025-03-11 10:51:26.5719 INFO Request starting HTTP/2 GET https://localhost:7086/swagger/index.html - - - 
2025-03-11 10:51:26.6568 INFO Request finished HTTP/2 GET https://localhost:7086/swagger/index.html - 200 - text/html;charset=utf-8 77.4287ms 
2025-03-11 10:51:26.6568 INFO Request starting HTTP/2 GET https://localhost:7086/swagger/swagger-ui.css - - - 
2025-03-11 10:51:26.6568 INFO Request starting HTTP/2 GET https://localhost:7086/swagger/swagger-ui-bundle.js - - - 
2025-03-11 10:51:26.6568 INFO Request starting HTTP/2 GET https://localhost:7086/swagger/swagger-ui-standalone-preset.js - - - 
2025-03-11 10:51:26.6624 INFO Request starting HTTP/2 GET https://localhost:7086/_framework/aspnetcore-browser-refresh.js - - - 
2025-03-11 10:51:26.6884 INFO Request finished HTTP/2 GET https://localhost:7086/_framework/aspnetcore-browser-refresh.js - 200 13760 application/javascript;+charset=utf-8 26.0621ms 
2025-03-11 10:51:26.7337 INFO Sending file. Request path: '/swagger-ui.css'. Physical path: 'N/A' 
2025-03-11 10:51:26.7337 INFO Sending file. Request path: '/swagger-ui-standalone-preset.js'. Physical path: 'N/A' 
2025-03-11 10:51:26.7337 INFO Sending file. Request path: '/swagger-ui-bundle.js'. Physical path: 'N/A' 
2025-03-11 10:51:26.7337 INFO Request finished HTTP/2 GET https://localhost:7086/swagger/swagger-ui.css - 200 143943 text/css 74.1613ms 
2025-03-11 10:51:26.7337 INFO Request finished HTTP/2 GET https://localhost:7086/swagger/swagger-ui-standalone-preset.js - 200 339486 text/javascript 73.7868ms 
2025-03-11 10:51:26.7337 INFO Request finished HTTP/2 GET https://localhost:7086/swagger/swagger-ui-bundle.js - 200 1096145 text/javascript 74.0158ms 
2025-03-11 10:51:26.7337 INFO Request starting HTTP/2 GET https://localhost:7086/_vs/browserLink - - - 
2025-03-11 10:51:26.7976 INFO Request finished HTTP/2 GET https://localhost:7086/_vs/browserLink - 200 - text/javascript;+charset=UTF-8 60.1109ms 
2025-03-11 10:51:26.9335 INFO Request starting HTTP/2 GET https://localhost:7086/swagger/v1/swagger.json - - - 
2025-03-11 10:51:26.9461 INFO Request finished HTTP/2 GET https://localhost:7086/swagger/v1/swagger.json - 200 - application/json;charset=utf-8 12.7105ms 
2025-03-11 10:51:44.4526 INFO Request starting HTTP/2 GET https://localhost:7086/api/Check/sharp/V4?deviceTypeId=7&inputTime=2025-03-10&shift=0 - - - 
2025-03-11 10:51:44.4703 INFO Executing endpoint 'Cola.Controllers.CheckController.GetSharpTimeCheckData4 (Cola)' 
2025-03-11 10:51:44.4955 INFO Route matched with {action = "GetSharpTimeCheckData4", controller = "Check"}. Executing controller action with signature System.Threading.Tasks.Task`1[Microsoft.AspNetCore.Mvc.IActionResult] GetSharpTimeCheckData4(Int32, System.DateTime, Int32) on controller Cola.Controllers.CheckController (Cola). 
2025-03-11 10:51:44.6268 INFO 开始获取设备 7 在 03/10/2025 00:00:00 的检查数据 
2025-03-11 10:52:00.2121 ERROR 获取设备 7 数据失败 | 输入时间：03/10/2025 00:00:00 System.Exception: Exception while connecting
 ---> Npgsql.NpgsqlException (0x80004005): Exception while connecting
 ---> System.TimeoutException: Timeout during connection attempt
   at Npgsql.NpgsqlConnector.ConnectAsync(NpgsqlTimeout timeout, CancellationToken cancellationToken)
   at Npgsql.NpgsqlConnector.RawOpen(NpgsqlTimeout timeout, Boolean async, CancellationToken cancellationToken)
   at Npgsql.NpgsqlConnector.Open(NpgsqlTimeout timeout, Boolean async, CancellationToken cancellationToken)
   at Npgsql.ConnectorPool.OpenNewConnector(NpgsqlConnection conn, NpgsqlTimeout timeout, Boolean async, CancellationToken cancellationToken)
   at Npgsql.ConnectorPool.<>c__DisplayClass38_0.<<Rent>g__RentAsync|0>d.MoveNext()
--- End of stack trace from previous location ---
   at Npgsql.NpgsqlConnection.<>c__DisplayClass41_0.<<Open>g__OpenAsync|0>d.MoveNext()
--- End of stack trace from previous location ---
   at FreeSql.Internal.CommonProvider.DbConnectionStringPool.GetAsync()
   at FreeSql.Internal.CommonProvider.AdoProvider.ExecuteReaderMultipleAsync(Int32 multipleResult, DbConnection connection, DbTransaction transaction, Func`3 fetchHandler, Action`2 schemaHandler, CommandType cmdType, String cmdText, Int32 cmdTimeout, DbParameter[] cmdParms, CancellationToken cancellationToken)
   --- End of inner exception stack trace ---
   at FreeSql.Internal.CommonProvider.AdoProvider.LoggerException(IObjectPool`1 pool, PrepareCommandResult pc, Exception ex, DateTime dt, StringBuilder logtxt, Boolean isThrowException)
   at FreeSql.Internal.CommonProvider.AdoProvider.ExecuteReaderMultipleAsync(Int32 multipleResult, DbConnection connection, DbTransaction transaction, Func`3 fetchHandler, Action`2 schemaHandler, CommandType cmdType, String cmdText, Int32 cmdTimeout, DbParameter[] cmdParms, CancellationToken cancellationToken)
   at FreeSql.Internal.CommonProvider.Select0Provider`2.ToListAfPrivateAsync(String sql, GetAllFieldExpressionTreeInfo af, ReadAnonymousTypeOtherInfo[] otherData, CancellationToken cancellationToken)
   at FreeSql.Internal.CommonProvider.Select0Provider`2.ToOneAsync(CancellationToken cancellationToken)
   at Cola.Controllers.CheckController.GetSharpTimeCheckData4(Int32 deviceTypeId, DateTime inputTime, Int32 shift) in D:\cwq\MyCode\Cola_ AsepticLine\Cola\Controllers\CheckController.cs:line 671
2025-03-11 10:52:00.2121 INFO Executing ObjectResult, writing value of type 'Cola.Model.ApiResponse`1[[System.Object, System.Private.CoreLib, Version=8.0.0.0, Culture=neutral, PublicKeyToken=7cec85d7bea7798e]]'. 
2025-03-11 10:52:00.3204 INFO Executed action Cola.Controllers.CheckController.GetSharpTimeCheckData4 (Cola) in 15818.9861ms 
2025-03-11 10:52:00.3204 INFO Executed endpoint 'Cola.Controllers.CheckController.GetSharpTimeCheckData4 (Cola)' 
2025-03-11 10:52:00.3204 INFO Request finished HTTP/2 GET https://localhost:7086/api/Check/sharp/V4?deviceTypeId=7&inputTime=2025-03-10&shift=0 - 500 87 application/json;+charset=utf-8 15868.7315ms 
2025-03-11 10:52:12.2435 INFO Request starting HTTP/2 GET https://localhost:7086/api/Check/sharp/V4?deviceTypeId=7&inputTime=2025-03-10&shift=0 - - - 
2025-03-11 10:52:12.2435 INFO Executing endpoint 'Cola.Controllers.CheckController.GetSharpTimeCheckData4 (Cola)' 
2025-03-11 10:52:12.2435 INFO Route matched with {action = "GetSharpTimeCheckData4", controller = "Check"}. Executing controller action with signature System.Threading.Tasks.Task`1[Microsoft.AspNetCore.Mvc.IActionResult] GetSharpTimeCheckData4(Int32, System.DateTime, Int32) on controller Cola.Controllers.CheckController (Cola). 
2025-03-11 10:52:12.2435 INFO 开始获取设备 7 在 03/10/2025 00:00:00 的检查数据 
2025-03-11 10:52:13.1192 INFO Executing OkObjectResult, writing value of type 'Cola.Model.ApiResponse`1[[System.Collections.Generic.IEnumerable`1[[Cola.Model.CheckDataResult2, Cola, Version=1.0.0.0, Culture=neutral, PublicKeyToken=null]], System.Private.CoreLib, Version=8.0.0.0, Culture=neutral, PublicKeyToken=7cec85d7bea7798e]]'. 
2025-03-11 10:52:13.1445 INFO Executed action Cola.Controllers.CheckController.GetSharpTimeCheckData4 (Cola) in 897.9138ms 
2025-03-11 10:52:13.1445 INFO Executed endpoint 'Cola.Controllers.CheckController.GetSharpTimeCheckData4 (Cola)' 
2025-03-11 10:52:13.1445 INFO Request finished HTTP/2 GET https://localhost:7086/api/Check/sharp/V4?deviceTypeId=7&inputTime=2025-03-10&shift=0 - 200 24085 application/json;+charset=utf-8 901.4353ms 
2025-03-11 10:57:27.6074 INFO Request starting HTTP/2 GET https://localhost:7086/api/Check/sharp/V4?deviceTypeId=7&inputTime=2025-03-10&shift=0 - - - 
2025-03-11 10:57:27.6074 INFO Executing endpoint 'Cola.Controllers.CheckController.GetSharpTimeCheckData4 (Cola)' 
2025-03-11 10:57:27.6126 INFO Route matched with {action = "GetSharpTimeCheckData4", controller = "Check"}. Executing controller action with signature System.Threading.Tasks.Task`1[Microsoft.AspNetCore.Mvc.IActionResult] GetSharpTimeCheckData4(Int32, System.DateTime, Int32) on controller Cola.Controllers.CheckController (Cola). 
2025-03-11 10:57:27.6126 INFO 开始获取设备 7 在 03/10/2025 00:00:00 的检查数据 
2025-03-11 10:57:27.7532 INFO Executing OkObjectResult, writing value of type 'Cola.Model.ApiResponse`1[[System.Collections.Generic.IEnumerable`1[[Cola.Model.CheckDataResult2, Cola, Version=1.0.0.0, Culture=neutral, PublicKeyToken=null]], System.Private.CoreLib, Version=8.0.0.0, Culture=neutral, PublicKeyToken=7cec85d7bea7798e]]'. 
2025-03-11 10:57:27.7532 INFO Executed action Cola.Controllers.CheckController.GetSharpTimeCheckData4 (Cola) in 148.7875ms 
2025-03-11 10:57:27.7532 INFO Executed endpoint 'Cola.Controllers.CheckController.GetSharpTimeCheckData4 (Cola)' 
2025-03-11 10:57:27.7532 INFO Request finished HTTP/2 GET https://localhost:7086/api/Check/sharp/V4?deviceTypeId=7&inputTime=2025-03-10&shift=0 - 200 24085 application/json;+charset=utf-8 156.5786ms 
2025-03-11 10:57:52.4423 INFO Request starting HTTP/2 GET https://localhost:7086/api/Check/currunt/V4?deviceTypeId=7&inputTime=2025-03-08 - - - 
2025-03-11 10:57:52.4423 INFO Executing endpoint 'Cola.Controllers.CheckController.GetCurrentTimeCheckData4 (Cola)' 
2025-03-11 10:57:52.4571 INFO Route matched with {action = "GetCurrentTimeCheckData4", controller = "Check"}. Executing controller action with signature System.Threading.Tasks.Task`1[Microsoft.AspNetCore.Mvc.IActionResult] GetCurrentTimeCheckData4(Int32, System.DateTime) on controller Cola.Controllers.CheckController (Cola). 
2025-03-11 10:57:52.4571 INFO 开始获取设备 7 在 03/08/2025 00:00:00 的检查数据 
2025-03-11 10:57:52.5589 INFO Executing OkObjectResult, writing value of type 'Cola.Model.ApiResponse`1[[System.Collections.Generic.IEnumerable`1[[Cola.Model.CheckDataResult2, Cola, Version=1.0.0.0, Culture=neutral, PublicKeyToken=null]], System.Private.CoreLib, Version=8.0.0.0, Culture=neutral, PublicKeyToken=7cec85d7bea7798e]]'. 
2025-03-11 10:57:52.5589 INFO Executed action Cola.Controllers.CheckController.GetCurrentTimeCheckData4 (Cola) in 101.9851ms 
2025-03-11 10:57:52.5589 INFO Executed endpoint 'Cola.Controllers.CheckController.GetCurrentTimeCheckData4 (Cola)' 
2025-03-11 10:57:52.5589 INFO Request finished HTTP/2 GET https://localhost:7086/api/Check/currunt/V4?deviceTypeId=7&inputTime=2025-03-08 - 200 3656 application/json;+charset=utf-8 117.7534ms 
2025-03-11 11:04:10.7211 INFO Now listening on: https://localhost:7086 
2025-03-11 11:04:10.7211 INFO Now listening on: http://localhost:5064 
2025-03-11 11:04:10.7613 INFO Application started. Press Ctrl+C to shut down. 
2025-03-11 11:04:10.7613 INFO Hosting environment: Development 
2025-03-11 11:04:10.7613 INFO Content root path: D:\cwq\MyCode\Cola_ AsepticLine\Cola 
2025-03-11 11:04:11.3257 INFO Request starting HTTP/2 GET https://localhost:7086/swagger - - - 
2025-03-11 11:04:11.4565 INFO Request finished HTTP/2 GET https://localhost:7086/swagger - 301 0 - 136.0395ms 
2025-03-11 11:04:11.4565 INFO Request starting HTTP/2 GET https://localhost:7086/swagger/index.html - - - 
2025-03-11 11:04:11.5240 INFO Request finished HTTP/2 GET https://localhost:7086/swagger/index.html - 200 - text/html;charset=utf-8 61.9869ms 
2025-03-11 11:04:11.5240 INFO Request starting HTTP/2 GET https://localhost:7086/swagger/swagger-ui.css - - - 
2025-03-11 11:04:11.5240 INFO Request starting HTTP/2 GET https://localhost:7086/swagger/swagger-ui-bundle.js - - - 
2025-03-11 11:04:11.5240 INFO Request starting HTTP/2 GET https://localhost:7086/swagger/swagger-ui-standalone-preset.js - - - 
2025-03-11 11:04:11.5240 INFO Request starting HTTP/2 GET https://localhost:7086/_framework/aspnetcore-browser-refresh.js - - - 
2025-03-11 11:04:11.5240 INFO Request starting HTTP/2 GET https://localhost:7086/_vs/browserLink - - - 
2025-03-11 11:04:11.5411 INFO Request finished HTTP/2 GET https://localhost:7086/_framework/aspnetcore-browser-refresh.js - 200 13760 application/javascript;+charset=utf-8 12.5815ms 
2025-03-11 11:04:11.5904 INFO Sending file. Request path: '/swagger-ui-standalone-preset.js'. Physical path: 'N/A' 
2025-03-11 11:04:11.5904 INFO Sending file. Request path: '/swagger-ui.css'. Physical path: 'N/A' 
2025-03-11 11:04:11.5956 INFO Request finished HTTP/2 GET https://localhost:7086/swagger/swagger-ui-standalone-preset.js - 200 339486 text/javascript 67.2248ms 
2025-03-11 11:04:11.5956 INFO Request finished HTTP/2 GET https://localhost:7086/swagger/swagger-ui.css - 200 143943 text/css 67.4552ms 
2025-03-11 11:04:11.5956 INFO Sending file. Request path: '/swagger-ui-bundle.js'. Physical path: 'N/A' 
2025-03-11 11:04:11.5956 INFO Request finished HTTP/2 GET https://localhost:7086/swagger/swagger-ui-bundle.js - 200 1096145 text/javascript 68.6209ms 
2025-03-11 11:04:11.6159 INFO Request finished HTTP/2 GET https://localhost:7086/_vs/browserLink - 200 - text/javascript;+charset=UTF-8 87.3041ms 
2025-03-11 11:04:11.7508 INFO Request starting HTTP/2 GET https://localhost:7086/swagger/v1/swagger.json - - - 
2025-03-11 11:04:11.7508 INFO Request finished HTTP/2 GET https://localhost:7086/swagger/v1/swagger.json - 200 - application/json;charset=utf-8 9.0807ms 
2025-03-11 11:04:37.4478 INFO Request starting HTTP/2 GET https://localhost:7086/api/Check/sharp/V4?deviceTypeId=7&inputTime=2025-03-10&shift=0 - - - 
2025-03-11 11:04:37.4749 INFO Executing endpoint 'Cola.Controllers.CheckController.GetSharpTimeCheckData4 (Cola)' 
2025-03-11 11:04:37.4933 INFO Route matched with {action = "GetSharpTimeCheckData4", controller = "Check"}. Executing controller action with signature System.Threading.Tasks.Task`1[Microsoft.AspNetCore.Mvc.IActionResult] GetSharpTimeCheckData4(Int32, System.DateTime, Int32) on controller Cola.Controllers.CheckController (Cola). 
2025-03-11 11:04:37.6161 INFO 开始获取设备 7 在 03/10/2025 00:00:00 的检查数据 
2025-03-11 11:04:38.4806 INFO Executing OkObjectResult, writing value of type 'Cola.Model.ApiResponse`1[[System.Collections.Generic.IEnumerable`1[[Cola.Model.CheckDataResult2, Cola, Version=1.0.0.0, Culture=neutral, PublicKeyToken=null]], System.Private.CoreLib, Version=8.0.0.0, Culture=neutral, PublicKeyToken=7cec85d7bea7798e]]'. 
2025-03-11 11:04:38.5864 INFO Executed action Cola.Controllers.CheckController.GetSharpTimeCheckData4 (Cola) in 1089.035ms 
2025-03-11 11:04:38.5864 INFO Executed endpoint 'Cola.Controllers.CheckController.GetSharpTimeCheckData4 (Cola)' 
2025-03-11 11:04:38.5864 INFO Request finished HTTP/2 GET https://localhost:7086/api/Check/sharp/V4?deviceTypeId=7&inputTime=2025-03-10&shift=0 - 200 41089 application/json;+charset=utf-8 1139.7783ms 
2025-03-11 11:33:05.8480 INFO Now listening on: https://localhost:7086 
2025-03-11 11:33:05.8535 INFO Now listening on: http://localhost:5064 
2025-03-11 11:33:06.1855 INFO Application started. Press Ctrl+C to shut down. 
2025-03-11 11:33:06.1855 INFO Hosting environment: Development 
2025-03-11 11:33:06.1855 INFO Content root path: D:\cwq\MyCode\Cola_ AsepticLine\Cola 
2025-03-11 11:33:06.5561 INFO Request starting HTTP/2 GET https://localhost:7086/swagger - - - 
2025-03-11 11:33:06.7096 INFO Request finished HTTP/2 GET https://localhost:7086/swagger - 301 0 - 162.9212ms 
2025-03-11 11:33:06.7096 INFO Request starting HTTP/2 GET https://localhost:7086/swagger/index.html - - - 
2025-03-11 11:33:06.7816 INFO Request finished HTTP/2 GET https://localhost:7086/swagger/index.html - 200 - text/html;charset=utf-8 64.8623ms 
2025-03-11 11:33:06.7816 INFO Request starting HTTP/2 GET https://localhost:7086/swagger/swagger-ui.css - - - 
2025-03-11 11:33:06.7816 INFO Request starting HTTP/2 GET https://localhost:7086/swagger/swagger-ui-standalone-preset.js - - - 
2025-03-11 11:33:06.7816 INFO Request starting HTTP/2 GET https://localhost:7086/swagger/swagger-ui-bundle.js - - - 
2025-03-11 11:33:06.7932 INFO Request starting HTTP/2 GET https://localhost:7086/_framework/aspnetcore-browser-refresh.js - - - 
2025-03-11 11:33:06.7932 INFO Request starting HTTP/2 GET https://localhost:7086/_vs/browserLink - - - 
2025-03-11 11:33:06.8124 INFO Request finished HTTP/2 GET https://localhost:7086/_framework/aspnetcore-browser-refresh.js - 200 13760 application/javascript;+charset=utf-8 19.3034ms 
2025-03-11 11:33:06.8496 INFO Sending file. Request path: '/swagger-ui-standalone-preset.js'. Physical path: 'N/A' 
2025-03-11 11:33:06.8496 INFO Sending file. Request path: '/swagger-ui.css'. Physical path: 'N/A' 
2025-03-11 11:33:06.8497 INFO Request finished HTTP/2 GET https://localhost:7086/swagger/swagger-ui.css - 200 143943 text/css 64.5500ms 
2025-03-11 11:33:06.8497 INFO Request finished HTTP/2 GET https://localhost:7086/swagger/swagger-ui-standalone-preset.js - 200 339486 text/javascript 64.1796ms 
2025-03-11 11:33:06.8673 INFO Sending file. Request path: '/swagger-ui-bundle.js'. Physical path: 'N/A' 
2025-03-11 11:33:06.8673 INFO Request finished HTTP/2 GET https://localhost:7086/swagger/swagger-ui-bundle.js - 200 1096145 text/javascript 82.0891ms 
2025-03-11 11:33:06.8673 INFO Request finished HTTP/2 GET https://localhost:7086/_vs/browserLink - 200 - text/javascript;+charset=UTF-8 84.6590ms 
2025-03-11 11:33:07.0088 INFO Request starting HTTP/2 GET https://localhost:7086/swagger/v1/swagger.json - - - 
2025-03-11 11:33:07.0088 INFO Request finished HTTP/2 GET https://localhost:7086/swagger/v1/swagger.json - 200 - application/json;charset=utf-8 7.1858ms 
2025-03-11 11:33:57.4930 INFO Request starting HTTP/2 POST https://localhost:7086/api/Check/GetAlarmReason?alarmId=2812&checkParamId=17 - - 0 
2025-03-11 11:33:57.5174 INFO CORS policy execution successful. 
2025-03-11 11:33:57.5244 INFO Executing endpoint 'Cola.Controllers.CheckController.GetAlarmReason (Cola)' 
2025-03-11 11:33:57.5631 INFO Route matched with {action = "GetAlarmReason", controller = "Check"}. Executing controller action with signature System.Threading.Tasks.Task`1[Microsoft.AspNetCore.Mvc.IActionResult] GetAlarmReason(Int32, Int32) on controller Cola.Controllers.CheckController (Cola). 
2025-03-11 11:33:58.4794 INFO Executing OkObjectResult, writing value of type 'Cola.Model.ApiResponse`1[[System.Object, System.Private.CoreLib, Version=8.0.0.0, Culture=neutral, PublicKeyToken=7cec85d7bea7798e]]'. 
2025-03-11 11:33:58.5117 INFO Executed action Cola.Controllers.CheckController.GetAlarmReason (Cola) in 945.2186ms 
2025-03-11 11:33:58.5117 INFO Executed endpoint 'Cola.Controllers.CheckController.GetAlarmReason (Cola)' 
2025-03-11 11:33:58.5117 INFO Request finished HTTP/2 POST https://localhost:7086/api/Check/GetAlarmReason?alarmId=2812&checkParamId=17 - 200 103 application/json;+charset=utf-8 1019.7145ms 
2025-03-11 11:34:16.5833 INFO Request starting HTTP/2 POST https://localhost:7086/api/Check/GetAlarmReason?alarmId=2812&checkParamId=21 - - 0 
2025-03-11 11:34:16.5833 INFO CORS policy execution successful. 
2025-03-11 11:34:16.5833 INFO Executing endpoint 'Cola.Controllers.CheckController.GetAlarmReason (Cola)' 
2025-03-11 11:34:16.5833 INFO Route matched with {action = "GetAlarmReason", controller = "Check"}. Executing controller action with signature System.Threading.Tasks.Task`1[Microsoft.AspNetCore.Mvc.IActionResult] GetAlarmReason(Int32, Int32) on controller Cola.Controllers.CheckController (Cola). 
2025-03-11 11:34:16.5917 INFO Executing OkObjectResult, writing value of type 'Cola.Model.ApiResponse`1[[System.Object, System.Private.CoreLib, Version=8.0.0.0, Culture=neutral, PublicKeyToken=7cec85d7bea7798e]]'. 
2025-03-11 11:34:16.5917 INFO Executed action Cola.Controllers.CheckController.GetAlarmReason (Cola) in 5.5675ms 
2025-03-11 11:34:16.5917 INFO Executed endpoint 'Cola.Controllers.CheckController.GetAlarmReason (Cola)' 
2025-03-11 11:34:16.5917 INFO Request finished HTTP/2 POST https://localhost:7086/api/Check/GetAlarmReason?alarmId=2812&checkParamId=21 - 200 100 application/json;+charset=utf-8 9.5135ms 
2025-03-11 11:34:28.7850 INFO Request starting HTTP/2 POST https://localhost:7086/api/Check/GetAlarmReason?alarmId=2812&checkParamId=23 - - 0 
2025-03-11 11:34:28.7850 INFO CORS policy execution successful. 
2025-03-11 11:34:28.7850 INFO Executing endpoint 'Cola.Controllers.CheckController.GetAlarmReason (Cola)' 
2025-03-11 11:34:28.7850 INFO Route matched with {action = "GetAlarmReason", controller = "Check"}. Executing controller action with signature System.Threading.Tasks.Task`1[Microsoft.AspNetCore.Mvc.IActionResult] GetAlarmReason(Int32, Int32) on controller Cola.Controllers.CheckController (Cola). 
2025-03-11 11:34:28.8015 INFO Executing OkObjectResult, writing value of type 'Cola.Model.ApiResponse`1[[System.Object, System.Private.CoreLib, Version=8.0.0.0, Culture=neutral, PublicKeyToken=7cec85d7bea7798e]]'. 
2025-03-11 11:34:28.8015 INFO Executed action Cola.Controllers.CheckController.GetAlarmReason (Cola) in 16.2511ms 
2025-03-11 11:34:28.8015 INFO Executed endpoint 'Cola.Controllers.CheckController.GetAlarmReason (Cola)' 
2025-03-11 11:34:28.8015 INFO Request finished HTTP/2 POST https://localhost:7086/api/Check/GetAlarmReason?alarmId=2812&checkParamId=23 - 200 103 application/json;+charset=utf-8 17.6049ms 
