2025-01-15 14:00:09.3326 INFO Now listening on: https://localhost:7086 
2025-01-15 14:00:09.3326 INFO Now listening on: http://localhost:5064 
2025-01-15 14:00:09.3679 INFO Application started. Press Ctrl+C to shut down. 
2025-01-15 14:00:09.3679 INFO Hosting environment: Development 
2025-01-15 14:00:09.3679 INFO Content root path: D:\cwq\MyCode\Cola_ AsepticLine\Cola 
2025-01-15 14:00:10.6313 INFO Request starting HTTP/2 GET https://localhost:7086/swagger - - - 
2025-01-15 14:00:10.7618 INFO Request finished HTTP/2 GET https://localhost:7086/swagger - 301 0 - 134.7664ms 
2025-01-15 14:00:10.7618 INFO Request starting HTTP/2 GET https://localhost:7086/swagger/index.html - - - 
2025-01-15 14:00:10.8180 INFO Request finished HTTP/2 GET https://localhost:7086/swagger/index.html - 200 - text/html;charset=utf-8 50.4815ms 
2025-01-15 14:00:10.8180 INFO Request starting HTTP/2 GET https://localhost:7086/swagger/swagger-ui.css - - - 
2025-01-15 14:00:10.8180 INFO Request starting HTTP/2 GET https://localhost:7086/_framework/aspnetcore-browser-refresh.js - - - 
2025-01-15 14:00:10.8180 INFO Request starting HTTP/2 GET https://localhost:7086/swagger/swagger-ui-standalone-preset.js - - - 
2025-01-15 14:00:10.8180 INFO Request starting HTTP/2 GET https://localhost:7086/swagger/swagger-ui-bundle.js - - - 
2025-01-15 14:00:10.8180 INFO Request starting HTTP/2 GET https://localhost:7086/_vs/browserLink - - - 
2025-01-15 14:00:10.8351 INFO Request finished HTTP/2 GET https://localhost:7086/_framework/aspnetcore-browser-refresh.js - 200 13744 application/javascript;+charset=utf-8 13.5759ms 
2025-01-15 14:00:10.8672 INFO Sending file. Request path: '/swagger-ui.css'. Physical path: 'N/A' 
2025-01-15 14:00:10.8672 INFO Sending file. Request path: '/swagger-ui-standalone-preset.js'. Physical path: 'N/A' 
2025-01-15 14:00:10.8672 INFO Request finished HTTP/2 GET https://localhost:7086/swagger/swagger-ui.css - 200 143943 text/css 46.8083ms 
2025-01-15 14:00:10.8672 INFO Request finished HTTP/2 GET https://localhost:7086/swagger/swagger-ui-standalone-preset.js - 200 339486 text/javascript 46.0323ms 
2025-01-15 14:00:10.8837 INFO Sending file. Request path: '/swagger-ui-bundle.js'. Physical path: 'N/A' 
2025-01-15 14:00:10.8837 INFO Request finished HTTP/2 GET https://localhost:7086/swagger/swagger-ui-bundle.js - 200 1096145 text/javascript 62.5121ms 
2025-01-15 14:00:10.8837 INFO Request finished HTTP/2 GET https://localhost:7086/_vs/browserLink - 200 - text/javascript;+charset=UTF-8 64.7589ms 
2025-01-15 14:00:11.0202 INFO Request starting HTTP/2 GET https://localhost:7086/swagger/v1/swagger.json - - - 
2025-01-15 14:00:11.1848 INFO Request finished HTTP/2 GET https://localhost:7086/swagger/v1/swagger.json - 200 - application/json;charset=utf-8 164.7338ms 
2025-01-15 14:00:14.3266 INFO Request starting HTTP/2 GET https://localhost:7086/api/Check - - - 
2025-01-15 14:00:14.3266 INFO Executing endpoint 'Cola.Controllers.CheckController.Get (Cola)' 
2025-01-15 14:00:14.3535 INFO Route matched with {action = "Get", controller = "Check"}. Executing controller action with signature System.Threading.Tasks.Task`1[Microsoft.AspNetCore.Mvc.IActionResult] Get() on controller Cola.Controllers.CheckController (Cola). 
2025-01-15 14:00:15.3684 INFO 开始获取检查参数数据 
2025-01-15 14:00:30.9608 ERROR 获取检查参数数据时发生错误 System.Exception: Exception while connecting
 ---> Npgsql.NpgsqlException (0x80004005): Exception while connecting
 ---> System.TimeoutException: Timeout during connection attempt
   at Npgsql.NpgsqlConnector.ConnectAsync(NpgsqlTimeout timeout, CancellationToken cancellationToken)
   at Npgsql.NpgsqlConnector.RawOpen(NpgsqlTimeout timeout, Boolean async, CancellationToken cancellationToken)
   at Npgsql.NpgsqlConnector.Open(NpgsqlTimeout timeout, Boolean async, CancellationToken cancellationToken)
   at Npgsql.ConnectorPool.OpenNewConnector(NpgsqlConnection conn, NpgsqlTimeout timeout, Boolean async, CancellationToken cancellationToken)
   at Npgsql.ConnectorPool.<>c__DisplayClass38_0.<<Rent>g__RentAsync|0>d.MoveNext()
--- End of stack trace from previous location ---
   at Npgsql.NpgsqlConnection.<>c__DisplayClass41_0.<<Open>g__OpenAsync|0>d.MoveNext()
--- End of stack trace from previous location ---
   at FreeSql.Internal.CommonProvider.DbConnectionStringPool.GetAsync()
   at FreeSql.Internal.CommonProvider.AdoProvider.ExecuteReaderMultipleAsync(Int32 multipleResult, DbConnection connection, DbTransaction transaction, Func`3 fetchHandler, Action`2 schemaHandler, CommandType cmdType, String cmdText, Int32 cmdTimeout, DbParameter[] cmdParms, CancellationToken cancellationToken)
   --- End of inner exception stack trace ---
   at FreeSql.Internal.CommonProvider.AdoProvider.LoggerException(IObjectPool`1 pool, PrepareCommandResult pc, Exception ex, DateTime dt, StringBuilder logtxt, Boolean isThrowException)
   at FreeSql.Internal.CommonProvider.AdoProvider.ExecuteReaderMultipleAsync(Int32 multipleResult, DbConnection connection, DbTransaction transaction, Func`3 fetchHandler, Action`2 schemaHandler, CommandType cmdType, String cmdText, Int32 cmdTimeout, DbParameter[] cmdParms, CancellationToken cancellationToken)
   at FreeSql.Internal.CommonProvider.Select0Provider`2.ToListAfPrivateAsync(String sql, GetAllFieldExpressionTreeInfo af, ReadAnonymousTypeOtherInfo[] otherData, CancellationToken cancellationToken)
   at Cola.Controllers.CheckController.Get() in D:\cwq\MyCode\Cola_ AsepticLine\Cola\Controllers\CheckController.cs:line 31
2025-01-15 14:00:30.9608 INFO Executing ObjectResult, writing value of type 'Cola.Model.ApiResponse`1[[System.Object, System.Private.CoreLib, Version=8.0.0.0, Culture=neutral, PublicKeyToken=7cec85d7bea7798e]]'. 
2025-01-15 14:00:30.9772 INFO Executed action Cola.Controllers.CheckController.Get (Cola) in 16615.6851ms 
2025-01-15 14:00:30.9772 INFO Executed endpoint 'Cola.Controllers.CheckController.Get (Cola)' 
2025-01-15 14:00:30.9772 INFO Request finished HTTP/2 GET https://localhost:7086/api/Check - 500 - application/json;+charset=utf-8 16651.5791ms 
