2025-03-05 10:54:26.4898 INFO Now listening on: https://localhost:7086 
2025-03-05 10:54:26.4945 INFO Now listening on: http://localhost:5064 
2025-03-05 10:54:26.5293 INFO Application started. Press Ctrl+C to shut down. 
2025-03-05 10:54:26.5293 INFO Hosting environment: Development 
2025-03-05 10:54:26.5293 INFO Content root path: D:\cwq\MyCode\Cola_ AsepticLine\Cola 
2025-03-05 10:54:27.0540 INFO Request starting HTTP/2 GET https://localhost:7086/swagger - - - 
2025-03-05 10:54:27.1893 INFO Request finished HTTP/2 GET https://localhost:7086/swagger - 301 0 - 140.7349ms 
2025-03-05 10:54:27.1954 INFO Request starting HTTP/2 GET https://localhost:7086/swagger/index.html - - - 
2025-03-05 10:54:27.2568 INFO Request starting HTTP/2 GET https://localhost:7086/swagger/swagger-ui-bundle.js - - - 
2025-03-05 10:54:27.2568 INFO Request starting HTTP/2 GET https://localhost:7086/swagger/swagger-ui.css - - - 
2025-03-05 10:54:27.2568 INFO Request starting HTTP/2 GET https://localhost:7086/_vs/browserLink - - - 
2025-03-05 10:54:27.2568 INFO Request starting HTTP/2 GET https://localhost:7086/swagger/swagger-ui-standalone-preset.js - - - 
2025-03-05 10:54:27.2568 INFO Request finished HTTP/2 GET https://localhost:7086/swagger/index.html - 200 - text/html;charset=utf-8 70.2748ms 
2025-03-05 10:54:27.2568 INFO Request starting HTTP/2 GET https://localhost:7086/_framework/aspnetcore-browser-refresh.js - - - 
2025-03-05 10:54:27.2831 INFO Request finished HTTP/2 GET https://localhost:7086/_framework/aspnetcore-browser-refresh.js - 200 13760 application/javascript;+charset=utf-8 17.0695ms 
2025-03-05 10:54:27.3409 INFO Sending file. Request path: '/swagger-ui.css'. Physical path: 'N/A' 
2025-03-05 10:54:27.3408 INFO Sending file. Request path: '/swagger-ui-standalone-preset.js'. Physical path: 'N/A' 
2025-03-05 10:54:27.3409 INFO Request finished HTTP/2 GET https://localhost:7086/swagger/swagger-ui-standalone-preset.js - 200 339486 text/javascript 82.6385ms 
2025-03-05 10:54:27.3409 INFO Request finished HTTP/2 GET https://localhost:7086/swagger/swagger-ui.css - 200 143943 text/css 84.4604ms 
2025-03-05 10:54:27.3409 INFO Sending file. Request path: '/swagger-ui-bundle.js'. Physical path: 'N/A' 
2025-03-05 10:54:27.3409 INFO Request finished HTTP/2 GET https://localhost:7086/swagger/swagger-ui-bundle.js - 200 1096145 text/javascript 88.0067ms 
2025-03-05 10:54:27.3631 INFO Request finished HTTP/2 GET https://localhost:7086/_vs/browserLink - 200 - text/javascript;+charset=UTF-8 105.0642ms 
2025-03-05 10:54:27.4981 INFO Request starting HTTP/2 GET https://localhost:7086/swagger/v1/swagger.json - - - 
2025-03-05 10:54:27.4981 INFO Request finished HTTP/2 GET https://localhost:7086/swagger/v1/swagger.json - 200 - application/json;charset=utf-8 6.0916ms 
2025-03-05 10:54:54.2070 INFO Request starting HTTP/2 GET https://localhost:7086/api/Check/currunt?deviceId=7&inputTime=2025-03-02 - - - 
2025-03-05 10:54:54.2339 INFO Executing endpoint 'Cola.Controllers.CheckController.GetCurrentTimeCheckData2 (Cola)' 
2025-03-05 10:54:54.2601 INFO Route matched with {action = "GetCurrentTimeCheckData2", controller = "Check"}. Executing controller action with signature System.Threading.Tasks.Task`1[Microsoft.AspNetCore.Mvc.IActionResult] GetCurrentTimeCheckData2(Int32, System.DateTime) on controller Cola.Controllers.CheckController (Cola). 
2025-03-05 10:54:55.4058 INFO 开始获取设备 7 在 03/02/2025 00:00:00 的检查数据 
2025-03-05 10:54:55.9605 INFO Executing OkObjectResult, writing value of type 'Cola.Model.ApiResponse`1[[System.Object, System.Private.CoreLib, Version=8.0.0.0, Culture=neutral, PublicKeyToken=7cec85d7bea7798e]]'. 
2025-03-05 10:54:56.0422 INFO Executed action Cola.Controllers.CheckController.GetCurrentTimeCheckData2 (Cola) in 1777.4964ms 
2025-03-05 10:54:56.0422 INFO Executed endpoint 'Cola.Controllers.CheckController.GetCurrentTimeCheckData2 (Cola)' 
2025-03-05 10:54:56.0422 INFO Request finished HTTP/2 GET https://localhost:7086/api/Check/currunt?deviceId=7&inputTime=2025-03-02 - 200 71 application/json;+charset=utf-8 1836.3843ms 
2025-03-05 10:55:01.5568 INFO Request starting HTTP/2 GET https://localhost:7086/api/Check/currunt?deviceId=3&inputTime=2025-03-02 - - - 
2025-03-05 10:55:01.5568 INFO Executing endpoint 'Cola.Controllers.CheckController.GetCurrentTimeCheckData2 (Cola)' 
2025-03-05 10:55:01.5568 INFO Route matched with {action = "GetCurrentTimeCheckData2", controller = "Check"}. Executing controller action with signature System.Threading.Tasks.Task`1[Microsoft.AspNetCore.Mvc.IActionResult] GetCurrentTimeCheckData2(Int32, System.DateTime) on controller Cola.Controllers.CheckController (Cola). 
2025-03-05 10:55:01.5568 INFO 开始获取设备 3 在 03/02/2025 00:00:00 的检查数据 
2025-03-05 10:55:01.9050 ERROR 获取设备 7 数据失败 | 输入时间：03/02/2025 00:00:00 Microsoft.CSharp.RuntimeBinder.RuntimeBinderException: Cannot implicitly convert type 'System.Dynamic.ExpandoObject' to 'Cola.Model.CheckDataItem'
   at CallSite.Target(Closure, CallSite, Object)
   at System.Dynamic.UpdateDelegates.UpdateAndExecute1[T0,TRet](CallSite site, T0 arg0)
   at Cola.Controllers.CheckController.GetCurrentTimeCheckData2(Int32 deviceId, DateTime inputTime) in D:\cwq\MyCode\Cola_ AsepticLine\Cola\Controllers\CheckController.cs:line 432
2025-03-05 10:55:01.9050 INFO Executing ObjectResult, writing value of type 'Cola.Model.ApiResponse`1[[System.Object, System.Private.CoreLib, Version=8.0.0.0, Culture=neutral, PublicKeyToken=7cec85d7bea7798e]]'. 
2025-03-05 10:55:01.9050 INFO Executed action Cola.Controllers.CheckController.GetCurrentTimeCheckData2 (Cola) in 346.6495ms 
2025-03-05 10:55:01.9050 INFO Executed endpoint 'Cola.Controllers.CheckController.GetCurrentTimeCheckData2 (Cola)' 
2025-03-05 10:55:01.9050 INFO Request finished HTTP/2 GET https://localhost:7086/api/Check/currunt?deviceId=3&inputTime=2025-03-02 - 500 152 application/json;+charset=utf-8 349.5540ms 
2025-03-05 10:56:19.3993 INFO Request starting HTTP/2 GET https://localhost:7086/api/Check/currunt?deviceId=3&inputTime=2025-03-02 - - - 
2025-03-05 10:56:19.3993 INFO Executing endpoint 'Cola.Controllers.CheckController.GetCurrentTimeCheckData2 (Cola)' 
2025-03-05 10:56:19.3993 INFO Route matched with {action = "GetCurrentTimeCheckData2", controller = "Check"}. Executing controller action with signature System.Threading.Tasks.Task`1[Microsoft.AspNetCore.Mvc.IActionResult] GetCurrentTimeCheckData2(Int32, System.DateTime) on controller Cola.Controllers.CheckController (Cola). 
2025-03-05 10:56:19.3993 INFO 开始获取设备 3 在 03/02/2025 00:00:00 的检查数据 
2025-03-05 11:04:34.0287 INFO Now listening on: https://localhost:7086 
2025-03-05 11:04:34.0287 INFO Now listening on: http://localhost:5064 
2025-03-05 11:04:34.0688 INFO Application started. Press Ctrl+C to shut down. 
2025-03-05 11:04:34.0688 INFO Hosting environment: Development 
2025-03-05 11:04:34.0688 INFO Content root path: D:\cwq\MyCode\Cola_ AsepticLine\Cola 
2025-03-05 11:04:34.4932 INFO Request starting HTTP/2 GET https://localhost:7086/swagger - - - 
2025-03-05 11:04:34.5866 INFO Request finished HTTP/2 GET https://localhost:7086/swagger - 301 0 - 96.9632ms 
2025-03-05 11:04:34.5916 INFO Request starting HTTP/2 GET https://localhost:7086/swagger/index.html - - - 
2025-03-05 11:04:34.6393 INFO Request finished HTTP/2 GET https://localhost:7086/swagger/index.html - 200 - text/html;charset=utf-8 47.7326ms 
2025-03-05 11:04:34.6393 INFO Request starting HTTP/2 GET https://localhost:7086/_framework/aspnetcore-browser-refresh.js - - - 
2025-03-05 11:04:34.6393 INFO Request starting HTTP/2 GET https://localhost:7086/swagger/swagger-ui.css - - - 
2025-03-05 11:04:34.6393 INFO Request starting HTTP/2 GET https://localhost:7086/swagger/swagger-ui-standalone-preset.js - - - 
2025-03-05 11:04:34.6393 INFO Request starting HTTP/2 GET https://localhost:7086/swagger/swagger-ui-bundle.js - - - 
2025-03-05 11:04:34.6393 INFO Request starting HTTP/2 GET https://localhost:7086/_vs/browserLink - - - 
2025-03-05 11:04:34.6612 INFO Request finished HTTP/2 GET https://localhost:7086/_framework/aspnetcore-browser-refresh.js - 200 13760 application/javascript;+charset=utf-8 18.8136ms 
2025-03-05 11:04:34.6947 INFO Sending file. Request path: '/swagger-ui-standalone-preset.js'. Physical path: 'N/A' 
2025-03-05 11:04:34.6947 INFO Sending file. Request path: '/swagger-ui.css'. Physical path: 'N/A' 
2025-03-05 11:04:34.6985 INFO Request finished HTTP/2 GET https://localhost:7086/swagger/swagger-ui.css - 200 143943 text/css 56.5471ms 
2025-03-05 11:04:34.6985 INFO Request finished HTTP/2 GET https://localhost:7086/swagger/swagger-ui-standalone-preset.js - 200 339486 text/javascript 56.1859ms 
2025-03-05 11:04:34.6985 INFO Sending file. Request path: '/swagger-ui-bundle.js'. Physical path: 'N/A' 
2025-03-05 11:04:34.6985 INFO Request finished HTTP/2 GET https://localhost:7086/swagger/swagger-ui-bundle.js - 200 1096145 text/javascript 56.2205ms 
2025-03-05 11:04:34.7140 INFO Request finished HTTP/2 GET https://localhost:7086/_vs/browserLink - 200 - text/javascript;+charset=UTF-8 69.9347ms 
2025-03-05 11:04:34.8339 INFO Request starting HTTP/2 GET https://localhost:7086/swagger/v1/swagger.json - - - 
2025-03-05 11:04:34.8401 INFO Request finished HTTP/2 GET https://localhost:7086/swagger/v1/swagger.json - 200 - application/json;charset=utf-8 6.4400ms 
2025-03-05 11:04:47.7820 INFO Request starting HTTP/2 GET https://localhost:7086/api/Check/currunt?deviceId=3&inputTime=2025-03-02 - - - 
2025-03-05 11:04:47.8003 INFO Executing endpoint 'Cola.Controllers.CheckController.GetCurrentTimeCheckData2 (Cola)' 
2025-03-05 11:04:47.8178 INFO Route matched with {action = "GetCurrentTimeCheckData2", controller = "Check"}. Executing controller action with signature System.Threading.Tasks.Task`1[Microsoft.AspNetCore.Mvc.IActionResult] GetCurrentTimeCheckData2(Int32, System.DateTime) on controller Cola.Controllers.CheckController (Cola). 
2025-03-05 11:04:48.7025 INFO 开始获取设备 3 在 03/02/2025 00:00:00 的检查数据 
2025-03-05 11:04:49.3835 INFO Executing OkObjectResult, writing value of type 'Cola.Model.ApiResponse`1[[Cola.Model.CheckDataResult, Cola, Version=1.0.0.0, Culture=neutral, PublicKeyToken=null]]'. 
2025-03-05 11:04:49.4367 INFO Executed action Cola.Controllers.CheckController.GetCurrentTimeCheckData2 (Cola) in 1616.0052ms 
2025-03-05 11:04:49.4367 INFO Executed endpoint 'Cola.Controllers.CheckController.GetCurrentTimeCheckData2 (Cola)' 
2025-03-05 11:04:49.4367 INFO Request finished HTTP/2 GET https://localhost:7086/api/Check/currunt?deviceId=3&inputTime=2025-03-02 - 200 772 application/json;+charset=utf-8 1655.8592ms 
2025-03-05 11:05:32.7230 INFO Request starting HTTP/2 GET https://localhost:7086/api/Check/currunt/V3?deviceId=3&inputTime=2025-03-02 - - - 
2025-03-05 11:05:32.7332 INFO Executing endpoint 'Cola.Controllers.CheckController.GetCurrentTimeCheckData3 (Cola)' 
2025-03-05 11:05:32.7332 INFO Route matched with {action = "GetCurrentTimeCheckData3", controller = "Check"}. Executing controller action with signature System.Threading.Tasks.Task`1[Microsoft.AspNetCore.Mvc.IActionResult] GetCurrentTimeCheckData3(Int32, System.DateTime) on controller Cola.Controllers.CheckController (Cola). 
2025-03-05 11:05:32.7467 INFO 开始获取设备 3 在 03/02/2025 00:00:00 的检查数据 
2025-03-05 11:05:32.8191 INFO Executing OkObjectResult, writing value of type 'Cola.Model.ApiResponse`1[[Cola.Model.CheckDataResult2, Cola, Version=1.0.0.0, Culture=neutral, PublicKeyToken=null]]'. 
2025-03-05 11:05:32.8270 INFO Executed action Cola.Controllers.CheckController.GetCurrentTimeCheckData3 (Cola) in 90.7199ms 
2025-03-05 11:05:32.8270 INFO Executed endpoint 'Cola.Controllers.CheckController.GetCurrentTimeCheckData3 (Cola)' 
2025-03-05 11:05:32.8270 INFO Request finished HTTP/2 GET https://localhost:7086/api/Check/currunt/V3?deviceId=3&inputTime=2025-03-02 - 200 805 application/json;+charset=utf-8 104.5833ms 
2025-03-05 11:38:54.1073 INFO Now listening on: https://localhost:7086 
2025-03-05 11:38:54.1120 INFO Now listening on: http://localhost:5064 
2025-03-05 11:38:54.1454 INFO Application started. Press Ctrl+C to shut down. 
2025-03-05 11:38:54.1454 INFO Hosting environment: Development 
2025-03-05 11:38:54.1454 INFO Content root path: D:\cwq\MyCode\Cola_ AsepticLine\Cola 
2025-03-05 11:38:54.5467 INFO Request starting HTTP/2 GET https://localhost:7086/swagger - - - 
2025-03-05 11:38:54.6539 INFO Request finished HTTP/2 GET https://localhost:7086/swagger - 301 0 - 111.8256ms 
2025-03-05 11:38:54.6591 INFO Request starting HTTP/2 GET https://localhost:7086/swagger/index.html - - - 
2025-03-05 11:38:54.7074 INFO Request finished HTTP/2 GET https://localhost:7086/swagger/index.html - 200 - text/html;charset=utf-8 48.3294ms 
2025-03-05 11:38:54.7074 INFO Request starting HTTP/2 GET https://localhost:7086/swagger/swagger-ui.css - - - 
2025-03-05 11:38:54.7074 INFO Request starting HTTP/2 GET https://localhost:7086/swagger/swagger-ui-bundle.js - - - 
2025-03-05 11:38:54.7074 INFO Request starting HTTP/2 GET https://localhost:7086/swagger/swagger-ui-standalone-preset.js - - - 
2025-03-05 11:38:54.7074 INFO Request starting HTTP/2 GET https://localhost:7086/_framework/aspnetcore-browser-refresh.js - - - 
2025-03-05 11:38:54.7218 INFO Request starting HTTP/2 GET https://localhost:7086/_vs/browserLink - - - 
2025-03-05 11:38:54.7400 INFO Request finished HTTP/2 GET https://localhost:7086/_framework/aspnetcore-browser-refresh.js - 200 13760 application/javascript;+charset=utf-8 29.2941ms 
2025-03-05 11:38:54.7756 INFO Sending file. Request path: '/swagger-ui-standalone-preset.js'. Physical path: 'N/A' 
2025-03-05 11:38:54.7756 INFO Sending file. Request path: '/swagger-ui.css'. Physical path: 'N/A' 
2025-03-05 11:38:54.7756 INFO Request finished HTTP/2 GET https://localhost:7086/swagger/swagger-ui.css - 200 143943 text/css 69.1924ms 
2025-03-05 11:38:54.7756 INFO Request finished HTTP/2 GET https://localhost:7086/swagger/swagger-ui-standalone-preset.js - 200 339486 text/javascript 69.0389ms 
2025-03-05 11:38:54.7756 INFO Sending file. Request path: '/swagger-ui-bundle.js'. Physical path: 'N/A' 
2025-03-05 11:38:54.7756 INFO Request finished HTTP/2 GET https://localhost:7086/swagger/swagger-ui-bundle.js - 200 1096145 text/javascript 71.3425ms 
2025-03-05 11:38:54.7989 INFO Request finished HTTP/2 GET https://localhost:7086/_vs/browserLink - 200 - text/javascript;+charset=UTF-8 77.6146ms 
2025-03-05 11:38:54.9240 INFO Request starting HTTP/2 GET https://localhost:7086/swagger/v1/swagger.json - - - 
2025-03-05 11:38:54.9297 INFO Request finished HTTP/2 GET https://localhost:7086/swagger/v1/swagger.json - 200 - application/json;charset=utf-8 5.8469ms 
2025-03-05 11:39:06.3117 INFO Request starting HTTP/2 GET https://localhost:7086/api/Check/currunt/V3?deviceId=3&inputTime=2025-03-02 - - - 
2025-03-05 11:39:06.3276 INFO Executing endpoint 'Cola.Controllers.CheckController.GetCurrentTimeCheckData3 (Cola)' 
2025-03-05 11:39:06.3424 INFO Route matched with {action = "GetCurrentTimeCheckData3", controller = "Check"}. Executing controller action with signature System.Threading.Tasks.Task`1[Microsoft.AspNetCore.Mvc.IActionResult] GetCurrentTimeCheckData3(Int32, System.DateTime) on controller Cola.Controllers.CheckController (Cola). 
2025-03-05 11:39:07.1440 INFO 开始获取设备 3 在 03/02/2025 00:00:00 的检查数据 
2025-03-05 11:39:07.7406 INFO Executing OkObjectResult, writing value of type 'Cola.Model.ApiResponse`1[[Cola.Model.CheckDataResult2, Cola, Version=1.0.0.0, Culture=neutral, PublicKeyToken=null]]'. 
2025-03-05 11:39:07.7735 INFO Executed action Cola.Controllers.CheckController.GetCurrentTimeCheckData3 (Cola) in 1428.1763ms 
2025-03-05 11:39:07.7735 INFO Executed endpoint 'Cola.Controllers.CheckController.GetCurrentTimeCheckData3 (Cola)' 
2025-03-05 11:39:07.7735 INFO Request finished HTTP/2 GET https://localhost:7086/api/Check/currunt/V3?deviceId=3&inputTime=2025-03-02 - 200 805 application/json;+charset=utf-8 1462.6770ms 
2025-03-05 11:39:53.2516 INFO Request starting HTTP/2 GET https://localhost:7086/api/Check/currunt?deviceId=3&inputTime=2025-03-02 - - - 
2025-03-05 11:39:53.2575 INFO Executing endpoint 'Cola.Controllers.CheckController.GetCurrentTimeCheckData2 (Cola)' 
2025-03-05 11:39:53.2575 INFO Route matched with {action = "GetCurrentTimeCheckData2", controller = "Check"}. Executing controller action with signature System.Threading.Tasks.Task`1[Microsoft.AspNetCore.Mvc.IActionResult] GetCurrentTimeCheckData2(Int32, System.DateTime) on controller Cola.Controllers.CheckController (Cola). 
2025-03-05 11:39:53.2704 INFO 开始获取设备 3 在 03/02/2025 00:00:00 的检查数据 
2025-03-05 11:39:53.3104 INFO Executing OkObjectResult, writing value of type 'Cola.Model.ApiResponse`1[[Cola.Model.CheckDataResult, Cola, Version=1.0.0.0, Culture=neutral, PublicKeyToken=null]]'. 
2025-03-05 11:39:53.3196 INFO Executed action Cola.Controllers.CheckController.GetCurrentTimeCheckData2 (Cola) in 52.9637ms 
2025-03-05 11:39:53.3196 INFO Executed endpoint 'Cola.Controllers.CheckController.GetCurrentTimeCheckData2 (Cola)' 
2025-03-05 11:39:53.3196 INFO Request finished HTTP/2 GET https://localhost:7086/api/Check/currunt?deviceId=3&inputTime=2025-03-02 - 200 772 application/json;+charset=utf-8 68.9425ms 
2025-03-05 13:40:28.3660 INFO Now listening on: https://localhost:7086 
2025-03-05 13:40:28.3706 INFO Now listening on: http://localhost:5064 
2025-03-05 13:40:28.4674 INFO Application started. Press Ctrl+C to shut down. 
2025-03-05 13:40:28.4674 INFO Hosting environment: Development 
2025-03-05 13:40:28.4674 INFO Content root path: D:\cwq\MyCode\Cola_ AsepticLine\Cola 
2025-03-05 13:40:28.7141 INFO Request starting HTTP/2 GET https://localhost:7086/swagger - - - 
2025-03-05 13:40:28.8346 INFO Request finished HTTP/2 GET https://localhost:7086/swagger - 301 0 - 126.4140ms 
2025-03-05 13:40:28.8431 INFO Request starting HTTP/2 GET https://localhost:7086/swagger/index.html - - - 
2025-03-05 13:40:28.8914 INFO Request finished HTTP/2 GET https://localhost:7086/swagger/index.html - 200 - text/html;charset=utf-8 48.9272ms 
2025-03-05 13:40:28.8914 INFO Request starting HTTP/2 GET https://localhost:7086/_framework/aspnetcore-browser-refresh.js - - - 
2025-03-05 13:40:28.8914 INFO Request starting HTTP/2 GET https://localhost:7086/swagger/swagger-ui.css - - - 
2025-03-05 13:40:28.8914 INFO Request starting HTTP/2 GET https://localhost:7086/swagger/swagger-ui-bundle.js - - - 
2025-03-05 13:40:28.8914 INFO Request starting HTTP/2 GET https://localhost:7086/_vs/browserLink - - - 
2025-03-05 13:40:28.8914 INFO Request starting HTTP/2 GET https://localhost:7086/swagger/swagger-ui-standalone-preset.js - - - 
2025-03-05 13:40:28.9162 INFO Request finished HTTP/2 GET https://localhost:7086/_framework/aspnetcore-browser-refresh.js - 200 13760 application/javascript;+charset=utf-8 21.1691ms 
2025-03-05 13:40:28.9519 INFO Sending file. Request path: '/swagger-ui.css'. Physical path: 'N/A' 
2025-03-05 13:40:28.9519 INFO Sending file. Request path: '/swagger-ui-standalone-preset.js'. Physical path: 'N/A' 
2025-03-05 13:40:28.9519 INFO Sending file. Request path: '/swagger-ui-bundle.js'. Physical path: 'N/A' 
2025-03-05 13:40:28.9519 INFO Request finished HTTP/2 GET https://localhost:7086/swagger/swagger-ui.css - 200 143943 text/css 60.6524ms 
2025-03-05 13:40:28.9519 INFO Request finished HTTP/2 GET https://localhost:7086/swagger/swagger-ui-standalone-preset.js - 200 339486 text/javascript 59.4148ms 
2025-03-05 13:40:28.9519 INFO Request finished HTTP/2 GET https://localhost:7086/swagger/swagger-ui-bundle.js - 200 1096145 text/javascript 60.9573ms 
2025-03-05 13:40:28.9750 INFO Request finished HTTP/2 GET https://localhost:7086/_vs/browserLink - 200 - text/javascript;+charset=UTF-8 79.3759ms 
2025-03-05 13:40:29.1395 INFO Request starting HTTP/2 GET https://localhost:7086/swagger/v1/swagger.json - - - 
2025-03-05 13:40:29.1395 INFO Request finished HTTP/2 GET https://localhost:7086/swagger/v1/swagger.json - 200 - application/json;charset=utf-8 8.9516ms 
2025-03-05 13:41:11.5470 INFO Request starting HTTP/2 GET https://localhost:7086/api/Check/currunt/V3?deviceTypeId=3&inputTime=2025-03-02 - - - 
2025-03-05 13:41:11.6047 INFO Executing endpoint 'Cola.Controllers.CheckController.GetCurrentTimeCheckData3 (Cola)' 
2025-03-05 13:41:11.6308 INFO Route matched with {action = "GetCurrentTimeCheckData3", controller = "Check"}. Executing controller action with signature System.Threading.Tasks.Task`1[Microsoft.AspNetCore.Mvc.IActionResult] GetCurrentTimeCheckData3(Int32, System.DateTime) on controller Cola.Controllers.CheckController (Cola). 
2025-03-05 13:41:12.6095 INFO 开始获取设备 3 在 03/02/2025 00:00:00 的检查数据 
2025-03-05 13:41:13.3625 INFO Executing OkObjectResult, writing value of type 'Cola.Model.ApiResponse`1[[System.Collections.Generic.IEnumerable`1[[Cola.Model.CheckDataResult2, Cola, Version=1.0.0.0, Culture=neutral, PublicKeyToken=null]], System.Private.CoreLib, Version=8.0.0.0, Culture=neutral, PublicKeyToken=7cec85d7bea7798e]]'. 
2025-03-05 13:41:13.3975 INFO Executed action Cola.Controllers.CheckController.GetCurrentTimeCheckData3 (Cola) in 1764.0116ms 
2025-03-05 13:41:13.3975 INFO Executed endpoint 'Cola.Controllers.CheckController.GetCurrentTimeCheckData3 (Cola)' 
2025-03-05 13:41:13.3975 INFO Request finished HTTP/2 GET https://localhost:7086/api/Check/currunt/V3?deviceTypeId=3&inputTime=2025-03-02 - 200 1567 application/json;+charset=utf-8 1851.1455ms 
2025-03-05 13:42:48.4750 INFO Request starting HTTP/2 GET https://localhost:7086/api/Check/currunt?deviceId=3&inputTime=2025-03-02 - - - 
2025-03-05 13:42:48.4846 INFO Executing endpoint 'Cola.Controllers.CheckController.GetCurrentTimeCheckData2 (Cola)' 
2025-03-05 13:42:48.4846 INFO Route matched with {action = "GetCurrentTimeCheckData2", controller = "Check"}. Executing controller action with signature System.Threading.Tasks.Task`1[Microsoft.AspNetCore.Mvc.IActionResult] GetCurrentTimeCheckData2(Int32, System.DateTime) on controller Cola.Controllers.CheckController (Cola). 
2025-03-05 13:42:48.4846 INFO 开始获取设备 3 在 03/02/2025 00:00:00 的检查数据 
2025-03-05 13:42:48.5453 INFO Executing OkObjectResult, writing value of type 'Cola.Model.ApiResponse`1[[Cola.Model.CheckDataResult, Cola, Version=1.0.0.0, Culture=neutral, PublicKeyToken=null]]'. 
2025-03-05 13:42:48.5453 INFO Executed action Cola.Controllers.CheckController.GetCurrentTimeCheckData2 (Cola) in 64.7434ms 
2025-03-05 13:42:48.5453 INFO Executed endpoint 'Cola.Controllers.CheckController.GetCurrentTimeCheckData2 (Cola)' 
2025-03-05 13:42:48.5453 INFO Request finished HTTP/2 GET https://localhost:7086/api/Check/currunt?deviceId=3&inputTime=2025-03-02 - 200 772 application/json;+charset=utf-8 82.4343ms 
2025-03-05 13:53:47.2465 INFO Now listening on: https://localhost:7086 
2025-03-05 13:53:47.2528 INFO Now listening on: http://localhost:5064 
2025-03-05 13:53:47.2892 INFO Application started. Press Ctrl+C to shut down. 
2025-03-05 13:53:47.2892 INFO Hosting environment: Development 
2025-03-05 13:53:47.2892 INFO Content root path: D:\cwq\MyCode\Cola_ AsepticLine\Cola 
2025-03-05 13:53:47.7572 INFO Request starting HTTP/2 GET https://localhost:7086/swagger - - - 
2025-03-05 13:53:47.8871 INFO Request finished HTTP/2 GET https://localhost:7086/swagger - 301 0 - 137.2178ms 
2025-03-05 13:53:47.8919 INFO Request starting HTTP/2 GET https://localhost:7086/swagger/index.html - - - 
2025-03-05 13:53:47.9408 INFO Request finished HTTP/2 GET https://localhost:7086/swagger/index.html - 200 - text/html;charset=utf-8 48.9095ms 
2025-03-05 13:53:47.9408 INFO Request starting HTTP/2 GET https://localhost:7086/swagger/swagger-ui-standalone-preset.js - - - 
2025-03-05 13:53:47.9408 INFO Request starting HTTP/2 GET https://localhost:7086/swagger/swagger-ui.css - - - 
2025-03-05 13:53:47.9408 INFO Request starting HTTP/2 GET https://localhost:7086/_vs/browserLink - - - 
2025-03-05 13:53:47.9408 INFO Request starting HTTP/2 GET https://localhost:7086/swagger/swagger-ui-bundle.js - - - 
2025-03-05 13:53:47.9408 INFO Request starting HTTP/2 GET https://localhost:7086/_framework/aspnetcore-browser-refresh.js - - - 
2025-03-05 13:53:47.9652 INFO Request finished HTTP/2 GET https://localhost:7086/_framework/aspnetcore-browser-refresh.js - 200 13760 application/javascript;+charset=utf-8 19.7665ms 
2025-03-05 13:53:47.9952 INFO Sending file. Request path: '/swagger-ui-standalone-preset.js'. Physical path: 'N/A' 
2025-03-05 13:53:47.9952 INFO Sending file. Request path: '/swagger-ui.css'. Physical path: 'N/A' 
2025-03-05 13:53:47.9952 INFO Sending file. Request path: '/swagger-ui-bundle.js'. Physical path: 'N/A' 
2025-03-05 13:53:47.9952 INFO Request finished HTTP/2 GET https://localhost:7086/swagger/swagger-ui.css - 200 143943 text/css 50.9843ms 
2025-03-05 13:53:47.9952 INFO Request finished HTTP/2 GET https://localhost:7086/swagger/swagger-ui-standalone-preset.js - 200 339486 text/javascript 50.5971ms 
2025-03-05 13:53:47.9952 INFO Request finished HTTP/2 GET https://localhost:7086/swagger/swagger-ui-bundle.js - 200 1096145 text/javascript 50.6009ms 
2025-03-05 13:53:48.0135 INFO Request finished HTTP/2 GET https://localhost:7086/_vs/browserLink - 200 - text/javascript;+charset=UTF-8 68.2254ms 
2025-03-05 13:53:48.1786 INFO Request starting HTTP/2 GET https://localhost:7086/swagger/v1/swagger.json - - - 
2025-03-05 13:53:48.1876 INFO Request finished HTTP/2 GET https://localhost:7086/swagger/v1/swagger.json - 200 - application/json;charset=utf-8 9.3644ms 
2025-03-05 13:54:01.2767 INFO Request starting HTTP/2 GET https://localhost:7086/api/Check/currunt/V3?deviceTypeId=3&inputTime=2025-03-02 - - - 
2025-03-05 13:54:01.2919 INFO Executing endpoint 'Cola.Controllers.CheckController.GetCurrentTimeCheckData3 (Cola)' 
2025-03-05 13:54:01.3070 INFO Route matched with {action = "GetCurrentTimeCheckData3", controller = "Check"}. Executing controller action with signature System.Threading.Tasks.Task`1[Microsoft.AspNetCore.Mvc.IActionResult] GetCurrentTimeCheckData3(Int32, System.DateTime) on controller Cola.Controllers.CheckController (Cola). 
2025-03-05 13:54:02.0868 INFO 开始获取设备 3 在 03/02/2025 00:00:00 的检查数据 
2025-03-05 13:54:02.7309 INFO Executing OkObjectResult, writing value of type 'Cola.Model.ApiResponse`1[[System.Collections.Generic.IEnumerable`1[[Cola.Model.CheckDataResult2, Cola, Version=1.0.0.0, Culture=neutral, PublicKeyToken=null]], System.Private.CoreLib, Version=8.0.0.0, Culture=neutral, PublicKeyToken=7cec85d7bea7798e]]'. 
2025-03-05 13:54:02.7709 INFO Executed action Cola.Controllers.CheckController.GetCurrentTimeCheckData3 (Cola) in 1460.7447ms 
2025-03-05 13:54:02.7709 INFO Executed endpoint 'Cola.Controllers.CheckController.GetCurrentTimeCheckData3 (Cola)' 
2025-03-05 13:54:02.7709 INFO Request finished HTTP/2 GET https://localhost:7086/api/Check/currunt/V3?deviceTypeId=3&inputTime=2025-03-02 - 200 1567 application/json;+charset=utf-8 1495.3093ms 
2025-03-05 13:55:07.0986 INFO Request starting HTTP/2 GET https://localhost:7086/api/Check/currunt?deviceId=3&inputTime=2025-03-02 - - - 
2025-03-05 13:55:07.0986 INFO Executing endpoint 'Cola.Controllers.CheckController.GetCurrentTimeCheckData2 (Cola)' 
2025-03-05 13:55:07.1366 INFO Route matched with {action = "GetCurrentTimeCheckData2", controller = "Check"}. Executing controller action with signature System.Threading.Tasks.Task`1[Microsoft.AspNetCore.Mvc.IActionResult] GetCurrentTimeCheckData2(Int32, System.DateTime) on controller Cola.Controllers.CheckController (Cola). 
2025-03-05 13:55:07.1410 INFO 开始获取设备 3 在 03/02/2025 00:00:00 的检查数据 
2025-03-05 13:55:07.1856 INFO Executing OkObjectResult, writing value of type 'Cola.Model.ApiResponse`1[[Cola.Model.CheckDataResult, Cola, Version=1.0.0.0, Culture=neutral, PublicKeyToken=null]]'. 
2025-03-05 13:55:07.2001 INFO Executed action Cola.Controllers.CheckController.GetCurrentTimeCheckData2 (Cola) in 63.3728ms 
2025-03-05 13:55:07.2001 INFO Executed endpoint 'Cola.Controllers.CheckController.GetCurrentTimeCheckData2 (Cola)' 
2025-03-05 13:55:07.2001 INFO Request finished HTTP/2 GET https://localhost:7086/api/Check/currunt?deviceId=3&inputTime=2025-03-02 - 200 772 application/json;+charset=utf-8 102.3437ms 
