2025-01-20 14:25:21.9753 INFO Now listening on: https://localhost:7086 
2025-01-20 14:25:21.9803 INFO Now listening on: http://localhost:5064 
2025-01-20 14:25:22.0167 INFO Application started. Press Ctrl+C to shut down. 
2025-01-20 14:25:22.0167 INFO Hosting environment: Development 
2025-01-20 14:25:22.0167 INFO Content root path: D:\cwq\MyCode\Cola_ AsepticLine\Cola 
2025-01-20 14:25:22.8840 INFO Request starting HTTP/2 GET https://localhost:7086/swagger - - - 
2025-01-20 14:25:23.0986 INFO Request finished HTTP/2 GET https://localhost:7086/swagger - 301 0 - 220.9023ms 
2025-01-20 14:25:23.1050 INFO Request starting HTTP/2 GET https://localhost:7086/swagger/index.html - - - 
2025-01-20 14:25:23.1547 INFO Request finished HTTP/2 GET https://localhost:7086/swagger/index.html - 200 - text/html;charset=utf-8 49.7948ms 
2025-01-20 14:25:23.1547 INFO Request starting HTTP/2 GET https://localhost:7086/swagger/swagger-ui.css - - - 
2025-01-20 14:25:23.1547 INFO Request starting HTTP/2 GET https://localhost:7086/swagger/swagger-ui-bundle.js - - - 
2025-01-20 14:25:23.1547 INFO Request starting HTTP/2 GET https://localhost:7086/swagger/swagger-ui-standalone-preset.js - - - 
2025-01-20 14:25:23.1547 INFO Request starting HTTP/2 GET https://localhost:7086/_framework/aspnetcore-browser-refresh.js - - - 
2025-01-20 14:25:23.1547 INFO Request starting HTTP/2 GET https://localhost:7086/_vs/browserLink - - - 
2025-01-20 14:25:23.1767 INFO Request finished HTTP/2 GET https://localhost:7086/_framework/aspnetcore-browser-refresh.js - 200 13744 application/javascript;+charset=utf-8 18.4626ms 
2025-01-20 14:25:23.2138 INFO Sending file. Request path: '/swagger-ui-standalone-preset.js'. Physical path: 'N/A' 
2025-01-20 14:25:23.2138 INFO Sending file. Request path: '/swagger-ui.css'. Physical path: 'N/A' 
2025-01-20 14:25:23.2138 INFO Request finished HTTP/2 GET https://localhost:7086/swagger/swagger-ui.css - 200 143943 text/css 58.5771ms 
2025-01-20 14:25:23.2138 INFO Request finished HTTP/2 GET https://localhost:7086/swagger/swagger-ui-standalone-preset.js - 200 339486 text/javascript 57.9140ms 
2025-01-20 14:25:23.2390 INFO Sending file. Request path: '/swagger-ui-bundle.js'. Physical path: 'N/A' 
2025-01-20 14:25:23.2390 INFO Request finished HTTP/2 GET https://localhost:7086/swagger/swagger-ui-bundle.js - 200 1096145 text/javascript 81.3134ms 
2025-01-20 14:25:23.2588 INFO Request finished HTTP/2 GET https://localhost:7086/_vs/browserLink - 200 - text/javascript;+charset=UTF-8 99.9792ms 
2025-01-20 14:25:23.4284 INFO Request starting HTTP/2 GET https://localhost:7086/swagger/v1/swagger.json - - - 
2025-01-20 14:25:23.4501 INFO Request starting HTTP/2 GET https://localhost:7086/swagger/favicon-32x32.png - - - 
2025-01-20 14:25:23.4501 INFO Sending file. Request path: '/favicon-32x32.png'. Physical path: 'N/A' 
2025-01-20 14:25:23.4501 INFO Request finished HTTP/2 GET https://localhost:7086/swagger/favicon-32x32.png - 200 628 image/png 1.2313ms 
2025-01-20 14:25:23.6476 INFO Request finished HTTP/2 GET https://localhost:7086/swagger/v1/swagger.json - 200 - application/json;charset=utf-8 219.3628ms 
2025-01-20 14:25:28.6101 INFO Request starting HTTP/2 GET https://localhost:7086/api/Check - - - 
2025-01-20 14:25:28.6101 INFO Executing endpoint 'Cola.Controllers.CheckController.Get (Cola)' 
2025-01-20 14:25:28.6322 INFO Route matched with {action = "Get", controller = "Check"}. Executing controller action with signature System.Threading.Tasks.Task`1[Microsoft.AspNetCore.Mvc.IActionResult] Get() on controller Cola.Controllers.CheckController (Cola). 
2025-01-20 14:25:29.4290 INFO 开始获取检查参数数据 
2025-01-20 14:25:29.8863 INFO 成功获取检查参数数据，数量：115 
2025-01-20 14:25:29.8863 INFO Executing OkObjectResult, writing value of type 'Cola.Model.ApiResponse`1[[System.Collections.Generic.IEnumerable`1[[Cola.Model.HisDataCheck, Cola, Version=1.0.0.0, Culture=neutral, PublicKeyToken=null]], System.Private.CoreLib, Version=8.0.0.0, Culture=neutral, PublicKeyToken=7cec85d7bea7798e]]'. 
2025-01-20 14:25:29.9062 INFO Executed action Cola.Controllers.CheckController.Get (Cola) in 1270.6413ms 
2025-01-20 14:25:29.9062 INFO Executed endpoint 'Cola.Controllers.CheckController.Get (Cola)' 
2025-01-20 14:25:29.9062 INFO Request finished HTTP/2 GET https://localhost:7086/api/Check - 200 - application/json;+charset=utf-8 1297.1454ms 
2025-01-20 14:26:22.1542 INFO Request starting HTTP/2 GET https://localhost:7086/api/Check - - - 
2025-01-20 14:26:22.1542 INFO Executing endpoint 'Cola.Controllers.CheckController.Get (Cola)' 
2025-01-20 14:26:22.1542 INFO Route matched with {action = "Get", controller = "Check"}. Executing controller action with signature System.Threading.Tasks.Task`1[Microsoft.AspNetCore.Mvc.IActionResult] Get() on controller Cola.Controllers.CheckController (Cola). 
2025-01-20 14:26:22.1542 INFO 开始获取检查参数数据 
2025-01-20 14:26:37.4821 INFO 成功获取检查参数数据，数量：115 
2025-01-20 14:26:53.0677 INFO Executing OkObjectResult, writing value of type 'Cola.Model.ApiResponse`1[[System.Collections.Generic.IEnumerable`1[[Cola.Model.HisDataCheck, Cola, Version=1.0.0.0, Culture=neutral, PublicKeyToken=null]], System.Private.CoreLib, Version=8.0.0.0, Culture=neutral, PublicKeyToken=7cec85d7bea7798e]]'. 
2025-01-20 14:26:53.0727 INFO Executed action Cola.Controllers.CheckController.Get (Cola) in 30914.34ms 
2025-01-20 14:26:53.0727 INFO Executed endpoint 'Cola.Controllers.CheckController.Get (Cola)' 
2025-01-20 14:26:53.0727 INFO Request finished HTTP/2 GET https://localhost:7086/api/Check - 200 - application/json;+charset=utf-8 30919.4282ms 
2025-01-20 15:16:29.0743 INFO Now listening on: https://localhost:7086 
2025-01-20 15:16:29.0786 INFO Now listening on: http://localhost:5064 
2025-01-20 15:16:29.1057 INFO Application started. Press Ctrl+C to shut down. 
2025-01-20 15:16:29.1057 INFO Hosting environment: Development 
2025-01-20 15:16:29.1057 INFO Content root path: D:\cwq\MyCode\Cola_ AsepticLine\Cola 
2025-01-20 15:16:29.4930 INFO Request starting HTTP/2 GET https://localhost:7086/swagger - - - 
2025-01-20 15:16:29.6123 INFO Request finished HTTP/2 GET https://localhost:7086/swagger - 301 0 - 124.4744ms 
2025-01-20 15:16:29.6123 INFO Request starting HTTP/2 GET https://localhost:7086/swagger/index.html - - - 
2025-01-20 15:16:29.6635 INFO Request finished HTTP/2 GET https://localhost:7086/swagger/index.html - 200 - text/html;charset=utf-8 45.9615ms 
2025-01-20 15:16:29.6635 INFO Request starting HTTP/2 GET https://localhost:7086/swagger/swagger-ui.css - - - 
2025-01-20 15:16:29.6635 INFO Request starting HTTP/2 GET https://localhost:7086/swagger/swagger-ui-standalone-preset.js - - - 
2025-01-20 15:16:29.6635 INFO Request starting HTTP/2 GET https://localhost:7086/_framework/aspnetcore-browser-refresh.js - - - 
2025-01-20 15:16:29.6635 INFO Request starting HTTP/2 GET https://localhost:7086/swagger/swagger-ui-bundle.js - - - 
2025-01-20 15:16:29.6635 INFO Request starting HTTP/2 GET https://localhost:7086/_vs/browserLink - - - 
2025-01-20 15:16:29.6833 INFO Request finished HTTP/2 GET https://localhost:7086/_framework/aspnetcore-browser-refresh.js - 200 13744 application/javascript;+charset=utf-8 17.1337ms 
2025-01-20 15:16:29.7139 INFO Sending file. Request path: '/swagger-ui.css'. Physical path: 'N/A' 
2025-01-20 15:16:29.7139 INFO Sending file. Request path: '/swagger-ui-standalone-preset.js'. Physical path: 'N/A' 
2025-01-20 15:16:29.7139 INFO Request finished HTTP/2 GET https://localhost:7086/swagger/swagger-ui.css - 200 143943 text/css 48.2429ms 
2025-01-20 15:16:29.7139 INFO Request finished HTTP/2 GET https://localhost:7086/swagger/swagger-ui-standalone-preset.js - 200 339486 text/javascript 48.0115ms 
2025-01-20 15:16:29.7139 INFO Sending file. Request path: '/swagger-ui-bundle.js'. Physical path: 'N/A' 
2025-01-20 15:16:29.7139 INFO Request finished HTTP/2 GET https://localhost:7086/swagger/swagger-ui-bundle.js - 200 1096145 text/javascript 51.7621ms 
2025-01-20 15:16:29.7350 INFO Request finished HTTP/2 GET https://localhost:7086/_vs/browserLink - 200 - text/javascript;+charset=UTF-8 65.0556ms 
2025-01-20 15:16:29.8516 INFO Request starting HTTP/2 GET https://localhost:7086/swagger/v1/swagger.json - - - 
2025-01-20 15:16:29.9966 INFO Request finished HTTP/2 GET https://localhost:7086/swagger/v1/swagger.json - 200 - application/json;charset=utf-8 145.3687ms 
2025-01-20 15:16:33.8850 INFO Request starting HTTP/2 GET https://localhost:7086/api/Check - - - 
2025-01-20 15:16:33.8850 INFO Executing endpoint 'Cola.Controllers.CheckController.Get (Cola)' 
2025-01-20 15:16:33.9027 INFO Route matched with {action = "Get", controller = "Check"}. Executing controller action with signature System.Threading.Tasks.Task`1[Microsoft.AspNetCore.Mvc.IActionResult] Get() on controller Cola.Controllers.CheckController (Cola). 
2025-01-20 15:16:34.8348 INFO 开始获取检查参数数据 
2025-01-20 15:16:37.0997 INFO 成功获取检查参数数据，数量：115 
2025-01-20 15:16:37.0997 INFO Executing OkObjectResult, writing value of type 'Cola.Model.ApiResponse`1[[System.Collections.Generic.IEnumerable`1[[Cola.Model.HisDataCheck, Cola, Version=1.0.0.0, Culture=neutral, PublicKeyToken=null]], System.Private.CoreLib, Version=8.0.0.0, Culture=neutral, PublicKeyToken=7cec85d7bea7798e]]'. 
2025-01-20 15:16:37.1247 INFO Executed action Cola.Controllers.CheckController.Get (Cola) in 3217.9225ms 
2025-01-20 15:16:37.1251 INFO Executed endpoint 'Cola.Controllers.CheckController.Get (Cola)' 
2025-01-20 15:16:37.1251 INFO Request finished HTTP/2 GET https://localhost:7086/api/Check - 200 - application/json;+charset=utf-8 3240.7440ms 
2025-01-20 15:18:26.3246 INFO Now listening on: https://localhost:7086 
2025-01-20 15:18:26.3307 INFO Now listening on: http://localhost:5064 
2025-01-20 15:18:26.4722 INFO Application started. Press Ctrl+C to shut down. 
2025-01-20 15:18:26.4722 INFO Hosting environment: Development 
2025-01-20 15:18:26.4722 INFO Content root path: D:\cwq\MyCode\Cola_ AsepticLine\Cola 
2025-01-20 15:18:26.9381 INFO Request starting HTTP/2 GET https://localhost:7086/swagger - - - 
2025-01-20 15:18:27.0544 INFO Request finished HTTP/2 GET https://localhost:7086/swagger - 301 0 - 120.0864ms 
2025-01-20 15:18:27.0544 INFO Request starting HTTP/2 GET https://localhost:7086/swagger/index.html - - - 
2025-01-20 15:18:27.1109 INFO Request finished HTTP/2 GET https://localhost:7086/swagger/index.html - 200 - text/html;charset=utf-8 51.1059ms 
2025-01-20 15:18:27.1133 INFO Request starting HTTP/2 GET https://localhost:7086/swagger/swagger-ui.css - - - 
2025-01-20 15:18:27.1133 INFO Request starting HTTP/2 GET https://localhost:7086/swagger/swagger-ui-bundle.js - - - 
2025-01-20 15:18:27.1133 INFO Request starting HTTP/2 GET https://localhost:7086/swagger/swagger-ui-standalone-preset.js - - - 
2025-01-20 15:18:27.1133 INFO Request starting HTTP/2 GET https://localhost:7086/_framework/aspnetcore-browser-refresh.js - - - 
2025-01-20 15:18:27.1133 INFO Request starting HTTP/2 GET https://localhost:7086/_vs/browserLink - - - 
2025-01-20 15:18:27.1133 INFO Request finished HTTP/2 GET https://localhost:7086/_framework/aspnetcore-browser-refresh.js - 200 13744 application/javascript;+charset=utf-8 9.9463ms 
2025-01-20 15:18:27.1503 INFO Sending file. Request path: '/swagger-ui.css'. Physical path: 'N/A' 
2025-01-20 15:18:27.1503 INFO Sending file. Request path: '/swagger-ui-standalone-preset.js'. Physical path: 'N/A' 
2025-01-20 15:18:27.1503 INFO Sending file. Request path: '/swagger-ui-bundle.js'. Physical path: 'N/A' 
2025-01-20 15:18:27.1503 INFO Request finished HTTP/2 GET https://localhost:7086/swagger/swagger-ui.css - 200 143943 text/css 37.3755ms 
2025-01-20 15:18:27.1503 INFO Request finished HTTP/2 GET https://localhost:7086/swagger/swagger-ui-standalone-preset.js - 200 339486 text/javascript 36.7784ms 
2025-01-20 15:18:27.1503 INFO Request finished HTTP/2 GET https://localhost:7086/swagger/swagger-ui-bundle.js - 200 1096145 text/javascript 36.7797ms 
2025-01-20 15:18:27.1636 INFO Request finished HTTP/2 GET https://localhost:7086/_vs/browserLink - 200 - text/javascript;+charset=UTF-8 49.0878ms 
2025-01-20 15:18:27.2873 INFO Request starting HTTP/2 GET https://localhost:7086/swagger/v1/swagger.json - - - 
2025-01-20 15:18:27.4349 INFO Request finished HTTP/2 GET https://localhost:7086/swagger/v1/swagger.json - 200 - application/json;charset=utf-8 148.0007ms 
2025-01-20 15:18:34.6411 INFO Request starting HTTP/2 GET https://localhost:7086/api/Check - - - 
2025-01-20 15:18:34.6447 INFO Executing endpoint 'Cola.Controllers.CheckController.Get (Cola)' 
2025-01-20 15:18:34.6617 INFO Route matched with {action = "Get", controller = "Check"}. Executing controller action with signature System.Threading.Tasks.Task`1[Microsoft.AspNetCore.Mvc.IActionResult] Get() on controller Cola.Controllers.CheckController (Cola). 
2025-01-20 15:18:34.7528 INFO 开始获取检查参数数据 
2025-01-20 15:18:35.2331 INFO 成功获取检查参数数据，数量：115 
2025-01-20 15:18:35.2365 INFO Executing OkObjectResult, writing value of type 'System.Collections.Generic.List`1[[Cola.Model.HisDataCheck, Cola, Version=1.0.0.0, Culture=neutral, PublicKeyToken=null]]'. 
2025-01-20 15:18:35.2365 INFO Executed action Cola.Controllers.CheckController.Get (Cola) in 585.5527ms 
2025-01-20 15:18:35.2365 INFO Executed endpoint 'Cola.Controllers.CheckController.Get (Cola)' 
2025-01-20 15:18:35.2526 INFO Request finished HTTP/2 GET https://localhost:7086/api/Check - 200 - application/json;+charset=utf-8 611.8216ms 
2025-01-20 15:24:20.8735 INFO Request starting HTTP/2 GET https://localhost:7086/api/Check - - - 
2025-01-20 15:24:20.8997 INFO Executing endpoint 'Cola.Controllers.CheckController.Get (Cola)' 
2025-01-20 15:24:20.8997 INFO Route matched with {action = "Get", controller = "Check"}. Executing controller action with signature System.Threading.Tasks.Task`1[Microsoft.AspNetCore.Mvc.IActionResult] Get() on controller Cola.Controllers.CheckController (Cola). 
2025-01-20 15:24:20.8997 INFO 开始获取检查参数数据 
2025-01-20 15:36:39.0152 INFO Now listening on: https://localhost:7086 
2025-01-20 15:36:39.0198 INFO Now listening on: http://localhost:5064 
2025-01-20 15:36:39.0476 INFO Application started. Press Ctrl+C to shut down. 
2025-01-20 15:36:39.0476 INFO Hosting environment: Development 
2025-01-20 15:36:39.0476 INFO Content root path: D:\cwq\MyCode\Cola_ AsepticLine\Cola 
2025-01-20 15:36:39.8768 INFO Request starting HTTP/2 GET https://localhost:7086/swagger - - - 
2025-01-20 15:36:40.0144 INFO Request finished HTTP/2 GET https://localhost:7086/swagger - 301 0 - 142.2178ms 
2025-01-20 15:36:40.0197 INFO Request starting HTTP/2 GET https://localhost:7086/swagger/index.html - - - 
2025-01-20 15:36:40.0696 INFO Request finished HTTP/2 GET https://localhost:7086/swagger/index.html - 200 - text/html;charset=utf-8 49.9088ms 
2025-01-20 15:36:40.0696 INFO Request starting HTTP/2 GET https://localhost:7086/swagger/swagger-ui.css - - - 
2025-01-20 15:36:40.0696 INFO Request starting HTTP/2 GET https://localhost:7086/swagger/swagger-ui-bundle.js - - - 
2025-01-20 15:36:40.0696 INFO Request starting HTTP/2 GET https://localhost:7086/_framework/aspnetcore-browser-refresh.js - - - 
2025-01-20 15:36:40.0696 INFO Request starting HTTP/2 GET https://localhost:7086/swagger/swagger-ui-standalone-preset.js - - - 
2025-01-20 15:36:40.0696 INFO Request starting HTTP/2 GET https://localhost:7086/_vs/browserLink - - - 
2025-01-20 15:36:40.0861 INFO Request finished HTTP/2 GET https://localhost:7086/_framework/aspnetcore-browser-refresh.js - 200 13744 application/javascript;+charset=utf-8 13.5348ms 
2025-01-20 15:36:40.1135 INFO Sending file. Request path: '/swagger-ui-standalone-preset.js'. Physical path: 'N/A' 
2025-01-20 15:36:40.1135 INFO Sending file. Request path: '/swagger-ui.css'. Physical path: 'N/A' 
2025-01-20 15:36:40.1135 INFO Sending file. Request path: '/swagger-ui-bundle.js'. Physical path: 'N/A' 
2025-01-20 15:36:40.1135 INFO Request finished HTTP/2 GET https://localhost:7086/swagger/swagger-ui.css - 200 143943 text/css 44.3800ms 
2025-01-20 15:36:40.1135 INFO Request finished HTTP/2 GET https://localhost:7086/swagger/swagger-ui-standalone-preset.js - 200 339486 text/javascript 43.8630ms 
2025-01-20 15:36:40.1135 INFO Request finished HTTP/2 GET https://localhost:7086/swagger/swagger-ui-bundle.js - 200 1096145 text/javascript 43.8941ms 
2025-01-20 15:36:40.1315 INFO Request finished HTTP/2 GET https://localhost:7086/_vs/browserLink - 200 - text/javascript;+charset=UTF-8 57.9598ms 
2025-01-20 15:36:40.2610 INFO Request starting HTTP/2 GET https://localhost:7086/swagger/v1/swagger.json - - - 
2025-01-20 15:36:40.3990 INFO Request finished HTTP/2 GET https://localhost:7086/swagger/v1/swagger.json - 200 - application/json;charset=utf-8 138.1016ms 
2025-01-20 15:36:43.5453 INFO Request starting HTTP/2 GET https://localhost:7086/api/Check - - - 
2025-01-20 15:36:43.5453 INFO Executing endpoint 'Cola.Controllers.CheckController.Get (Cola)' 
2025-01-20 15:36:43.5610 INFO Route matched with {action = "Get", controller = "Check"}. Executing controller action with signature System.Threading.Tasks.Task`1[Microsoft.AspNetCore.Mvc.IActionResult] Get() on controller Cola.Controllers.CheckController (Cola). 
2025-01-20 15:36:44.4336 INFO 开始获取检查参数数据 
2025-01-20 15:36:44.8836 INFO 成功获取检查参数数据，数量：115 
2025-01-20 15:36:44.8836 INFO Executing OkObjectResult, writing value of type 'System.Collections.Generic.List`1[[Cola.Model.HisDataCheck, Cola, Version=1.0.0.0, Culture=neutral, PublicKeyToken=null]]'. 
2025-01-20 15:36:44.9063 INFO Executed action Cola.Controllers.CheckController.Get (Cola) in 1341.1524ms 
2025-01-20 15:36:44.9063 INFO Executed endpoint 'Cola.Controllers.CheckController.Get (Cola)' 
2025-01-20 15:36:44.9063 INFO Request finished HTTP/2 GET https://localhost:7086/api/Check - 200 - application/json;+charset=utf-8 1362.0847ms 
2025-01-20 15:38:52.6259 INFO Now listening on: https://localhost:7086 
2025-01-20 15:38:52.6306 INFO Now listening on: http://localhost:5064 
2025-01-20 15:38:52.6621 INFO Application started. Press Ctrl+C to shut down. 
2025-01-20 15:38:52.6621 INFO Hosting environment: Development 
2025-01-20 15:38:52.6621 INFO Content root path: D:\cwq\MyCode\Cola_ AsepticLine\Cola 
2025-01-20 15:38:53.5945 INFO Request starting HTTP/2 GET https://localhost:7086/swagger - - - 
2025-01-20 15:38:53.6930 INFO Request finished HTTP/2 GET https://localhost:7086/swagger - 301 0 - 101.9175ms 
2025-01-20 15:38:53.6930 INFO Request starting HTTP/2 GET https://localhost:7086/swagger/index.html - - - 
2025-01-20 15:38:53.7407 INFO Request finished HTTP/2 GET https://localhost:7086/swagger/index.html - 200 - text/html;charset=utf-8 42.6283ms 
2025-01-20 15:38:53.7407 INFO Request starting HTTP/2 GET https://localhost:7086/swagger/swagger-ui.css - - - 
2025-01-20 15:38:53.7407 INFO Request starting HTTP/2 GET https://localhost:7086/swagger/swagger-ui-standalone-preset.js - - - 
2025-01-20 15:38:53.7407 INFO Request starting HTTP/2 GET https://localhost:7086/swagger/swagger-ui-bundle.js - - - 
2025-01-20 15:38:53.7407 INFO Request starting HTTP/2 GET https://localhost:7086/_framework/aspnetcore-browser-refresh.js - - - 
2025-01-20 15:38:53.7407 INFO Request starting HTTP/2 GET https://localhost:7086/_vs/browserLink - - - 
2025-01-20 15:38:53.7577 INFO Request finished HTTP/2 GET https://localhost:7086/_framework/aspnetcore-browser-refresh.js - 200 13744 application/javascript;+charset=utf-8 13.6790ms 
2025-01-20 15:38:53.7842 INFO Sending file. Request path: '/swagger-ui-standalone-preset.js'. Physical path: 'N/A' 
2025-01-20 15:38:53.7842 INFO Sending file. Request path: '/swagger-ui.css'. Physical path: 'N/A' 
2025-01-20 15:38:53.7870 INFO Sending file. Request path: '/swagger-ui-bundle.js'. Physical path: 'N/A' 
2025-01-20 15:38:53.7870 INFO Request finished HTTP/2 GET https://localhost:7086/swagger/swagger-ui-bundle.js - 200 1096145 text/javascript 43.7410ms 
2025-01-20 15:38:53.7870 INFO Request finished HTTP/2 GET https://localhost:7086/swagger/swagger-ui.css - 200 143943 text/css 44.1246ms 
2025-01-20 15:38:53.7870 INFO Request finished HTTP/2 GET https://localhost:7086/swagger/swagger-ui-standalone-preset.js - 200 339486 text/javascript 43.7391ms 
2025-01-20 15:38:53.7870 INFO Request finished HTTP/2 GET https://localhost:7086/_vs/browserLink - 200 - text/javascript;+charset=UTF-8 53.6997ms 
2025-01-20 15:38:53.9104 INFO Request starting HTTP/2 GET https://localhost:7086/swagger/v1/swagger.json - - - 
2025-01-20 15:38:54.0537 INFO Request finished HTTP/2 GET https://localhost:7086/swagger/v1/swagger.json - 200 - application/json;charset=utf-8 143.4894ms 
2025-01-20 15:38:58.4381 INFO Request starting HTTP/2 GET https://localhost:7086/api/Check - - - 
2025-01-20 15:38:58.4411 INFO Executing endpoint 'Cola.Controllers.CheckController.Get (Cola)' 
2025-01-20 15:38:58.4580 INFO Route matched with {action = "Get", controller = "Check"}. Executing controller action with signature System.Threading.Tasks.Task`1[Microsoft.AspNetCore.Mvc.IActionResult] Get() on controller Cola.Controllers.CheckController (Cola). 
2025-01-20 15:38:58.5484 INFO 开始获取检查参数数据 
2025-01-20 15:39:02.1747 INFO 成功获取检查参数数据，数量：115 
2025-01-20 15:39:02.1792 INFO Executing OkObjectResult, writing value of type 'System.Collections.Generic.List`1[[Cola.Model.HisDataCheck, Cola, Version=1.0.0.0, Culture=neutral, PublicKeyToken=null]]'. 
2025-01-20 15:39:02.1940 INFO Executed action Cola.Controllers.CheckController.Get (Cola) in 3732.9084ms 
2025-01-20 15:39:02.1940 INFO Executed endpoint 'Cola.Controllers.CheckController.Get (Cola)' 
2025-01-20 15:39:02.1940 INFO Request finished HTTP/2 GET https://localhost:7086/api/Check - 200 - application/json;+charset=utf-8 3756.7740ms 
