2025-07-17 09:53:08.5017 INFO Now listening on: http://localhost:5064 
2025-07-17 09:53:08.8404 INFO Application started. Press Ctrl+C to shut down. 
2025-07-17 09:53:08.8404 INFO Hosting environment: Development 
2025-07-17 09:53:08.8404 INFO Content root path: D:\cwq\MyCode\Cola_ AsepticLine\Cola 
2025-07-17 09:53:09.5882 INFO Request starting HTTP/1.1 GET http://localhost:5064/swagger/index.html - - - 
2025-07-17 09:53:10.0402 INFO Request finished HTTP/1.1 GET http://localhost:5064/swagger/index.html - 200 - text/html;charset=utf-8 458.7308ms 
2025-07-17 09:53:10.0402 INFO Request starting HTTP/1.1 GET http://localhost:5064/_framework/aspnetcore-browser-refresh.js - - - 
2025-07-17 09:53:10.0402 INFO Request finished HTTP/1.1 GET http://localhost:5064/_framework/aspnetcore-browser-refresh.js - 200 16493 application/javascript;+charset=utf-8 4.9781ms 
2025-07-17 09:53:10.0402 INFO Request starting HTTP/1.1 GET http://localhost:5064/_vs/browserLink - - - 
2025-07-17 09:53:10.2437 INFO Request finished HTTP/1.1 GET http://localhost:5064/_vs/browserLink - 200 - text/javascript;+charset=UTF-8 190.1734ms 
2025-07-17 09:53:10.3008 INFO Request starting HTTP/1.1 GET http://localhost:5064/swagger/v1/swagger.json - - - 
2025-07-17 09:53:10.3143 INFO Request finished HTTP/1.1 GET http://localhost:5064/swagger/v1/swagger.json - 200 - application/json;charset=utf-8 13.5692ms 
2025-07-17 10:00:59.8418 INFO Request starting HTTP/1.1 GET http://localhost:5064/api/Check/Export/Juice?deviceTypeId=7&inputTime=2025-07-16&shift=0 - - - 
2025-07-17 10:00:59.8713 WARN Failed to determine the https port for redirect. 
2025-07-17 10:00:59.9691 INFO Executing endpoint 'Cola.Controllers.CheckController.ExportToExcel2 (Cola)' 
2025-07-17 10:01:00.0430 INFO Route matched with {action = "ExportToExcel2", controller = "Check"}. Executing controller action with signature System.Threading.Tasks.Task`1[Microsoft.AspNetCore.Mvc.IActionResult] ExportToExcel2(Int32, System.DateTime, Int32) on controller Cola.Controllers.CheckController (Cola). 
2025-07-17 10:01:08.3894 INFO 开始获取设备 7,8,20,21,33,34 在 07/16/2025 00:00:00 的整点检查数据 
2025-07-17 10:01:08.8292 INFO 开始获取设备 7,8,20,21,33,34 在 07/16/2025 00:00:00 的整点报警数据 
2025-07-17 10:01:10.5947 ERROR 导出模板失败 System.ArgumentException: Merged region A15 must contain 2 or more cells
   at NPOI.XSSF.UserModel.XSSFSheet.AddMergedRegion(CellRangeAddress region, Boolean validate)
   at NPOI.XSSF.UserModel.XSSFSheet.AddMergedRegion(CellRangeAddress region)
   at Cola.Extensions.ExcelHelper.ExportCheckDataToExcel(String templatePath, List`1 excelList, List`1 alarmDataList, DateTime inputTime, String title) in D:\cwq\MyCode\Cola_ AsepticLine\Cola\Extensions\ExcelHelper.cs:line 200
   at Cola.Controllers.CheckController.ExportToExcel2(Int32 deviceTypeId, DateTime inputTime, Int32 shift) in D:\cwq\MyCode\Cola_ AsepticLine\Cola\Controllers\CheckController.cs:line 1814
2025-07-17 10:01:10.6020 INFO Executing ObjectResult, writing value of type 'Cola.Model.ApiResponse`1[[System.Object, System.Private.CoreLib, Version=8.0.0.0, Culture=neutral, PublicKeyToken=7cec85d7bea7798e]]'. 
2025-07-17 10:01:10.6766 INFO Executed action Cola.Controllers.CheckController.ExportToExcel2 (Cola) in 10627.9998ms 
2025-07-17 10:01:10.6766 INFO Executed endpoint 'Cola.Controllers.CheckController.ExportToExcel2 (Cola)' 
2025-07-17 10:01:10.6766 INFO Request finished HTTP/1.1 GET http://localhost:5064/api/Check/Export/Juice?deviceTypeId=7&inputTime=2025-07-16&shift=0 - 500 107 application/json;+charset=utf-8 10836.7784ms 
2025-07-17 10:09:46.8222 INFO Request starting HTTP/1.1 GET http://localhost:5064/api/Check/Export/Juice?deviceTypeId=7&inputTime=2025-07-15&shift=0 - - - 
2025-07-17 10:09:46.8222 INFO Executing endpoint 'Cola.Controllers.CheckController.ExportToExcel2 (Cola)' 
2025-07-17 10:09:46.8222 INFO Route matched with {action = "ExportToExcel2", controller = "Check"}. Executing controller action with signature System.Threading.Tasks.Task`1[Microsoft.AspNetCore.Mvc.IActionResult] ExportToExcel2(Int32, System.DateTime, Int32) on controller Cola.Controllers.CheckController (Cola). 
2025-07-17 10:09:48.7274 INFO 开始获取设备 7,8,20,21,33,34 在 07/15/2025 00:00:00 的整点检查数据 
2025-07-17 10:09:50.1591 INFO 开始获取设备 7,8,20,21,33,34 在 07/15/2025 00:00:00 的整点报警数据 
2025-07-17 10:09:50.2709 ERROR 导出模板失败 System.ArgumentException: Merged region A15 must contain 2 or more cells
   at NPOI.XSSF.UserModel.XSSFSheet.AddMergedRegion(CellRangeAddress region, Boolean validate)
   at NPOI.XSSF.UserModel.XSSFSheet.AddMergedRegion(CellRangeAddress region)
   at Cola.Extensions.ExcelHelper.ExportCheckDataToExcel(String templatePath, List`1 excelList, List`1 alarmDataList, DateTime inputTime, String title) in D:\cwq\MyCode\Cola_ AsepticLine\Cola\Extensions\ExcelHelper.cs:line 200
   at Cola.Controllers.CheckController.ExportToExcel2(Int32 deviceTypeId, DateTime inputTime, Int32 shift) in D:\cwq\MyCode\Cola_ AsepticLine\Cola\Controllers\CheckController.cs:line 1814
2025-07-17 10:09:50.2709 INFO Executing ObjectResult, writing value of type 'Cola.Model.ApiResponse`1[[System.Object, System.Private.CoreLib, Version=8.0.0.0, Culture=neutral, PublicKeyToken=7cec85d7bea7798e]]'. 
2025-07-17 10:09:50.2709 INFO Executed action Cola.Controllers.CheckController.ExportToExcel2 (Cola) in 3439.0505ms 
2025-07-17 10:09:50.2709 INFO Executed endpoint 'Cola.Controllers.CheckController.ExportToExcel2 (Cola)' 
2025-07-17 10:09:50.2709 INFO Request finished HTTP/1.1 GET http://localhost:5064/api/Check/Export/Juice?deviceTypeId=7&inputTime=2025-07-15&shift=0 - 500 107 application/json;+charset=utf-8 3451.1294ms 
2025-07-17 10:09:54.3754 INFO Request starting HTTP/1.1 GET http://localhost:5064/api/Check/Export/Juice?deviceTypeId=7&inputTime=2025-07-15&shift=0 - - - 
2025-07-17 10:09:54.3754 INFO Executing endpoint 'Cola.Controllers.CheckController.ExportToExcel2 (Cola)' 
2025-07-17 10:09:54.3754 INFO Route matched with {action = "ExportToExcel2", controller = "Check"}. Executing controller action with signature System.Threading.Tasks.Task`1[Microsoft.AspNetCore.Mvc.IActionResult] ExportToExcel2(Int32, System.DateTime, Int32) on controller Cola.Controllers.CheckController (Cola). 
2025-07-17 10:09:57.1401 INFO 开始获取设备 7,8,20,21,33,34 在 07/15/2025 00:00:00 的整点检查数据 
2025-07-17 10:09:59.7793 INFO 开始获取设备 7,8,20,21,33,34 在 07/15/2025 00:00:00 的整点报警数据 
2025-07-17 10:10:31.8279 ERROR 导出模板失败 System.ArgumentException: Merged region A15 must contain 2 or more cells
   at NPOI.XSSF.UserModel.XSSFSheet.AddMergedRegion(CellRangeAddress region, Boolean validate)
   at NPOI.XSSF.UserModel.XSSFSheet.AddMergedRegion(CellRangeAddress region)
   at Cola.Extensions.ExcelHelper.ExportCheckDataToExcel(String templatePath, List`1 excelList, List`1 alarmDataList, DateTime inputTime, String title) in D:\cwq\MyCode\Cola_ AsepticLine\Cola\Extensions\ExcelHelper.cs:line 200
   at Cola.Controllers.CheckController.ExportToExcel2(Int32 deviceTypeId, DateTime inputTime, Int32 shift) in D:\cwq\MyCode\Cola_ AsepticLine\Cola\Controllers\CheckController.cs:line 1814
2025-07-17 10:10:31.8279 INFO Executing ObjectResult, writing value of type 'Cola.Model.ApiResponse`1[[System.Object, System.Private.CoreLib, Version=8.0.0.0, Culture=neutral, PublicKeyToken=7cec85d7bea7798e]]'. 
2025-07-17 10:10:31.8279 INFO Executed action Cola.Controllers.CheckController.ExportToExcel2 (Cola) in 37452.3899ms 
2025-07-17 10:10:31.8279 INFO Executed endpoint 'Cola.Controllers.CheckController.ExportToExcel2 (Cola)' 
2025-07-17 10:10:31.8279 INFO Request finished HTTP/1.1 GET http://localhost:5064/api/Check/Export/Juice?deviceTypeId=7&inputTime=2025-07-15&shift=0 - 500 107 application/json;+charset=utf-8 37453.3347ms 
2025-07-17 10:10:33.3596 INFO Request starting HTTP/1.1 GET http://localhost:5064/api/Check/Export/Juice?deviceTypeId=7&inputTime=2025-07-15&shift=0 - - - 
2025-07-17 10:10:33.3596 INFO Executing endpoint 'Cola.Controllers.CheckController.ExportToExcel2 (Cola)' 
2025-07-17 10:10:33.3596 INFO Route matched with {action = "ExportToExcel2", controller = "Check"}. Executing controller action with signature System.Threading.Tasks.Task`1[Microsoft.AspNetCore.Mvc.IActionResult] ExportToExcel2(Int32, System.DateTime, Int32) on controller Cola.Controllers.CheckController (Cola). 
2025-07-17 10:10:35.2160 INFO 开始获取设备 7,8,20,21,33,34 在 07/15/2025 00:00:00 的整点检查数据 
2025-07-17 10:10:36.9981 INFO 开始获取设备 7,8,20,21,33,34 在 07/15/2025 00:00:00 的整点报警数据 
2025-07-17 10:11:44.5551 ERROR 导出模板失败 System.ArgumentException: Merged region A15 must contain 2 or more cells
   at NPOI.XSSF.UserModel.XSSFSheet.AddMergedRegion(CellRangeAddress region, Boolean validate)
   at NPOI.XSSF.UserModel.XSSFSheet.AddMergedRegion(CellRangeAddress region)
   at Cola.Extensions.ExcelHelper.ExportCheckDataToExcel(String templatePath, List`1 excelList, List`1 alarmDataList, DateTime inputTime, String title) in D:\cwq\MyCode\Cola_ AsepticLine\Cola\Extensions\ExcelHelper.cs:line 200
   at Cola.Controllers.CheckController.ExportToExcel2(Int32 deviceTypeId, DateTime inputTime, Int32 shift) in D:\cwq\MyCode\Cola_ AsepticLine\Cola\Controllers\CheckController.cs:line 1814
2025-07-17 10:11:44.5551 INFO Executing ObjectResult, writing value of type 'Cola.Model.ApiResponse`1[[System.Object, System.Private.CoreLib, Version=8.0.0.0, Culture=neutral, PublicKeyToken=7cec85d7bea7798e]]'. 
2025-07-17 10:11:44.5551 INFO Executed action Cola.Controllers.CheckController.ExportToExcel2 (Cola) in 71197.1594ms 
2025-07-17 10:11:44.5551 INFO Executed endpoint 'Cola.Controllers.CheckController.ExportToExcel2 (Cola)' 
2025-07-17 10:11:44.5551 INFO Request finished HTTP/1.1 GET http://localhost:5064/api/Check/Export/Juice?deviceTypeId=7&inputTime=2025-07-15&shift=0 - 500 107 application/json;+charset=utf-8 71197.9799ms 
2025-07-17 10:11:46.9098 INFO Request starting HTTP/1.1 GET http://localhost:5064/api/Check/Export/Juice?deviceTypeId=7&inputTime=2025-07-15&shift=0 - - - 
2025-07-17 10:11:46.9098 INFO Executing endpoint 'Cola.Controllers.CheckController.ExportToExcel2 (Cola)' 
2025-07-17 10:11:46.9098 INFO Route matched with {action = "ExportToExcel2", controller = "Check"}. Executing controller action with signature System.Threading.Tasks.Task`1[Microsoft.AspNetCore.Mvc.IActionResult] ExportToExcel2(Int32, System.DateTime, Int32) on controller Cola.Controllers.CheckController (Cola). 
2025-07-17 10:11:46.9449 INFO 开始获取设备 7,8,20,21,33,34 在 07/15/2025 00:00:00 的整点检查数据 
2025-07-17 10:11:48.8335 INFO 开始获取设备 7,8,20,21,33,34 在 07/15/2025 00:00:00 的整点报警数据 
2025-07-17 10:13:16.6655 ERROR 导出模板失败 System.ArgumentException: Merged region A15 must contain 2 or more cells
   at NPOI.XSSF.UserModel.XSSFSheet.AddMergedRegion(CellRangeAddress region, Boolean validate)
   at NPOI.XSSF.UserModel.XSSFSheet.AddMergedRegion(CellRangeAddress region)
   at Cola.Extensions.ExcelHelper.ExportCheckDataToExcel(String templatePath, List`1 excelList, List`1 alarmDataList, DateTime inputTime, String title) in D:\cwq\MyCode\Cola_ AsepticLine\Cola\Extensions\ExcelHelper.cs:line 200
   at Cola.Controllers.CheckController.ExportToExcel2(Int32 deviceTypeId, DateTime inputTime, Int32 shift) in D:\cwq\MyCode\Cola_ AsepticLine\Cola\Controllers\CheckController.cs:line 1814
2025-07-17 10:13:16.6655 INFO Executing ObjectResult, writing value of type 'Cola.Model.ApiResponse`1[[System.Object, System.Private.CoreLib, Version=8.0.0.0, Culture=neutral, PublicKeyToken=7cec85d7bea7798e]]'. 
2025-07-17 10:13:16.6655 INFO Executed action Cola.Controllers.CheckController.ExportToExcel2 (Cola) in 89755.6696ms 
2025-07-17 10:13:16.6655 INFO Executed endpoint 'Cola.Controllers.CheckController.ExportToExcel2 (Cola)' 
2025-07-17 10:13:16.6655 INFO Request finished HTTP/1.1 GET http://localhost:5064/api/Check/Export/Juice?deviceTypeId=7&inputTime=2025-07-15&shift=0 - 500 107 application/json;+charset=utf-8 89756.3551ms 
2025-07-17 11:34:00.6208 INFO === Cola服务启动于 07/17/2025 11:34:00 +08:00 === 
2025-07-17 11:34:00.6208 INFO 数据库连接配置: Host=8.141.80.120, Port=5432, Database=cola, User=cwq 
2025-07-17 11:34:00.8646 INFO Now listening on: http://localhost:5064 
2025-07-17 11:34:00.9071 INFO Application started. Press Ctrl+C to shut down. 
2025-07-17 11:34:00.9071 INFO Hosting environment: Development 
2025-07-17 11:34:00.9071 INFO Content root path: D:\cwq\MyCode\Cola_ AsepticLine\Cola 
2025-07-17 11:34:01.5083 INFO Request starting HTTP/1.1 GET http://localhost:5064/swagger/index.html - - - 
2025-07-17 11:34:01.7460 INFO Request finished HTTP/1.1 GET http://localhost:5064/swagger/index.html - 200 - text/html;charset=utf-8 244.5696ms 
2025-07-17 11:34:01.7460 INFO Request starting HTTP/1.1 GET http://localhost:5064/_framework/aspnetcore-browser-refresh.js - - - 
2025-07-17 11:34:01.7460 INFO Request finished HTTP/1.1 GET http://localhost:5064/_framework/aspnetcore-browser-refresh.js - 200 16493 application/javascript;+charset=utf-8 2.3397ms 
2025-07-17 11:34:01.7460 INFO Request starting HTTP/1.1 GET http://localhost:5064/_vs/browserLink - - - 
2025-07-17 11:34:01.8073 INFO Request finished HTTP/1.1 GET http://localhost:5064/_vs/browserLink - 200 - text/javascript;+charset=UTF-8 52.3251ms 
2025-07-17 11:34:01.8606 INFO Request starting HTTP/1.1 GET http://localhost:5064/swagger/v1/swagger.json - - - 
2025-07-17 11:34:01.8849 INFO Request finished HTTP/1.1 GET http://localhost:5064/swagger/v1/swagger.json - 200 - application/json;charset=utf-8 24.3516ms 
2025-07-17 11:35:56.2965 INFO === Cola服务启动于 07/17/2025 11:35:56 +08:00 === 
2025-07-17 11:35:56.2965 INFO 数据库连接配置: Host=8.141.80.120, Port=5432, Database=cola, User=cwq 
2025-07-17 11:35:56.5433 INFO Now listening on: http://localhost:5064 
2025-07-17 11:35:56.5853 INFO Application started. Press Ctrl+C to shut down. 
2025-07-17 11:35:56.5853 INFO Hosting environment: Development 
2025-07-17 11:35:56.5853 INFO Content root path: D:\cwq\MyCode\Cola_ AsepticLine\Cola 
2025-07-17 11:35:57.1744 INFO Request starting HTTP/1.1 GET http://localhost:5064/swagger/index.html - - - 
2025-07-17 11:35:57.3553 INFO Request finished HTTP/1.1 GET http://localhost:5064/swagger/index.html - 200 - text/html;charset=utf-8 188.3908ms 
2025-07-17 11:35:57.3586 INFO Request starting HTTP/1.1 GET http://localhost:5064/_framework/aspnetcore-browser-refresh.js - - - 
2025-07-17 11:35:57.3586 INFO Request finished HTTP/1.1 GET http://localhost:5064/_framework/aspnetcore-browser-refresh.js - 200 16493 application/javascript;+charset=utf-8 1.9913ms 
2025-07-17 11:35:57.3685 INFO Request starting HTTP/1.1 GET http://localhost:5064/_vs/browserLink - - - 
2025-07-17 11:35:57.4110 INFO Request finished HTTP/1.1 GET http://localhost:5064/_vs/browserLink - 200 - text/javascript;+charset=UTF-8 42.4773ms 
2025-07-17 11:35:57.4666 INFO Request starting HTTP/1.1 GET http://localhost:5064/swagger/v1/swagger.json - - - 
2025-07-17 11:35:57.4666 INFO Request finished HTTP/1.1 GET http://localhost:5064/swagger/v1/swagger.json - 200 - application/json;charset=utf-8 8.3189ms 
2025-07-17 14:54:27.7934 INFO === Cola服务启动于 07/17/2025 14:54:27 +08:00 === 
2025-07-17 14:54:27.7934 INFO 数据库连接配置: Host=8.141.80.120, Port=5432, Database=cola, User=cwq 
2025-07-17 14:54:28.0030 INFO Now listening on: http://localhost:5064 
2025-07-17 14:54:28.0773 INFO Application started. Press Ctrl+C to shut down. 
2025-07-17 14:54:28.0773 INFO Hosting environment: Development 
2025-07-17 14:54:28.0773 INFO Content root path: D:\cwq\MyCode\Cola_ AsepticLine\Cola 
2025-07-17 14:54:28.5728 INFO Request starting HTTP/1.1 GET http://localhost:5064/swagger/index.html - - - 
2025-07-17 14:54:28.8409 INFO Request finished HTTP/1.1 GET http://localhost:5064/swagger/index.html - 200 - text/html;charset=utf-8 279.1937ms 
2025-07-17 14:54:28.8409 INFO Request starting HTTP/1.1 GET http://localhost:5064/_framework/aspnetcore-browser-refresh.js - - - 
2025-07-17 14:54:28.8409 INFO Request finished HTTP/1.1 GET http://localhost:5064/_framework/aspnetcore-browser-refresh.js - 200 16493 application/javascript;+charset=utf-8 2.8757ms 
2025-07-17 14:54:28.8409 INFO Request starting HTTP/1.1 GET http://localhost:5064/_vs/browserLink - - - 
2025-07-17 14:54:28.8979 INFO Request finished HTTP/1.1 GET http://localhost:5064/_vs/browserLink - 200 - text/javascript;+charset=UTF-8 47.4559ms 
2025-07-17 14:54:28.9524 INFO Request starting HTTP/1.1 GET http://localhost:5064/swagger/v1/swagger.json - - - 
2025-07-17 14:54:28.9612 INFO Request finished HTTP/1.1 GET http://localhost:5064/swagger/v1/swagger.json - 200 - application/json;charset=utf-8 8.8873ms 
2025-07-17 14:55:14.5240 INFO Request starting HTTP/1.1 GET http://localhost:5064/api/Check/Export/Juice?deviceTypeId=7&inputTime=2025-07-15&shift=0 - - - 
2025-07-17 14:55:14.5240 WARN Failed to determine the https port for redirect. 
2025-07-17 14:55:14.5585 INFO Executing endpoint 'Cola.Controllers.CheckController.ExportToExcel2 (Cola)' 
2025-07-17 14:55:14.5938 INFO Route matched with {action = "ExportToExcel2", controller = "Check"}. Executing controller action with signature System.Threading.Tasks.Task`1[Microsoft.AspNetCore.Mvc.IActionResult] ExportToExcel2(Int32, System.DateTime, Int32) on controller Cola.Controllers.CheckController (Cola). 
2025-07-17 14:55:17.6770 INFO 开始获取设备 7,8,20,21,33,34 在 07/15/2025 00:00:00 的整点检查数据 
2025-07-17 14:55:19.7100 INFO 开始获取设备 7,8,20,21,33,34 在 07/15/2025 00:00:00 的整点报警数据 
2025-07-17 14:57:49.3123 ERROR 导出模板失败 System.IO.IOException: The process cannot access the file 'D:\cwq\MyCode\Cola_ AsepticLine\Cola\Template\果肉杀菌在线混合记录表模板_白班.xlsx' because it is being used by another process.
   at Microsoft.Win32.SafeHandles.SafeFileHandle.CreateFile(String fullPath, FileMode mode, FileAccess access, FileShare share, FileOptions options)
   at Microsoft.Win32.SafeHandles.SafeFileHandle.Open(String fullPath, FileMode mode, FileAccess access, FileShare share, FileOptions options, Int64 preallocationSize, Nullable`1 unixCreateMode)
   at System.IO.Strategies.OSFileStreamStrategy..ctor(String path, FileMode mode, FileAccess access, FileShare share, FileOptions options, Int64 preallocationSize, Nullable`1 unixCreateMode)
   at System.IO.Strategies.FileStreamHelpers.ChooseStrategyCore(String path, FileMode mode, FileAccess access, FileShare share, FileOptions options, Int64 preallocationSize, Nullable`1 unixCreateMode)
   at System.IO.FileStream..ctor(String path, FileMode mode, FileAccess access)
   at Cola.Extensions.ExcelHelper.ExportCheckDataToExcel(String templatePath, List`1 excelList, List`1 alarmDataList, DateTime inputTime, String title) in D:\cwq\MyCode\Cola_ AsepticLine\Cola\Extensions\ExcelHelper.cs:line 130
   at Cola.Controllers.CheckController.ExportToExcel2(Int32 deviceTypeId, DateTime inputTime, Int32 shift) in D:\cwq\MyCode\Cola_ AsepticLine\Cola\Controllers\CheckController.cs:line 1814
2025-07-17 14:57:49.3415 INFO Executing ObjectResult, writing value of type 'Cola.Model.ApiResponse`1[[System.Object, System.Private.CoreLib, Version=8.0.0.0, Culture=neutral, PublicKeyToken=7cec85d7bea7798e]]'. 
2025-07-17 14:57:49.3833 INFO Executed action Cola.Controllers.CheckController.ExportToExcel2 (Cola) in 154785.3675ms 
2025-07-17 14:57:49.3833 INFO Executed endpoint 'Cola.Controllers.CheckController.ExportToExcel2 (Cola)' 
2025-07-17 14:57:49.3833 INFO Request finished HTTP/1.1 GET http://localhost:5064/api/Check/Export/Juice?deviceTypeId=7&inputTime=2025-07-15&shift=0 - 500 246 application/json;+charset=utf-8 154861.6805ms 
2025-07-17 14:58:24.6670 INFO Request starting HTTP/1.1 GET http://localhost:5064/api/Check/Export/Juice?deviceTypeId=7&inputTime=2025-07-15&shift=0 - - - 
2025-07-17 14:58:24.6670 INFO Executing endpoint 'Cola.Controllers.CheckController.ExportToExcel2 (Cola)' 
2025-07-17 14:58:24.6670 INFO Route matched with {action = "ExportToExcel2", controller = "Check"}. Executing controller action with signature System.Threading.Tasks.Task`1[Microsoft.AspNetCore.Mvc.IActionResult] ExportToExcel2(Int32, System.DateTime, Int32) on controller Cola.Controllers.CheckController (Cola). 
2025-07-17 15:00:49.9135 INFO 开始获取设备 7,8,20,21,33,34 在 07/15/2025 00:00:00 的整点检查数据 
2025-07-17 15:01:08.4157 INFO 开始获取设备 7,8,20,21,33,34 在 07/15/2025 00:00:00 的整点报警数据 
2025-07-17 15:01:11.7754 ERROR 导出模板失败 System.ArgumentException: Merged region A15 must contain 2 or more cells
   at NPOI.XSSF.UserModel.XSSFSheet.AddMergedRegion(CellRangeAddress region, Boolean validate)
   at NPOI.XSSF.UserModel.XSSFSheet.AddMergedRegion(CellRangeAddress region)
   at Cola.Extensions.ExcelHelper.ExportCheckDataToExcel(String templatePath, List`1 excelList, List`1 alarmDataList, DateTime inputTime, String title) in D:\cwq\MyCode\Cola_ AsepticLine\Cola\Extensions\ExcelHelper.cs:line 200
   at Cola.Controllers.CheckController.ExportToExcel2(Int32 deviceTypeId, DateTime inputTime, Int32 shift) in D:\cwq\MyCode\Cola_ AsepticLine\Cola\Controllers\CheckController.cs:line 1814
2025-07-17 15:01:11.7754 INFO Executing ObjectResult, writing value of type 'Cola.Model.ApiResponse`1[[System.Object, System.Private.CoreLib, Version=8.0.0.0, Culture=neutral, PublicKeyToken=7cec85d7bea7798e]]'. 
2025-07-17 15:01:11.7754 INFO Executed action Cola.Controllers.CheckController.ExportToExcel2 (Cola) in 167106.8084ms 
2025-07-17 15:01:11.7754 INFO Executed endpoint 'Cola.Controllers.CheckController.ExportToExcel2 (Cola)' 
2025-07-17 15:01:11.7754 INFO Request finished HTTP/1.1 GET http://localhost:5064/api/Check/Export/Juice?deviceTypeId=7&inputTime=2025-07-15&shift=0 - 500 107 application/json;+charset=utf-8 167110.1297ms 
2025-07-17 15:02:10.1858 INFO Request starting HTTP/1.1 GET http://localhost:5064/api/Check/Export/Juice?deviceTypeId=7&inputTime=2025-07-15&shift=0 - - - 
2025-07-17 15:02:10.1858 INFO Executing endpoint 'Cola.Controllers.CheckController.ExportToExcel2 (Cola)' 
2025-07-17 15:02:10.1858 INFO Route matched with {action = "ExportToExcel2", controller = "Check"}. Executing controller action with signature System.Threading.Tasks.Task`1[Microsoft.AspNetCore.Mvc.IActionResult] ExportToExcel2(Int32, System.DateTime, Int32) on controller Cola.Controllers.CheckController (Cola). 
2025-07-17 15:02:12.8468 INFO 开始获取设备 7,8,20,21,33,34 在 07/15/2025 00:00:00 的整点检查数据 
2025-07-17 15:02:14.6820 INFO 开始获取设备 7,8,20,21,33,34 在 07/15/2025 00:00:00 的整点报警数据 
2025-07-17 15:02:39.8051 ERROR 导出模板失败 System.ArgumentException: Merged region A15 must contain 2 or more cells
   at NPOI.XSSF.UserModel.XSSFSheet.AddMergedRegion(CellRangeAddress region, Boolean validate)
   at NPOI.XSSF.UserModel.XSSFSheet.AddMergedRegion(CellRangeAddress region)
   at Cola.Extensions.ExcelHelper.ExportCheckDataToExcel(String templatePath, List`1 excelList, List`1 alarmDataList, DateTime inputTime, String title) in D:\cwq\MyCode\Cola_ AsepticLine\Cola\Extensions\ExcelHelper.cs:line 200
   at Cola.Controllers.CheckController.ExportToExcel2(Int32 deviceTypeId, DateTime inputTime, Int32 shift) in D:\cwq\MyCode\Cola_ AsepticLine\Cola\Controllers\CheckController.cs:line 1814
2025-07-17 15:02:39.8051 INFO Executing ObjectResult, writing value of type 'Cola.Model.ApiResponse`1[[System.Object, System.Private.CoreLib, Version=8.0.0.0, Culture=neutral, PublicKeyToken=7cec85d7bea7798e]]'. 
2025-07-17 15:02:39.8051 INFO Executed action Cola.Controllers.CheckController.ExportToExcel2 (Cola) in 29613.9588ms 
2025-07-17 15:02:39.8051 INFO Executed endpoint 'Cola.Controllers.CheckController.ExportToExcel2 (Cola)' 
2025-07-17 15:02:39.8051 INFO Request finished HTTP/1.1 GET http://localhost:5064/api/Check/Export/Juice?deviceTypeId=7&inputTime=2025-07-15&shift=0 - 500 107 application/json;+charset=utf-8 29620.0278ms 
2025-07-17 15:02:46.6063 INFO Request starting HTTP/1.1 GET http://localhost:5064/api/Check/Export/Juice?deviceTypeId=7&inputTime=2025-07-15&shift=0 - - - 
2025-07-17 15:02:46.6063 INFO Executing endpoint 'Cola.Controllers.CheckController.ExportToExcel2 (Cola)' 
2025-07-17 15:02:46.6063 INFO Route matched with {action = "ExportToExcel2", controller = "Check"}. Executing controller action with signature System.Threading.Tasks.Task`1[Microsoft.AspNetCore.Mvc.IActionResult] ExportToExcel2(Int32, System.DateTime, Int32) on controller Cola.Controllers.CheckController (Cola). 
2025-07-17 15:02:48.4595 INFO 开始获取设备 7,8,20,21,33,34 在 07/15/2025 00:00:00 的整点检查数据 
2025-07-17 15:02:50.9508 INFO 开始获取设备 7,8,20,21,33,34 在 07/15/2025 00:00:00 的整点报警数据 
2025-07-17 15:10:25.0323 ERROR 导出模板失败 System.ArgumentException: Merged region A15 must contain 2 or more cells
   at NPOI.XSSF.UserModel.XSSFSheet.AddMergedRegion(CellRangeAddress region, Boolean validate)
   at NPOI.XSSF.UserModel.XSSFSheet.AddMergedRegion(CellRangeAddress region)
   at Cola.Extensions.ExcelHelper.ExportCheckDataToExcel(String templatePath, List`1 excelList, List`1 alarmDataList, DateTime inputTime, String title) in D:\cwq\MyCode\Cola_ AsepticLine\Cola\Extensions\ExcelHelper.cs:line 200
   at Cola.Controllers.CheckController.ExportToExcel2(Int32 deviceTypeId, DateTime inputTime, Int32 shift) in D:\cwq\MyCode\Cola_ AsepticLine\Cola\Controllers\CheckController.cs:line 1814
2025-07-17 15:10:25.0323 INFO Executing ObjectResult, writing value of type 'Cola.Model.ApiResponse`1[[System.Object, System.Private.CoreLib, Version=8.0.0.0, Culture=neutral, PublicKeyToken=7cec85d7bea7798e]]'. 
2025-07-17 15:10:25.0323 INFO Executed action Cola.Controllers.CheckController.ExportToExcel2 (Cola) in 458426.4111ms 
2025-07-17 15:10:25.0323 INFO Executed endpoint 'Cola.Controllers.CheckController.ExportToExcel2 (Cola)' 
2025-07-17 15:10:25.0323 INFO Request finished HTTP/1.1 GET http://localhost:5064/api/Check/Export/Juice?deviceTypeId=7&inputTime=2025-07-15&shift=0 - 500 107 application/json;+charset=utf-8 458428.1560ms 
2025-07-17 15:10:30.8313 INFO Request starting HTTP/1.1 GET http://localhost:5064/api/Check/sharp?deviceTypeId=7&inputTime=2025-07-16 - - - 
2025-07-17 15:10:30.8313 INFO Executing endpoint 'Cola.Controllers.CheckController.GetSharpTimeCheckData5 (Cola)' 
2025-07-17 15:10:30.8382 INFO Route matched with {action = "GetSharpTimeCheckData5", controller = "Check"}. Executing controller action with signature System.Threading.Tasks.Task`1[Microsoft.AspNetCore.Mvc.IActionResult] GetSharpTimeCheckData5(Int32, System.DateTime, Int32) on controller Cola.Controllers.CheckController (Cola). 
2025-07-17 15:10:30.8791 INFO 开始获取设备 7 在 07/16/2025 00:00:00 的检查数据 
2025-07-17 15:10:31.2350 INFO Executing OkObjectResult, writing value of type 'Cola.Model.ApiResponse`1[[System.Collections.Generic.IEnumerable`1[[Cola.Model.CheckDataResult2, Cola, Version=1.0.0.0, Culture=neutral, PublicKeyToken=null]], System.Private.CoreLib, Version=8.0.0.0, Culture=neutral, PublicKeyToken=7cec85d7bea7798e]]'. 
2025-07-17 15:10:31.2907 INFO Executed action Cola.Controllers.CheckController.GetSharpTimeCheckData5 (Cola) in 452.4203ms 
2025-07-17 15:10:31.2907 INFO Executed endpoint 'Cola.Controllers.CheckController.GetSharpTimeCheckData5 (Cola)' 
2025-07-17 15:10:31.2907 INFO Request finished HTTP/1.1 GET http://localhost:5064/api/Check/sharp?deviceTypeId=7&inputTime=2025-07-16 - 200 16464 application/json;+charset=utf-8 460.0238ms 
2025-07-17 15:13:16.1949 INFO Request starting HTTP/1.1 GET http://localhost:5064/api/Check/sharp?deviceTypeId=7&inputTime=2025-07-16&shift=0 - - - 
2025-07-17 15:13:16.1949 INFO Executing endpoint 'Cola.Controllers.CheckController.GetSharpTimeCheckData5 (Cola)' 
2025-07-17 15:13:16.1949 INFO Route matched with {action = "GetSharpTimeCheckData5", controller = "Check"}. Executing controller action with signature System.Threading.Tasks.Task`1[Microsoft.AspNetCore.Mvc.IActionResult] GetSharpTimeCheckData5(Int32, System.DateTime, Int32) on controller Cola.Controllers.CheckController (Cola). 
2025-07-17 15:13:16.2188 INFO 开始获取设备 7 在 07/16/2025 00:00:00 的检查数据 
2025-07-17 15:13:16.3901 INFO Executing OkObjectResult, writing value of type 'Cola.Model.ApiResponse`1[[System.Collections.Generic.IEnumerable`1[[Cola.Model.CheckDataResult2, Cola, Version=1.0.0.0, Culture=neutral, PublicKeyToken=null]], System.Private.CoreLib, Version=8.0.0.0, Culture=neutral, PublicKeyToken=7cec85d7bea7798e]]'. 
2025-07-17 15:13:16.3901 INFO Executed action Cola.Controllers.CheckController.GetSharpTimeCheckData5 (Cola) in 196.3846ms 
2025-07-17 15:13:16.3901 INFO Executed endpoint 'Cola.Controllers.CheckController.GetSharpTimeCheckData5 (Cola)' 
2025-07-17 15:13:16.3901 INFO Request finished HTTP/1.1 GET http://localhost:5064/api/Check/sharp?deviceTypeId=7&inputTime=2025-07-16&shift=0 - 200 16464 application/json;+charset=utf-8 197.4808ms 
2025-07-17 15:19:56.4800 INFO Request starting HTTP/1.1 GET http://localhost:5064/api/Check/Export/Juice?deviceTypeId=7&inputTime=2025-07-15&shift=0 - - - 
2025-07-17 15:19:56.4800 INFO Executing endpoint 'Cola.Controllers.CheckController.ExportToExcel2 (Cola)' 
2025-07-17 15:19:56.4800 INFO Route matched with {action = "ExportToExcel2", controller = "Check"}. Executing controller action with signature System.Threading.Tasks.Task`1[Microsoft.AspNetCore.Mvc.IActionResult] ExportToExcel2(Int32, System.DateTime, Int32) on controller Cola.Controllers.CheckController (Cola). 
2025-07-17 15:34:56.8625 INFO 开始获取设备 7,8,20,21,33,34 在 07/15/2025 00:00:00 的整点检查数据 
2025-07-17 15:44:10.3399 INFO === Cola服务启动于 07/17/2025 15:44:10 +08:00 === 
2025-07-17 15:44:10.3399 INFO 数据库连接配置: Host=8.141.80.120, Port=5432, Database=cola, User=cwq 
2025-07-17 15:44:10.5896 INFO Now listening on: http://localhost:5064 
2025-07-17 15:44:10.6477 INFO Application started. Press Ctrl+C to shut down. 
2025-07-17 15:44:10.6477 INFO Hosting environment: Development 
2025-07-17 15:44:10.6477 INFO Content root path: D:\cwq\MyCode\Cola_ AsepticLine\Cola 
2025-07-17 15:44:11.1897 INFO Request starting HTTP/1.1 GET http://localhost:5064/swagger/index.html - - - 
2025-07-17 15:44:11.4774 INFO Request finished HTTP/1.1 GET http://localhost:5064/swagger/index.html - 200 - text/html;charset=utf-8 298.4864ms 
2025-07-17 15:44:11.4774 INFO Request starting HTTP/1.1 GET http://localhost:5064/_framework/aspnetcore-browser-refresh.js - - - 
2025-07-17 15:44:11.4774 INFO Request finished HTTP/1.1 GET http://localhost:5064/_framework/aspnetcore-browser-refresh.js - 200 16493 application/javascript;+charset=utf-8 4.0068ms 
2025-07-17 15:44:11.5029 INFO Request starting HTTP/1.1 GET http://localhost:5064/_vs/browserLink - - - 
2025-07-17 15:44:11.5809 INFO Request finished HTTP/1.1 GET http://localhost:5064/_vs/browserLink - 200 - text/javascript;+charset=UTF-8 78.1242ms 
2025-07-17 15:44:11.6365 INFO Request starting HTTP/1.1 GET http://localhost:5064/swagger/v1/swagger.json - - - 
2025-07-17 15:44:11.6515 INFO Request finished HTTP/1.1 GET http://localhost:5064/swagger/v1/swagger.json - 200 - application/json;charset=utf-8 15.0920ms 
2025-07-17 15:44:57.4485 INFO Request starting HTTP/1.1 GET http://localhost:5064/api/Check/sharp?deviceTypeId=7&inputTime=2025-07-15&shift=0&lineId=1 - - - 
2025-07-17 15:44:57.4628 WARN Failed to determine the https port for redirect. 
2025-07-17 15:44:57.4954 INFO Executing endpoint 'Cola.Controllers.CheckController.GetSharpTimeCheckData5 (Cola)' 
2025-07-17 15:44:57.5163 INFO Route matched with {action = "GetSharpTimeCheckData5", controller = "Check"}. Executing controller action with signature System.Threading.Tasks.Task`1[Microsoft.AspNetCore.Mvc.IActionResult] GetSharpTimeCheckData5(Int32, System.DateTime, Int32, Int32) on controller Cola.Controllers.CheckController (Cola). 
2025-07-17 15:44:59.7689 INFO 开始获取设备 7 在 07/15/2025 00:00:00 的检查数据 
2025-07-17 15:45:00.8350 INFO Executing OkObjectResult, writing value of type 'Cola.Model.ApiResponse`1[[System.Collections.Generic.IEnumerable`1[[Cola.Model.CheckDataResult2, Cola, Version=1.0.0.0, Culture=neutral, PublicKeyToken=null]], System.Private.CoreLib, Version=8.0.0.0, Culture=neutral, PublicKeyToken=7cec85d7bea7798e]]'. 
2025-07-17 15:45:00.9348 INFO Executed action Cola.Controllers.CheckController.GetSharpTimeCheckData5 (Cola) in 3412.7683ms 
2025-07-17 15:45:00.9348 INFO Executed endpoint 'Cola.Controllers.CheckController.GetSharpTimeCheckData5 (Cola)' 
2025-07-17 15:45:00.9348 INFO Request finished HTTP/1.1 GET http://localhost:5064/api/Check/sharp?deviceTypeId=7&inputTime=2025-07-15&shift=0&lineId=1 - 200 16456 application/json;+charset=utf-8 3488.4478ms 
2025-07-17 15:45:34.9666 INFO Request starting HTTP/1.1 GET http://localhost:5064/api/Check/Export/Juice?deviceTypeId=7&inputTime=2025-07-15&shift=0&lineId=1 - - - 
2025-07-17 15:45:34.9666 INFO Executing endpoint 'Cola.Controllers.CheckController.ExportToExcel2 (Cola)' 
2025-07-17 15:45:34.9821 INFO Route matched with {action = "ExportToExcel2", controller = "Check"}. Executing controller action with signature System.Threading.Tasks.Task`1[Microsoft.AspNetCore.Mvc.IActionResult] ExportToExcel2(Int32, System.DateTime, Int32, Int32) on controller Cola.Controllers.CheckController (Cola). 
2025-07-17 15:45:35.0244 INFO 开始获取设备 7,8 在 07/15/2025 00:00:00 的整点检查数据 
2025-07-17 15:45:39.0103 INFO 开始获取设备 7,8 在 07/15/2025 00:00:00 的整点报警数据 
2025-07-17 15:45:47.2805 INFO Executing FileContentResult, sending file with download name '果汁杀菌在线混合记录表.xlsx' ... 
2025-07-17 15:45:47.2805 INFO Executed action Cola.Controllers.CheckController.ExportToExcel2 (Cola) in 12301.6986ms 
2025-07-17 15:45:47.2805 INFO Executed endpoint 'Cola.Controllers.CheckController.ExportToExcel2 (Cola)' 
2025-07-17 15:45:47.2805 INFO Request finished HTTP/1.1 GET http://localhost:5064/api/Check/Export/Juice?deviceTypeId=7&inputTime=2025-07-15&shift=0&lineId=1 - 200 11478 application/vnd.openxmlformats-officedocument.spreadsheetml.sheet 12318.0192ms 
2025-07-17 15:46:54.8562 INFO Request starting HTTP/1.1 GET http://localhost:5064/api/Check/Export/Juice?deviceTypeId=7&inputTime=2025-07-15&shift=0&lineId=2 - - - 
2025-07-17 15:46:54.8562 INFO Executing endpoint 'Cola.Controllers.CheckController.ExportToExcel2 (Cola)' 
2025-07-17 15:46:54.8562 INFO Route matched with {action = "ExportToExcel2", controller = "Check"}. Executing controller action with signature System.Threading.Tasks.Task`1[Microsoft.AspNetCore.Mvc.IActionResult] ExportToExcel2(Int32, System.DateTime, Int32, Int32) on controller Cola.Controllers.CheckController (Cola). 
2025-07-17 15:46:54.9057 INFO 开始获取设备 20,21 在 07/15/2025 00:00:00 的整点检查数据 
2025-07-17 15:46:55.0772 INFO 开始获取设备 20,21 在 07/15/2025 00:00:00 的整点报警数据 
2025-07-17 15:46:55.1492 INFO Executing FileContentResult, sending file with download name '果汁杀菌在线混合记录表.xlsx' ... 
2025-07-17 15:46:55.1492 INFO Executed action Cola.Controllers.CheckController.ExportToExcel2 (Cola) in 287.1851ms 
2025-07-17 15:46:55.1492 INFO Executed endpoint 'Cola.Controllers.CheckController.ExportToExcel2 (Cola)' 
2025-07-17 15:46:55.1492 INFO Request finished HTTP/1.1 GET http://localhost:5064/api/Check/Export/Juice?deviceTypeId=7&inputTime=2025-07-15&shift=0&lineId=2 - 200 11517 application/vnd.openxmlformats-officedocument.spreadsheetml.sheet 294.0294ms 
2025-07-17 15:47:53.4898 INFO Request starting HTTP/1.1 GET http://localhost:5064/api/Check/Export/Juice?deviceTypeId=7&inputTime=2025-07-15&shift=0&lineId=3 - - - 
2025-07-17 15:47:53.4898 INFO Executing endpoint 'Cola.Controllers.CheckController.ExportToExcel2 (Cola)' 
2025-07-17 15:47:53.4898 INFO Route matched with {action = "ExportToExcel2", controller = "Check"}. Executing controller action with signature System.Threading.Tasks.Task`1[Microsoft.AspNetCore.Mvc.IActionResult] ExportToExcel2(Int32, System.DateTime, Int32, Int32) on controller Cola.Controllers.CheckController (Cola). 
2025-07-17 15:47:53.5358 INFO 开始获取设备 33,34 在 07/15/2025 00:00:00 的整点检查数据 
2025-07-17 15:47:53.6507 INFO 开始获取设备 33,34 在 07/15/2025 00:00:00 的整点报警数据 
2025-07-17 15:47:59.0883 INFO Executing FileContentResult, sending file with download name '果汁杀菌在线混合记录表.xlsx' ... 
2025-07-17 15:47:59.0883 INFO Executed action Cola.Controllers.CheckController.ExportToExcel2 (Cola) in 5596.6493ms 
2025-07-17 15:47:59.0883 INFO Executed endpoint 'Cola.Controllers.CheckController.ExportToExcel2 (Cola)' 
2025-07-17 15:47:59.0883 INFO Request finished HTTP/1.1 GET http://localhost:5064/api/Check/Export/Juice?deviceTypeId=7&inputTime=2025-07-15&shift=0&lineId=3 - 200 11497 application/vnd.openxmlformats-officedocument.spreadsheetml.sheet 5599.2733ms 
2025-07-17 15:51:00.8527 INFO Request starting HTTP/1.1 GET http://localhost:5064/api/Check/Export/Juice?deviceTypeId=7&inputTime=2025-07-15&shift=0&lineId=3 - - - 
2025-07-17 15:51:00.8527 INFO Executing endpoint 'Cola.Controllers.CheckController.ExportToExcel2 (Cola)' 
2025-07-17 15:51:00.8527 INFO Route matched with {action = "ExportToExcel2", controller = "Check"}. Executing controller action with signature System.Threading.Tasks.Task`1[Microsoft.AspNetCore.Mvc.IActionResult] ExportToExcel2(Int32, System.DateTime, Int32, Int32) on controller Cola.Controllers.CheckController (Cola). 
2025-07-17 15:51:00.9660 INFO 开始获取设备 33,34 在 07/15/2025 00:00:00 的整点检查数据 
2025-07-17 15:51:01.1174 INFO 开始获取设备 33,34 在 07/15/2025 00:00:00 的整点报警数据 
2025-07-17 15:51:32.1854 INFO Executing FileContentResult, sending file with download name '果汁杀菌在线混合记录表.xlsx' ... 
2025-07-17 15:51:32.1854 INFO Executed action Cola.Controllers.CheckController.ExportToExcel2 (Cola) in 31332.3954ms 
2025-07-17 15:51:32.1854 INFO Executed endpoint 'Cola.Controllers.CheckController.ExportToExcel2 (Cola)' 
2025-07-17 15:51:32.1854 INFO Request finished HTTP/1.1 GET http://localhost:5064/api/Check/Export/Juice?deviceTypeId=7&inputTime=2025-07-15&shift=0&lineId=3 - 200 11497 application/vnd.openxmlformats-officedocument.spreadsheetml.sheet 31333.2954ms 
2025-07-17 15:51:41.2614 INFO Request starting HTTP/1.1 GET http://localhost:5064/api/Check/Export/Juice?deviceTypeId=7&inputTime=2025-07-15&shift=0&lineId=3 - - - 
2025-07-17 15:51:41.2614 INFO Executing endpoint 'Cola.Controllers.CheckController.ExportToExcel2 (Cola)' 
2025-07-17 15:51:41.2614 INFO Route matched with {action = "ExportToExcel2", controller = "Check"}. Executing controller action with signature System.Threading.Tasks.Task`1[Microsoft.AspNetCore.Mvc.IActionResult] ExportToExcel2(Int32, System.DateTime, Int32, Int32) on controller Cola.Controllers.CheckController (Cola). 
2025-07-17 15:51:41.2960 INFO 开始获取设备 33,34 在 07/15/2025 00:00:00 的整点检查数据 
2025-07-17 15:51:56.2097 INFO 开始获取设备 33,34 在 07/15/2025 00:00:00 的整点报警数据 
2025-07-17 15:56:50.6954 INFO === Cola服务启动于 07/17/2025 15:56:50 +08:00 === 
2025-07-17 15:56:50.6983 INFO 数据库连接配置: Host=8.141.80.120, Port=5432, Database=cola, User=cwq 
2025-07-17 15:56:50.9281 INFO Now listening on: http://localhost:5064 
2025-07-17 15:56:50.9806 INFO Application started. Press Ctrl+C to shut down. 
2025-07-17 15:56:50.9806 INFO Hosting environment: Development 
2025-07-17 15:56:50.9806 INFO Content root path: D:\cwq\MyCode\Cola_ AsepticLine\Cola 
2025-07-17 15:56:51.5699 INFO Request starting HTTP/1.1 GET http://localhost:5064/swagger/index.html - - - 
2025-07-17 15:56:51.8082 INFO Request finished HTTP/1.1 GET http://localhost:5064/swagger/index.html - 200 - text/html;charset=utf-8 250.2686ms 
2025-07-17 15:56:51.8399 INFO Request starting HTTP/1.1 GET http://localhost:5064/_framework/aspnetcore-browser-refresh.js - - - 
2025-07-17 15:56:51.8399 INFO Request starting HTTP/1.1 GET http://localhost:5064/_vs/browserLink - - - 
2025-07-17 15:56:51.8399 INFO Request finished HTTP/1.1 GET http://localhost:5064/_framework/aspnetcore-browser-refresh.js - 200 16493 application/javascript;+charset=utf-8 4.7323ms 
2025-07-17 15:56:51.9159 INFO Request finished HTTP/1.1 GET http://localhost:5064/_vs/browserLink - 200 - text/javascript;+charset=UTF-8 74.9415ms 
2025-07-17 15:56:51.9692 INFO Request starting HTTP/1.1 GET http://localhost:5064/swagger/v1/swagger.json - - - 
2025-07-17 15:56:51.9774 INFO Request finished HTTP/1.1 GET http://localhost:5064/swagger/v1/swagger.json - 200 - application/json;charset=utf-8 8.2480ms 
2025-07-17 15:57:32.8793 INFO Request starting HTTP/1.1 GET http://localhost:5064/api/Check/Export/Juice?deviceTypeId=7&inputTime=2025-07-15&shift=0&lineId=3 - - - 
2025-07-17 15:57:32.8858 WARN Failed to determine the https port for redirect. 
2025-07-17 15:57:32.9169 INFO Executing endpoint 'Cola.Controllers.CheckController.ExportToExcel2 (Cola)' 
2025-07-17 15:57:32.9479 INFO Route matched with {action = "ExportToExcel2", controller = "Check"}. Executing controller action with signature System.Threading.Tasks.Task`1[Microsoft.AspNetCore.Mvc.IActionResult] ExportToExcel2(Int32, System.DateTime, Int32, Int32) on controller Cola.Controllers.CheckController (Cola). 
2025-07-17 15:57:34.9556 INFO 开始获取设备 33,34 在 07/15/2025 00:00:00 的整点检查数据 
2025-07-17 15:57:38.3675 INFO 开始获取设备 33,34 在 07/15/2025 00:00:00 的整点报警数据 
2025-07-17 15:57:54.3057 INFO Executing FileContentResult, sending file with download name '果汁杀菌在线混合记录表.xlsx' ... 
2025-07-17 15:57:54.3057 INFO Executed action Cola.Controllers.CheckController.ExportToExcel2 (Cola) in 21362.9151ms 
2025-07-17 15:57:54.3057 INFO Executed endpoint 'Cola.Controllers.CheckController.ExportToExcel2 (Cola)' 
2025-07-17 15:57:54.3057 INFO Request finished HTTP/1.1 GET http://localhost:5064/api/Check/Export/Juice?deviceTypeId=7&inputTime=2025-07-15&shift=0&lineId=3 - 200 11497 application/vnd.openxmlformats-officedocument.spreadsheetml.sheet 21443.9139ms 
2025-07-17 15:58:21.9491 INFO Request starting HTTP/1.1 GET http://localhost:5064/api/Check/Export/Juice?deviceTypeId=7&inputTime=2025-07-15&shift=0&lineId=3 - - - 
2025-07-17 15:58:21.9491 INFO Executing endpoint 'Cola.Controllers.CheckController.ExportToExcel2 (Cola)' 
2025-07-17 15:58:21.9491 INFO Route matched with {action = "ExportToExcel2", controller = "Check"}. Executing controller action with signature System.Threading.Tasks.Task`1[Microsoft.AspNetCore.Mvc.IActionResult] ExportToExcel2(Int32, System.DateTime, Int32, Int32) on controller Cola.Controllers.CheckController (Cola). 
2025-07-17 15:58:21.9857 INFO 开始获取设备 33,34 在 07/15/2025 00:00:00 的整点检查数据 
2025-07-17 15:58:26.4946 INFO 开始获取设备 33,34 在 07/15/2025 00:00:00 的整点报警数据 
2025-07-17 15:58:59.7156 INFO Executing FileContentResult, sending file with download name '果汁杀菌在线混合记录表.xlsx' ... 
2025-07-17 15:58:59.7156 INFO Executed action Cola.Controllers.CheckController.ExportToExcel2 (Cola) in 37760.1986ms 
2025-07-17 15:58:59.7156 INFO Executed endpoint 'Cola.Controllers.CheckController.ExportToExcel2 (Cola)' 
2025-07-17 15:58:59.7156 INFO Request finished HTTP/1.1 GET http://localhost:5064/api/Check/Export/Juice?deviceTypeId=7&inputTime=2025-07-15&shift=0&lineId=3 - 200 11497 application/vnd.openxmlformats-officedocument.spreadsheetml.sheet 37767.3532ms 
2025-07-17 15:59:31.5417 INFO Request starting HTTP/1.1 GET http://localhost:5064/api/Check/Export/Juice?deviceTypeId=7&inputTime=2025-07-15&shift=0&lineId=3 - - - 
2025-07-17 15:59:31.5417 INFO Executing endpoint 'Cola.Controllers.CheckController.ExportToExcel2 (Cola)' 
2025-07-17 15:59:31.5417 INFO Route matched with {action = "ExportToExcel2", controller = "Check"}. Executing controller action with signature System.Threading.Tasks.Task`1[Microsoft.AspNetCore.Mvc.IActionResult] ExportToExcel2(Int32, System.DateTime, Int32, Int32) on controller Cola.Controllers.CheckController (Cola). 
2025-07-17 15:59:31.5804 INFO 开始获取设备 33,34 在 07/15/2025 00:00:00 的整点检查数据 
2025-07-17 15:59:33.6047 INFO 开始获取设备 33,34 在 07/15/2025 00:00:00 的整点报警数据 
2025-07-17 16:03:31.5423 INFO Executing FileContentResult, sending file with download name '果汁杀菌在线混合记录表.xlsx' ... 
2025-07-17 16:03:31.5423 INFO Executed action Cola.Controllers.CheckController.ExportToExcel2 (Cola) in 240000.0823ms 
2025-07-17 16:03:31.5423 INFO Executed endpoint 'Cola.Controllers.CheckController.ExportToExcel2 (Cola)' 
2025-07-17 16:03:31.5423 INFO Request finished HTTP/1.1 GET http://localhost:5064/api/Check/Export/Juice?deviceTypeId=7&inputTime=2025-07-15&shift=0&lineId=3 - 200 11497 application/vnd.openxmlformats-officedocument.spreadsheetml.sheet 240001.4920ms 
2025-07-17 16:03:36.5314 INFO Request starting HTTP/1.1 GET http://localhost:5064/api/Check/Export/Juice?deviceTypeId=7&inputTime=2025-07-15&shift=0&lineId=3 - - - 
2025-07-17 16:03:36.5314 INFO Executing endpoint 'Cola.Controllers.CheckController.ExportToExcel2 (Cola)' 
2025-07-17 16:03:36.5314 INFO Route matched with {action = "ExportToExcel2", controller = "Check"}. Executing controller action with signature System.Threading.Tasks.Task`1[Microsoft.AspNetCore.Mvc.IActionResult] ExportToExcel2(Int32, System.DateTime, Int32, Int32) on controller Cola.Controllers.CheckController (Cola). 
2025-07-17 16:03:36.5582 INFO 开始获取设备 33,34 在 07/15/2025 00:00:00 的整点检查数据 
2025-07-17 16:03:39.1599 INFO 开始获取设备 33,34 在 07/15/2025 00:00:00 的整点报警数据 
2025-07-17 16:04:43.1475 INFO === Cola服务启动于 07/17/2025 16:04:43 +08:00 === 
2025-07-17 16:04:43.1523 INFO 数据库连接配置: Host=8.141.80.120, Port=5432, Database=cola, User=cwq 
2025-07-17 16:04:43.4265 INFO Now listening on: http://localhost:5064 
2025-07-17 16:04:43.5132 INFO Application started. Press Ctrl+C to shut down. 
2025-07-17 16:04:43.5132 INFO Hosting environment: Development 
2025-07-17 16:04:43.5132 INFO Content root path: D:\cwq\MyCode\Cola_ AsepticLine\Cola 
2025-07-17 16:04:44.1643 INFO Request starting HTTP/1.1 GET http://localhost:5064/swagger/index.html - - - 
2025-07-17 16:04:44.4174 INFO Request finished HTTP/1.1 GET http://localhost:5064/swagger/index.html - 200 - text/html;charset=utf-8 260.8577ms 
2025-07-17 16:04:44.4451 INFO Request starting HTTP/1.1 GET http://localhost:5064/_vs/browserLink - - - 
2025-07-17 16:04:44.4451 INFO Request starting HTTP/1.1 GET http://localhost:5064/_framework/aspnetcore-browser-refresh.js - - - 
2025-07-17 16:04:44.4500 INFO Request finished HTTP/1.1 GET http://localhost:5064/_framework/aspnetcore-browser-refresh.js - 200 16493 application/javascript;+charset=utf-8 5.1524ms 
2025-07-17 16:04:44.5068 INFO Request finished HTTP/1.1 GET http://localhost:5064/_vs/browserLink - 200 - text/javascript;+charset=UTF-8 61.7595ms 
2025-07-17 16:04:44.5571 INFO Request starting HTTP/1.1 GET http://localhost:5064/swagger/v1/swagger.json - - - 
2025-07-17 16:04:44.5571 INFO Request finished HTTP/1.1 GET http://localhost:5064/swagger/v1/swagger.json - 200 - application/json;charset=utf-8 10.1148ms 
2025-07-17 16:05:04.3949 INFO Request starting HTTP/1.1 GET http://localhost:5064/api/Check/Export/Juice?deviceTypeId=7&inputTime=2025-07-15&shift=0&lineId=3 - - - 
2025-07-17 16:05:04.3949 WARN Failed to determine the https port for redirect. 
2025-07-17 16:05:04.4164 INFO Executing endpoint 'Cola.Controllers.CheckController.ExportToExcel2 (Cola)' 
2025-07-17 16:05:04.4485 INFO Route matched with {action = "ExportToExcel2", controller = "Check"}. Executing controller action with signature System.Threading.Tasks.Task`1[Microsoft.AspNetCore.Mvc.IActionResult] ExportToExcel2(Int32, System.DateTime, Int32, Int32) on controller Cola.Controllers.CheckController (Cola). 
2025-07-17 16:05:05.2501 INFO 开始获取设备 33,34 在 07/15/2025 00:00:00 的整点检查数据 
2025-07-17 16:05:07.9108 INFO 开始获取设备 33,34 在 07/15/2025 00:00:00 的整点报警数据 
2025-07-17 16:05:09.4710 INFO Executing FileContentResult, sending file with download name '果汁杀菌在线混合记录表.xlsx' ... 
2025-07-17 16:05:09.4864 INFO Executed action Cola.Controllers.CheckController.ExportToExcel2 (Cola) in 5029.9266ms 
2025-07-17 16:05:09.4864 INFO Executed endpoint 'Cola.Controllers.CheckController.ExportToExcel2 (Cola)' 
2025-07-17 16:05:09.4864 INFO Request finished HTTP/1.1 GET http://localhost:5064/api/Check/Export/Juice?deviceTypeId=7&inputTime=2025-07-15&shift=0&lineId=3 - 200 11505 application/vnd.openxmlformats-officedocument.spreadsheetml.sheet 5094.0031ms 
2025-07-17 16:12:12.3688 INFO === Cola服务启动于 07/17/2025 16:12:12 +08:00 === 
2025-07-17 16:12:12.3688 INFO 数据库连接配置: Host=8.141.80.120, Port=5432, Database=cola, User=cwq 
2025-07-17 16:12:12.6378 INFO Now listening on: http://localhost:5064 
2025-07-17 16:12:12.6964 INFO Application started. Press Ctrl+C to shut down. 
2025-07-17 16:12:12.6964 INFO Hosting environment: Development 
2025-07-17 16:12:12.6964 INFO Content root path: D:\cwq\MyCode\Cola_ AsepticLine\Cola 
2025-07-17 16:12:13.2959 INFO Request starting HTTP/1.1 GET http://localhost:5064/swagger/index.html - - - 
2025-07-17 16:12:13.5234 INFO Request finished HTTP/1.1 GET http://localhost:5064/swagger/index.html - 200 - text/html;charset=utf-8 232.8287ms 
2025-07-17 16:12:13.5277 INFO Request starting HTTP/1.1 GET http://localhost:5064/_framework/aspnetcore-browser-refresh.js - - - 
2025-07-17 16:12:13.5277 INFO Request finished HTTP/1.1 GET http://localhost:5064/_framework/aspnetcore-browser-refresh.js - 200 16493 application/javascript;+charset=utf-8 2.5078ms 
2025-07-17 16:12:13.5404 INFO Request starting HTTP/1.1 GET http://localhost:5064/_vs/browserLink - - - 
2025-07-17 16:12:13.6001 INFO Request finished HTTP/1.1 GET http://localhost:5064/_vs/browserLink - 200 - text/javascript;+charset=UTF-8 59.8547ms 
2025-07-17 16:12:13.6371 INFO Request starting HTTP/1.1 GET http://localhost:5064/swagger/v1/swagger.json - - - 
2025-07-17 16:12:13.6371 INFO Request finished HTTP/1.1 GET http://localhost:5064/swagger/v1/swagger.json - 200 - application/json;charset=utf-8 8.0942ms 
2025-07-17 16:12:34.0790 INFO Request starting HTTP/1.1 GET http://localhost:5064/api/Check/sharp?deviceTypeId=7&inputTime=2025-7-15&shift=0 - - - 
2025-07-17 16:12:34.0790 WARN Failed to determine the https port for redirect. 
2025-07-17 16:12:34.1166 INFO Executing endpoint 'Cola.Controllers.CheckController.GetSharpTimeCheckData5 (Cola)' 
2025-07-17 16:12:34.1351 INFO Route matched with {action = "GetSharpTimeCheckData5", controller = "Check"}. Executing controller action with signature System.Threading.Tasks.Task`1[Microsoft.AspNetCore.Mvc.IActionResult] GetSharpTimeCheckData5(Int32, System.DateTime, Int32, System.Nullable`1[System.Int32]) on controller Cola.Controllers.CheckController (Cola). 
2025-07-17 16:12:36.3795 INFO 开始获取设备 7 在 07/15/2025 00:00:00 的检查数据 
2025-07-17 16:12:39.1084 INFO Executing OkObjectResult, writing value of type 'Cola.Model.ApiResponse`1[[System.Collections.Generic.IEnumerable`1[[Cola.Model.CheckDataResult2, Cola, Version=1.0.0.0, Culture=neutral, PublicKeyToken=null]], System.Private.CoreLib, Version=8.0.0.0, Culture=neutral, PublicKeyToken=7cec85d7bea7798e]]'. 
2025-07-17 16:12:39.2348 INFO Executed action Cola.Controllers.CheckController.GetSharpTimeCheckData5 (Cola) in 5094.7075ms 
2025-07-17 16:12:39.2348 INFO Executed endpoint 'Cola.Controllers.CheckController.GetSharpTimeCheckData5 (Cola)' 
2025-07-17 16:12:39.2348 INFO Request finished HTTP/1.1 GET http://localhost:5064/api/Check/sharp?deviceTypeId=7&inputTime=2025-7-15&shift=0 - 200 49560 application/json;+charset=utf-8 5157.6732ms 
2025-07-17 16:12:52.2282 INFO Request starting HTTP/1.1 GET http://localhost:5064/api/Check/sharp?deviceTypeId=7&inputTime=2025-7-15&shift=0&lineId=1 - - - 
2025-07-17 16:12:52.2282 INFO Executing endpoint 'Cola.Controllers.CheckController.GetSharpTimeCheckData5 (Cola)' 
2025-07-17 16:12:52.2282 INFO Route matched with {action = "GetSharpTimeCheckData5", controller = "Check"}. Executing controller action with signature System.Threading.Tasks.Task`1[Microsoft.AspNetCore.Mvc.IActionResult] GetSharpTimeCheckData5(Int32, System.DateTime, Int32, System.Nullable`1[System.Int32]) on controller Cola.Controllers.CheckController (Cola). 
2025-07-17 16:12:52.2282 INFO 开始获取设备 7 在 07/15/2025 00:00:00 的检查数据 
2025-07-17 16:12:52.3978 INFO Executing OkObjectResult, writing value of type 'Cola.Model.ApiResponse`1[[System.Collections.Generic.IEnumerable`1[[Cola.Model.CheckDataResult2, Cola, Version=1.0.0.0, Culture=neutral, PublicKeyToken=null]], System.Private.CoreLib, Version=8.0.0.0, Culture=neutral, PublicKeyToken=7cec85d7bea7798e]]'. 
2025-07-17 16:12:52.3978 INFO Executed action Cola.Controllers.CheckController.GetSharpTimeCheckData5 (Cola) in 167.8154ms 
2025-07-17 16:12:52.3978 INFO Executed endpoint 'Cola.Controllers.CheckController.GetSharpTimeCheckData5 (Cola)' 
2025-07-17 16:12:52.3978 INFO Request finished HTTP/1.1 GET http://localhost:5064/api/Check/sharp?deviceTypeId=7&inputTime=2025-7-15&shift=0&lineId=1 - 200 16456 application/json;+charset=utf-8 170.9404ms 
2025-07-17 16:13:25.6624 INFO Request starting HTTP/1.1 GET http://localhost:5064/api/Check/CheckParas?deviceTypeId=7&inputTime=2025-07-15&lineId=2 - - - 
2025-07-17 16:13:25.6624 INFO Executing endpoint 'Cola.Controllers.CheckController.GetCheckParasByDeviceId (Cola)' 
2025-07-17 16:13:25.6624 INFO Route matched with {action = "GetCheckParasByDeviceId", controller = "Check"}. Executing controller action with signature System.Threading.Tasks.Task`1[Microsoft.AspNetCore.Mvc.IActionResult] GetCheckParasByDeviceId(Int32, System.DateTime, System.Nullable`1[System.Int32]) on controller Cola.Controllers.CheckController (Cola). 
2025-07-17 16:13:25.7981 INFO Executing OkObjectResult, writing value of type 'Cola.Model.ApiResponse`1[[System.Collections.Generic.IEnumerable`1[[System.Object, System.Private.CoreLib, Version=8.0.0.0, Culture=neutral, PublicKeyToken=7cec85d7bea7798e]], System.Private.CoreLib, Version=8.0.0.0, Culture=neutral, PublicKeyToken=7cec85d7bea7798e]]'. 
2025-07-17 16:13:25.8047 INFO Executed action Cola.Controllers.CheckController.GetCheckParasByDeviceId (Cola) in 134.2295ms 
2025-07-17 16:13:25.8047 INFO Executed endpoint 'Cola.Controllers.CheckController.GetCheckParasByDeviceId (Cola)' 
2025-07-17 16:13:25.8047 INFO Request finished HTTP/1.1 GET http://localhost:5064/api/Check/CheckParas?deviceTypeId=7&inputTime=2025-07-15&lineId=2 - 200 1536 application/json;+charset=utf-8 143.2623ms 
2025-07-17 16:13:53.2865 INFO Request starting HTTP/1.1 GET http://localhost:5064/api/Check/sharp?deviceTypeId=7&inputTime=2025-7-16&shift=0&lineId=1 - - - 
2025-07-17 16:13:53.2865 INFO Executing endpoint 'Cola.Controllers.CheckController.GetSharpTimeCheckData5 (Cola)' 
2025-07-17 16:13:53.2865 INFO Route matched with {action = "GetSharpTimeCheckData5", controller = "Check"}. Executing controller action with signature System.Threading.Tasks.Task`1[Microsoft.AspNetCore.Mvc.IActionResult] GetSharpTimeCheckData5(Int32, System.DateTime, Int32, System.Nullable`1[System.Int32]) on controller Cola.Controllers.CheckController (Cola). 
2025-07-17 16:13:53.2919 INFO 开始获取设备 7 在 07/16/2025 00:00:00 的检查数据 
2025-07-17 16:13:53.3933 INFO Executing OkObjectResult, writing value of type 'Cola.Model.ApiResponse`1[[System.Collections.Generic.IEnumerable`1[[Cola.Model.CheckDataResult2, Cola, Version=1.0.0.0, Culture=neutral, PublicKeyToken=null]], System.Private.CoreLib, Version=8.0.0.0, Culture=neutral, PublicKeyToken=7cec85d7bea7798e]]'. 
2025-07-17 16:13:53.3933 INFO Executed action Cola.Controllers.CheckController.GetSharpTimeCheckData5 (Cola) in 106.8545ms 
2025-07-17 16:13:53.3933 INFO Executed endpoint 'Cola.Controllers.CheckController.GetSharpTimeCheckData5 (Cola)' 
2025-07-17 16:13:53.3933 INFO Request finished HTTP/1.1 GET http://localhost:5064/api/Check/sharp?deviceTypeId=7&inputTime=2025-7-16&shift=0&lineId=1 - 200 5429 application/json;+charset=utf-8 108.1265ms 
