2025-04-17 13:43:13.1573 INFO Now listening on: https://localhost:7086 
2025-04-17 13:43:13.1573 INFO Now listening on: http://localhost:5064 
2025-04-17 13:43:13.2196 INFO Application started. Press Ctrl+C to shut down. 
2025-04-17 13:43:13.2196 INFO Hosting environment: Development 
2025-04-17 13:43:13.2196 INFO Content root path: D:\cwq\MyCode\Cola_ AsepticLine\Cola 
2025-04-17 13:43:14.1308 INFO Request starting HTTP/2 GET https://localhost:7086/swagger - - - 
2025-04-17 13:43:14.2836 INFO Request finished HTTP/2 GET https://localhost:7086/swagger - 301 0 - 159.5191ms 
2025-04-17 13:43:14.2836 INFO Request starting HTTP/2 GET https://localhost:7086/swagger/index.html - - - 
2025-04-17 13:43:14.3426 INFO Request finished HTTP/2 GET https://localhost:7086/swagger/index.html - 200 - text/html;charset=utf-8 53.0962ms 
2025-04-17 13:43:14.3426 INFO Request starting HTTP/2 GET https://localhost:7086/swagger/swagger-ui-bundle.js - - - 
2025-04-17 13:43:14.3426 INFO Request starting HTTP/2 GET https://localhost:7086/_framework/aspnetcore-browser-refresh.js - - - 
2025-04-17 13:43:14.3426 INFO Request starting HTTP/2 GET https://localhost:7086/swagger/swagger-ui.css - - - 
2025-04-17 13:43:14.3426 INFO Request starting HTTP/2 GET https://localhost:7086/swagger/swagger-ui-standalone-preset.js - - - 
2025-04-17 13:43:14.3426 INFO Request starting HTTP/2 GET https://localhost:7086/_vs/browserLink - - - 
2025-04-17 13:43:14.3634 INFO Request finished HTTP/2 GET https://localhost:7086/_framework/aspnetcore-browser-refresh.js - 200 13760 application/javascript;+charset=utf-8 17.7348ms 
2025-04-17 13:43:14.4026 INFO Sending file. Request path: '/swagger-ui.css'. Physical path: 'N/A' 
2025-04-17 13:43:14.4026 INFO Sending file. Request path: '/swagger-ui-standalone-preset.js'. Physical path: 'N/A' 
2025-04-17 13:43:14.4066 INFO Request finished HTTP/2 GET https://localhost:7086/swagger/swagger-ui.css - 200 143943 text/css 61.1643ms 
2025-04-17 13:43:14.4066 INFO Request finished HTTP/2 GET https://localhost:7086/swagger/swagger-ui-standalone-preset.js - 200 339486 text/javascript 60.8377ms 
2025-04-17 13:43:14.4066 INFO Sending file. Request path: '/swagger-ui-bundle.js'. Physical path: 'N/A' 
2025-04-17 13:43:14.4066 INFO Request finished HTTP/2 GET https://localhost:7086/swagger/swagger-ui-bundle.js - 200 1096145 text/javascript 61.3872ms 
2025-04-17 13:43:14.4337 INFO Request finished HTTP/2 GET https://localhost:7086/_vs/browserLink - 200 - text/javascript;+charset=UTF-8 86.3615ms 
2025-04-17 13:43:14.5797 INFO Request starting HTTP/2 GET https://localhost:7086/swagger/v1/swagger.json - - - 
2025-04-17 13:43:14.5797 INFO Request finished HTTP/2 GET https://localhost:7086/swagger/v1/swagger.json - 200 - application/json;charset=utf-8 10.9597ms 
2025-04-17 13:43:14.6970 INFO Request starting HTTP/2 GET https://localhost:7086/swagger/favicon-32x32.png - - - 
2025-04-17 13:43:14.6970 INFO Sending file. Request path: '/favicon-32x32.png'. Physical path: 'N/A' 
2025-04-17 13:43:14.6970 INFO Request finished HTTP/2 GET https://localhost:7086/swagger/favicon-32x32.png - 200 628 image/png 0.9239ms 
2025-04-17 13:54:16.4180 INFO Request starting HTTP/2 GET https://localhost:7086/api/Check/sharp?deviceTypeId=7&inputTime=2025-4-17&shift=0 - - - 
2025-04-17 13:54:16.4991 INFO Executing endpoint 'Cola.Controllers.CheckController.GetSharpTimeCheckData4 (Cola)' 
2025-04-17 13:54:16.5214 INFO Route matched with {action = "GetSharpTimeCheckData4", controller = "Check"}. Executing controller action with signature System.Threading.Tasks.Task`1[Microsoft.AspNetCore.Mvc.IActionResult] GetSharpTimeCheckData4(Int32, System.DateTime, Int32) on controller Cola.Controllers.CheckController (Cola). 
2025-04-17 13:54:17.5651 INFO 开始获取设备 7 在 04/17/2025 00:00:00 的检查数据 
2025-04-17 13:54:19.2683 INFO Executing OkObjectResult, writing value of type 'Cola.Model.ApiResponse`1[[System.Collections.Generic.IEnumerable`1[[Cola.Model.CheckDataResult2, Cola, Version=1.0.0.0, Culture=neutral, PublicKeyToken=null]], System.Private.CoreLib, Version=8.0.0.0, Culture=neutral, PublicKeyToken=7cec85d7bea7798e]]'. 
2025-04-17 13:54:19.3491 INFO Executed action Cola.Controllers.CheckController.GetSharpTimeCheckData4 (Cola) in 2823.3194ms 
2025-04-17 13:54:19.3491 INFO Executed endpoint 'Cola.Controllers.CheckController.GetSharpTimeCheckData4 (Cola)' 
2025-04-17 13:54:19.3491 INFO Request finished HTTP/2 GET https://localhost:7086/api/Check/sharp?deviceTypeId=7&inputTime=2025-4-17&shift=0 - 200 23406 application/json;+charset=utf-8 2932.0442ms 
2025-04-17 13:54:49.6510 INFO Request starting HTTP/2 GET https://localhost:7086/api/Check/currunt?deviceTypeId=7&inputTime=2025-04-17 - - - 
2025-04-17 13:54:49.6600 INFO Executing endpoint 'Cola.Controllers.CheckController.GetCurrentTimeCheckData4 (Cola)' 
2025-04-17 13:54:49.6600 INFO Route matched with {action = "GetCurrentTimeCheckData4", controller = "Check"}. Executing controller action with signature System.Threading.Tasks.Task`1[Microsoft.AspNetCore.Mvc.IActionResult] GetCurrentTimeCheckData4(Int32, System.DateTime) on controller Cola.Controllers.CheckController (Cola). 
2025-04-17 13:54:49.6600 INFO 开始获取设备 7 在 04/17/2025 00:00:00 的检查数据 
