2025-01-14 10:56:50.8690 INFO Now listening on: https://localhost:7086 
2025-01-14 10:56:50.8690 INFO Now listening on: http://localhost:5064 
2025-01-14 10:56:50.9167 INFO Application started. Press Ctrl+C to shut down. 
2025-01-14 10:56:50.9167 INFO Hosting environment: Development 
2025-01-14 10:56:50.9167 INFO Content root path: D:\cwq\MyCode\Cola_ AsepticLine\Cola 
2025-01-14 10:56:51.4196 INFO Request starting HTTP/2 GET https://localhost:7086/swagger - - - 
2025-01-14 10:56:51.5845 INFO Request finished HTTP/2 GET https://localhost:7086/swagger - 301 0 - 172.3708ms 
2025-01-14 10:56:51.5845 INFO Request starting HTTP/2 GET https://localhost:7086/swagger/index.html - - - 
2025-01-14 10:56:51.6517 INFO Request starting HTTP/2 GET https://localhost:7086/swagger/swagger-ui.css - - - 
2025-01-14 10:56:51.6517 INFO Request starting HTTP/2 GET https://localhost:7086/swagger/swagger-ui-bundle.js - - - 
2025-01-14 10:56:51.6614 INFO Request starting HTTP/2 GET https://localhost:7086/swagger/swagger-ui-standalone-preset.js - - - 
2025-01-14 10:56:51.6614 INFO Request finished HTTP/2 GET https://localhost:7086/swagger/index.html - 200 - text/html;charset=utf-8 73.0418ms 
2025-01-14 10:56:51.6747 INFO Request starting HTTP/2 GET https://localhost:7086/_framework/aspnetcore-browser-refresh.js - - - 
2025-01-14 10:56:51.6747 INFO Request starting HTTP/2 GET https://localhost:7086/_vs/browserLink - - - 
2025-01-14 10:56:51.6747 INFO Request finished HTTP/2 GET https://localhost:7086/_framework/aspnetcore-browser-refresh.js - 200 13744 application/javascript;+charset=utf-8 11.3908ms 
2025-01-14 10:56:51.7141 INFO Sending file. Request path: '/swagger-ui.css'. Physical path: 'N/A' 
2025-01-14 10:56:51.7141 INFO Sending file. Request path: '/swagger-ui-standalone-preset.js'. Physical path: 'N/A' 
2025-01-14 10:56:51.7141 INFO Request finished HTTP/2 GET https://localhost:7086/swagger/swagger-ui.css - 200 143943 text/css 62.7182ms 
2025-01-14 10:56:51.7141 INFO Request finished HTTP/2 GET https://localhost:7086/swagger/swagger-ui-standalone-preset.js - 200 339486 text/javascript 53.0248ms 
2025-01-14 10:56:51.7249 INFO Sending file. Request path: '/swagger-ui-bundle.js'. Physical path: 'N/A' 
2025-01-14 10:56:51.7249 INFO Request finished HTTP/2 GET https://localhost:7086/swagger/swagger-ui-bundle.js - 200 1096145 text/javascript 70.9259ms 
2025-01-14 10:56:51.7463 INFO Request finished HTTP/2 GET https://localhost:7086/_vs/browserLink - 200 - text/javascript;+charset=UTF-8 70.4130ms 
2025-01-14 10:56:51.8988 INFO Request starting HTTP/2 GET https://localhost:7086/swagger/v1/swagger.json - - - 
2025-01-14 10:56:52.0641 INFO Request finished HTTP/2 GET https://localhost:7086/swagger/v1/swagger.json - 200 - application/json;charset=utf-8 165.5270ms 
2025-01-14 10:56:54.7791 INFO Request starting HTTP/2 GET https://localhost:7086/api/Check - - - 
2025-01-14 10:56:54.7818 INFO Executing endpoint 'Cola.Controllers.CheckController.Get (Cola)' 
2025-01-14 10:56:54.7818 INFO Route matched with {action = "Get", controller = "Check"}. Executing controller action with signature System.Threading.Tasks.Task`1[Microsoft.AspNetCore.Mvc.IActionResult] Get() on controller Cola.Controllers.CheckController (Cola). 
2025-01-14 10:56:55.6091 INFO 开始获取检查参数数据 
2025-01-14 10:56:56.1143 INFO 成功获取检查参数数据，数量：40 
2025-01-14 10:56:56.1143 INFO Executing OkObjectResult, writing value of type 'Cola.Model.ApiResponse`1[[System.Collections.Generic.IEnumerable`1[[Cola.Model.CheckPara, Cola, Version=1.0.0.0, Culture=neutral, PublicKeyToken=null]], System.Private.CoreLib, Version=8.0.0.0, Culture=neutral, PublicKeyToken=7cec85d7bea7798e]]'. 
2025-01-14 10:56:56.1371 INFO Executed action Cola.Controllers.CheckController.Get (Cola) in 1336.1089ms 
2025-01-14 10:56:56.1371 INFO Executed endpoint 'Cola.Controllers.CheckController.Get (Cola)' 
2025-01-14 10:56:56.1371 INFO Request finished HTTP/2 GET https://localhost:7086/api/Check - 200 - application/json;+charset=utf-8 1358.9587ms 
