2025-03-12 13:21:33.9851 INFO Now listening on: https://localhost:7086 
2025-03-12 13:21:33.9851 INFO Now listening on: http://localhost:5064 
2025-03-12 13:21:34.0265 INFO Application started. Press Ctrl+C to shut down. 
2025-03-12 13:21:34.0265 INFO Hosting environment: Development 
2025-03-12 13:21:34.0265 INFO Content root path: D:\cwq\MyCode\Cola_ AsepticLine\Cola 
2025-03-12 13:21:34.5193 INFO Request starting HTTP/2 GET https://localhost:7086/swagger - - - 
2025-03-12 13:21:34.6499 INFO Request finished HTTP/2 GET https://localhost:7086/swagger - 301 0 - 137.3884ms 
2025-03-12 13:21:34.6555 INFO Request starting HTTP/2 GET https://localhost:7086/swagger/index.html - - - 
2025-03-12 13:21:34.7011 INFO Request finished HTTP/2 GET https://localhost:7086/swagger/index.html - 200 - text/html;charset=utf-8 45.6534ms 
2025-03-12 13:21:34.7011 INFO Request starting HTTP/2 GET https://localhost:7086/swagger/swagger-ui-standalone-preset.js - - - 
2025-03-12 13:21:34.7011 INFO Request starting HTTP/2 GET https://localhost:7086/swagger/swagger-ui.css - - - 
2025-03-12 13:21:34.7011 INFO Request starting HTTP/2 GET https://localhost:7086/_framework/aspnetcore-browser-refresh.js - - - 
2025-03-12 13:21:34.7011 INFO Request starting HTTP/2 GET https://localhost:7086/swagger/swagger-ui-bundle.js - - - 
2025-03-12 13:21:34.7011 INFO Request starting HTTP/2 GET https://localhost:7086/_vs/browserLink - - - 
2025-03-12 13:21:34.7011 INFO Request finished HTTP/2 GET https://localhost:7086/_framework/aspnetcore-browser-refresh.js - 200 13760 application/javascript;+charset=utf-8 9.7185ms 
2025-03-12 13:21:34.7442 INFO Sending file. Request path: '/swagger-ui.css'. Physical path: 'N/A' 
2025-03-12 13:21:34.7442 INFO Sending file. Request path: '/swagger-ui-standalone-preset.js'. Physical path: 'N/A' 
2025-03-12 13:21:34.7465 INFO Request finished HTTP/2 GET https://localhost:7086/swagger/swagger-ui.css - 200 143943 text/css 42.4094ms 
2025-03-12 13:21:34.7465 INFO Request finished HTTP/2 GET https://localhost:7086/swagger/swagger-ui-standalone-preset.js - 200 339486 text/javascript 42.3146ms 
2025-03-12 13:21:34.7465 INFO Sending file. Request path: '/swagger-ui-bundle.js'. Physical path: 'N/A' 
2025-03-12 13:21:34.7465 INFO Request finished HTTP/2 GET https://localhost:7086/swagger/swagger-ui-bundle.js - 200 1096145 text/javascript 54.8386ms 
2025-03-12 13:21:34.7674 INFO Request finished HTTP/2 GET https://localhost:7086/_vs/browserLink - 200 - text/javascript;+charset=UTF-8 63.3580ms 
2025-03-12 13:21:34.8812 INFO Request starting HTTP/2 GET https://localhost:7086/swagger/v1/swagger.json - - - 
2025-03-12 13:21:34.8890 INFO Request finished HTTP/2 GET https://localhost:7086/swagger/v1/swagger.json - 200 - application/json;charset=utf-8 8.0303ms 
2025-03-12 13:27:10.5532 INFO Request starting HTTP/2 POST https://localhost:7086/api/Check/SharpConfirm?alarmIdList=4855&alarmIdList=4857&CheckUser=%E6%9B%B9%E7%BB%B4%E7%BE%A4 - - 0 
2025-03-12 13:27:10.6092 INFO CORS policy execution successful. 
2025-03-12 13:27:10.6092 INFO Executing endpoint 'Cola.Controllers.CheckController.PostSharpConfirm (Cola)' 
2025-03-12 13:27:10.6373 INFO Route matched with {action = "PostSharpConfirm", controller = "Check"}. Executing controller action with signature System.Threading.Tasks.Task`1[Microsoft.AspNetCore.Mvc.IActionResult] PostSharpConfirm(System.Collections.Generic.List`1[System.Int64], System.Nullable`1[System.DateTime], System.String) on controller Cola.Controllers.CheckController (Cola). 
2025-03-12 13:27:12.1587 INFO Executing OkObjectResult, writing value of type 'Cola.Model.ApiResponse`1[[System.Object, System.Private.CoreLib, Version=8.0.0.0, Culture=neutral, PublicKeyToken=7cec85d7bea7798e]]'. 
2025-03-12 13:27:12.2081 INFO Executed action Cola.Controllers.CheckController.PostSharpConfirm (Cola) in 1567.4998ms 
2025-03-12 13:27:12.2081 INFO Executed endpoint 'Cola.Controllers.CheckController.PostSharpConfirm (Cola)' 
2025-03-12 13:27:12.2081 INFO Request finished HTTP/2 POST https://localhost:7086/api/Check/SharpConfirm?alarmIdList=4855&alarmIdList=4857&CheckUser=%E6%9B%B9%E7%BB%B4%E7%BE%A4 - 200 49 application/json;+charset=utf-8 1655.8149ms 
