2025-07-16 09:45:50.7029 INFO Now listening on: https://localhost:7086 
2025-07-16 09:45:50.7215 INFO Now listening on: http://localhost:5064 
2025-07-16 09:45:51.1427 INFO Application started. Press Ctrl+C to shut down. 
2025-07-16 09:45:51.1427 INFO Hosting environment: Development 
2025-07-16 09:45:51.1427 INFO Content root path: D:\cwq\MyCode\Cola_ AsepticLine\Cola 
2025-07-16 09:45:51.6145 INFO Request starting HTTP/2 GET https://localhost:7086/swagger - - - 
2025-07-16 09:45:51.8534 INFO Request finished HTTP/2 GET https://localhost:7086/swagger - 301 0 - 248.6479ms 
2025-07-16 09:45:51.8634 INFO Request starting HTTP/2 GET https://localhost:7086/swagger/index.html - - - 
2025-07-16 09:45:51.9552 INFO Request finished HTTP/2 GET https://localhost:7086/swagger/index.html - 200 - text/html;charset=utf-8 91.9095ms 
2025-07-16 09:45:51.9552 INFO Request starting HTTP/2 GET https://localhost:7086/swagger/swagger-ui.css - - - 
2025-07-16 09:45:51.9552 INFO Request starting HTTP/2 GET https://localhost:7086/swagger/swagger-ui-bundle.js - - - 
2025-07-16 09:45:51.9552 INFO Request starting HTTP/2 GET https://localhost:7086/swagger/swagger-ui-standalone-preset.js - - - 
2025-07-16 09:45:51.9552 INFO Request starting HTTP/2 GET https://localhost:7086/_framework/aspnetcore-browser-refresh.js - - - 
2025-07-16 09:45:51.9552 INFO Request starting HTTP/2 GET https://localhost:7086/_vs/browserLink - - - 
2025-07-16 09:45:51.9916 INFO Request finished HTTP/2 GET https://localhost:7086/_framework/aspnetcore-browser-refresh.js - 200 16493 application/javascript;+charset=utf-8 30.0312ms 
2025-07-16 09:45:52.0571 INFO Sending file. Request path: '/swagger-ui.css'. Physical path: 'N/A' 
2025-07-16 09:45:52.0571 INFO Sending file. Request path: '/swagger-ui-standalone-preset.js'. Physical path: 'N/A' 
2025-07-16 09:45:52.0624 INFO Request finished HTTP/2 GET https://localhost:7086/swagger/swagger-ui-standalone-preset.js - 200 339486 text/javascript 101.9429ms 
2025-07-16 09:45:52.0624 INFO Request finished HTTP/2 GET https://localhost:7086/swagger/swagger-ui.css - 200 143943 text/css 103.1009ms 
2025-07-16 09:45:52.0930 INFO Sending file. Request path: '/swagger-ui-bundle.js'. Physical path: 'N/A' 
2025-07-16 09:45:52.0930 INFO Request finished HTTP/2 GET https://localhost:7086/swagger/swagger-ui-bundle.js - 200 1096145 text/javascript 133.4474ms 
2025-07-16 09:45:52.1170 INFO Request finished HTTP/2 GET https://localhost:7086/_vs/browserLink - 200 - text/javascript;+charset=UTF-8 155.3164ms 
2025-07-16 09:45:52.3004 INFO Request starting HTTP/2 GET https://localhost:7086/swagger/v1/swagger.json - - - 
2025-07-16 09:45:52.3121 INFO Request finished HTTP/2 GET https://localhost:7086/swagger/v1/swagger.json - 200 - application/json;charset=utf-8 14.9483ms 
2025-07-16 09:45:52.4194 INFO Request starting HTTP/2 GET https://localhost:7086/swagger/favicon-32x32.png - - - 
2025-07-16 09:45:52.4194 INFO Sending file. Request path: '/favicon-32x32.png'. Physical path: 'N/A' 
2025-07-16 09:45:52.4194 INFO Request finished HTTP/2 GET https://localhost:7086/swagger/favicon-32x32.png - 200 628 image/png 1.4408ms 
2025-07-16 09:47:25.2104 INFO Request starting HTTP/2 GET https://localhost:7086/api/Check/sharp?deviceTypeId=7&inputTime=2025-02-25&shift=0 - - - 
2025-07-16 09:47:25.2686 INFO Executing endpoint 'Cola.Controllers.CheckController.GetSharpTimeCheckData5 (Cola)' 
2025-07-16 09:47:25.3215 INFO Route matched with {action = "GetSharpTimeCheckData5", controller = "Check"}. Executing controller action with signature System.Threading.Tasks.Task`1[Microsoft.AspNetCore.Mvc.IActionResult] GetSharpTimeCheckData5(Int32, System.DateTime, Int32) on controller Cola.Controllers.CheckController (Cola). 
2025-07-16 09:47:27.6404 INFO 开始获取设备 7 在 02/25/2025 00:00:00 的检查数据 
2025-07-16 09:47:30.4311 ERROR 获取设备 7 数据失败 | 输入时间：02/25/2025 00:00:00 System.Exception: 42703: column a.limit_desc does not exist
 ---> Npgsql.PostgresException (0x80004005): 42703: column a.limit_desc does not exist
   at Npgsql.NpgsqlConnector.<ReadMessage>g__ReadMessageLong|194_0(NpgsqlConnector connector, Boolean async, DataRowLoadingMode dataRowLoadingMode, Boolean readingNotifications, Boolean isReadingPrependedMessage)
   at Npgsql.NpgsqlDataReader.NextResult(Boolean async, Boolean isConsuming, CancellationToken cancellationToken)
   at Npgsql.NpgsqlCommand.ExecuteReader(CommandBehavior behavior, Boolean async, CancellationToken cancellationToken)
   at Npgsql.NpgsqlCommand.ExecuteReader(CommandBehavior behavior, Boolean async, CancellationToken cancellationToken)
   at Npgsql.NpgsqlCommand.ExecuteDbDataReaderAsync(CommandBehavior behavior, CancellationToken cancellationToken)
   at FreeSql.Internal.CommonProvider.AdoProvider.ExecuteReaderMultipleAsync(Int32 multipleResult, DbConnection connection, DbTransaction transaction, Func`3 fetchHandler, Action`2 schemaHandler, CommandType cmdType, String cmdText, Int32 cmdTimeout, DbParameter[] cmdParms, CancellationToken cancellationToken)
  Exception data:
    Severity: ERROR
    SqlState: 42703
    MessageText: column a.limit_desc does not exist
    Position: 146
    File: parse_relation.c
    Line: 3651
    Routine: errorMissingColumn
   --- End of inner exception stack trace ---
   at FreeSql.Internal.CommonProvider.AdoProvider.LoggerException(IObjectPool`1 pool, PrepareCommandResult pc, Exception ex, DateTime dt, StringBuilder logtxt, Boolean isThrowException)
   at FreeSql.Internal.CommonProvider.AdoProvider.ExecuteReaderMultipleAsync(Int32 multipleResult, DbConnection connection, DbTransaction transaction, Func`3 fetchHandler, Action`2 schemaHandler, CommandType cmdType, String cmdText, Int32 cmdTimeout, DbParameter[] cmdParms, CancellationToken cancellationToken)
   at FreeSql.Internal.CommonProvider.Select0Provider`2.ToListAfPrivateAsync(String sql, GetAllFieldExpressionTreeInfo af, ReadAnonymousTypeOtherInfo[] otherData, CancellationToken cancellationToken)
   at Cola.Controllers.CheckController.GetSharpTimeCheckData5(Int32 deviceTypeId, DateTime inputTime, Int32 shift) in D:\cwq\MyCode\Cola_ AsepticLine\Cola\Controllers\CheckController.cs:line 774
2025-07-16 09:47:30.4378 INFO Executing ObjectResult, writing value of type 'Cola.Model.ApiResponse`1[[System.Object, System.Private.CoreLib, Version=8.0.0.0, Culture=neutral, PublicKeyToken=7cec85d7bea7798e]]'. 
2025-07-16 09:47:30.5220 INFO Executed action Cola.Controllers.CheckController.GetSharpTimeCheckData5 (Cola) in 5195.5622ms 
2025-07-16 09:47:30.5220 INFO Executed endpoint 'Cola.Controllers.CheckController.GetSharpTimeCheckData5 (Cola)' 
2025-07-16 09:47:30.5220 INFO Request finished HTTP/2 GET https://localhost:7086/api/Check/sharp?deviceTypeId=7&inputTime=2025-02-25&shift=0 - 500 102 application/json;+charset=utf-8 5312.4490ms 
2025-07-16 09:47:59.9472 INFO Request starting HTTP/2 GET https://localhost:7086/api/Check/sharp?deviceTypeId=11&inputTime=2025-02-25&shift=0 - - - 
2025-07-16 09:47:59.9472 INFO Executing endpoint 'Cola.Controllers.CheckController.GetSharpTimeCheckData5 (Cola)' 
2025-07-16 09:47:59.9472 INFO Route matched with {action = "GetSharpTimeCheckData5", controller = "Check"}. Executing controller action with signature System.Threading.Tasks.Task`1[Microsoft.AspNetCore.Mvc.IActionResult] GetSharpTimeCheckData5(Int32, System.DateTime, Int32) on controller Cola.Controllers.CheckController (Cola). 
2025-07-16 09:47:59.9472 INFO 开始获取设备 11 在 02/25/2025 00:00:00 的检查数据 
2025-07-16 09:47:59.9803 ERROR 获取设备 11 数据失败 | 输入时间：02/25/2025 00:00:00 System.InvalidOperationException: Nullable object must have a value.
   at System.Nullable`1.get_Value()
   at Cola.Controllers.CheckController.GetSharpTimeCheckData5(Int32 deviceTypeId, DateTime inputTime, Int32 shift) in D:\cwq\MyCode\Cola_ AsepticLine\Cola\Controllers\CheckController.cs:line 676
2025-07-16 09:47:59.9803 INFO Executing ObjectResult, writing value of type 'Cola.Model.ApiResponse`1[[System.Object, System.Private.CoreLib, Version=8.0.0.0, Culture=neutral, PublicKeyToken=7cec85d7bea7798e]]'. 
2025-07-16 09:47:59.9803 INFO Executed action Cola.Controllers.CheckController.GetSharpTimeCheckData5 (Cola) in 31.0797ms 
2025-07-16 09:47:59.9803 INFO Executed endpoint 'Cola.Controllers.CheckController.GetSharpTimeCheckData5 (Cola)' 
2025-07-16 09:47:59.9803 INFO Request finished HTTP/2 GET https://localhost:7086/api/Check/sharp?deviceTypeId=11&inputTime=2025-02-25&shift=0 - 500 95 application/json;+charset=utf-8 33.8708ms 
2025-07-16 09:48:01.7741 INFO Request starting HTTP/2 GET https://localhost:7086/api/Check/sharp?deviceTypeId=11&inputTime=2025-02-25&shift=0 - - - 
2025-07-16 09:48:01.7741 INFO Executing endpoint 'Cola.Controllers.CheckController.GetSharpTimeCheckData5 (Cola)' 
2025-07-16 09:48:01.7741 INFO Route matched with {action = "GetSharpTimeCheckData5", controller = "Check"}. Executing controller action with signature System.Threading.Tasks.Task`1[Microsoft.AspNetCore.Mvc.IActionResult] GetSharpTimeCheckData5(Int32, System.DateTime, Int32) on controller Cola.Controllers.CheckController (Cola). 
2025-07-16 09:48:01.7741 INFO 开始获取设备 11 在 02/25/2025 00:00:00 的检查数据 
2025-07-16 09:48:01.8022 ERROR 获取设备 11 数据失败 | 输入时间：02/25/2025 00:00:00 System.InvalidOperationException: Nullable object must have a value.
   at System.Nullable`1.get_Value()
   at Cola.Controllers.CheckController.GetSharpTimeCheckData5(Int32 deviceTypeId, DateTime inputTime, Int32 shift) in D:\cwq\MyCode\Cola_ AsepticLine\Cola\Controllers\CheckController.cs:line 676
2025-07-16 09:48:01.8022 INFO Executing ObjectResult, writing value of type 'Cola.Model.ApiResponse`1[[System.Object, System.Private.CoreLib, Version=8.0.0.0, Culture=neutral, PublicKeyToken=7cec85d7bea7798e]]'. 
2025-07-16 09:48:01.8022 INFO Executed action Cola.Controllers.CheckController.GetSharpTimeCheckData5 (Cola) in 27.8278ms 
2025-07-16 09:48:01.8022 INFO Executed endpoint 'Cola.Controllers.CheckController.GetSharpTimeCheckData5 (Cola)' 
2025-07-16 09:48:01.8022 INFO Request finished HTTP/2 GET https://localhost:7086/api/Check/sharp?deviceTypeId=11&inputTime=2025-02-25&shift=0 - 500 95 application/json;+charset=utf-8 28.7098ms 
2025-07-16 09:48:25.9412 INFO Request starting HTTP/2 GET https://localhost:7086/api/Check/sharp?deviceTypeId=11&inputTime=2025-02-25&shift=0 - - - 
2025-07-16 09:48:25.9412 INFO Executing endpoint 'Cola.Controllers.CheckController.GetSharpTimeCheckData5 (Cola)' 
2025-07-16 09:48:25.9412 INFO Route matched with {action = "GetSharpTimeCheckData5", controller = "Check"}. Executing controller action with signature System.Threading.Tasks.Task`1[Microsoft.AspNetCore.Mvc.IActionResult] GetSharpTimeCheckData5(Int32, System.DateTime, Int32) on controller Cola.Controllers.CheckController (Cola). 
2025-07-16 09:48:28.2121 INFO 开始获取设备 11 在 02/25/2025 00:00:00 的检查数据 
2025-07-16 09:49:08.4624 ERROR 获取设备 11 数据失败 | 输入时间：02/25/2025 00:00:00 System.InvalidOperationException: Nullable object must have a value.
   at System.Nullable`1.get_Value()
   at Cola.Controllers.CheckController.GetSharpTimeCheckData5(Int32 deviceTypeId, DateTime inputTime, Int32 shift) in D:\cwq\MyCode\Cola_ AsepticLine\Cola\Controllers\CheckController.cs:line 676
2025-07-16 09:49:08.4624 INFO Executing ObjectResult, writing value of type 'Cola.Model.ApiResponse`1[[System.Object, System.Private.CoreLib, Version=8.0.0.0, Culture=neutral, PublicKeyToken=7cec85d7bea7798e]]'. 
2025-07-16 09:49:08.4624 INFO Executed action Cola.Controllers.CheckController.GetSharpTimeCheckData5 (Cola) in 42521.4739ms 
2025-07-16 09:49:08.4624 INFO Executed endpoint 'Cola.Controllers.CheckController.GetSharpTimeCheckData5 (Cola)' 
2025-07-16 09:49:08.4719 INFO Request finished HTTP/2 GET https://localhost:7086/api/Check/sharp?deviceTypeId=11&inputTime=2025-02-25&shift=0 - 500 95 application/json;+charset=utf-8 42522.3779ms 
2025-07-16 09:49:12.1395 INFO Request starting HTTP/2 GET https://localhost:7086/api/Check/sharp?deviceTypeId=11&inputTime=2025-02-25&shift=0 - - - 
2025-07-16 09:49:12.1395 INFO Executing endpoint 'Cola.Controllers.CheckController.GetSharpTimeCheckData5 (Cola)' 
2025-07-16 09:49:12.1395 INFO Route matched with {action = "GetSharpTimeCheckData5", controller = "Check"}. Executing controller action with signature System.Threading.Tasks.Task`1[Microsoft.AspNetCore.Mvc.IActionResult] GetSharpTimeCheckData5(Int32, System.DateTime, Int32) on controller Cola.Controllers.CheckController (Cola). 
2025-07-16 09:49:14.3666 INFO 开始获取设备 11 在 02/25/2025 00:00:00 的检查数据 
2025-07-16 09:49:43.1343 ERROR 获取设备 11 数据失败 | 输入时间：02/25/2025 00:00:00 System.InvalidOperationException: Nullable object must have a value.
   at System.Nullable`1.get_Value()
   at Cola.Controllers.CheckController.GetSharpTimeCheckData5(Int32 deviceTypeId, DateTime inputTime, Int32 shift) in D:\cwq\MyCode\Cola_ AsepticLine\Cola\Controllers\CheckController.cs:line 676
2025-07-16 09:49:43.1343 INFO Executing ObjectResult, writing value of type 'Cola.Model.ApiResponse`1[[System.Object, System.Private.CoreLib, Version=8.0.0.0, Culture=neutral, PublicKeyToken=7cec85d7bea7798e]]'. 
2025-07-16 09:49:43.1343 INFO Executed action Cola.Controllers.CheckController.GetSharpTimeCheckData5 (Cola) in 30994.659ms 
2025-07-16 09:49:43.1343 INFO Executed endpoint 'Cola.Controllers.CheckController.GetSharpTimeCheckData5 (Cola)' 
2025-07-16 09:49:43.1343 INFO Request finished HTTP/2 GET https://localhost:7086/api/Check/sharp?deviceTypeId=11&inputTime=2025-02-25&shift=0 - 500 95 application/json;+charset=utf-8 30996.4960ms 
2025-07-16 09:49:46.3867 INFO Request starting HTTP/2 GET https://localhost:7086/api/Check/sharp?deviceTypeId=11&inputTime=2025-02-25&shift=0 - - - 
2025-07-16 09:49:46.3867 INFO Executing endpoint 'Cola.Controllers.CheckController.GetSharpTimeCheckData5 (Cola)' 
2025-07-16 09:49:46.3867 INFO Route matched with {action = "GetSharpTimeCheckData5", controller = "Check"}. Executing controller action with signature System.Threading.Tasks.Task`1[Microsoft.AspNetCore.Mvc.IActionResult] GetSharpTimeCheckData5(Int32, System.DateTime, Int32) on controller Cola.Controllers.CheckController (Cola). 
2025-07-16 09:49:47.8629 INFO 开始获取设备 11 在 02/25/2025 00:00:00 的检查数据 
2025-07-16 10:02:11.1624 ERROR 获取设备 11 数据失败 | 输入时间：02/25/2025 00:00:00 System.InvalidOperationException: Nullable object must have a value.
   at System.Nullable`1.get_Value()
   at Cola.Controllers.CheckController.GetSharpTimeCheckData5(Int32 deviceTypeId, DateTime inputTime, Int32 shift) in D:\cwq\MyCode\Cola_ AsepticLine\Cola\Controllers\CheckController.cs:line 676
2025-07-16 10:02:11.1624 INFO Executing ObjectResult, writing value of type 'Cola.Model.ApiResponse`1[[System.Object, System.Private.CoreLib, Version=8.0.0.0, Culture=neutral, PublicKeyToken=7cec85d7bea7798e]]'. 
2025-07-16 10:02:11.1624 INFO Executed action Cola.Controllers.CheckController.GetSharpTimeCheckData5 (Cola) in 744778.5937ms 
2025-07-16 10:02:11.1624 INFO Executed endpoint 'Cola.Controllers.CheckController.GetSharpTimeCheckData5 (Cola)' 
2025-07-16 10:02:11.1624 INFO Request finished HTTP/2 GET https://localhost:7086/api/Check/sharp?deviceTypeId=11&inputTime=2025-02-25&shift=0 - 500 95 application/json;+charset=utf-8 744779.4715ms 
2025-07-16 10:02:13.9353 INFO Request starting HTTP/2 GET https://localhost:7086/api/Check/sharp?deviceTypeId=7&inputTime=2025-02-25&shift=0 - - - 
2025-07-16 10:02:13.9353 INFO Executing endpoint 'Cola.Controllers.CheckController.GetSharpTimeCheckData5 (Cola)' 
2025-07-16 10:02:13.9353 INFO Route matched with {action = "GetSharpTimeCheckData5", controller = "Check"}. Executing controller action with signature System.Threading.Tasks.Task`1[Microsoft.AspNetCore.Mvc.IActionResult] GetSharpTimeCheckData5(Int32, System.DateTime, Int32) on controller Cola.Controllers.CheckController (Cola). 
2025-07-16 10:02:17.4837 INFO 开始获取设备 7 在 02/25/2025 00:00:00 的检查数据 
2025-07-16 10:02:17.6570 ERROR 获取设备 7 数据失败 | 输入时间：02/25/2025 00:00:00 System.Exception: 42703: column a.limit_desc does not exist
 ---> Npgsql.PostgresException (0x80004005): 42703: column a.limit_desc does not exist
   at Npgsql.NpgsqlConnector.<ReadMessage>g__ReadMessageLong|194_0(NpgsqlConnector connector, Boolean async, DataRowLoadingMode dataRowLoadingMode, Boolean readingNotifications, Boolean isReadingPrependedMessage)
   at Npgsql.NpgsqlDataReader.NextResult(Boolean async, Boolean isConsuming, CancellationToken cancellationToken)
   at Npgsql.NpgsqlCommand.ExecuteReader(CommandBehavior behavior, Boolean async, CancellationToken cancellationToken)
   at Npgsql.NpgsqlCommand.ExecuteReader(CommandBehavior behavior, Boolean async, CancellationToken cancellationToken)
   at Npgsql.NpgsqlCommand.ExecuteDbDataReaderAsync(CommandBehavior behavior, CancellationToken cancellationToken)
   at FreeSql.Internal.CommonProvider.AdoProvider.ExecuteReaderMultipleAsync(Int32 multipleResult, DbConnection connection, DbTransaction transaction, Func`3 fetchHandler, Action`2 schemaHandler, CommandType cmdType, String cmdText, Int32 cmdTimeout, DbParameter[] cmdParms, CancellationToken cancellationToken)
  Exception data:
    Severity: ERROR
    SqlState: 42703
    MessageText: column a.limit_desc does not exist
    Position: 146
    File: parse_relation.c
    Line: 3651
    Routine: errorMissingColumn
   --- End of inner exception stack trace ---
   at FreeSql.Internal.CommonProvider.AdoProvider.LoggerException(IObjectPool`1 pool, PrepareCommandResult pc, Exception ex, DateTime dt, StringBuilder logtxt, Boolean isThrowException)
   at FreeSql.Internal.CommonProvider.AdoProvider.ExecuteReaderMultipleAsync(Int32 multipleResult, DbConnection connection, DbTransaction transaction, Func`3 fetchHandler, Action`2 schemaHandler, CommandType cmdType, String cmdText, Int32 cmdTimeout, DbParameter[] cmdParms, CancellationToken cancellationToken)
   at FreeSql.Internal.CommonProvider.Select0Provider`2.ToListAfPrivateAsync(String sql, GetAllFieldExpressionTreeInfo af, ReadAnonymousTypeOtherInfo[] otherData, CancellationToken cancellationToken)
   at Cola.Controllers.CheckController.GetSharpTimeCheckData5(Int32 deviceTypeId, DateTime inputTime, Int32 shift) in D:\cwq\MyCode\Cola_ AsepticLine\Cola\Controllers\CheckController.cs:line 774
2025-07-16 10:02:17.6570 INFO Executing ObjectResult, writing value of type 'Cola.Model.ApiResponse`1[[System.Object, System.Private.CoreLib, Version=8.0.0.0, Culture=neutral, PublicKeyToken=7cec85d7bea7798e]]'. 
2025-07-16 10:02:17.6570 INFO Executed action Cola.Controllers.CheckController.GetSharpTimeCheckData5 (Cola) in 3721.5421ms 
2025-07-16 10:02:17.6570 INFO Executed endpoint 'Cola.Controllers.CheckController.GetSharpTimeCheckData5 (Cola)' 
2025-07-16 10:02:17.6570 INFO Request finished HTTP/2 GET https://localhost:7086/api/Check/sharp?deviceTypeId=7&inputTime=2025-02-25&shift=0 - 500 102 application/json;+charset=utf-8 3722.4501ms 
2025-07-16 10:02:27.2855 INFO Request starting HTTP/2 GET https://localhost:7086/api/Check/sharp?deviceTypeId=7&inputTime=2025-02-25&shift=0 - - - 
2025-07-16 10:02:27.2855 INFO Executing endpoint 'Cola.Controllers.CheckController.GetSharpTimeCheckData5 (Cola)' 
2025-07-16 10:02:27.2855 INFO Route matched with {action = "GetSharpTimeCheckData5", controller = "Check"}. Executing controller action with signature System.Threading.Tasks.Task`1[Microsoft.AspNetCore.Mvc.IActionResult] GetSharpTimeCheckData5(Int32, System.DateTime, Int32) on controller Cola.Controllers.CheckController (Cola). 
2025-07-16 10:02:36.0306 INFO 开始获取设备 7 在 02/25/2025 00:00:00 的检查数据 
2025-07-16 10:14:46.4110 ERROR 获取设备 7 数据失败 | 输入时间：02/25/2025 00:00:00 System.Exception: 42703: column a.limit_desc does not exist
 ---> Npgsql.PostgresException (0x80004005): 42703: column a.limit_desc does not exist
   at Npgsql.NpgsqlConnector.<ReadMessage>g__ReadMessageLong|194_0(NpgsqlConnector connector, Boolean async, DataRowLoadingMode dataRowLoadingMode, Boolean readingNotifications, Boolean isReadingPrependedMessage)
   at Npgsql.NpgsqlDataReader.NextResult(Boolean async, Boolean isConsuming, CancellationToken cancellationToken)
   at Npgsql.NpgsqlCommand.ExecuteReader(CommandBehavior behavior, Boolean async, CancellationToken cancellationToken)
   at Npgsql.NpgsqlCommand.ExecuteReader(CommandBehavior behavior, Boolean async, CancellationToken cancellationToken)
   at Npgsql.NpgsqlCommand.ExecuteDbDataReaderAsync(CommandBehavior behavior, CancellationToken cancellationToken)
   at FreeSql.Internal.CommonProvider.AdoProvider.ExecuteReaderMultipleAsync(Int32 multipleResult, DbConnection connection, DbTransaction transaction, Func`3 fetchHandler, Action`2 schemaHandler, CommandType cmdType, String cmdText, Int32 cmdTimeout, DbParameter[] cmdParms, CancellationToken cancellationToken)
  Exception data:
    Severity: ERROR
    SqlState: 42703
    MessageText: column a.limit_desc does not exist
    Position: 146
    File: parse_relation.c
    Line: 3651
    Routine: errorMissingColumn
   --- End of inner exception stack trace ---
   at FreeSql.Internal.CommonProvider.AdoProvider.LoggerException(IObjectPool`1 pool, PrepareCommandResult pc, Exception ex, DateTime dt, StringBuilder logtxt, Boolean isThrowException)
   at FreeSql.Internal.CommonProvider.AdoProvider.ExecuteReaderMultipleAsync(Int32 multipleResult, DbConnection connection, DbTransaction transaction, Func`3 fetchHandler, Action`2 schemaHandler, CommandType cmdType, String cmdText, Int32 cmdTimeout, DbParameter[] cmdParms, CancellationToken cancellationToken)
   at FreeSql.Internal.CommonProvider.Select0Provider`2.ToListAfPrivateAsync(String sql, GetAllFieldExpressionTreeInfo af, ReadAnonymousTypeOtherInfo[] otherData, CancellationToken cancellationToken)
   at Cola.Controllers.CheckController.GetSharpTimeCheckData5(Int32 deviceTypeId, DateTime inputTime, Int32 shift) in D:\cwq\MyCode\Cola_ AsepticLine\Cola\Controllers\CheckController.cs:line 774
2025-07-16 10:14:46.4110 INFO Executing ObjectResult, writing value of type 'Cola.Model.ApiResponse`1[[System.Object, System.Private.CoreLib, Version=8.0.0.0, Culture=neutral, PublicKeyToken=7cec85d7bea7798e]]'. 
2025-07-16 10:14:46.4110 INFO Executed action Cola.Controllers.CheckController.GetSharpTimeCheckData5 (Cola) in 739129.1788ms 
2025-07-16 10:14:46.4110 INFO Executed endpoint 'Cola.Controllers.CheckController.GetSharpTimeCheckData5 (Cola)' 
2025-07-16 10:14:46.4110 INFO Request finished HTTP/2 GET https://localhost:7086/api/Check/sharp?deviceTypeId=7&inputTime=2025-02-25&shift=0 - 500 102 application/json;+charset=utf-8 739129.9782ms 
2025-07-16 10:14:52.8104 INFO Request starting HTTP/2 GET https://localhost:7086/api/Check/sharp?deviceTypeId=7&inputTime=2025-02-25&shift=0 - - - 
2025-07-16 10:14:52.8104 INFO Executing endpoint 'Cola.Controllers.CheckController.GetSharpTimeCheckData5 (Cola)' 
2025-07-16 10:14:52.8104 INFO Route matched with {action = "GetSharpTimeCheckData5", controller = "Check"}. Executing controller action with signature System.Threading.Tasks.Task`1[Microsoft.AspNetCore.Mvc.IActionResult] GetSharpTimeCheckData5(Int32, System.DateTime, Int32) on controller Cola.Controllers.CheckController (Cola). 
2025-07-16 10:14:56.0912 INFO 开始获取设备 7 在 02/25/2025 00:00:00 的检查数据 
2025-07-16 10:43:42.3642 INFO Now listening on: https://localhost:7086 
2025-07-16 10:43:42.3642 INFO Now listening on: http://localhost:5064 
2025-07-16 10:43:42.4105 INFO Application started. Press Ctrl+C to shut down. 
2025-07-16 10:43:42.4105 INFO Hosting environment: Development 
2025-07-16 10:43:42.4105 INFO Content root path: D:\cwq\MyCode\Cola_ AsepticLine\Cola 
2025-07-16 10:43:43.2810 INFO Request starting HTTP/2 GET https://localhost:7086/swagger/index.html - - - 
2025-07-16 10:43:43.4903 INFO Request finished HTTP/2 GET https://localhost:7086/swagger/index.html - 200 - text/html;charset=utf-8 214.2449ms 
2025-07-16 10:43:43.4903 INFO Request starting HTTP/2 GET https://localhost:7086/_framework/aspnetcore-browser-refresh.js - - - 
2025-07-16 10:43:43.5168 INFO Request finished HTTP/2 GET https://localhost:7086/_framework/aspnetcore-browser-refresh.js - 200 16493 application/javascript;+charset=utf-8 20.8331ms 
2025-07-16 10:43:43.5168 INFO Request starting HTTP/2 GET https://localhost:7086/_vs/browserLink - - - 
2025-07-16 10:43:43.5735 INFO Request finished HTTP/2 GET https://localhost:7086/_vs/browserLink - 200 - text/javascript;+charset=UTF-8 52.9973ms 
2025-07-16 10:43:43.7403 INFO Request starting HTTP/2 GET https://localhost:7086/swagger/v1/swagger.json - - - 
2025-07-16 10:43:43.7546 INFO Request finished HTTP/2 GET https://localhost:7086/swagger/v1/swagger.json - 200 - application/json;charset=utf-8 15.0200ms 
2025-07-16 10:44:01.3728 INFO Request starting HTTP/2 GET https://localhost:7086/api/Check/sharp?deviceTypeId=7&inputTime=2025-02-25&shift=0 - - - 
2025-07-16 10:44:01.4036 INFO Executing endpoint 'Cola.Controllers.CheckController.GetSharpTimeCheckData5 (Cola)' 
2025-07-16 10:44:01.4261 INFO Route matched with {action = "GetSharpTimeCheckData5", controller = "Check"}. Executing controller action with signature System.Threading.Tasks.Task`1[Microsoft.AspNetCore.Mvc.IActionResult] GetSharpTimeCheckData5(Int32, System.DateTime, Int32) on controller Cola.Controllers.CheckController (Cola). 
2025-07-16 10:44:03.5717 INFO 开始获取设备 7 在 02/25/2025 00:00:00 的检查数据 
2025-07-16 10:55:53.5394 INFO Now listening on: https://localhost:7086 
2025-07-16 10:55:53.5462 INFO Now listening on: http://localhost:5064 
2025-07-16 10:55:53.6081 INFO Application started. Press Ctrl+C to shut down. 
2025-07-16 10:55:53.6081 INFO Hosting environment: Development 
2025-07-16 10:55:53.6081 INFO Content root path: D:\cwq\MyCode\Cola_ AsepticLine\Cola 
2025-07-16 10:55:54.1073 INFO Request starting HTTP/2 GET https://localhost:7086/swagger/index.html - - - 
2025-07-16 10:55:54.2879 INFO Request finished HTTP/2 GET https://localhost:7086/swagger/index.html - 200 - text/html;charset=utf-8 186.8107ms 
2025-07-16 10:55:54.2982 INFO Request starting HTTP/2 GET https://localhost:7086/_framework/aspnetcore-browser-refresh.js - - - 
2025-07-16 10:55:54.2982 INFO Request finished HTTP/2 GET https://localhost:7086/_framework/aspnetcore-browser-refresh.js - 200 16493 application/javascript;+charset=utf-8 10.8282ms 
2025-07-16 10:55:54.2982 INFO Request starting HTTP/2 GET https://localhost:7086/_vs/browserLink - - - 
2025-07-16 10:55:54.3652 INFO Request finished HTTP/2 GET https://localhost:7086/_vs/browserLink - 200 - text/javascript;+charset=UTF-8 58.0039ms 
2025-07-16 10:55:54.4002 INFO Request starting HTTP/2 GET https://localhost:7086/swagger/v1/swagger.json - - - 
2025-07-16 10:55:54.4123 INFO Request finished HTTP/2 GET https://localhost:7086/swagger/v1/swagger.json - 200 - application/json;charset=utf-8 12.8745ms 
2025-07-16 10:56:19.8560 INFO Request starting HTTP/2 GET https://localhost:7086/api/Check/sharp?deviceTypeId=7&inputTime=2025-02-25&shift=0 - - - 
2025-07-16 10:56:19.9026 INFO Executing endpoint 'Cola.Controllers.CheckController.GetSharpTimeCheckData5 (Cola)' 
2025-07-16 10:56:19.9280 INFO Route matched with {action = "GetSharpTimeCheckData5", controller = "Check"}. Executing controller action with signature System.Threading.Tasks.Task`1[Microsoft.AspNetCore.Mvc.IActionResult] GetSharpTimeCheckData5(Int32, System.DateTime, Int32) on controller Cola.Controllers.CheckController (Cola). 
2025-07-16 10:56:27.3239 INFO 开始获取设备 7 在 02/25/2025 00:00:00 的检查数据 
2025-07-16 10:56:29.2189 INFO Executing OkObjectResult, writing value of type 'Cola.Model.ApiResponse`1[[System.Collections.Generic.IEnumerable`1[[Cola.Model.CheckDataResult2, Cola, Version=1.0.0.0, Culture=neutral, PublicKeyToken=null]], System.Private.CoreLib, Version=8.0.0.0, Culture=neutral, PublicKeyToken=7cec85d7bea7798e]]'. 
2025-07-16 10:56:29.3192 INFO Executed action Cola.Controllers.CheckController.GetSharpTimeCheckData5 (Cola) in 9387.0639ms 
2025-07-16 10:56:29.3192 INFO Executed endpoint 'Cola.Controllers.CheckController.GetSharpTimeCheckData5 (Cola)' 
2025-07-16 10:56:29.3192 INFO Request finished HTTP/2 GET https://localhost:7086/api/Check/sharp?deviceTypeId=7&inputTime=2025-02-25&shift=0 - 200 4171 application/json;+charset=utf-8 9465.0521ms 
2025-07-16 16:05:33.2540 INFO Now listening on: https://localhost:7086 
2025-07-16 16:05:33.2540 INFO Now listening on: http://localhost:5064 
2025-07-16 16:05:33.3037 INFO Application started. Press Ctrl+C to shut down. 
2025-07-16 16:05:33.3037 INFO Hosting environment: Development 
2025-07-16 16:05:33.3037 INFO Content root path: D:\cwq\MyCode\Cola_ AsepticLine\Cola 
2025-07-16 16:05:34.5441 INFO Request starting HTTP/2 GET https://localhost:7086/swagger/index.html - - - 
2025-07-16 16:05:34.8918 INFO Request finished HTTP/2 GET https://localhost:7086/swagger/index.html - 200 - text/html;charset=utf-8 354.0229ms 
2025-07-16 16:05:34.9108 INFO Request starting HTTP/2 GET https://localhost:7086/_framework/aspnetcore-browser-refresh.js - - - 
2025-07-16 16:05:34.9108 INFO Request starting HTTP/2 GET https://localhost:7086/_vs/browserLink - - - 
2025-07-16 16:05:34.9275 INFO Request finished HTTP/2 GET https://localhost:7086/_framework/aspnetcore-browser-refresh.js - 200 16493 application/javascript;+charset=utf-8 25.8662ms 
2025-07-16 16:05:34.9991 INFO Request finished HTTP/2 GET https://localhost:7086/_vs/browserLink - 200 - text/javascript;+charset=UTF-8 82.4898ms 
2025-07-16 16:05:35.0632 INFO Request starting HTTP/2 GET https://localhost:7086/swagger/v1/swagger.json - - - 
2025-07-16 16:05:35.0909 INFO Request finished HTTP/2 GET https://localhost:7086/swagger/v1/swagger.json - 200 - application/json;charset=utf-8 28.3439ms 
2025-07-16 16:05:45.6117 INFO Now listening on: http://localhost:5064 
2025-07-16 16:05:45.6758 INFO Application started. Press Ctrl+C to shut down. 
2025-07-16 16:05:45.6758 INFO Hosting environment: Development 
2025-07-16 16:05:45.6758 INFO Content root path: D:\cwq\MyCode\Cola_ AsepticLine\Cola 
2025-07-16 16:05:46.4567 INFO Request starting HTTP/1.1 GET http://localhost:5064/swagger - - - 
2025-07-16 16:05:46.6374 INFO Request finished HTTP/1.1 GET http://localhost:5064/swagger - 301 0 - 192.3146ms 
2025-07-16 16:05:46.6452 INFO Request starting HTTP/1.1 GET http://localhost:5064/swagger/index.html - - - 
2025-07-16 16:05:46.7140 INFO Request finished HTTP/1.1 GET http://localhost:5064/swagger/index.html - 200 - text/html;charset=utf-8 68.8604ms 
2025-07-16 16:05:46.7198 INFO Request starting HTTP/1.1 GET http://localhost:5064/swagger/swagger-ui.css - - - 
2025-07-16 16:05:46.7360 INFO Request starting HTTP/1.1 GET http://localhost:5064/swagger/swagger-ui-bundle.js - - - 
2025-07-16 16:05:46.7360 INFO Request starting HTTP/1.1 GET http://localhost:5064/swagger/swagger-ui-standalone-preset.js - - - 
2025-07-16 16:05:46.7496 INFO Request starting HTTP/1.1 GET http://localhost:5064/_framework/aspnetcore-browser-refresh.js - - - 
2025-07-16 16:05:46.7496 INFO Request starting HTTP/1.1 GET http://localhost:5064/_vs/browserLink - - - 
2025-07-16 16:05:46.7711 INFO Request finished HTTP/1.1 GET http://localhost:5064/_framework/aspnetcore-browser-refresh.js - 200 16493 application/javascript;+charset=utf-8 21.4130ms 
2025-07-16 16:05:46.8032 INFO Sending file. Request path: '/swagger-ui.css'. Physical path: 'N/A' 
2025-07-16 16:05:46.8032 INFO Sending file. Request path: '/swagger-ui-standalone-preset.js'. Physical path: 'N/A' 
2025-07-16 16:05:46.8032 INFO Sending file. Request path: '/swagger-ui-bundle.js'. Physical path: 'N/A' 
2025-07-16 16:05:46.8032 INFO Request finished HTTP/1.1 GET http://localhost:5064/swagger/swagger-ui-bundle.js - 200 1096145 text/javascript 72.1180ms 
2025-07-16 16:05:46.8032 INFO Request finished HTTP/1.1 GET http://localhost:5064/swagger/swagger-ui.css - 200 143943 text/css 88.3354ms 
2025-07-16 16:05:46.8119 INFO Request finished HTTP/1.1 GET http://localhost:5064/swagger/swagger-ui-standalone-preset.js - 200 339486 text/javascript 74.1363ms 
2025-07-16 16:05:46.8398 INFO Request finished HTTP/1.1 GET http://localhost:5064/_vs/browserLink - 200 - text/javascript;+charset=UTF-8 87.7821ms 
2025-07-16 16:05:46.9735 INFO Request starting HTTP/1.1 GET http://localhost:5064/swagger/v1/swagger.json - - - 
2025-07-16 16:05:46.9831 INFO Request finished HTTP/1.1 GET http://localhost:5064/swagger/v1/swagger.json - 200 - application/json;charset=utf-8 9.6332ms 
2025-07-16 16:05:47.0904 INFO Request starting HTTP/1.1 GET http://localhost:5064/swagger/favicon-32x32.png - - - 
2025-07-16 16:05:47.0909 INFO Sending file. Request path: '/favicon-32x32.png'. Physical path: 'N/A' 
2025-07-16 16:05:47.0909 INFO Request finished HTTP/1.1 GET http://localhost:5064/swagger/favicon-32x32.png - 200 628 image/png 0.6806ms 
2025-07-16 16:49:34.0926 INFO Now listening on: http://localhost:5064 
2025-07-16 16:49:34.1475 INFO Application started. Press Ctrl+C to shut down. 
2025-07-16 16:49:34.1475 INFO Hosting environment: Development 
2025-07-16 16:49:34.1475 INFO Content root path: D:\cwq\MyCode\Cola_ AsepticLine\Cola 
2025-07-16 16:49:35.0165 INFO Request starting HTTP/1.1 GET http://localhost:5064/swagger/index.html - - - 
2025-07-16 16:49:35.2333 INFO Request finished HTTP/1.1 GET http://localhost:5064/swagger/index.html - 200 - text/html;charset=utf-8 223.5103ms 
2025-07-16 16:49:35.2333 INFO Request starting HTTP/1.1 GET http://localhost:5064/_framework/aspnetcore-browser-refresh.js - - - 
2025-07-16 16:49:35.2333 INFO Request finished HTTP/1.1 GET http://localhost:5064/_framework/aspnetcore-browser-refresh.js - 200 16493 application/javascript;+charset=utf-8 2.2984ms 
2025-07-16 16:49:35.2333 INFO Request starting HTTP/1.1 GET http://localhost:5064/_vs/browserLink - - - 
2025-07-16 16:49:35.3108 INFO Request finished HTTP/1.1 GET http://localhost:5064/_vs/browserLink - 200 - text/javascript;+charset=UTF-8 67.9712ms 
2025-07-16 16:49:35.4480 INFO Request starting HTTP/1.1 GET http://localhost:5064/swagger/v1/swagger.json - - - 
2025-07-16 16:49:35.4595 INFO Request finished HTTP/1.1 GET http://localhost:5064/swagger/v1/swagger.json - 200 - application/json;charset=utf-8 11.5357ms 
2025-07-16 16:49:58.4194 INFO Request starting HTTP/1.1 GET http://localhost:5064/api/Check/sharp?deviceTypeId=7&inputTime=2025-07-16&shift=0 - - - 
2025-07-16 16:49:58.4476 WARN Failed to determine the https port for redirect. 
2025-07-16 16:49:58.4784 INFO Executing endpoint 'Cola.Controllers.CheckController.GetSharpTimeCheckData5 (Cola)' 
2025-07-16 16:49:58.5191 INFO Route matched with {action = "GetSharpTimeCheckData5", controller = "Check"}. Executing controller action with signature System.Threading.Tasks.Task`1[Microsoft.AspNetCore.Mvc.IActionResult] GetSharpTimeCheckData5(Int32, System.DateTime, Int32) on controller Cola.Controllers.CheckController (Cola). 
2025-07-16 16:50:00.9107 INFO 开始获取设备 7 在 07/16/2025 00:00:00 的检查数据 
2025-07-16 16:50:02.1554 INFO Executing OkObjectResult, writing value of type 'Cola.Model.ApiResponse`1[[System.Collections.Generic.IEnumerable`1[[Cola.Model.CheckDataResult2, Cola, Version=1.0.0.0, Culture=neutral, PublicKeyToken=null]], System.Private.CoreLib, Version=8.0.0.0, Culture=neutral, PublicKeyToken=7cec85d7bea7798e]]'. 
2025-07-16 16:50:02.2521 INFO Executed action Cola.Controllers.CheckController.GetSharpTimeCheckData5 (Cola) in 3725.2976ms 
2025-07-16 16:50:02.2521 INFO Executed endpoint 'Cola.Controllers.CheckController.GetSharpTimeCheckData5 (Cola)' 
2025-07-16 16:50:02.2521 INFO Request finished HTTP/1.1 GET http://localhost:5064/api/Check/sharp?deviceTypeId=7&inputTime=2025-07-16&shift=0 - 200 16464 application/json;+charset=utf-8 3834.9006ms 
