2025-02-18 15:54:17.6791 INFO Now listening on: https://localhost:7086 
2025-02-18 15:54:17.6791 INFO Now listening on: http://localhost:5064 
2025-02-18 15:54:17.7198 INFO Application started. Press Ctrl+C to shut down. 
2025-02-18 15:54:17.7198 INFO Hosting environment: Development 
2025-02-18 15:54:17.7198 INFO Content root path: D:\cwq\MyCode\Cola_ AsepticLine\Cola 
2025-02-18 15:54:19.0410 INFO Request starting HTTP/2 GET https://localhost:7086/swagger - - - 
2025-02-18 15:54:19.2116 INFO Request finished HTTP/2 GET https://localhost:7086/swagger - 301 0 - 179.5872ms 
2025-02-18 15:54:19.2116 INFO Request starting HTTP/2 GET https://localhost:7086/swagger/index.html - - - 
2025-02-18 15:54:19.2659 INFO Request finished HTTP/2 GET https://localhost:7086/swagger/index.html - 200 - text/html;charset=utf-8 48.4864ms 
2025-02-18 15:54:19.2659 INFO Request starting HTTP/2 GET https://localhost:7086/swagger/swagger-ui-bundle.js - - - 
2025-02-18 15:54:19.2659 INFO Request starting HTTP/2 GET https://localhost:7086/swagger/swagger-ui.css - - - 
2025-02-18 15:54:19.2659 INFO Request starting HTTP/2 GET https://localhost:7086/swagger/swagger-ui-standalone-preset.js - - - 
2025-02-18 15:54:19.2659 INFO Request starting HTTP/2 GET https://localhost:7086/_framework/aspnetcore-browser-refresh.js - - - 
2025-02-18 15:54:19.3147 INFO Request starting HTTP/2 GET https://localhost:7086/_vs/browserLink - - - 
2025-02-18 15:54:19.3666 INFO Request finished HTTP/2 GET https://localhost:7086/_framework/aspnetcore-browser-refresh.js - 200 13760 application/javascript;+charset=utf-8 97.3124ms 
2025-02-18 15:54:19.3948 INFO Sending file. Request path: '/swagger-ui-standalone-preset.js'. Physical path: 'N/A' 
2025-02-18 15:54:19.3948 INFO Sending file. Request path: '/swagger-ui.css'. Physical path: 'N/A' 
2025-02-18 15:54:19.3974 INFO Sending file. Request path: '/swagger-ui-bundle.js'. Physical path: 'N/A' 
2025-02-18 15:54:19.3974 INFO Request finished HTTP/2 GET https://localhost:7086/swagger/swagger-ui-standalone-preset.js - 200 339486 text/javascript 129.0378ms 
2025-02-18 15:54:19.3974 INFO Request finished HTTP/2 GET https://localhost:7086/swagger/swagger-ui-bundle.js - 200 1096145 text/javascript 129.0614ms 
2025-02-18 15:54:19.3974 INFO Request finished HTTP/2 GET https://localhost:7086/swagger/swagger-ui.css - 200 143943 text/css 129.1468ms 
2025-02-18 15:54:19.4420 INFO Request finished HTTP/2 GET https://localhost:7086/_vs/browserLink - 200 - text/javascript;+charset=UTF-8 127.9925ms 
2025-02-18 15:54:19.5485 INFO Request starting HTTP/2 GET https://localhost:7086/swagger/v1/swagger.json - - - 
2025-02-18 15:54:19.5530 INFO Request finished HTTP/2 GET https://localhost:7086/swagger/v1/swagger.json - 200 - application/json;charset=utf-8 4.7848ms 
2025-02-18 15:54:19.6106 INFO Request starting HTTP/2 GET https://localhost:7086/swagger/favicon-32x32.png - - - 
2025-02-18 15:54:19.6106 INFO Sending file. Request path: '/favicon-32x32.png'. Physical path: 'N/A' 
2025-02-18 15:54:19.6106 INFO Request finished HTTP/2 GET https://localhost:7086/swagger/favicon-32x32.png - 200 628 image/png 0.9367ms 
2025-02-18 15:54:30.5723 INFO Request starting HTTP/2 GET https://localhost:7086/api/Report/current - - - 
2025-02-18 15:54:30.5723 INFO Executing endpoint 'Cola.Controllers.ReportController.GetCurrentTimeReport (Cola)' 
2025-02-18 15:54:30.5933 INFO Route matched with {action = "GetCurrentTimeReport", controller = "Report"}. Executing controller action with signature System.Threading.Tasks.Task`1[Microsoft.AspNetCore.Mvc.IActionResult] GetCurrentTimeReport() on controller Cola.Controllers.ReportController (Cola). 
2025-02-18 15:54:31.5677 INFO 开始获取检查参数数据 
2025-02-18 15:54:46.9989 ERROR 获取检查参数数据时发生错误 System.Exception: Exception while connecting
 ---> Npgsql.NpgsqlException (0x80004005): Exception while connecting
 ---> System.TimeoutException: Timeout during connection attempt
   at Npgsql.NpgsqlConnector.ConnectAsync(NpgsqlTimeout timeout, CancellationToken cancellationToken)
   at Npgsql.NpgsqlConnector.RawOpen(NpgsqlTimeout timeout, Boolean async, CancellationToken cancellationToken)
   at Npgsql.NpgsqlConnector.Open(NpgsqlTimeout timeout, Boolean async, CancellationToken cancellationToken)
   at Npgsql.ConnectorPool.OpenNewConnector(NpgsqlConnection conn, NpgsqlTimeout timeout, Boolean async, CancellationToken cancellationToken)
   at Npgsql.ConnectorPool.<>c__DisplayClass38_0.<<Rent>g__RentAsync|0>d.MoveNext()
--- End of stack trace from previous location ---
   at Npgsql.NpgsqlConnection.<>c__DisplayClass41_0.<<Open>g__OpenAsync|0>d.MoveNext()
--- End of stack trace from previous location ---
   at FreeSql.Internal.CommonProvider.DbConnectionStringPool.GetAsync()
   at FreeSql.Internal.CommonProvider.AdoProvider.ExecuteReaderMultipleAsync(Int32 multipleResult, DbConnection connection, DbTransaction transaction, Func`3 fetchHandler, Action`2 schemaHandler, CommandType cmdType, String cmdText, Int32 cmdTimeout, DbParameter[] cmdParms, CancellationToken cancellationToken)
   --- End of inner exception stack trace ---
   at FreeSql.Internal.CommonProvider.AdoProvider.LoggerException(IObjectPool`1 pool, PrepareCommandResult pc, Exception ex, DateTime dt, StringBuilder logtxt, Boolean isThrowException)
   at FreeSql.Internal.CommonProvider.AdoProvider.ExecuteReaderMultipleAsync(Int32 multipleResult, DbConnection connection, DbTransaction transaction, Func`3 fetchHandler, Action`2 schemaHandler, CommandType cmdType, String cmdText, Int32 cmdTimeout, DbParameter[] cmdParms, CancellationToken cancellationToken)
   at FreeSql.Internal.CommonProvider.Select0Provider`2.ToListAfPrivateAsync(String sql, GetAllFieldExpressionTreeInfo af, ReadAnonymousTypeOtherInfo[] otherData, CancellationToken cancellationToken)
   at Cola.Controllers.ReportController.GetCurrentTimeReport() in D:\cwq\MyCode\Cola_ AsepticLine\Cola\Controllers\ReportController.cs:line 121
2025-02-18 15:54:46.9989 INFO Executing ObjectResult, writing value of type 'Cola.Model.ApiResponse`1[[System.Object, System.Private.CoreLib, Version=8.0.0.0, Culture=neutral, PublicKeyToken=7cec85d7bea7798e]]'. 
2025-02-18 15:54:47.0837 INFO Executed action Cola.Controllers.ReportController.GetCurrentTimeReport (Cola) in 16487.0318ms 
2025-02-18 15:54:47.0840 INFO Executed endpoint 'Cola.Controllers.ReportController.GetCurrentTimeReport (Cola)' 
2025-02-18 15:54:47.0840 INFO Request finished HTTP/2 GET https://localhost:7086/api/Report/current - 500 58 application/json;+charset=utf-8 16512.1240ms 
